<?xml version="1.0" encoding="UTF-8"?>
<!-- Generated by org.testng.reporters.JUnitXMLReporter -->
<testsuite hostname="Preyal" ignored="0" name="Command line test" tests="26" failures="6" timestamp="2021-02-24T17:06:04 EST" time="1565.472" errors="0">
  <testcase name="@BeforeMethod setup" time="604.032" classname="com.WalmartTestCases.TestHomePageWalmart">
    <failure type="org.openqa.selenium.SessionNotCreatedException" message="session not created
from timeout: Timed out receiving message from renderer: 600.000
  (Session info: chrome=88.0.4324.182)
Build info: version: &amp;apos;3.141.59&amp;apos;, revision: &amp;apos;e82be7d358&amp;apos;, time: &amp;apos;2018-11-14T08:17:03&amp;apos;
System info: host: &amp;apos;PREYAL&amp;apos;, ip: &amp;apos;192.168.25.1&amp;apos;, os.name: &amp;apos;Windows 10&amp;apos;, os.arch: &amp;apos;amd64&amp;apos;, os.version: &amp;apos;10.0&amp;apos;, java.version: &amp;apos;1.8.0_281&amp;apos;
Driver info: driver.version: ChromeDriver
remote stacktrace: Backtrace:
	Ordinal0 [0x005BC0C3+3326147]
	Ordinal0 [0x004A0851+2164817]
	Ordinal0 [0x00327298+619160]
	Ordinal0 [0x0031B17F+569727]
	Ordinal0 [0x0031A421+566305]
	Ordinal0 [0x0031A815+567317]
	Ordinal0 [0x0031A135+565557]
	Ordinal0 [0x003238B1+604337]
	Ordinal0 [0x0031A0F1+565489]
	Ordinal0 [0x0031AEA2+568994]
	Ordinal0 [0x0031A421+566305]
	Ordinal0 [0x0031A815+567317]
	Ordinal0 [0x0031A135+565557]
	Ordinal0 [0x00321D2C+597292]
	Ordinal0 [0x0031A0F1+565489]
	Ordinal0 [0x0031AEA2+568994]
	Ordinal0 [0x0031A421+566305]
	Ordinal0 [0x0031A815+567317]
	Ordinal0 [0x0031A135+565557]
	Ordinal0 [0x0031FE62+589410]
	Ordinal0 [0x0031A0F1+565489]
	Ordinal0 [0x0031AEA2+568994]
	Ordinal0 [0x0031A421+566305]
	Ordinal0 [0x0031A815+567317]
	Ordinal0 [0x0031A135+565557]
	Ordinal0 [0x0031F075+585845]
	Ordinal0 [0x0031A0F1+565489]
	Ordinal0 [0x0031AEA2+568994]
	Ordinal0 [0x0031A421+566305]
	Ordinal0 [0x0031A815+567317]
	Ordinal0 [0x0031A135+565557]
	Ordinal0 [0x00316776+550774]
	Ordinal0 [0x0031A0F1+565489]
	Ordinal0 [0x00319F13+565011]
	Ordinal0 [0x00319D07+564487]
	Ordinal0 [0x003282C0+623296]
	Ordinal0 [0x002C6BDD+224221]
	Ordinal0 [0x002C5CAC+220332]
	Ordinal0 [0x002C189B+202907]
	Ordinal0 [0x002A3DF4+81396]
	Ordinal0 [0x002A4DEE+85486]
	Ordinal0 [0x002A4D79+85369]
	Ordinal0 [0x004B85DC+2262492]
	GetHandleVerifier [0x00742874+1487204]
	GetHandleVerifier [0x007423CD+1486013]
	GetHandleVerifier [0x0074A368+1518680]
	GetHandleVerifier [0x00742F4E+1488958]
	Ordinal0 [0x004AED0D+2223373]
	Ordinal0 [0x004BA12B+2269483]
	Ordinal0 [0x004BA26F+2269807]
	Ordinal0 [0x004CECB8+2354360]
	BaseThreadInitThunk [0x75516359+25]
	RtlGetAppContainerNamedObjectPath [0x77D38944+228]
	RtlGetAppContainerNamedObjectPath [0x77D38914+180]
">
      <![CDATA[org.openqa.selenium.SessionNotCreatedException: session not created
from timeout: Timed out receiving message from renderer: 600.000
  (Session info: chrome=88.0.4324.182)
Build info: version: '3.141.59', revision: 'e82be7d358', time: '2018-11-14T08:17:03'
System info: host: 'PREYAL', ip: '192.168.25.1', os.name: 'Windows 10', os.arch: 'amd64', os.version: '10.0', java.version: '1.8.0_281'
Driver info: driver.version: ChromeDriver
remote stacktrace: Backtrace:
Ordinal0 [0x005BC0C3+3326147]
Ordinal0 [0x004A0851+2164817]
Ordinal0 [0x00327298+619160]
Ordinal0 [0x0031B17F+569727]
Ordinal0 [0x0031A421+566305]
Ordinal0 [0x0031A815+567317]
Ordinal0 [0x0031A135+565557]
Ordinal0 [0x003238B1+604337]
Ordinal0 [0x0031A0F1+565489]
Ordinal0 [0x0031AEA2+568994]
Ordinal0 [0x0031A421+566305]
Ordinal0 [0x0031A815+567317]
Ordinal0 [0x0031A135+565557]
Ordinal0 [0x00321D2C+597292]
Ordinal0 [0x0031A0F1+565489]
Ordinal0 [0x0031AEA2+568994]
Ordinal0 [0x0031A421+566305]
Ordinal0 [0x0031A815+567317]
Ordinal0 [0x0031A135+565557]
Ordinal0 [0x0031FE62+589410]
Ordinal0 [0x0031A0F1+565489]
Ordinal0 [0x0031AEA2+568994]
Ordinal0 [0x0031A421+566305]
Ordinal0 [0x0031A815+567317]
Ordinal0 [0x0031A135+565557]
Ordinal0 [0x0031F075+585845]
Ordinal0 [0x0031A0F1+565489]
Ordinal0 [0x0031AEA2+568994]
Ordinal0 [0x0031A421+566305]
Ordinal0 [0x0031A815+567317]
Ordinal0 [0x0031A135+565557]
Ordinal0 [0x00316776+550774]
Ordinal0 [0x0031A0F1+565489]
Ordinal0 [0x00319F13+565011]
Ordinal0 [0x00319D07+564487]
Ordinal0 [0x003282C0+623296]
Ordinal0 [0x002C6BDD+224221]
Ordinal0 [0x002C5CAC+220332]
Ordinal0 [0x002C189B+202907]
Ordinal0 [0x002A3DF4+81396]
Ordinal0 [0x002A4DEE+85486]
Ordinal0 [0x002A4D79+85369]
Ordinal0 [0x004B85DC+2262492]
GetHandleVerifier [0x00742874+1487204]
GetHandleVerifier [0x007423CD+1486013]
GetHandleVerifier [0x0074A368+1518680]
GetHandleVerifier [0x00742F4E+1488958]
Ordinal0 [0x004AED0D+2223373]
Ordinal0 [0x004BA12B+2269483]
Ordinal0 [0x004BA26F+2269807]
Ordinal0 [0x004CECB8+2354360]
BaseThreadInitThunk [0x75516359+25]
RtlGetAppContainerNamedObjectPath [0x77D38944+228]
RtlGetAppContainerNamedObjectPath [0x77D38914+180]

at org.openqa.selenium.remote.W3CHandshakeResponse.lambda$errorHandler$0(W3CHandshakeResponse.java:62)
at org.openqa.selenium.remote.HandshakeResponse.lambda$getResponseFunction$0(HandshakeResponse.java:30)
at org.openqa.selenium.remote.ProtocolHandshake.lambda$createSession$0(ProtocolHandshake.java:126)
at java.util.stream.ReferencePipeline$3$1.accept(Unknown Source)
at java.util.Spliterators$ArraySpliterator.tryAdvance(Unknown Source)
at java.util.stream.ReferencePipeline.forEachWithCancel(Unknown Source)
at java.util.stream.AbstractPipeline.copyIntoWithCancel(Unknown Source)
at java.util.stream.AbstractPipeline.copyInto(Unknown Source)
at java.util.stream.AbstractPipeline.wrapAndCopyInto(Unknown Source)
at java.util.stream.FindOps$FindOp.evaluateSequential(Unknown Source)
at java.util.stream.AbstractPipeline.evaluate(Unknown Source)
at java.util.stream.ReferencePipeline.findFirst(Unknown Source)
at org.openqa.selenium.remote.ProtocolHandshake.createSession(ProtocolHandshake.java:128)
at org.openqa.selenium.remote.ProtocolHandshake.createSession(ProtocolHandshake.java:74)
at org.openqa.selenium.remote.HttpCommandExecutor.execute(HttpCommandExecutor.java:136)
at org.openqa.selenium.remote.service.DriverCommandExecutor.execute(DriverCommandExecutor.java:83)
at org.openqa.selenium.remote.RemoteWebDriver.execute(RemoteWebDriver.java:552)
at org.openqa.selenium.remote.RemoteWebDriver.startSession(RemoteWebDriver.java:213)
at org.openqa.selenium.remote.RemoteWebDriver.<init>(RemoteWebDriver.java:131)
at org.openqa.selenium.chrome.ChromeDriver.<init>(ChromeDriver.java:181)
at org.openqa.selenium.chrome.ChromeDriver.<init>(ChromeDriver.java:168)
at org.openqa.selenium.chrome.ChromeDriver.<init>(ChromeDriver.java:123)
at baseclass.BaseClassWalmart.initialization(BaseClassWalmart.java:44)
at com.WalmartTestCases.TestHomePageWalmart.setup(TestHomePageWalmart.java:34)
at java.util.ArrayList.forEach(Unknown Source)
... Removed 45 stack frames]]>
    </failure>
  </testcase> <!-- @BeforeMethod setup -->
  <testcase name="@BeforeMethod setup" time="-1.614203537647E9" classname="com.WalmartTestCases.TestHomePageWalmart">
    <skipped/>
  </testcase> <!-- @BeforeMethod setup -->
  <testcase name="@BeforeMethod setup" time="-1.614203537649E9" classname="com.WalmartTestCases.TestHomePageWalmart">
    <skipped/>
  </testcase> <!-- @BeforeMethod setup -->
  <testcase name="@BeforeMethod setup" time="-1.614203537649E9" classname="com.WalmartTestCases.TestHomePageWalmart">
    <skipped/>
  </testcase> <!-- @BeforeMethod setup -->
  <testcase name="@BeforeMethod satup" time="604.16" classname="com.WalmartTestCases.TestRegistrationWalmart">
    <failure type="org.openqa.selenium.SessionNotCreatedException" message="session not created
from timeout: Timed out receiving message from renderer: 600.000
  (Session info: chrome=88.0.4324.182)
Build info: version: &amp;apos;3.141.59&amp;apos;, revision: &amp;apos;e82be7d358&amp;apos;, time: &amp;apos;2018-11-14T08:17:03&amp;apos;
System info: host: &amp;apos;PREYAL&amp;apos;, ip: &amp;apos;192.168.25.1&amp;apos;, os.name: &amp;apos;Windows 10&amp;apos;, os.arch: &amp;apos;amd64&amp;apos;, os.version: &amp;apos;10.0&amp;apos;, java.version: &amp;apos;1.8.0_281&amp;apos;
Driver info: driver.version: ChromeDriver
remote stacktrace: Backtrace:
	Ordinal0 [0x005BC0C3+3326147]
	Ordinal0 [0x004A0851+2164817]
	Ordinal0 [0x00327298+619160]
	Ordinal0 [0x0031B17F+569727]
	Ordinal0 [0x0031A421+566305]
	Ordinal0 [0x0031A815+567317]
	Ordinal0 [0x0031A135+565557]
	Ordinal0 [0x003238B1+604337]
	Ordinal0 [0x0031A0F1+565489]
	Ordinal0 [0x0031AEA2+568994]
	Ordinal0 [0x0031A421+566305]
	Ordinal0 [0x0031A815+567317]
	Ordinal0 [0x0031A135+565557]
	Ordinal0 [0x00321D2C+597292]
	Ordinal0 [0x0031A0F1+565489]
	Ordinal0 [0x0031AEA2+568994]
	Ordinal0 [0x0031A421+566305]
	Ordinal0 [0x0031A815+567317]
	Ordinal0 [0x0031A135+565557]
	Ordinal0 [0x0031FE62+589410]
	Ordinal0 [0x0031A0F1+565489]
	Ordinal0 [0x0031AEA2+568994]
	Ordinal0 [0x0031A421+566305]
	Ordinal0 [0x0031A815+567317]
	Ordinal0 [0x0031A135+565557]
	Ordinal0 [0x0031F075+585845]
	Ordinal0 [0x0031A0F1+565489]
	Ordinal0 [0x0031AEA2+568994]
	Ordinal0 [0x0031A421+566305]
	Ordinal0 [0x0031A815+567317]
	Ordinal0 [0x0031A135+565557]
	Ordinal0 [0x00316776+550774]
	Ordinal0 [0x0031A0F1+565489]
	Ordinal0 [0x00319F13+565011]
	Ordinal0 [0x00319D07+564487]
	Ordinal0 [0x003282C0+623296]
	Ordinal0 [0x002C6BDD+224221]
	Ordinal0 [0x002C5CAC+220332]
	Ordinal0 [0x002C189B+202907]
	Ordinal0 [0x002A3DF4+81396]
	Ordinal0 [0x002A4DEE+85486]
	Ordinal0 [0x002A4D79+85369]
	Ordinal0 [0x004B85DC+2262492]
	GetHandleVerifier [0x00742874+1487204]
	GetHandleVerifier [0x007423CD+1486013]
	GetHandleVerifier [0x0074A368+1518680]
	GetHandleVerifier [0x00742F4E+1488958]
	Ordinal0 [0x004AED0D+2223373]
	Ordinal0 [0x004BA12B+2269483]
	Ordinal0 [0x004BA26F+2269807]
	Ordinal0 [0x004CECB8+2354360]
	BaseThreadInitThunk [0x75516359+25]
	RtlGetAppContainerNamedObjectPath [0x77D38944+228]
	RtlGetAppContainerNamedObjectPath [0x77D38914+180]
">
      <![CDATA[org.openqa.selenium.SessionNotCreatedException: session not created
from timeout: Timed out receiving message from renderer: 600.000
  (Session info: chrome=88.0.4324.182)
Build info: version: '3.141.59', revision: 'e82be7d358', time: '2018-11-14T08:17:03'
System info: host: 'PREYAL', ip: '192.168.25.1', os.name: 'Windows 10', os.arch: 'amd64', os.version: '10.0', java.version: '1.8.0_281'
Driver info: driver.version: ChromeDriver
remote stacktrace: Backtrace:
Ordinal0 [0x005BC0C3+3326147]
Ordinal0 [0x004A0851+2164817]
Ordinal0 [0x00327298+619160]
Ordinal0 [0x0031B17F+569727]
Ordinal0 [0x0031A421+566305]
Ordinal0 [0x0031A815+567317]
Ordinal0 [0x0031A135+565557]
Ordinal0 [0x003238B1+604337]
Ordinal0 [0x0031A0F1+565489]
Ordinal0 [0x0031AEA2+568994]
Ordinal0 [0x0031A421+566305]
Ordinal0 [0x0031A815+567317]
Ordinal0 [0x0031A135+565557]
Ordinal0 [0x00321D2C+597292]
Ordinal0 [0x0031A0F1+565489]
Ordinal0 [0x0031AEA2+568994]
Ordinal0 [0x0031A421+566305]
Ordinal0 [0x0031A815+567317]
Ordinal0 [0x0031A135+565557]
Ordinal0 [0x0031FE62+589410]
Ordinal0 [0x0031A0F1+565489]
Ordinal0 [0x0031AEA2+568994]
Ordinal0 [0x0031A421+566305]
Ordinal0 [0x0031A815+567317]
Ordinal0 [0x0031A135+565557]
Ordinal0 [0x0031F075+585845]
Ordinal0 [0x0031A0F1+565489]
Ordinal0 [0x0031AEA2+568994]
Ordinal0 [0x0031A421+566305]
Ordinal0 [0x0031A815+567317]
Ordinal0 [0x0031A135+565557]
Ordinal0 [0x00316776+550774]
Ordinal0 [0x0031A0F1+565489]
Ordinal0 [0x00319F13+565011]
Ordinal0 [0x00319D07+564487]
Ordinal0 [0x003282C0+623296]
Ordinal0 [0x002C6BDD+224221]
Ordinal0 [0x002C5CAC+220332]
Ordinal0 [0x002C189B+202907]
Ordinal0 [0x002A3DF4+81396]
Ordinal0 [0x002A4DEE+85486]
Ordinal0 [0x002A4D79+85369]
Ordinal0 [0x004B85DC+2262492]
GetHandleVerifier [0x00742874+1487204]
GetHandleVerifier [0x007423CD+1486013]
GetHandleVerifier [0x0074A368+1518680]
GetHandleVerifier [0x00742F4E+1488958]
Ordinal0 [0x004AED0D+2223373]
Ordinal0 [0x004BA12B+2269483]
Ordinal0 [0x004BA26F+2269807]
Ordinal0 [0x004CECB8+2354360]
BaseThreadInitThunk [0x75516359+25]
RtlGetAppContainerNamedObjectPath [0x77D38944+228]
RtlGetAppContainerNamedObjectPath [0x77D38914+180]

at org.openqa.selenium.remote.W3CHandshakeResponse.lambda$errorHandler$0(W3CHandshakeResponse.java:62)
at org.openqa.selenium.remote.HandshakeResponse.lambda$getResponseFunction$0(HandshakeResponse.java:30)
at org.openqa.selenium.remote.ProtocolHandshake.lambda$createSession$0(ProtocolHandshake.java:126)
at java.util.stream.ReferencePipeline$3$1.accept(Unknown Source)
at java.util.Spliterators$ArraySpliterator.tryAdvance(Unknown Source)
at java.util.stream.ReferencePipeline.forEachWithCancel(Unknown Source)
at java.util.stream.AbstractPipeline.copyIntoWithCancel(Unknown Source)
at java.util.stream.AbstractPipeline.copyInto(Unknown Source)
at java.util.stream.AbstractPipeline.wrapAndCopyInto(Unknown Source)
at java.util.stream.FindOps$FindOp.evaluateSequential(Unknown Source)
at java.util.stream.AbstractPipeline.evaluate(Unknown Source)
at java.util.stream.ReferencePipeline.findFirst(Unknown Source)
at org.openqa.selenium.remote.ProtocolHandshake.createSession(ProtocolHandshake.java:128)
at org.openqa.selenium.remote.ProtocolHandshake.createSession(ProtocolHandshake.java:74)
at org.openqa.selenium.remote.HttpCommandExecutor.execute(HttpCommandExecutor.java:136)
at org.openqa.selenium.remote.service.DriverCommandExecutor.execute(DriverCommandExecutor.java:83)
at org.openqa.selenium.remote.RemoteWebDriver.execute(RemoteWebDriver.java:552)
at org.openqa.selenium.remote.RemoteWebDriver.startSession(RemoteWebDriver.java:213)
at org.openqa.selenium.remote.RemoteWebDriver.<init>(RemoteWebDriver.java:131)
at org.openqa.selenium.chrome.ChromeDriver.<init>(ChromeDriver.java:181)
at org.openqa.selenium.chrome.ChromeDriver.<init>(ChromeDriver.java:168)
at org.openqa.selenium.chrome.ChromeDriver.<init>(ChromeDriver.java:123)
at baseclass.BaseClassWalmart.initialization(BaseClassWalmart.java:44)
at com.WalmartTestCases.TestRegistrationWalmart.satup(TestRegistrationWalmart.java:27)
at java.util.ArrayList.forEach(Unknown Source)
... Removed 45 stack frames]]>
    </failure>
  </testcase> <!-- @BeforeMethod satup -->
  <testcase name="@BeforeMethod satup" time="-1.614204364062E9" classname="com.WalmartTestCases.TestRegistrationWalmart">
    <skipped/>
  </testcase> <!-- @BeforeMethod satup -->
  <testcase name="@BeforeMethod satup" time="-1.614204364063E9" classname="com.WalmartTestCases.TestRegistrationWalmart">
    <skipped/>
  </testcase> <!-- @BeforeMethod satup -->
  <testcase name="@BeforeMethod satup" time="-1.614204364063E9" classname="com.WalmartTestCases.TestRegistrationWalmart">
    <skipped/>
  </testcase> <!-- @BeforeMethod satup -->
  <testcase name="@BeforeMethod satup" time="-1.614204364064E9" classname="com.WalmartTestCases.TestRegistrationWalmart">
    <skipped/>
  </testcase> <!-- @BeforeMethod satup -->
  <testcase name="@BeforeMethod satup" time="-1.614204364065E9" classname="com.WalmartTestCases.TestRegistrationWalmart">
    <skipped/>
  </testcase> <!-- @BeforeMethod satup -->
  <testcase name="@BeforeMethod satup" time="-1.614204364065E9" classname="com.WalmartTestCases.TestRegistrationWalmart">
    <skipped/>
  </testcase> <!-- @BeforeMethod satup -->
  <testcase name="@BeforeMethod satup" time="-1.614204364066E9" classname="com.WalmartTestCases.TestRegistrationWalmart">
    <skipped/>
  </testcase> <!-- @BeforeMethod satup -->
  <testcase name="@BeforeMethod satup" time="-1.614204364067E9" classname="com.WalmartTestCases.TestRegistrationWalmart">
    <skipped/>
  </testcase> <!-- @BeforeMethod satup -->
  <testcase name="@BeforeMethod satup" time="-1.614204364067E9" classname="com.WalmartTestCases.TestRegistrationWalmart">
    <skipped/>
  </testcase> <!-- @BeforeMethod satup -->
  <testcase name="@BeforeMethod satup" time="-1.614204364068E9" classname="com.WalmartTestCases.TestRegistrationWalmart">
    <skipped/>
  </testcase> <!-- @BeforeMethod satup -->
  <testcase name="@BeforeMethod satup" time="-1.614204364069E9" classname="com.WalmartTestCases.TestRegistrationWalmart">
    <skipped/>
  </testcase> <!-- @BeforeMethod satup -->
  <testcase name="@BeforeMethod satup" time="-1.614204364069E9" classname="com.WalmartTestCases.TestRegistrationWalmart">
    <skipped/>
  </testcase> <!-- @BeforeMethod satup -->
  <testcase name="@BeforeMethod satup" time="-1.61420436407E9" classname="com.WalmartTestCases.TestRegistrationWalmart">
    <skipped/>
  </testcase> <!-- @BeforeMethod satup -->
  <testcase name="GoToSkinCarePagenumberOfItems_Test6" time="34.553" classname="com.WalmartTestCases.TestCartWalmart"/>
  <testcase name="ShoppingCart_Test1" time="41.353" classname="com.WalmartTestCases.TestCartWalmart">
    <failure type="org.openqa.selenium.NoSuchElementException" message="no such element: Unable to locate element: {&amp;quot;method&amp;quot;:&amp;quot;xpath&amp;quot;,&amp;quot;selector&amp;quot;:&amp;quot; //article[@title=&amp;apos;Skin care tools&amp;apos;]&amp;quot;}
  (Session info: chrome=88.0.4324.182)
For documentation on this error, please visit: https://www.seleniumhq.org/exceptions/no_such_element.html
Build info: version: &amp;apos;3.141.59&amp;apos;, revision: &amp;apos;e82be7d358&amp;apos;, time: &amp;apos;2018-11-14T08:17:03&amp;apos;
System info: host: &amp;apos;PREYAL&amp;apos;, ip: &amp;apos;192.168.25.1&amp;apos;, os.name: &amp;apos;Windows 10&amp;apos;, os.arch: &amp;apos;amd64&amp;apos;, os.version: &amp;apos;10.0&amp;apos;, java.version: &amp;apos;1.8.0_281&amp;apos;
Driver info: org.openqa.selenium.chrome.ChromeDriver
Capabilities {acceptInsecureCerts: false, browserName: chrome, browserVersion: 88.0.4324.182, chrome: {chromedriverVersion: 87.0.4280.88 (89e2380a3e36c..., userDataDir: C:\WINDOWS\TEMP\scoped_dir2...}, goog:chromeOptions: {debuggerAddress: localhost:59488}, javascriptEnabled: true, networkConnectionEnabled: false, pageLoadStrategy: normal, platform: WINDOWS, platformName: WINDOWS, proxy: Proxy(), setWindowRect: true, strictFileInteractability: false, timeouts: {implicit: 0, pageLoad: 300000, script: 30000}, unhandledPromptBehavior: dismiss and notify, webauthn:virtualAuthenticators: true}
Session ID: c80319faf3d3e15289db2888e372a32f
*** Element info: {Using=xpath, value= //article[@title=&amp;apos;Skin care tools&amp;apos;]}">
      <![CDATA[org.openqa.selenium.NoSuchElementException: no such element: Unable to locate element: {"method":"xpath","selector":" //article[@title='Skin care tools']"}
  (Session info: chrome=88.0.4324.182)
For documentation on this error, please visit: https://www.seleniumhq.org/exceptions/no_such_element.html
Build info: version: '3.141.59', revision: 'e82be7d358', time: '2018-11-14T08:17:03'
System info: host: 'PREYAL', ip: '192.168.25.1', os.name: 'Windows 10', os.arch: 'amd64', os.version: '10.0', java.version: '1.8.0_281'
Driver info: org.openqa.selenium.chrome.ChromeDriver
Capabilities {acceptInsecureCerts: false, browserName: chrome, browserVersion: 88.0.4324.182, chrome: {chromedriverVersion: 87.0.4280.88 (89e2380a3e36c..., userDataDir: C:\WINDOWS\TEMP\scoped_dir2...}, goog:chromeOptions: {debuggerAddress: localhost:59488}, javascriptEnabled: true, networkConnectionEnabled: false, pageLoadStrategy: normal, platform: WINDOWS, platformName: WINDOWS, proxy: Proxy(), setWindowRect: true, strictFileInteractability: false, timeouts: {implicit: 0, pageLoad: 300000, script: 30000}, unhandledPromptBehavior: dismiss and notify, webauthn:virtualAuthenticators: true}
Session ID: c80319faf3d3e15289db2888e372a32f
*** Element info: {Using=xpath, value= //article[@title='Skin care tools']}
at org.openqa.selenium.remote.http.W3CHttpResponseCodec.createException(W3CHttpResponseCodec.java:187)
at org.openqa.selenium.remote.http.W3CHttpResponseCodec.decode(W3CHttpResponseCodec.java:122)
at org.openqa.selenium.remote.http.W3CHttpResponseCodec.decode(W3CHttpResponseCodec.java:49)
at org.openqa.selenium.remote.HttpCommandExecutor.execute(HttpCommandExecutor.java:158)
at org.openqa.selenium.remote.service.DriverCommandExecutor.execute(DriverCommandExecutor.java:83)
at org.openqa.selenium.remote.RemoteWebDriver.execute(RemoteWebDriver.java:552)
at org.openqa.selenium.remote.RemoteWebDriver.findElement(RemoteWebDriver.java:323)
at org.openqa.selenium.remote.RemoteWebDriver.findElementByXPath(RemoteWebDriver.java:428)
at org.openqa.selenium.By$ByXPath.findElement(By.java:353)
at org.openqa.selenium.remote.RemoteWebDriver.findElement(RemoteWebDriver.java:315)
at org.openqa.selenium.support.events.EventFiringWebDriver.lambda$new$1(EventFiringWebDriver.java:105)
at com.sun.proxy.$Proxy4.findElement(Unknown Source)
at org.openqa.selenium.support.events.EventFiringWebDriver.findElement(EventFiringWebDriver.java:194)
at org.openqa.selenium.support.pagefactory.DefaultElementLocator.findElement(DefaultElementLocator.java:69)
at org.openqa.selenium.support.pagefactory.internal.LocatingElementHandler.invoke(LocatingElementHandler.java:38)
at com.sun.proxy.$Proxy8.click(Unknown Source)
at com.WalmartPages.SkinCarePage.AddSkincareItemToCart(SkinCarePage.java:35)
at com.WalmartTestCases.TestCartWalmart.ShoppingCart_Test1(TestCartWalmart.java:43)
at java.util.ArrayList.forEach(Unknown Source)
... Removed 45 stack frames]]>
    </failure>
  </testcase> <!-- ShoppingCart_Test1 -->
  <testcase name="GoToSkinCarePage_Test4" time="11.86" classname="com.WalmartTestCases.TestHomePageWalmart"/>
  <testcase name="GoToSuperHeroPage_Test5" time="0.0" classname="com.WalmartTestCases.TestHomePageWalmart">
    <skipped/>
  </testcase> <!-- GoToSuperHeroPage_Test5 -->
  <testcase name="GotoregistrationPage_Test3" time="0.0" classname="com.WalmartTestCases.TestHomePageWalmart">
    <skipped/>
  </testcase> <!-- GotoregistrationPage_Test3 -->
  <testcase name="VerifyWalmartLogo_Test1" time="0.0" classname="com.WalmartTestCases.TestHomePageWalmart">
    <skipped/>
  </testcase> <!-- VerifyWalmartLogo_Test1 -->
  <testcase name="verifysignIn_Test2" time="0.0" classname="com.WalmartTestCases.TestHomePageWalmart">
    <skipped/>
  </testcase> <!-- verifysignIn_Test2 -->
  <testcase name="verifysignIn_Test1" time="45.566" classname="com.WalmartTestCases.TestPersonalSettingWalmart">
    <failure type="org.openqa.selenium.NoSuchElementException" message="no such element: Unable to locate element: {&amp;quot;method&amp;quot;:&amp;quot;xpath&amp;quot;,&amp;quot;selector&amp;quot;:&amp;quot;//a[contains(text(),&amp;apos;Personal Settings&amp;apos;)]&amp;quot;}
  (Session info: chrome=88.0.4324.182)
For documentation on this error, please visit: https://www.seleniumhq.org/exceptions/no_such_element.html
Build info: version: &amp;apos;3.141.59&amp;apos;, revision: &amp;apos;e82be7d358&amp;apos;, time: &amp;apos;2018-11-14T08:17:03&amp;apos;
System info: host: &amp;apos;PREYAL&amp;apos;, ip: &amp;apos;192.168.25.1&amp;apos;, os.name: &amp;apos;Windows 10&amp;apos;, os.arch: &amp;apos;amd64&amp;apos;, os.version: &amp;apos;10.0&amp;apos;, java.version: &amp;apos;1.8.0_281&amp;apos;
Driver info: org.openqa.selenium.chrome.ChromeDriver
Capabilities {acceptInsecureCerts: false, browserName: chrome, browserVersion: 88.0.4324.182, chrome: {chromedriverVersion: 87.0.4280.88 (89e2380a3e36c..., userDataDir: C:\WINDOWS\TEMP\scoped_dir1...}, goog:chromeOptions: {debuggerAddress: localhost:63122}, javascriptEnabled: true, networkConnectionEnabled: false, pageLoadStrategy: normal, platform: WINDOWS, platformName: WINDOWS, proxy: Proxy(), setWindowRect: true, strictFileInteractability: false, timeouts: {implicit: 0, pageLoad: 300000, script: 30000}, unhandledPromptBehavior: dismiss and notify, webauthn:virtualAuthenticators: true}
Session ID: 740292a5d4308031135987fcd5078e05
*** Element info: {Using=xpath, value=//a[contains(text(),&amp;apos;Personal Settings&amp;apos;)]}">
      <![CDATA[org.openqa.selenium.NoSuchElementException: no such element: Unable to locate element: {"method":"xpath","selector":"//a[contains(text(),'Personal Settings')]"}
  (Session info: chrome=88.0.4324.182)
For documentation on this error, please visit: https://www.seleniumhq.org/exceptions/no_such_element.html
Build info: version: '3.141.59', revision: 'e82be7d358', time: '2018-11-14T08:17:03'
System info: host: 'PREYAL', ip: '192.168.25.1', os.name: 'Windows 10', os.arch: 'amd64', os.version: '10.0', java.version: '1.8.0_281'
Driver info: org.openqa.selenium.chrome.ChromeDriver
Capabilities {acceptInsecureCerts: false, browserName: chrome, browserVersion: 88.0.4324.182, chrome: {chromedriverVersion: 87.0.4280.88 (89e2380a3e36c..., userDataDir: C:\WINDOWS\TEMP\scoped_dir1...}, goog:chromeOptions: {debuggerAddress: localhost:63122}, javascriptEnabled: true, networkConnectionEnabled: false, pageLoadStrategy: normal, platform: WINDOWS, platformName: WINDOWS, proxy: Proxy(), setWindowRect: true, strictFileInteractability: false, timeouts: {implicit: 0, pageLoad: 300000, script: 30000}, unhandledPromptBehavior: dismiss and notify, webauthn:virtualAuthenticators: true}
Session ID: 740292a5d4308031135987fcd5078e05
*** Element info: {Using=xpath, value=//a[contains(text(),'Personal Settings')]}
at org.openqa.selenium.remote.http.W3CHttpResponseCodec.createException(W3CHttpResponseCodec.java:187)
at org.openqa.selenium.remote.http.W3CHttpResponseCodec.decode(W3CHttpResponseCodec.java:122)
at org.openqa.selenium.remote.http.W3CHttpResponseCodec.decode(W3CHttpResponseCodec.java:49)
at org.openqa.selenium.remote.HttpCommandExecutor.execute(HttpCommandExecutor.java:158)
at org.openqa.selenium.remote.service.DriverCommandExecutor.execute(DriverCommandExecutor.java:83)
at org.openqa.selenium.remote.RemoteWebDriver.execute(RemoteWebDriver.java:552)
at org.openqa.selenium.remote.RemoteWebDriver.findElement(RemoteWebDriver.java:323)
at org.openqa.selenium.remote.RemoteWebDriver.findElementByXPath(RemoteWebDriver.java:428)
at org.openqa.selenium.By$ByXPath.findElement(By.java:353)
at org.openqa.selenium.remote.RemoteWebDriver.findElement(RemoteWebDriver.java:315)
at org.openqa.selenium.support.events.EventFiringWebDriver.lambda$new$1(EventFiringWebDriver.java:105)
at com.sun.proxy.$Proxy4.findElement(Unknown Source)
at org.openqa.selenium.support.events.EventFiringWebDriver.findElement(EventFiringWebDriver.java:194)
at org.openqa.selenium.support.pagefactory.DefaultElementLocator.findElement(DefaultElementLocator.java:69)
at org.openqa.selenium.support.pagefactory.internal.LocatingElementHandler.invoke(LocatingElementHandler.java:38)
at com.sun.proxy.$Proxy8.click(Unknown Source)
at com.WalmartPages.HomePageWalmart.GoToPersonalSettingPage(HomePageWalmart.java:120)
at com.WalmartTestCases.TestPersonalSettingWalmart.verifysignIn_Test1(TestPersonalSettingWalmart.java:33)
at java.util.ArrayList.forEach(Unknown Source)
... Removed 44 stack frames]]>
    </failure>
  </testcase> <!-- verifysignIn_Test1 -->
  <testcase name="registrationFirstName_Test2" time="30.064" classname="com.WalmartTestCases.TestRegistrationWalmart">
    <failure type="org.openqa.selenium.NoSuchElementException" message="no such element: Unable to locate element: {&amp;quot;method&amp;quot;:&amp;quot;xpath&amp;quot;,&amp;quot;selector&amp;quot;:&amp;quot;//a[@class=&amp;apos;css-1xh2uh0 evkjyb00&amp;apos;]&amp;quot;}
  (Session info: chrome=88.0.4324.182)
For documentation on this error, please visit: https://www.seleniumhq.org/exceptions/no_such_element.html
Build info: version: &amp;apos;3.141.59&amp;apos;, revision: &amp;apos;e82be7d358&amp;apos;, time: &amp;apos;2018-11-14T08:17:03&amp;apos;
System info: host: &amp;apos;PREYAL&amp;apos;, ip: &amp;apos;192.168.25.1&amp;apos;, os.name: &amp;apos;Windows 10&amp;apos;, os.arch: &amp;apos;amd64&amp;apos;, os.version: &amp;apos;10.0&amp;apos;, java.version: &amp;apos;1.8.0_281&amp;apos;
Driver info: org.openqa.selenium.chrome.ChromeDriver
Capabilities {acceptInsecureCerts: false, browserName: chrome, browserVersion: 88.0.4324.182, chrome: {chromedriverVersion: 87.0.4280.88 (89e2380a3e36c..., userDataDir: C:\WINDOWS\TEMP\scoped_dir1...}, goog:chromeOptions: {debuggerAddress: localhost:63352}, javascriptEnabled: true, networkConnectionEnabled: false, pageLoadStrategy: normal, platform: WINDOWS, platformName: WINDOWS, proxy: Proxy(), setWindowRect: true, strictFileInteractability: false, timeouts: {implicit: 0, pageLoad: 300000, script: 30000}, unhandledPromptBehavior: dismiss and notify, webauthn:virtualAuthenticators: true}
Session ID: e67690d7d7ddee73f8e54e0dca1fbf1a
*** Element info: {Using=xpath, value=//a[@class=&amp;apos;css-1xh2uh0 evkjyb00&amp;apos;]}">
      <![CDATA[org.openqa.selenium.NoSuchElementException: no such element: Unable to locate element: {"method":"xpath","selector":"//a[@class='css-1xh2uh0 evkjyb00']"}
  (Session info: chrome=88.0.4324.182)
For documentation on this error, please visit: https://www.seleniumhq.org/exceptions/no_such_element.html
Build info: version: '3.141.59', revision: 'e82be7d358', time: '2018-11-14T08:17:03'
System info: host: 'PREYAL', ip: '192.168.25.1', os.name: 'Windows 10', os.arch: 'amd64', os.version: '10.0', java.version: '1.8.0_281'
Driver info: org.openqa.selenium.chrome.ChromeDriver
Capabilities {acceptInsecureCerts: false, browserName: chrome, browserVersion: 88.0.4324.182, chrome: {chromedriverVersion: 87.0.4280.88 (89e2380a3e36c..., userDataDir: C:\WINDOWS\TEMP\scoped_dir1...}, goog:chromeOptions: {debuggerAddress: localhost:63352}, javascriptEnabled: true, networkConnectionEnabled: false, pageLoadStrategy: normal, platform: WINDOWS, platformName: WINDOWS, proxy: Proxy(), setWindowRect: true, strictFileInteractability: false, timeouts: {implicit: 0, pageLoad: 300000, script: 30000}, unhandledPromptBehavior: dismiss and notify, webauthn:virtualAuthenticators: true}
Session ID: e67690d7d7ddee73f8e54e0dca1fbf1a
*** Element info: {Using=xpath, value=//a[@class='css-1xh2uh0 evkjyb00']}
at org.openqa.selenium.remote.http.W3CHttpResponseCodec.createException(W3CHttpResponseCodec.java:187)
at org.openqa.selenium.remote.http.W3CHttpResponseCodec.decode(W3CHttpResponseCodec.java:122)
at org.openqa.selenium.remote.http.W3CHttpResponseCodec.decode(W3CHttpResponseCodec.java:49)
at org.openqa.selenium.remote.HttpCommandExecutor.execute(HttpCommandExecutor.java:158)
at org.openqa.selenium.remote.service.DriverCommandExecutor.execute(DriverCommandExecutor.java:83)
at org.openqa.selenium.remote.RemoteWebDriver.execute(RemoteWebDriver.java:552)
at org.openqa.selenium.remote.RemoteWebDriver.findElement(RemoteWebDriver.java:323)
at org.openqa.selenium.remote.RemoteWebDriver.findElementByXPath(RemoteWebDriver.java:428)
at org.openqa.selenium.By$ByXPath.findElement(By.java:353)
at org.openqa.selenium.remote.RemoteWebDriver.findElement(RemoteWebDriver.java:315)
at org.openqa.selenium.support.events.EventFiringWebDriver.lambda$new$1(EventFiringWebDriver.java:105)
at com.sun.proxy.$Proxy4.findElement(Unknown Source)
at org.openqa.selenium.support.events.EventFiringWebDriver.findElement(EventFiringWebDriver.java:194)
at org.openqa.selenium.support.pagefactory.DefaultElementLocator.findElement(DefaultElementLocator.java:69)
at org.openqa.selenium.support.pagefactory.internal.LocatingElementHandler.invoke(LocatingElementHandler.java:38)
at com.sun.proxy.$Proxy8.click(Unknown Source)
at com.WalmartPages.HomePageWalmart.GoToRegistrationPage(HomePageWalmart.java:101)
at com.WalmartTestCases.TestRegistrationWalmart.registrationFirstName_Test2(TestRegistrationWalmart.java:39)
at java.util.ArrayList.forEach(Unknown Source)
... Removed 44 stack frames]]>
    </failure>
  </testcase> <!-- registrationFirstName_Test2 -->
  <testcase name="registrationFirstName_Test3" time="30.07" classname="com.WalmartTestCases.TestRegistrationWalmart">
    <failure type="org.openqa.selenium.NoSuchElementException" message="no such element: Unable to locate element: {&amp;quot;method&amp;quot;:&amp;quot;xpath&amp;quot;,&amp;quot;selector&amp;quot;:&amp;quot;//a[@class=&amp;apos;css-1xh2uh0 evkjyb00&amp;apos;]&amp;quot;}
  (Session info: chrome=88.0.4324.182)
For documentation on this error, please visit: https://www.seleniumhq.org/exceptions/no_such_element.html
Build info: version: &amp;apos;3.141.59&amp;apos;, revision: &amp;apos;e82be7d358&amp;apos;, time: &amp;apos;2018-11-14T08:17:03&amp;apos;
System info: host: &amp;apos;PREYAL&amp;apos;, ip: &amp;apos;192.168.25.1&amp;apos;, os.name: &amp;apos;Windows 10&amp;apos;, os.arch: &amp;apos;amd64&amp;apos;, os.version: &amp;apos;10.0&amp;apos;, java.version: &amp;apos;1.8.0_281&amp;apos;
Driver info: org.openqa.selenium.chrome.ChromeDriver
Capabilities {acceptInsecureCerts: false, browserName: chrome, browserVersion: 88.0.4324.182, chrome: {chromedriverVersion: 87.0.4280.88 (89e2380a3e36c..., userDataDir: C:\WINDOWS\TEMP\scoped_dir2...}, goog:chromeOptions: {debuggerAddress: localhost:63666}, javascriptEnabled: true, networkConnectionEnabled: false, pageLoadStrategy: normal, platform: WINDOWS, platformName: WINDOWS, proxy: Proxy(), setWindowRect: true, strictFileInteractability: false, timeouts: {implicit: 0, pageLoad: 300000, script: 30000}, unhandledPromptBehavior: dismiss and notify, webauthn:virtualAuthenticators: true}
Session ID: 4904d99526fd0eca4ebef2bf42b1ef2c
*** Element info: {Using=xpath, value=//a[@class=&amp;apos;css-1xh2uh0 evkjyb00&amp;apos;]}">
      <![CDATA[org.openqa.selenium.NoSuchElementException: no such element: Unable to locate element: {"method":"xpath","selector":"//a[@class='css-1xh2uh0 evkjyb00']"}
  (Session info: chrome=88.0.4324.182)
For documentation on this error, please visit: https://www.seleniumhq.org/exceptions/no_such_element.html
Build info: version: '3.141.59', revision: 'e82be7d358', time: '2018-11-14T08:17:03'
System info: host: 'PREYAL', ip: '192.168.25.1', os.name: 'Windows 10', os.arch: 'amd64', os.version: '10.0', java.version: '1.8.0_281'
Driver info: org.openqa.selenium.chrome.ChromeDriver
Capabilities {acceptInsecureCerts: false, browserName: chrome, browserVersion: 88.0.4324.182, chrome: {chromedriverVersion: 87.0.4280.88 (89e2380a3e36c..., userDataDir: C:\WINDOWS\TEMP\scoped_dir2...}, goog:chromeOptions: {debuggerAddress: localhost:63666}, javascriptEnabled: true, networkConnectionEnabled: false, pageLoadStrategy: normal, platform: WINDOWS, platformName: WINDOWS, proxy: Proxy(), setWindowRect: true, strictFileInteractability: false, timeouts: {implicit: 0, pageLoad: 300000, script: 30000}, unhandledPromptBehavior: dismiss and notify, webauthn:virtualAuthenticators: true}
Session ID: 4904d99526fd0eca4ebef2bf42b1ef2c
*** Element info: {Using=xpath, value=//a[@class='css-1xh2uh0 evkjyb00']}
at org.openqa.selenium.remote.http.W3CHttpResponseCodec.createException(W3CHttpResponseCodec.java:187)
at org.openqa.selenium.remote.http.W3CHttpResponseCodec.decode(W3CHttpResponseCodec.java:122)
at org.openqa.selenium.remote.http.W3CHttpResponseCodec.decode(W3CHttpResponseCodec.java:49)
at org.openqa.selenium.remote.HttpCommandExecutor.execute(HttpCommandExecutor.java:158)
at org.openqa.selenium.remote.service.DriverCommandExecutor.execute(DriverCommandExecutor.java:83)
at org.openqa.selenium.remote.RemoteWebDriver.execute(RemoteWebDriver.java:552)
at org.openqa.selenium.remote.RemoteWebDriver.findElement(RemoteWebDriver.java:323)
at org.openqa.selenium.remote.RemoteWebDriver.findElementByXPath(RemoteWebDriver.java:428)
at org.openqa.selenium.By$ByXPath.findElement(By.java:353)
at org.openqa.selenium.remote.RemoteWebDriver.findElement(RemoteWebDriver.java:315)
at org.openqa.selenium.support.events.EventFiringWebDriver.lambda$new$1(EventFiringWebDriver.java:105)
at com.sun.proxy.$Proxy4.findElement(Unknown Source)
at org.openqa.selenium.support.events.EventFiringWebDriver.findElement(EventFiringWebDriver.java:194)
at org.openqa.selenium.support.pagefactory.DefaultElementLocator.findElement(DefaultElementLocator.java:69)
at org.openqa.selenium.support.pagefactory.internal.LocatingElementHandler.invoke(LocatingElementHandler.java:38)
at com.sun.proxy.$Proxy8.click(Unknown Source)
at com.WalmartPages.HomePageWalmart.GoToRegistrationPage(HomePageWalmart.java:101)
at com.WalmartTestCases.TestRegistrationWalmart.registrationFirstName_Test3(TestRegistrationWalmart.java:47)
at java.util.ArrayList.forEach(Unknown Source)
... Removed 44 stack frames]]>
    </failure>
  </testcase> <!-- registrationFirstName_Test3 -->
  <testcase name="registrationFirstName_Test4" time="30.101" classname="com.WalmartTestCases.TestRegistrationWalmart">
    <failure type="org.openqa.selenium.NoSuchElementException" message="no such element: Unable to locate element: {&amp;quot;method&amp;quot;:&amp;quot;xpath&amp;quot;,&amp;quot;selector&amp;quot;:&amp;quot;//a[@class=&amp;apos;css-1xh2uh0 evkjyb00&amp;apos;]&amp;quot;}
  (Session info: chrome=88.0.4324.182)
For documentation on this error, please visit: https://www.seleniumhq.org/exceptions/no_such_element.html
Build info: version: &amp;apos;3.141.59&amp;apos;, revision: &amp;apos;e82be7d358&amp;apos;, time: &amp;apos;2018-11-14T08:17:03&amp;apos;
System info: host: &amp;apos;PREYAL&amp;apos;, ip: &amp;apos;192.168.25.1&amp;apos;, os.name: &amp;apos;Windows 10&amp;apos;, os.arch: &amp;apos;amd64&amp;apos;, os.version: &amp;apos;10.0&amp;apos;, java.version: &amp;apos;1.8.0_281&amp;apos;
Driver info: org.openqa.selenium.chrome.ChromeDriver
Capabilities {acceptInsecureCerts: false, browserName: chrome, browserVersion: 88.0.4324.182, chrome: {chromedriverVersion: 87.0.4280.88 (89e2380a3e36c..., userDataDir: C:\WINDOWS\TEMP\scoped_dir3...}, goog:chromeOptions: {debuggerAddress: localhost:63963}, javascriptEnabled: true, networkConnectionEnabled: false, pageLoadStrategy: normal, platform: WINDOWS, platformName: WINDOWS, proxy: Proxy(), setWindowRect: true, strictFileInteractability: false, timeouts: {implicit: 0, pageLoad: 300000, script: 30000}, unhandledPromptBehavior: dismiss and notify, webauthn:virtualAuthenticators: true}
Session ID: 369e680170231f8ce1bc9284d20b9856
*** Element info: {Using=xpath, value=//a[@class=&amp;apos;css-1xh2uh0 evkjyb00&amp;apos;]}">
      <![CDATA[org.openqa.selenium.NoSuchElementException: no such element: Unable to locate element: {"method":"xpath","selector":"//a[@class='css-1xh2uh0 evkjyb00']"}
  (Session info: chrome=88.0.4324.182)
For documentation on this error, please visit: https://www.seleniumhq.org/exceptions/no_such_element.html
Build info: version: '3.141.59', revision: 'e82be7d358', time: '2018-11-14T08:17:03'
System info: host: 'PREYAL', ip: '192.168.25.1', os.name: 'Windows 10', os.arch: 'amd64', os.version: '10.0', java.version: '1.8.0_281'
Driver info: org.openqa.selenium.chrome.ChromeDriver
Capabilities {acceptInsecureCerts: false, browserName: chrome, browserVersion: 88.0.4324.182, chrome: {chromedriverVersion: 87.0.4280.88 (89e2380a3e36c..., userDataDir: C:\WINDOWS\TEMP\scoped_dir3...}, goog:chromeOptions: {debuggerAddress: localhost:63963}, javascriptEnabled: true, networkConnectionEnabled: false, pageLoadStrategy: normal, platform: WINDOWS, platformName: WINDOWS, proxy: Proxy(), setWindowRect: true, strictFileInteractability: false, timeouts: {implicit: 0, pageLoad: 300000, script: 30000}, unhandledPromptBehavior: dismiss and notify, webauthn:virtualAuthenticators: true}
Session ID: 369e680170231f8ce1bc9284d20b9856
*** Element info: {Using=xpath, value=//a[@class='css-1xh2uh0 evkjyb00']}
at org.openqa.selenium.remote.http.W3CHttpResponseCodec.createException(W3CHttpResponseCodec.java:187)
at org.openqa.selenium.remote.http.W3CHttpResponseCodec.decode(W3CHttpResponseCodec.java:122)
at org.openqa.selenium.remote.http.W3CHttpResponseCodec.decode(W3CHttpResponseCodec.java:49)
at org.openqa.selenium.remote.HttpCommandExecutor.execute(HttpCommandExecutor.java:158)
at org.openqa.selenium.remote.service.DriverCommandExecutor.execute(DriverCommandExecutor.java:83)
at org.openqa.selenium.remote.RemoteWebDriver.execute(RemoteWebDriver.java:552)
at org.openqa.selenium.remote.RemoteWebDriver.findElement(RemoteWebDriver.java:323)
at org.openqa.selenium.remote.RemoteWebDriver.findElementByXPath(RemoteWebDriver.java:428)
at org.openqa.selenium.By$ByXPath.findElement(By.java:353)
at org.openqa.selenium.remote.RemoteWebDriver.findElement(RemoteWebDriver.java:315)
at org.openqa.selenium.support.events.EventFiringWebDriver.lambda$new$1(EventFiringWebDriver.java:105)
at com.sun.proxy.$Proxy4.findElement(Unknown Source)
at org.openqa.selenium.support.events.EventFiringWebDriver.findElement(EventFiringWebDriver.java:194)
at org.openqa.selenium.support.pagefactory.DefaultElementLocator.findElement(DefaultElementLocator.java:69)
at org.openqa.selenium.support.pagefactory.internal.LocatingElementHandler.invoke(LocatingElementHandler.java:38)
at com.sun.proxy.$Proxy8.click(Unknown Source)
at com.WalmartPages.HomePageWalmart.GoToRegistrationPage(HomePageWalmart.java:101)
at com.WalmartTestCases.TestRegistrationWalmart.registrationFirstName_Test4(TestRegistrationWalmart.java:55)
at java.util.ArrayList.forEach(Unknown Source)
... Removed 44 stack frames]]>
    </failure>
  </testcase> <!-- registrationFirstName_Test4 -->
  <testcase name="registrationFirstName_Test5" time="30.062" classname="com.WalmartTestCases.TestRegistrationWalmart">
    <failure type="org.openqa.selenium.NoSuchElementException" message="no such element: Unable to locate element: {&amp;quot;method&amp;quot;:&amp;quot;xpath&amp;quot;,&amp;quot;selector&amp;quot;:&amp;quot;//a[@class=&amp;apos;css-1xh2uh0 evkjyb00&amp;apos;]&amp;quot;}
  (Session info: chrome=88.0.4324.182)
For documentation on this error, please visit: https://www.seleniumhq.org/exceptions/no_such_element.html
Build info: version: &amp;apos;3.141.59&amp;apos;, revision: &amp;apos;e82be7d358&amp;apos;, time: &amp;apos;2018-11-14T08:17:03&amp;apos;
System info: host: &amp;apos;PREYAL&amp;apos;, ip: &amp;apos;192.168.25.1&amp;apos;, os.name: &amp;apos;Windows 10&amp;apos;, os.arch: &amp;apos;amd64&amp;apos;, os.version: &amp;apos;10.0&amp;apos;, java.version: &amp;apos;1.8.0_281&amp;apos;
Driver info: org.openqa.selenium.chrome.ChromeDriver
Capabilities {acceptInsecureCerts: false, browserName: chrome, browserVersion: 88.0.4324.182, chrome: {chromedriverVersion: 87.0.4280.88 (89e2380a3e36c..., userDataDir: C:\WINDOWS\TEMP\scoped_dir1...}, goog:chromeOptions: {debuggerAddress: localhost:64305}, javascriptEnabled: true, networkConnectionEnabled: false, pageLoadStrategy: normal, platform: WINDOWS, platformName: WINDOWS, proxy: Proxy(), setWindowRect: true, strictFileInteractability: false, timeouts: {implicit: 0, pageLoad: 300000, script: 30000}, unhandledPromptBehavior: dismiss and notify, webauthn:virtualAuthenticators: true}
Session ID: 848e2fdd495c7ac72e920f08605455c9
*** Element info: {Using=xpath, value=//a[@class=&amp;apos;css-1xh2uh0 evkjyb00&amp;apos;]}">
      <![CDATA[org.openqa.selenium.NoSuchElementException: no such element: Unable to locate element: {"method":"xpath","selector":"//a[@class='css-1xh2uh0 evkjyb00']"}
  (Session info: chrome=88.0.4324.182)
For documentation on this error, please visit: https://www.seleniumhq.org/exceptions/no_such_element.html
Build info: version: '3.141.59', revision: 'e82be7d358', time: '2018-11-14T08:17:03'
System info: host: 'PREYAL', ip: '192.168.25.1', os.name: 'Windows 10', os.arch: 'amd64', os.version: '10.0', java.version: '1.8.0_281'
Driver info: org.openqa.selenium.chrome.ChromeDriver
Capabilities {acceptInsecureCerts: false, browserName: chrome, browserVersion: 88.0.4324.182, chrome: {chromedriverVersion: 87.0.4280.88 (89e2380a3e36c..., userDataDir: C:\WINDOWS\TEMP\scoped_dir1...}, goog:chromeOptions: {debuggerAddress: localhost:64305}, javascriptEnabled: true, networkConnectionEnabled: false, pageLoadStrategy: normal, platform: WINDOWS, platformName: WINDOWS, proxy: Proxy(), setWindowRect: true, strictFileInteractability: false, timeouts: {implicit: 0, pageLoad: 300000, script: 30000}, unhandledPromptBehavior: dismiss and notify, webauthn:virtualAuthenticators: true}
Session ID: 848e2fdd495c7ac72e920f08605455c9
*** Element info: {Using=xpath, value=//a[@class='css-1xh2uh0 evkjyb00']}
at org.openqa.selenium.remote.http.W3CHttpResponseCodec.createException(W3CHttpResponseCodec.java:187)
at org.openqa.selenium.remote.http.W3CHttpResponseCodec.decode(W3CHttpResponseCodec.java:122)
at org.openqa.selenium.remote.http.W3CHttpResponseCodec.decode(W3CHttpResponseCodec.java:49)
at org.openqa.selenium.remote.HttpCommandExecutor.execute(HttpCommandExecutor.java:158)
at org.openqa.selenium.remote.service.DriverCommandExecutor.execute(DriverCommandExecutor.java:83)
at org.openqa.selenium.remote.RemoteWebDriver.execute(RemoteWebDriver.java:552)
at org.openqa.selenium.remote.RemoteWebDriver.findElement(RemoteWebDriver.java:323)
at org.openqa.selenium.remote.RemoteWebDriver.findElementByXPath(RemoteWebDriver.java:428)
at org.openqa.selenium.By$ByXPath.findElement(By.java:353)
at org.openqa.selenium.remote.RemoteWebDriver.findElement(RemoteWebDriver.java:315)
at org.openqa.selenium.support.events.EventFiringWebDriver.lambda$new$1(EventFiringWebDriver.java:105)
at com.sun.proxy.$Proxy4.findElement(Unknown Source)
at org.openqa.selenium.support.events.EventFiringWebDriver.findElement(EventFiringWebDriver.java:194)
at org.openqa.selenium.support.pagefactory.DefaultElementLocator.findElement(DefaultElementLocator.java:69)
at org.openqa.selenium.support.pagefactory.internal.LocatingElementHandler.invoke(LocatingElementHandler.java:38)
at com.sun.proxy.$Proxy8.click(Unknown Source)
at com.WalmartPages.HomePageWalmart.GoToRegistrationPage(HomePageWalmart.java:101)
at com.WalmartTestCases.TestRegistrationWalmart.registrationFirstName_Test5(TestRegistrationWalmart.java:63)
at java.util.ArrayList.forEach(Unknown Source)
... Removed 44 stack frames]]>
    </failure>
  </testcase> <!-- registrationFirstName_Test5 -->
  <testcase name="registrationFirstName_Test6" time="0.0" classname="com.WalmartTestCases.TestRegistrationWalmart">
    <skipped/>
  </testcase> <!-- registrationFirstName_Test6 -->
  <testcase name="registrationLastName_Test10" time="0.0" classname="com.WalmartTestCases.TestRegistrationWalmart">
    <skipped/>
  </testcase> <!-- registrationLastName_Test10 -->
  <testcase name="registrationLastName_Test11" time="0.0" classname="com.WalmartTestCases.TestRegistrationWalmart">
    <skipped/>
  </testcase> <!-- registrationLastName_Test11 -->
  <testcase name="registrationLastName_Test8" time="0.001" classname="com.WalmartTestCases.TestRegistrationWalmart">
    <skipped/>
  </testcase> <!-- registrationLastName_Test8 -->
  <testcase name="registrationLastName_Test9" time="0.0" classname="com.WalmartTestCases.TestRegistrationWalmart">
    <skipped/>
  </testcase> <!-- registrationLastName_Test9 -->
  <testcase name="registrationNullFirstLastName_Test16" time="0.0" classname="com.WalmartTestCases.TestRegistrationWalmart">
    <skipped/>
  </testcase> <!-- registrationNullFirstLastName_Test16 -->
  <testcase name="registrationPasswordStrangth_Test19" time="0.0" classname="com.WalmartTestCases.TestRegistrationWalmart">
    <skipped/>
  </testcase> <!-- registrationPasswordStrangth_Test19 -->
  <testcase name="registrationPhoneNumber_Test12" time="0.0" classname="com.WalmartTestCases.TestRegistrationWalmart">
    <skipped/>
  </testcase> <!-- registrationPhoneNumber_Test12 -->
  <testcase name="registrationPhoneNumber_Test13" time="0.0" classname="com.WalmartTestCases.TestRegistrationWalmart">
    <skipped/>
  </testcase> <!-- registrationPhoneNumber_Test13 -->
  <testcase name="registrationPhoneNumber_Test14" time="0.0" classname="com.WalmartTestCases.TestRegistrationWalmart">
    <skipped/>
  </testcase> <!-- registrationPhoneNumber_Test14 -->
  <testcase name="registrationPhoneNumber_Test15" time="0.0" classname="com.WalmartTestCases.TestRegistrationWalmart">
    <skipped/>
  </testcase> <!-- registrationPhoneNumber_Test15 -->
  <testcase name="registrationTermsOfUseCheckBox_Test17" time="0.0" classname="com.WalmartTestCases.TestRegistrationWalmart">
    <skipped/>
  </testcase> <!-- registrationTermsOfUseCheckBox_Test17 -->
  <testcase name="registrationTermsOfUseCheckBox_Test18" time="0.0" classname="com.WalmartTestCases.TestRegistrationWalmart">
    <skipped/>
  </testcase> <!-- registrationTermsOfUseCheckBox_Test18 -->
  <testcase name="registration_Test1" time="0.0" classname="com.WalmartTestCases.TestRegistrationWalmart">
    <skipped/>
  </testcase> <!-- registration_Test1 -->
</testsuite> <!-- Command line test -->
