<!DOCTYPE html PUBLIC "-//W3C//DTD XHTML 1.1//EN" "https://www.w3.org/TR/xhtml11/DTD/xhtml11.dtd">
<html xmlns="https://www.w3.org/1999/xhtml">
<head>
<meta http-equiv="content-type" content="text/html; charset=UTF-8"/>
<title>TestNG Report</title>
<style type="text/css">table {margin-bottom:10px;border-collapse:collapse;empty-cells:show}th,td {border:1px solid #009;padding:.25em .5em}th {vertical-align:bottom}td {vertical-align:top}table a {font-weight:bold}.stripe td {background-color: #E6EBF9}.num {text-align:right}.passedodd td {background-color: #3F3}.passedeven td {background-color: #0A0}.skippedodd td {background-color: #DDD}.skippedeven td {background-color: #CCC}.failedodd td,.attn {background-color: #F33}.failedeven td,.stripe .attn {background-color: #D00}.stacktrace {white-space:pre;font-family:monospace}.totop {font-size:85%;text-align:center;border-bottom:2px solid #000}.invisible {display:none}</style>
</head>
<body>
<table>
<tr><th>Test</th><th># Passed</th><th># Skipped</th><th># Retried</th><th># Failed</th><th>Time (ms)</th><th>Included Groups</th><th>Excluded Groups</th></tr>
<tr><th colspan="8">Command line suite</th></tr>
<tr><td><a href="#t0">Command line test</a></td><td class="num">2</td><td class="num attn">18</td><td class="num">0</td><td class="num attn">6</td><td class="num">1,565,472</td><td></td><td></td></tr>
</table>
<table id='summary'><thead><tr><th>Class</th><th>Method</th><th>Start</th><th>Time (ms)</th></tr></thead><tbody><tr><th colspan="4">Command line suite</th></tr></tbody><tbody id="t0"><tr><th colspan="4">Command line test &#8212; failed (configuration methods)</th></tr><tr class="failedeven"><td rowspan="1">com.WalmartTestCases.TestHomePageWalmart</td><td><a href="#m0">setup</a></td><td rowspan="1">1614202933607</td><td rowspan="1">604032</td></tr><tr class="failedodd"><td rowspan="1">com.WalmartTestCases.TestRegistrationWalmart</td><td><a href="#m1">satup</a></td><td rowspan="1">1614203759898</td><td rowspan="1">604160</td></tr><tr><th colspan="4">Command line test &#8212; failed</th></tr><tr class="failedeven"><td rowspan="1">com.WalmartTestCases.TestCartWalmart</td><td><a href="#m2">ShoppingCart_Test1</a></td><td rowspan="1">1614202865691</td><td rowspan="1">41353</td></tr><tr class="failedodd"><td rowspan="1">com.WalmartTestCases.TestPersonalSettingWalmart</td><td><a href="#m3">verifysignIn_Test1</a></td><td rowspan="1">1614203551665</td><td rowspan="1">45566</td></tr><tr class="failedeven"><td rowspan="4">com.WalmartTestCases.TestRegistrationWalmart</td><td><a href="#m4">registrationFirstName_Test2</a></td><td rowspan="1">1614203606687</td><td rowspan="1">30064</td></tr><tr class="failedeven"><td><a href="#m5">registrationFirstName_Test3</a></td><td rowspan="1">1614203646232</td><td rowspan="1">30070</td></tr><tr class="failedeven"><td><a href="#m6">registrationFirstName_Test4</a></td><td rowspan="1">1614203688907</td><td rowspan="1">30101</td></tr><tr class="failedeven"><td><a href="#m7">registrationFirstName_Test5</a></td><td rowspan="1">1614203729834</td><td rowspan="1">30062</td></tr><tr><th colspan="4">Command line test &#8212; skipped (configuration methods)</th></tr><tr class="skippedeven"><td rowspan="3">com.WalmartTestCases.TestHomePageWalmart</td><td><a href="#m8">setup</a></td><td rowspan="3">1614203537649</td><td rowspan="3">-1614203537649</td></tr><tr class="skippedeven"><td><a href="#m9">setup</a></td></tr><tr class="skippedeven"><td><a href="#m10">setup</a></td></tr><tr class="skippedodd"><td rowspan="13">com.WalmartTestCases.TestRegistrationWalmart</td><td><a href="#m11">satup</a></td><td rowspan="13">1614204364067</td><td rowspan="13">-1614204364067</td></tr><tr class="skippedodd"><td><a href="#m12">satup</a></td></tr><tr class="skippedodd"><td><a href="#m13">satup</a></td></tr><tr class="skippedodd"><td><a href="#m14">satup</a></td></tr><tr class="skippedodd"><td><a href="#m15">satup</a></td></tr><tr class="skippedodd"><td><a href="#m16">satup</a></td></tr><tr class="skippedodd"><td><a href="#m17">satup</a></td></tr><tr class="skippedodd"><td><a href="#m18">satup</a></td></tr><tr class="skippedodd"><td><a href="#m19">satup</a></td></tr><tr class="skippedodd"><td><a href="#m20">satup</a></td></tr><tr class="skippedodd"><td><a href="#m21">satup</a></td></tr><tr class="skippedodd"><td><a href="#m22">satup</a></td></tr><tr class="skippedodd"><td><a href="#m23">satup</a></td></tr><tr><th colspan="4">Command line test &#8212; skipped</th></tr><tr class="skippedeven"><td rowspan="4">com.WalmartTestCases.TestHomePageWalmart</td><td><a href="#m24">GoToSuperHeroPage_Test5</a></td><td rowspan="1">1614203537647</td><td rowspan="1">0</td></tr><tr class="skippedeven"><td><a href="#m25">GotoregistrationPage_Test3</a></td><td rowspan="1">1614203537648</td><td rowspan="1">0</td></tr><tr class="skippedeven"><td><a href="#m26">VerifyWalmartLogo_Test1</a></td><td rowspan="1">1614203537649</td><td rowspan="1">0</td></tr><tr class="skippedeven"><td><a href="#m27">verifysignIn_Test2</a></td><td rowspan="1">1614203537650</td><td rowspan="1">0</td></tr><tr class="skippedodd"><td rowspan="14">com.WalmartTestCases.TestRegistrationWalmart</td><td><a href="#m28">registrationFirstName_Test6</a></td><td rowspan="1">1614204364061</td><td rowspan="1">0</td></tr><tr class="skippedodd"><td><a href="#m29">registrationLastName_Test10</a></td><td rowspan="1">1614204364062</td><td rowspan="1">0</td></tr><tr class="skippedodd"><td><a href="#m30">registrationLastName_Test11</a></td><td rowspan="1">1614204364063</td><td rowspan="1">0</td></tr><tr class="skippedodd"><td><a href="#m31">registrationLastName_Test8</a></td><td rowspan="1">1614204364063</td><td rowspan="1">1</td></tr><tr class="skippedodd"><td><a href="#m32">registrationLastName_Test9</a></td><td rowspan="1">1614204364064</td><td rowspan="1">0</td></tr><tr class="skippedodd"><td><a href="#m33">registrationNullFirstLastName_Test16</a></td><td rowspan="1">1614204364065</td><td rowspan="1">0</td></tr><tr class="skippedodd"><td><a href="#m34">registrationPasswordStrangth_Test19</a></td><td rowspan="1">1614204364065</td><td rowspan="1">0</td></tr><tr class="skippedodd"><td><a href="#m35">registrationPhoneNumber_Test12</a></td><td rowspan="1">1614204364066</td><td rowspan="1">0</td></tr><tr class="skippedodd"><td><a href="#m36">registrationPhoneNumber_Test13</a></td><td rowspan="1">1614204364067</td><td rowspan="1">0</td></tr><tr class="skippedodd"><td><a href="#m37">registrationPhoneNumber_Test14</a></td><td rowspan="1">1614204364068</td><td rowspan="1">0</td></tr><tr class="skippedodd"><td><a href="#m38">registrationPhoneNumber_Test15</a></td><td rowspan="1">1614204364068</td><td rowspan="1">0</td></tr><tr class="skippedodd"><td><a href="#m39">registrationTermsOfUseCheckBox_Test17</a></td><td rowspan="1">1614204364069</td><td rowspan="1">0</td></tr><tr class="skippedodd"><td><a href="#m40">registrationTermsOfUseCheckBox_Test18</a></td><td rowspan="1">1614204364069</td><td rowspan="1">0</td></tr><tr class="skippedodd"><td><a href="#m41">registration_Test1</a></td><td rowspan="1">1614204364070</td><td rowspan="1">0</td></tr><tr><th colspan="4">Command line test &#8212; passed</th></tr><tr class="passedeven"><td rowspan="1">com.WalmartTestCases.TestCartWalmart</td><td><a href="#m42">GoToSkinCarePagenumberOfItems_Test6</a></td><td rowspan="1">1614202816535</td><td rowspan="1">34553</td></tr><tr class="passedodd"><td rowspan="1">com.WalmartTestCases.TestHomePageWalmart</td><td><a href="#m43">GoToSkinCarePage_Test4</a></td><td rowspan="1">1614202921746</td><td rowspan="1">11860</td></tr></tbody>
</table>
<h2>Command line test</h2><h3 id="m0">com.WalmartTestCases.TestHomePageWalmart#setup</h3><table class="result"><tr><th>Exception</th></tr><tr><td><div class="stacktrace">org.openqa.selenium.SessionNotCreatedException: session not created
from timeout: Timed out receiving message from renderer: 600.000
  (Session info: chrome=88.0.4324.182)
Build info: version: &apos;3.141.59&apos;, revision: &apos;e82be7d358&apos;, time: &apos;2018-11-14T08:17:03&apos;
System info: host: &apos;PREYAL&apos;, ip: &apos;192.168.25.1&apos;, os.name: &apos;Windows 10&apos;, os.arch: &apos;amd64&apos;, os.version: &apos;10.0&apos;, java.version: &apos;1.8.0_281&apos;
Driver info: driver.version: ChromeDriver
remote stacktrace: Backtrace:
	Ordinal0 [0x005BC0C3+3326147]
	Ordinal0 [0x004A0851+2164817]
	Ordinal0 [0x00327298+619160]
	Ordinal0 [0x0031B17F+569727]
	Ordinal0 [0x0031A421+566305]
	Ordinal0 [0x0031A815+567317]
	Ordinal0 [0x0031A135+565557]
	Ordinal0 [0x003238B1+604337]
	Ordinal0 [0x0031A0F1+565489]
	Ordinal0 [0x0031AEA2+568994]
	Ordinal0 [0x0031A421+566305]
	Ordinal0 [0x0031A815+567317]
	Ordinal0 [0x0031A135+565557]
	Ordinal0 [0x00321D2C+597292]
	Ordinal0 [0x0031A0F1+565489]
	Ordinal0 [0x0031AEA2+568994]
	Ordinal0 [0x0031A421+566305]
	Ordinal0 [0x0031A815+567317]
	Ordinal0 [0x0031A135+565557]
	Ordinal0 [0x0031FE62+589410]
	Ordinal0 [0x0031A0F1+565489]
	Ordinal0 [0x0031AEA2+568994]
	Ordinal0 [0x0031A421+566305]
	Ordinal0 [0x0031A815+567317]
	Ordinal0 [0x0031A135+565557]
	Ordinal0 [0x0031F075+585845]
	Ordinal0 [0x0031A0F1+565489]
	Ordinal0 [0x0031AEA2+568994]
	Ordinal0 [0x0031A421+566305]
	Ordinal0 [0x0031A815+567317]
	Ordinal0 [0x0031A135+565557]
	Ordinal0 [0x00316776+550774]
	Ordinal0 [0x0031A0F1+565489]
	Ordinal0 [0x00319F13+565011]
	Ordinal0 [0x00319D07+564487]
	Ordinal0 [0x003282C0+623296]
	Ordinal0 [0x002C6BDD+224221]
	Ordinal0 [0x002C5CAC+220332]
	Ordinal0 [0x002C189B+202907]
	Ordinal0 [0x002A3DF4+81396]
	Ordinal0 [0x002A4DEE+85486]
	Ordinal0 [0x002A4D79+85369]
	Ordinal0 [0x004B85DC+2262492]
	GetHandleVerifier [0x00742874+1487204]
	GetHandleVerifier [0x007423CD+1486013]
	GetHandleVerifier [0x0074A368+1518680]
	GetHandleVerifier [0x00742F4E+1488958]
	Ordinal0 [0x004AED0D+2223373]
	Ordinal0 [0x004BA12B+2269483]
	Ordinal0 [0x004BA26F+2269807]
	Ordinal0 [0x004CECB8+2354360]
	BaseThreadInitThunk [0x75516359+25]
	RtlGetAppContainerNamedObjectPath [0x77D38944+228]
	RtlGetAppContainerNamedObjectPath [0x77D38914+180]

	at org.openqa.selenium.remote.W3CHandshakeResponse.lambda$errorHandler$0(W3CHandshakeResponse.java:62)
	at org.openqa.selenium.remote.HandshakeResponse.lambda$getResponseFunction$0(HandshakeResponse.java:30)
	at org.openqa.selenium.remote.ProtocolHandshake.lambda$createSession$0(ProtocolHandshake.java:126)
	at java.util.stream.ReferencePipeline$3$1.accept(Unknown Source)
	at java.util.Spliterators$ArraySpliterator.tryAdvance(Unknown Source)
	at java.util.stream.ReferencePipeline.forEachWithCancel(Unknown Source)
	at java.util.stream.AbstractPipeline.copyIntoWithCancel(Unknown Source)
	at java.util.stream.AbstractPipeline.copyInto(Unknown Source)
	at java.util.stream.AbstractPipeline.wrapAndCopyInto(Unknown Source)
	at java.util.stream.FindOps$FindOp.evaluateSequential(Unknown Source)
	at java.util.stream.AbstractPipeline.evaluate(Unknown Source)
	at java.util.stream.ReferencePipeline.findFirst(Unknown Source)
	at org.openqa.selenium.remote.ProtocolHandshake.createSession(ProtocolHandshake.java:128)
	at org.openqa.selenium.remote.ProtocolHandshake.createSession(ProtocolHandshake.java:74)
	at org.openqa.selenium.remote.HttpCommandExecutor.execute(HttpCommandExecutor.java:136)
	at org.openqa.selenium.remote.service.DriverCommandExecutor.execute(DriverCommandExecutor.java:83)
	at org.openqa.selenium.remote.RemoteWebDriver.execute(RemoteWebDriver.java:552)
	at org.openqa.selenium.remote.RemoteWebDriver.startSession(RemoteWebDriver.java:213)
	at org.openqa.selenium.remote.RemoteWebDriver.&lt;init&gt;(RemoteWebDriver.java:131)
	at org.openqa.selenium.chrome.ChromeDriver.&lt;init&gt;(ChromeDriver.java:181)
	at org.openqa.selenium.chrome.ChromeDriver.&lt;init&gt;(ChromeDriver.java:168)
	at org.openqa.selenium.chrome.ChromeDriver.&lt;init&gt;(ChromeDriver.java:123)
	at baseclass.BaseClassWalmart.initialization(BaseClassWalmart.java:44)
	at com.WalmartTestCases.TestHomePageWalmart.setup(TestHomePageWalmart.java:34)
	at java.util.ArrayList.forEach(Unknown Source)
... Removed 45 stack frames</div></td></tr></table><p class="totop"><a href="#summary">back to summary</a></p>
<h3 id="m1">com.WalmartTestCases.TestRegistrationWalmart#satup</h3><table class="result"><tr><th>Exception</th></tr><tr><td><div class="stacktrace">org.openqa.selenium.SessionNotCreatedException: session not created
from timeout: Timed out receiving message from renderer: 600.000
  (Session info: chrome=88.0.4324.182)
Build info: version: &apos;3.141.59&apos;, revision: &apos;e82be7d358&apos;, time: &apos;2018-11-14T08:17:03&apos;
System info: host: &apos;PREYAL&apos;, ip: &apos;192.168.25.1&apos;, os.name: &apos;Windows 10&apos;, os.arch: &apos;amd64&apos;, os.version: &apos;10.0&apos;, java.version: &apos;1.8.0_281&apos;
Driver info: driver.version: ChromeDriver
remote stacktrace: Backtrace:
	Ordinal0 [0x005BC0C3+3326147]
	Ordinal0 [0x004A0851+2164817]
	Ordinal0 [0x00327298+619160]
	Ordinal0 [0x0031B17F+569727]
	Ordinal0 [0x0031A421+566305]
	Ordinal0 [0x0031A815+567317]
	Ordinal0 [0x0031A135+565557]
	Ordinal0 [0x003238B1+604337]
	Ordinal0 [0x0031A0F1+565489]
	Ordinal0 [0x0031AEA2+568994]
	Ordinal0 [0x0031A421+566305]
	Ordinal0 [0x0031A815+567317]
	Ordinal0 [0x0031A135+565557]
	Ordinal0 [0x00321D2C+597292]
	Ordinal0 [0x0031A0F1+565489]
	Ordinal0 [0x0031AEA2+568994]
	Ordinal0 [0x0031A421+566305]
	Ordinal0 [0x0031A815+567317]
	Ordinal0 [0x0031A135+565557]
	Ordinal0 [0x0031FE62+589410]
	Ordinal0 [0x0031A0F1+565489]
	Ordinal0 [0x0031AEA2+568994]
	Ordinal0 [0x0031A421+566305]
	Ordinal0 [0x0031A815+567317]
	Ordinal0 [0x0031A135+565557]
	Ordinal0 [0x0031F075+585845]
	Ordinal0 [0x0031A0F1+565489]
	Ordinal0 [0x0031AEA2+568994]
	Ordinal0 [0x0031A421+566305]
	Ordinal0 [0x0031A815+567317]
	Ordinal0 [0x0031A135+565557]
	Ordinal0 [0x00316776+550774]
	Ordinal0 [0x0031A0F1+565489]
	Ordinal0 [0x00319F13+565011]
	Ordinal0 [0x00319D07+564487]
	Ordinal0 [0x003282C0+623296]
	Ordinal0 [0x002C6BDD+224221]
	Ordinal0 [0x002C5CAC+220332]
	Ordinal0 [0x002C189B+202907]
	Ordinal0 [0x002A3DF4+81396]
	Ordinal0 [0x002A4DEE+85486]
	Ordinal0 [0x002A4D79+85369]
	Ordinal0 [0x004B85DC+2262492]
	GetHandleVerifier [0x00742874+1487204]
	GetHandleVerifier [0x007423CD+1486013]
	GetHandleVerifier [0x0074A368+1518680]
	GetHandleVerifier [0x00742F4E+1488958]
	Ordinal0 [0x004AED0D+2223373]
	Ordinal0 [0x004BA12B+2269483]
	Ordinal0 [0x004BA26F+2269807]
	Ordinal0 [0x004CECB8+2354360]
	BaseThreadInitThunk [0x75516359+25]
	RtlGetAppContainerNamedObjectPath [0x77D38944+228]
	RtlGetAppContainerNamedObjectPath [0x77D38914+180]

	at org.openqa.selenium.remote.W3CHandshakeResponse.lambda$errorHandler$0(W3CHandshakeResponse.java:62)
	at org.openqa.selenium.remote.HandshakeResponse.lambda$getResponseFunction$0(HandshakeResponse.java:30)
	at org.openqa.selenium.remote.ProtocolHandshake.lambda$createSession$0(ProtocolHandshake.java:126)
	at java.util.stream.ReferencePipeline$3$1.accept(Unknown Source)
	at java.util.Spliterators$ArraySpliterator.tryAdvance(Unknown Source)
	at java.util.stream.ReferencePipeline.forEachWithCancel(Unknown Source)
	at java.util.stream.AbstractPipeline.copyIntoWithCancel(Unknown Source)
	at java.util.stream.AbstractPipeline.copyInto(Unknown Source)
	at java.util.stream.AbstractPipeline.wrapAndCopyInto(Unknown Source)
	at java.util.stream.FindOps$FindOp.evaluateSequential(Unknown Source)
	at java.util.stream.AbstractPipeline.evaluate(Unknown Source)
	at java.util.stream.ReferencePipeline.findFirst(Unknown Source)
	at org.openqa.selenium.remote.ProtocolHandshake.createSession(ProtocolHandshake.java:128)
	at org.openqa.selenium.remote.ProtocolHandshake.createSession(ProtocolHandshake.java:74)
	at org.openqa.selenium.remote.HttpCommandExecutor.execute(HttpCommandExecutor.java:136)
	at org.openqa.selenium.remote.service.DriverCommandExecutor.execute(DriverCommandExecutor.java:83)
	at org.openqa.selenium.remote.RemoteWebDriver.execute(RemoteWebDriver.java:552)
	at org.openqa.selenium.remote.RemoteWebDriver.startSession(RemoteWebDriver.java:213)
	at org.openqa.selenium.remote.RemoteWebDriver.&lt;init&gt;(RemoteWebDriver.java:131)
	at org.openqa.selenium.chrome.ChromeDriver.&lt;init&gt;(ChromeDriver.java:181)
	at org.openqa.selenium.chrome.ChromeDriver.&lt;init&gt;(ChromeDriver.java:168)
	at org.openqa.selenium.chrome.ChromeDriver.&lt;init&gt;(ChromeDriver.java:123)
	at baseclass.BaseClassWalmart.initialization(BaseClassWalmart.java:44)
	at com.WalmartTestCases.TestRegistrationWalmart.satup(TestRegistrationWalmart.java:27)
	at java.util.ArrayList.forEach(Unknown Source)
... Removed 45 stack frames</div></td></tr></table><p class="totop"><a href="#summary">back to summary</a></p>
<h3 id="m2">com.WalmartTestCases.TestCartWalmart#ShoppingCart_Test1</h3><table class="result"><tr><th>Exception</th></tr><tr><td><div class="stacktrace">org.openqa.selenium.NoSuchElementException: no such element: Unable to locate element: {&quot;method&quot;:&quot;xpath&quot;,&quot;selector&quot;:&quot; //article[@title=&apos;Skin care tools&apos;]&quot;}
  (Session info: chrome=88.0.4324.182)
For documentation on this error, please visit: https://www.seleniumhq.org/exceptions/no_such_element.html
Build info: version: &apos;3.141.59&apos;, revision: &apos;e82be7d358&apos;, time: &apos;2018-11-14T08:17:03&apos;
System info: host: &apos;PREYAL&apos;, ip: &apos;192.168.25.1&apos;, os.name: &apos;Windows 10&apos;, os.arch: &apos;amd64&apos;, os.version: &apos;10.0&apos;, java.version: &apos;1.8.0_281&apos;
Driver info: org.openqa.selenium.chrome.ChromeDriver
Capabilities {acceptInsecureCerts: false, browserName: chrome, browserVersion: 88.0.4324.182, chrome: {chromedriverVersion: 87.0.4280.88 (89e2380a3e36c..., userDataDir: C:\WINDOWS\TEMP\scoped_dir2...}, goog:chromeOptions: {debuggerAddress: localhost:59488}, javascriptEnabled: true, networkConnectionEnabled: false, pageLoadStrategy: normal, platform: WINDOWS, platformName: WINDOWS, proxy: Proxy(), setWindowRect: true, strictFileInteractability: false, timeouts: {implicit: 0, pageLoad: 300000, script: 30000}, unhandledPromptBehavior: dismiss and notify, webauthn:virtualAuthenticators: true}
Session ID: c80319faf3d3e15289db2888e372a32f
*** Element info: {Using=xpath, value= //article[@title=&apos;Skin care tools&apos;]}
	at org.openqa.selenium.remote.http.W3CHttpResponseCodec.createException(W3CHttpResponseCodec.java:187)
	at org.openqa.selenium.remote.http.W3CHttpResponseCodec.decode(W3CHttpResponseCodec.java:122)
	at org.openqa.selenium.remote.http.W3CHttpResponseCodec.decode(W3CHttpResponseCodec.java:49)
	at org.openqa.selenium.remote.HttpCommandExecutor.execute(HttpCommandExecutor.java:158)
	at org.openqa.selenium.remote.service.DriverCommandExecutor.execute(DriverCommandExecutor.java:83)
	at org.openqa.selenium.remote.RemoteWebDriver.execute(RemoteWebDriver.java:552)
	at org.openqa.selenium.remote.RemoteWebDriver.findElement(RemoteWebDriver.java:323)
	at org.openqa.selenium.remote.RemoteWebDriver.findElementByXPath(RemoteWebDriver.java:428)
	at org.openqa.selenium.By$ByXPath.findElement(By.java:353)
	at org.openqa.selenium.remote.RemoteWebDriver.findElement(RemoteWebDriver.java:315)
	at org.openqa.selenium.support.events.EventFiringWebDriver.lambda$new$1(EventFiringWebDriver.java:105)
	at com.sun.proxy.$Proxy4.findElement(Unknown Source)
	at org.openqa.selenium.support.events.EventFiringWebDriver.findElement(EventFiringWebDriver.java:194)
	at org.openqa.selenium.support.pagefactory.DefaultElementLocator.findElement(DefaultElementLocator.java:69)
	at org.openqa.selenium.support.pagefactory.internal.LocatingElementHandler.invoke(LocatingElementHandler.java:38)
	at com.sun.proxy.$Proxy8.click(Unknown Source)
	at com.WalmartPages.SkinCarePage.AddSkincareItemToCart(SkinCarePage.java:35)
	at com.WalmartTestCases.TestCartWalmart.ShoppingCart_Test1(TestCartWalmart.java:43)
	at java.util.ArrayList.forEach(Unknown Source)
... Removed 45 stack frames</div></td></tr></table><p class="totop"><a href="#summary">back to summary</a></p>
<h3 id="m3">com.WalmartTestCases.TestPersonalSettingWalmart#verifysignIn_Test1</h3><table class="result"><tr><th>Exception</th></tr><tr><td><div class="stacktrace">org.openqa.selenium.NoSuchElementException: no such element: Unable to locate element: {&quot;method&quot;:&quot;xpath&quot;,&quot;selector&quot;:&quot;//a[contains(text(),&apos;Personal Settings&apos;)]&quot;}
  (Session info: chrome=88.0.4324.182)
For documentation on this error, please visit: https://www.seleniumhq.org/exceptions/no_such_element.html
Build info: version: &apos;3.141.59&apos;, revision: &apos;e82be7d358&apos;, time: &apos;2018-11-14T08:17:03&apos;
System info: host: &apos;PREYAL&apos;, ip: &apos;192.168.25.1&apos;, os.name: &apos;Windows 10&apos;, os.arch: &apos;amd64&apos;, os.version: &apos;10.0&apos;, java.version: &apos;1.8.0_281&apos;
Driver info: org.openqa.selenium.chrome.ChromeDriver
Capabilities {acceptInsecureCerts: false, browserName: chrome, browserVersion: 88.0.4324.182, chrome: {chromedriverVersion: 87.0.4280.88 (89e2380a3e36c..., userDataDir: C:\WINDOWS\TEMP\scoped_dir1...}, goog:chromeOptions: {debuggerAddress: localhost:63122}, javascriptEnabled: true, networkConnectionEnabled: false, pageLoadStrategy: normal, platform: WINDOWS, platformName: WINDOWS, proxy: Proxy(), setWindowRect: true, strictFileInteractability: false, timeouts: {implicit: 0, pageLoad: 300000, script: 30000}, unhandledPromptBehavior: dismiss and notify, webauthn:virtualAuthenticators: true}
Session ID: 740292a5d4308031135987fcd5078e05
*** Element info: {Using=xpath, value=//a[contains(text(),&apos;Personal Settings&apos;)]}
	at org.openqa.selenium.remote.http.W3CHttpResponseCodec.createException(W3CHttpResponseCodec.java:187)
	at org.openqa.selenium.remote.http.W3CHttpResponseCodec.decode(W3CHttpResponseCodec.java:122)
	at org.openqa.selenium.remote.http.W3CHttpResponseCodec.decode(W3CHttpResponseCodec.java:49)
	at org.openqa.selenium.remote.HttpCommandExecutor.execute(HttpCommandExecutor.java:158)
	at org.openqa.selenium.remote.service.DriverCommandExecutor.execute(DriverCommandExecutor.java:83)
	at org.openqa.selenium.remote.RemoteWebDriver.execute(RemoteWebDriver.java:552)
	at org.openqa.selenium.remote.RemoteWebDriver.findElement(RemoteWebDriver.java:323)
	at org.openqa.selenium.remote.RemoteWebDriver.findElementByXPath(RemoteWebDriver.java:428)
	at org.openqa.selenium.By$ByXPath.findElement(By.java:353)
	at org.openqa.selenium.remote.RemoteWebDriver.findElement(RemoteWebDriver.java:315)
	at org.openqa.selenium.support.events.EventFiringWebDriver.lambda$new$1(EventFiringWebDriver.java:105)
	at com.sun.proxy.$Proxy4.findElement(Unknown Source)
	at org.openqa.selenium.support.events.EventFiringWebDriver.findElement(EventFiringWebDriver.java:194)
	at org.openqa.selenium.support.pagefactory.DefaultElementLocator.findElement(DefaultElementLocator.java:69)
	at org.openqa.selenium.support.pagefactory.internal.LocatingElementHandler.invoke(LocatingElementHandler.java:38)
	at com.sun.proxy.$Proxy8.click(Unknown Source)
	at com.WalmartPages.HomePageWalmart.GoToPersonalSettingPage(HomePageWalmart.java:120)
	at com.WalmartTestCases.TestPersonalSettingWalmart.verifysignIn_Test1(TestPersonalSettingWalmart.java:33)
	at java.util.ArrayList.forEach(Unknown Source)
... Removed 44 stack frames</div></td></tr></table><p class="totop"><a href="#summary">back to summary</a></p>
<h3 id="m4">com.WalmartTestCases.TestRegistrationWalmart#registrationFirstName_Test2</h3><table class="result"><tr><th>Exception</th></tr><tr><td><div class="stacktrace">org.openqa.selenium.NoSuchElementException: no such element: Unable to locate element: {&quot;method&quot;:&quot;xpath&quot;,&quot;selector&quot;:&quot;//a[@class=&apos;css-1xh2uh0 evkjyb00&apos;]&quot;}
  (Session info: chrome=88.0.4324.182)
For documentation on this error, please visit: https://www.seleniumhq.org/exceptions/no_such_element.html
Build info: version: &apos;3.141.59&apos;, revision: &apos;e82be7d358&apos;, time: &apos;2018-11-14T08:17:03&apos;
System info: host: &apos;PREYAL&apos;, ip: &apos;192.168.25.1&apos;, os.name: &apos;Windows 10&apos;, os.arch: &apos;amd64&apos;, os.version: &apos;10.0&apos;, java.version: &apos;1.8.0_281&apos;
Driver info: org.openqa.selenium.chrome.ChromeDriver
Capabilities {acceptInsecureCerts: false, browserName: chrome, browserVersion: 88.0.4324.182, chrome: {chromedriverVersion: 87.0.4280.88 (89e2380a3e36c..., userDataDir: C:\WINDOWS\TEMP\scoped_dir1...}, goog:chromeOptions: {debuggerAddress: localhost:63352}, javascriptEnabled: true, networkConnectionEnabled: false, pageLoadStrategy: normal, platform: WINDOWS, platformName: WINDOWS, proxy: Proxy(), setWindowRect: true, strictFileInteractability: false, timeouts: {implicit: 0, pageLoad: 300000, script: 30000}, unhandledPromptBehavior: dismiss and notify, webauthn:virtualAuthenticators: true}
Session ID: e67690d7d7ddee73f8e54e0dca1fbf1a
*** Element info: {Using=xpath, value=//a[@class=&apos;css-1xh2uh0 evkjyb00&apos;]}
	at org.openqa.selenium.remote.http.W3CHttpResponseCodec.createException(W3CHttpResponseCodec.java:187)
	at org.openqa.selenium.remote.http.W3CHttpResponseCodec.decode(W3CHttpResponseCodec.java:122)
	at org.openqa.selenium.remote.http.W3CHttpResponseCodec.decode(W3CHttpResponseCodec.java:49)
	at org.openqa.selenium.remote.HttpCommandExecutor.execute(HttpCommandExecutor.java:158)
	at org.openqa.selenium.remote.service.DriverCommandExecutor.execute(DriverCommandExecutor.java:83)
	at org.openqa.selenium.remote.RemoteWebDriver.execute(RemoteWebDriver.java:552)
	at org.openqa.selenium.remote.RemoteWebDriver.findElement(RemoteWebDriver.java:323)
	at org.openqa.selenium.remote.RemoteWebDriver.findElementByXPath(RemoteWebDriver.java:428)
	at org.openqa.selenium.By$ByXPath.findElement(By.java:353)
	at org.openqa.selenium.remote.RemoteWebDriver.findElement(RemoteWebDriver.java:315)
	at org.openqa.selenium.support.events.EventFiringWebDriver.lambda$new$1(EventFiringWebDriver.java:105)
	at com.sun.proxy.$Proxy4.findElement(Unknown Source)
	at org.openqa.selenium.support.events.EventFiringWebDriver.findElement(EventFiringWebDriver.java:194)
	at org.openqa.selenium.support.pagefactory.DefaultElementLocator.findElement(DefaultElementLocator.java:69)
	at org.openqa.selenium.support.pagefactory.internal.LocatingElementHandler.invoke(LocatingElementHandler.java:38)
	at com.sun.proxy.$Proxy8.click(Unknown Source)
	at com.WalmartPages.HomePageWalmart.GoToRegistrationPage(HomePageWalmart.java:101)
	at com.WalmartTestCases.TestRegistrationWalmart.registrationFirstName_Test2(TestRegistrationWalmart.java:39)
	at java.util.ArrayList.forEach(Unknown Source)
... Removed 44 stack frames</div></td></tr></table><p class="totop"><a href="#summary">back to summary</a></p>
<h3 id="m5">com.WalmartTestCases.TestRegistrationWalmart#registrationFirstName_Test3</h3><table class="result"><tr><th>Exception</th></tr><tr><td><div class="stacktrace">org.openqa.selenium.NoSuchElementException: no such element: Unable to locate element: {&quot;method&quot;:&quot;xpath&quot;,&quot;selector&quot;:&quot;//a[@class=&apos;css-1xh2uh0 evkjyb00&apos;]&quot;}
  (Session info: chrome=88.0.4324.182)
For documentation on this error, please visit: https://www.seleniumhq.org/exceptions/no_such_element.html
Build info: version: &apos;3.141.59&apos;, revision: &apos;e82be7d358&apos;, time: &apos;2018-11-14T08:17:03&apos;
System info: host: &apos;PREYAL&apos;, ip: &apos;192.168.25.1&apos;, os.name: &apos;Windows 10&apos;, os.arch: &apos;amd64&apos;, os.version: &apos;10.0&apos;, java.version: &apos;1.8.0_281&apos;
Driver info: org.openqa.selenium.chrome.ChromeDriver
Capabilities {acceptInsecureCerts: false, browserName: chrome, browserVersion: 88.0.4324.182, chrome: {chromedriverVersion: 87.0.4280.88 (89e2380a3e36c..., userDataDir: C:\WINDOWS\TEMP\scoped_dir2...}, goog:chromeOptions: {debuggerAddress: localhost:63666}, javascriptEnabled: true, networkConnectionEnabled: false, pageLoadStrategy: normal, platform: WINDOWS, platformName: WINDOWS, proxy: Proxy(), setWindowRect: true, strictFileInteractability: false, timeouts: {implicit: 0, pageLoad: 300000, script: 30000}, unhandledPromptBehavior: dismiss and notify, webauthn:virtualAuthenticators: true}
Session ID: 4904d99526fd0eca4ebef2bf42b1ef2c
*** Element info: {Using=xpath, value=//a[@class=&apos;css-1xh2uh0 evkjyb00&apos;]}
	at org.openqa.selenium.remote.http.W3CHttpResponseCodec.createException(W3CHttpResponseCodec.java:187)
	at org.openqa.selenium.remote.http.W3CHttpResponseCodec.decode(W3CHttpResponseCodec.java:122)
	at org.openqa.selenium.remote.http.W3CHttpResponseCodec.decode(W3CHttpResponseCodec.java:49)
	at org.openqa.selenium.remote.HttpCommandExecutor.execute(HttpCommandExecutor.java:158)
	at org.openqa.selenium.remote.service.DriverCommandExecutor.execute(DriverCommandExecutor.java:83)
	at org.openqa.selenium.remote.RemoteWebDriver.execute(RemoteWebDriver.java:552)
	at org.openqa.selenium.remote.RemoteWebDriver.findElement(RemoteWebDriver.java:323)
	at org.openqa.selenium.remote.RemoteWebDriver.findElementByXPath(RemoteWebDriver.java:428)
	at org.openqa.selenium.By$ByXPath.findElement(By.java:353)
	at org.openqa.selenium.remote.RemoteWebDriver.findElement(RemoteWebDriver.java:315)
	at org.openqa.selenium.support.events.EventFiringWebDriver.lambda$new$1(EventFiringWebDriver.java:105)
	at com.sun.proxy.$Proxy4.findElement(Unknown Source)
	at org.openqa.selenium.support.events.EventFiringWebDriver.findElement(EventFiringWebDriver.java:194)
	at org.openqa.selenium.support.pagefactory.DefaultElementLocator.findElement(DefaultElementLocator.java:69)
	at org.openqa.selenium.support.pagefactory.internal.LocatingElementHandler.invoke(LocatingElementHandler.java:38)
	at com.sun.proxy.$Proxy8.click(Unknown Source)
	at com.WalmartPages.HomePageWalmart.GoToRegistrationPage(HomePageWalmart.java:101)
	at com.WalmartTestCases.TestRegistrationWalmart.registrationFirstName_Test3(TestRegistrationWalmart.java:47)
	at java.util.ArrayList.forEach(Unknown Source)
... Removed 44 stack frames</div></td></tr></table><p class="totop"><a href="#summary">back to summary</a></p>
<h3 id="m6">com.WalmartTestCases.TestRegistrationWalmart#registrationFirstName_Test4</h3><table class="result"><tr><th>Exception</th></tr><tr><td><div class="stacktrace">org.openqa.selenium.NoSuchElementException: no such element: Unable to locate element: {&quot;method&quot;:&quot;xpath&quot;,&quot;selector&quot;:&quot;//a[@class=&apos;css-1xh2uh0 evkjyb00&apos;]&quot;}
  (Session info: chrome=88.0.4324.182)
For documentation on this error, please visit: https://www.seleniumhq.org/exceptions/no_such_element.html
Build info: version: &apos;3.141.59&apos;, revision: &apos;e82be7d358&apos;, time: &apos;2018-11-14T08:17:03&apos;
System info: host: &apos;PREYAL&apos;, ip: &apos;192.168.25.1&apos;, os.name: &apos;Windows 10&apos;, os.arch: &apos;amd64&apos;, os.version: &apos;10.0&apos;, java.version: &apos;1.8.0_281&apos;
Driver info: org.openqa.selenium.chrome.ChromeDriver
Capabilities {acceptInsecureCerts: false, browserName: chrome, browserVersion: 88.0.4324.182, chrome: {chromedriverVersion: 87.0.4280.88 (89e2380a3e36c..., userDataDir: C:\WINDOWS\TEMP\scoped_dir3...}, goog:chromeOptions: {debuggerAddress: localhost:63963}, javascriptEnabled: true, networkConnectionEnabled: false, pageLoadStrategy: normal, platform: WINDOWS, platformName: WINDOWS, proxy: Proxy(), setWindowRect: true, strictFileInteractability: false, timeouts: {implicit: 0, pageLoad: 300000, script: 30000}, unhandledPromptBehavior: dismiss and notify, webauthn:virtualAuthenticators: true}
Session ID: 369e680170231f8ce1bc9284d20b9856
*** Element info: {Using=xpath, value=//a[@class=&apos;css-1xh2uh0 evkjyb00&apos;]}
	at org.openqa.selenium.remote.http.W3CHttpResponseCodec.createException(W3CHttpResponseCodec.java:187)
	at org.openqa.selenium.remote.http.W3CHttpResponseCodec.decode(W3CHttpResponseCodec.java:122)
	at org.openqa.selenium.remote.http.W3CHttpResponseCodec.decode(W3CHttpResponseCodec.java:49)
	at org.openqa.selenium.remote.HttpCommandExecutor.execute(HttpCommandExecutor.java:158)
	at org.openqa.selenium.remote.service.DriverCommandExecutor.execute(DriverCommandExecutor.java:83)
	at org.openqa.selenium.remote.RemoteWebDriver.execute(RemoteWebDriver.java:552)
	at org.openqa.selenium.remote.RemoteWebDriver.findElement(RemoteWebDriver.java:323)
	at org.openqa.selenium.remote.RemoteWebDriver.findElementByXPath(RemoteWebDriver.java:428)
	at org.openqa.selenium.By$ByXPath.findElement(By.java:353)
	at org.openqa.selenium.remote.RemoteWebDriver.findElement(RemoteWebDriver.java:315)
	at org.openqa.selenium.support.events.EventFiringWebDriver.lambda$new$1(EventFiringWebDriver.java:105)
	at com.sun.proxy.$Proxy4.findElement(Unknown Source)
	at org.openqa.selenium.support.events.EventFiringWebDriver.findElement(EventFiringWebDriver.java:194)
	at org.openqa.selenium.support.pagefactory.DefaultElementLocator.findElement(DefaultElementLocator.java:69)
	at org.openqa.selenium.support.pagefactory.internal.LocatingElementHandler.invoke(LocatingElementHandler.java:38)
	at com.sun.proxy.$Proxy8.click(Unknown Source)
	at com.WalmartPages.HomePageWalmart.GoToRegistrationPage(HomePageWalmart.java:101)
	at com.WalmartTestCases.TestRegistrationWalmart.registrationFirstName_Test4(TestRegistrationWalmart.java:55)
	at java.util.ArrayList.forEach(Unknown Source)
... Removed 44 stack frames</div></td></tr></table><p class="totop"><a href="#summary">back to summary</a></p>
<h3 id="m7">com.WalmartTestCases.TestRegistrationWalmart#registrationFirstName_Test5</h3><table class="result"><tr><th>Exception</th></tr><tr><td><div class="stacktrace">org.openqa.selenium.NoSuchElementException: no such element: Unable to locate element: {&quot;method&quot;:&quot;xpath&quot;,&quot;selector&quot;:&quot;//a[@class=&apos;css-1xh2uh0 evkjyb00&apos;]&quot;}
  (Session info: chrome=88.0.4324.182)
For documentation on this error, please visit: https://www.seleniumhq.org/exceptions/no_such_element.html
Build info: version: &apos;3.141.59&apos;, revision: &apos;e82be7d358&apos;, time: &apos;2018-11-14T08:17:03&apos;
System info: host: &apos;PREYAL&apos;, ip: &apos;192.168.25.1&apos;, os.name: &apos;Windows 10&apos;, os.arch: &apos;amd64&apos;, os.version: &apos;10.0&apos;, java.version: &apos;1.8.0_281&apos;
Driver info: org.openqa.selenium.chrome.ChromeDriver
Capabilities {acceptInsecureCerts: false, browserName: chrome, browserVersion: 88.0.4324.182, chrome: {chromedriverVersion: 87.0.4280.88 (89e2380a3e36c..., userDataDir: C:\WINDOWS\TEMP\scoped_dir1...}, goog:chromeOptions: {debuggerAddress: localhost:64305}, javascriptEnabled: true, networkConnectionEnabled: false, pageLoadStrategy: normal, platform: WINDOWS, platformName: WINDOWS, proxy: Proxy(), setWindowRect: true, strictFileInteractability: false, timeouts: {implicit: 0, pageLoad: 300000, script: 30000}, unhandledPromptBehavior: dismiss and notify, webauthn:virtualAuthenticators: true}
Session ID: 848e2fdd495c7ac72e920f08605455c9
*** Element info: {Using=xpath, value=//a[@class=&apos;css-1xh2uh0 evkjyb00&apos;]}
	at org.openqa.selenium.remote.http.W3CHttpResponseCodec.createException(W3CHttpResponseCodec.java:187)
	at org.openqa.selenium.remote.http.W3CHttpResponseCodec.decode(W3CHttpResponseCodec.java:122)
	at org.openqa.selenium.remote.http.W3CHttpResponseCodec.decode(W3CHttpResponseCodec.java:49)
	at org.openqa.selenium.remote.HttpCommandExecutor.execute(HttpCommandExecutor.java:158)
	at org.openqa.selenium.remote.service.DriverCommandExecutor.execute(DriverCommandExecutor.java:83)
	at org.openqa.selenium.remote.RemoteWebDriver.execute(RemoteWebDriver.java:552)
	at org.openqa.selenium.remote.RemoteWebDriver.findElement(RemoteWebDriver.java:323)
	at org.openqa.selenium.remote.RemoteWebDriver.findElementByXPath(RemoteWebDriver.java:428)
	at org.openqa.selenium.By$ByXPath.findElement(By.java:353)
	at org.openqa.selenium.remote.RemoteWebDriver.findElement(RemoteWebDriver.java:315)
	at org.openqa.selenium.support.events.EventFiringWebDriver.lambda$new$1(EventFiringWebDriver.java:105)
	at com.sun.proxy.$Proxy4.findElement(Unknown Source)
	at org.openqa.selenium.support.events.EventFiringWebDriver.findElement(EventFiringWebDriver.java:194)
	at org.openqa.selenium.support.pagefactory.DefaultElementLocator.findElement(DefaultElementLocator.java:69)
	at org.openqa.selenium.support.pagefactory.internal.LocatingElementHandler.invoke(LocatingElementHandler.java:38)
	at com.sun.proxy.$Proxy8.click(Unknown Source)
	at com.WalmartPages.HomePageWalmart.GoToRegistrationPage(HomePageWalmart.java:101)
	at com.WalmartTestCases.TestRegistrationWalmart.registrationFirstName_Test5(TestRegistrationWalmart.java:63)
	at java.util.ArrayList.forEach(Unknown Source)
... Removed 44 stack frames</div></td></tr></table><p class="totop"><a href="#summary">back to summary</a></p>
<h3 id="m8">com.WalmartTestCases.TestHomePageWalmart#setup</h3><table class="result"><tr><th class="invisible"/></tr></table><p class="totop"><a href="#summary">back to summary</a></p>
<h3 id="m9">com.WalmartTestCases.TestHomePageWalmart#setup</h3><table class="result"><tr><th class="invisible"/></tr></table><p class="totop"><a href="#summary">back to summary</a></p>
<h3 id="m10">com.WalmartTestCases.TestHomePageWalmart#setup</h3><table class="result"><tr><th class="invisible"/></tr></table><p class="totop"><a href="#summary">back to summary</a></p>
<h3 id="m11">com.WalmartTestCases.TestRegistrationWalmart#satup</h3><table class="result"><tr><th class="invisible"/></tr></table><p class="totop"><a href="#summary">back to summary</a></p>
<h3 id="m12">com.WalmartTestCases.TestRegistrationWalmart#satup</h3><table class="result"><tr><th class="invisible"/></tr></table><p class="totop"><a href="#summary">back to summary</a></p>
<h3 id="m13">com.WalmartTestCases.TestRegistrationWalmart#satup</h3><table class="result"><tr><th class="invisible"/></tr></table><p class="totop"><a href="#summary">back to summary</a></p>
<h3 id="m14">com.WalmartTestCases.TestRegistrationWalmart#satup</h3><table class="result"><tr><th class="invisible"/></tr></table><p class="totop"><a href="#summary">back to summary</a></p>
<h3 id="m15">com.WalmartTestCases.TestRegistrationWalmart#satup</h3><table class="result"><tr><th class="invisible"/></tr></table><p class="totop"><a href="#summary">back to summary</a></p>
<h3 id="m16">com.WalmartTestCases.TestRegistrationWalmart#satup</h3><table class="result"><tr><th class="invisible"/></tr></table><p class="totop"><a href="#summary">back to summary</a></p>
<h3 id="m17">com.WalmartTestCases.TestRegistrationWalmart#satup</h3><table class="result"><tr><th class="invisible"/></tr></table><p class="totop"><a href="#summary">back to summary</a></p>
<h3 id="m18">com.WalmartTestCases.TestRegistrationWalmart#satup</h3><table class="result"><tr><th class="invisible"/></tr></table><p class="totop"><a href="#summary">back to summary</a></p>
<h3 id="m19">com.WalmartTestCases.TestRegistrationWalmart#satup</h3><table class="result"><tr><th class="invisible"/></tr></table><p class="totop"><a href="#summary">back to summary</a></p>
<h3 id="m20">com.WalmartTestCases.TestRegistrationWalmart#satup</h3><table class="result"><tr><th class="invisible"/></tr></table><p class="totop"><a href="#summary">back to summary</a></p>
<h3 id="m21">com.WalmartTestCases.TestRegistrationWalmart#satup</h3><table class="result"><tr><th class="invisible"/></tr></table><p class="totop"><a href="#summary">back to summary</a></p>
<h3 id="m22">com.WalmartTestCases.TestRegistrationWalmart#satup</h3><table class="result"><tr><th class="invisible"/></tr></table><p class="totop"><a href="#summary">back to summary</a></p>
<h3 id="m23">com.WalmartTestCases.TestRegistrationWalmart#satup</h3><table class="result"><tr><th class="invisible"/></tr></table><p class="totop"><a href="#summary">back to summary</a></p>
<h3 id="m24">com.WalmartTestCases.TestHomePageWalmart#GoToSuperHeroPage_Test5</h3><table class="result"><tr><th>Exception</th></tr><tr><td><div class="stacktrace">org.openqa.selenium.SessionNotCreatedException: session not created
from timeout: Timed out receiving message from renderer: 600.000
  (Session info: chrome=88.0.4324.182)
Build info: version: &apos;3.141.59&apos;, revision: &apos;e82be7d358&apos;, time: &apos;2018-11-14T08:17:03&apos;
System info: host: &apos;PREYAL&apos;, ip: &apos;192.168.25.1&apos;, os.name: &apos;Windows 10&apos;, os.arch: &apos;amd64&apos;, os.version: &apos;10.0&apos;, java.version: &apos;1.8.0_281&apos;
Driver info: driver.version: ChromeDriver
remote stacktrace: Backtrace:
	Ordinal0 [0x005BC0C3+3326147]
	Ordinal0 [0x004A0851+2164817]
	Ordinal0 [0x00327298+619160]
	Ordinal0 [0x0031B17F+569727]
	Ordinal0 [0x0031A421+566305]
	Ordinal0 [0x0031A815+567317]
	Ordinal0 [0x0031A135+565557]
	Ordinal0 [0x003238B1+604337]
	Ordinal0 [0x0031A0F1+565489]
	Ordinal0 [0x0031AEA2+568994]
	Ordinal0 [0x0031A421+566305]
	Ordinal0 [0x0031A815+567317]
	Ordinal0 [0x0031A135+565557]
	Ordinal0 [0x00321D2C+597292]
	Ordinal0 [0x0031A0F1+565489]
	Ordinal0 [0x0031AEA2+568994]
	Ordinal0 [0x0031A421+566305]
	Ordinal0 [0x0031A815+567317]
	Ordinal0 [0x0031A135+565557]
	Ordinal0 [0x0031FE62+589410]
	Ordinal0 [0x0031A0F1+565489]
	Ordinal0 [0x0031AEA2+568994]
	Ordinal0 [0x0031A421+566305]
	Ordinal0 [0x0031A815+567317]
	Ordinal0 [0x0031A135+565557]
	Ordinal0 [0x0031F075+585845]
	Ordinal0 [0x0031A0F1+565489]
	Ordinal0 [0x0031AEA2+568994]
	Ordinal0 [0x0031A421+566305]
	Ordinal0 [0x0031A815+567317]
	Ordinal0 [0x0031A135+565557]
	Ordinal0 [0x00316776+550774]
	Ordinal0 [0x0031A0F1+565489]
	Ordinal0 [0x00319F13+565011]
	Ordinal0 [0x00319D07+564487]
	Ordinal0 [0x003282C0+623296]
	Ordinal0 [0x002C6BDD+224221]
	Ordinal0 [0x002C5CAC+220332]
	Ordinal0 [0x002C189B+202907]
	Ordinal0 [0x002A3DF4+81396]
	Ordinal0 [0x002A4DEE+85486]
	Ordinal0 [0x002A4D79+85369]
	Ordinal0 [0x004B85DC+2262492]
	GetHandleVerifier [0x00742874+1487204]
	GetHandleVerifier [0x007423CD+1486013]
	GetHandleVerifier [0x0074A368+1518680]
	GetHandleVerifier [0x00742F4E+1488958]
	Ordinal0 [0x004AED0D+2223373]
	Ordinal0 [0x004BA12B+2269483]
	Ordinal0 [0x004BA26F+2269807]
	Ordinal0 [0x004CECB8+2354360]
	BaseThreadInitThunk [0x75516359+25]
	RtlGetAppContainerNamedObjectPath [0x77D38944+228]
	RtlGetAppContainerNamedObjectPath [0x77D38914+180]

	at org.openqa.selenium.remote.W3CHandshakeResponse.lambda$errorHandler$0(W3CHandshakeResponse.java:62)
	at org.openqa.selenium.remote.HandshakeResponse.lambda$getResponseFunction$0(HandshakeResponse.java:30)
	at org.openqa.selenium.remote.ProtocolHandshake.lambda$createSession$0(ProtocolHandshake.java:126)
	at java.util.stream.ReferencePipeline$3$1.accept(Unknown Source)
	at java.util.Spliterators$ArraySpliterator.tryAdvance(Unknown Source)
	at java.util.stream.ReferencePipeline.forEachWithCancel(Unknown Source)
	at java.util.stream.AbstractPipeline.copyIntoWithCancel(Unknown Source)
	at java.util.stream.AbstractPipeline.copyInto(Unknown Source)
	at java.util.stream.AbstractPipeline.wrapAndCopyInto(Unknown Source)
	at java.util.stream.FindOps$FindOp.evaluateSequential(Unknown Source)
	at java.util.stream.AbstractPipeline.evaluate(Unknown Source)
	at java.util.stream.ReferencePipeline.findFirst(Unknown Source)
	at org.openqa.selenium.remote.ProtocolHandshake.createSession(ProtocolHandshake.java:128)
	at org.openqa.selenium.remote.ProtocolHandshake.createSession(ProtocolHandshake.java:74)
	at org.openqa.selenium.remote.HttpCommandExecutor.execute(HttpCommandExecutor.java:136)
	at org.openqa.selenium.remote.service.DriverCommandExecutor.execute(DriverCommandExecutor.java:83)
	at org.openqa.selenium.remote.RemoteWebDriver.execute(RemoteWebDriver.java:552)
	at org.openqa.selenium.remote.RemoteWebDriver.startSession(RemoteWebDriver.java:213)
	at org.openqa.selenium.remote.RemoteWebDriver.&lt;init&gt;(RemoteWebDriver.java:131)
	at org.openqa.selenium.chrome.ChromeDriver.&lt;init&gt;(ChromeDriver.java:181)
	at org.openqa.selenium.chrome.ChromeDriver.&lt;init&gt;(ChromeDriver.java:168)
	at org.openqa.selenium.chrome.ChromeDriver.&lt;init&gt;(ChromeDriver.java:123)
	at baseclass.BaseClassWalmart.initialization(BaseClassWalmart.java:44)
	at com.WalmartTestCases.TestHomePageWalmart.setup(TestHomePageWalmart.java:34)
	at java.util.ArrayList.forEach(Unknown Source)
... Removed 45 stack frames</div></td></tr></table><p class="totop"><a href="#summary">back to summary</a></p>
<h3 id="m25">com.WalmartTestCases.TestHomePageWalmart#GotoregistrationPage_Test3</h3><table class="result"><tr><th>Exception</th></tr><tr><td><div class="stacktrace">org.openqa.selenium.SessionNotCreatedException: session not created
from timeout: Timed out receiving message from renderer: 600.000
  (Session info: chrome=88.0.4324.182)
Build info: version: &apos;3.141.59&apos;, revision: &apos;e82be7d358&apos;, time: &apos;2018-11-14T08:17:03&apos;
System info: host: &apos;PREYAL&apos;, ip: &apos;192.168.25.1&apos;, os.name: &apos;Windows 10&apos;, os.arch: &apos;amd64&apos;, os.version: &apos;10.0&apos;, java.version: &apos;1.8.0_281&apos;
Driver info: driver.version: ChromeDriver
remote stacktrace: Backtrace:
	Ordinal0 [0x005BC0C3+3326147]
	Ordinal0 [0x004A0851+2164817]
	Ordinal0 [0x00327298+619160]
	Ordinal0 [0x0031B17F+569727]
	Ordinal0 [0x0031A421+566305]
	Ordinal0 [0x0031A815+567317]
	Ordinal0 [0x0031A135+565557]
	Ordinal0 [0x003238B1+604337]
	Ordinal0 [0x0031A0F1+565489]
	Ordinal0 [0x0031AEA2+568994]
	Ordinal0 [0x0031A421+566305]
	Ordinal0 [0x0031A815+567317]
	Ordinal0 [0x0031A135+565557]
	Ordinal0 [0x00321D2C+597292]
	Ordinal0 [0x0031A0F1+565489]
	Ordinal0 [0x0031AEA2+568994]
	Ordinal0 [0x0031A421+566305]
	Ordinal0 [0x0031A815+567317]
	Ordinal0 [0x0031A135+565557]
	Ordinal0 [0x0031FE62+589410]
	Ordinal0 [0x0031A0F1+565489]
	Ordinal0 [0x0031AEA2+568994]
	Ordinal0 [0x0031A421+566305]
	Ordinal0 [0x0031A815+567317]
	Ordinal0 [0x0031A135+565557]
	Ordinal0 [0x0031F075+585845]
	Ordinal0 [0x0031A0F1+565489]
	Ordinal0 [0x0031AEA2+568994]
	Ordinal0 [0x0031A421+566305]
	Ordinal0 [0x0031A815+567317]
	Ordinal0 [0x0031A135+565557]
	Ordinal0 [0x00316776+550774]
	Ordinal0 [0x0031A0F1+565489]
	Ordinal0 [0x00319F13+565011]
	Ordinal0 [0x00319D07+564487]
	Ordinal0 [0x003282C0+623296]
	Ordinal0 [0x002C6BDD+224221]
	Ordinal0 [0x002C5CAC+220332]
	Ordinal0 [0x002C189B+202907]
	Ordinal0 [0x002A3DF4+81396]
	Ordinal0 [0x002A4DEE+85486]
	Ordinal0 [0x002A4D79+85369]
	Ordinal0 [0x004B85DC+2262492]
	GetHandleVerifier [0x00742874+1487204]
	GetHandleVerifier [0x007423CD+1486013]
	GetHandleVerifier [0x0074A368+1518680]
	GetHandleVerifier [0x00742F4E+1488958]
	Ordinal0 [0x004AED0D+2223373]
	Ordinal0 [0x004BA12B+2269483]
	Ordinal0 [0x004BA26F+2269807]
	Ordinal0 [0x004CECB8+2354360]
	BaseThreadInitThunk [0x75516359+25]
	RtlGetAppContainerNamedObjectPath [0x77D38944+228]
	RtlGetAppContainerNamedObjectPath [0x77D38914+180]

	at org.openqa.selenium.remote.W3CHandshakeResponse.lambda$errorHandler$0(W3CHandshakeResponse.java:62)
	at org.openqa.selenium.remote.HandshakeResponse.lambda$getResponseFunction$0(HandshakeResponse.java:30)
	at org.openqa.selenium.remote.ProtocolHandshake.lambda$createSession$0(ProtocolHandshake.java:126)
	at java.util.stream.ReferencePipeline$3$1.accept(Unknown Source)
	at java.util.Spliterators$ArraySpliterator.tryAdvance(Unknown Source)
	at java.util.stream.ReferencePipeline.forEachWithCancel(Unknown Source)
	at java.util.stream.AbstractPipeline.copyIntoWithCancel(Unknown Source)
	at java.util.stream.AbstractPipeline.copyInto(Unknown Source)
	at java.util.stream.AbstractPipeline.wrapAndCopyInto(Unknown Source)
	at java.util.stream.FindOps$FindOp.evaluateSequential(Unknown Source)
	at java.util.stream.AbstractPipeline.evaluate(Unknown Source)
	at java.util.stream.ReferencePipeline.findFirst(Unknown Source)
	at org.openqa.selenium.remote.ProtocolHandshake.createSession(ProtocolHandshake.java:128)
	at org.openqa.selenium.remote.ProtocolHandshake.createSession(ProtocolHandshake.java:74)
	at org.openqa.selenium.remote.HttpCommandExecutor.execute(HttpCommandExecutor.java:136)
	at org.openqa.selenium.remote.service.DriverCommandExecutor.execute(DriverCommandExecutor.java:83)
	at org.openqa.selenium.remote.RemoteWebDriver.execute(RemoteWebDriver.java:552)
	at org.openqa.selenium.remote.RemoteWebDriver.startSession(RemoteWebDriver.java:213)
	at org.openqa.selenium.remote.RemoteWebDriver.&lt;init&gt;(RemoteWebDriver.java:131)
	at org.openqa.selenium.chrome.ChromeDriver.&lt;init&gt;(ChromeDriver.java:181)
	at org.openqa.selenium.chrome.ChromeDriver.&lt;init&gt;(ChromeDriver.java:168)
	at org.openqa.selenium.chrome.ChromeDriver.&lt;init&gt;(ChromeDriver.java:123)
	at baseclass.BaseClassWalmart.initialization(BaseClassWalmart.java:44)
	at com.WalmartTestCases.TestHomePageWalmart.setup(TestHomePageWalmart.java:34)
	at java.util.ArrayList.forEach(Unknown Source)
... Removed 45 stack frames</div></td></tr></table><p class="totop"><a href="#summary">back to summary</a></p>
<h3 id="m26">com.WalmartTestCases.TestHomePageWalmart#VerifyWalmartLogo_Test1</h3><table class="result"><tr><th>Exception</th></tr><tr><td><div class="stacktrace">org.openqa.selenium.SessionNotCreatedException: session not created
from timeout: Timed out receiving message from renderer: 600.000
  (Session info: chrome=88.0.4324.182)
Build info: version: &apos;3.141.59&apos;, revision: &apos;e82be7d358&apos;, time: &apos;2018-11-14T08:17:03&apos;
System info: host: &apos;PREYAL&apos;, ip: &apos;192.168.25.1&apos;, os.name: &apos;Windows 10&apos;, os.arch: &apos;amd64&apos;, os.version: &apos;10.0&apos;, java.version: &apos;1.8.0_281&apos;
Driver info: driver.version: ChromeDriver
remote stacktrace: Backtrace:
	Ordinal0 [0x005BC0C3+3326147]
	Ordinal0 [0x004A0851+2164817]
	Ordinal0 [0x00327298+619160]
	Ordinal0 [0x0031B17F+569727]
	Ordinal0 [0x0031A421+566305]
	Ordinal0 [0x0031A815+567317]
	Ordinal0 [0x0031A135+565557]
	Ordinal0 [0x003238B1+604337]
	Ordinal0 [0x0031A0F1+565489]
	Ordinal0 [0x0031AEA2+568994]
	Ordinal0 [0x0031A421+566305]
	Ordinal0 [0x0031A815+567317]
	Ordinal0 [0x0031A135+565557]
	Ordinal0 [0x00321D2C+597292]
	Ordinal0 [0x0031A0F1+565489]
	Ordinal0 [0x0031AEA2+568994]
	Ordinal0 [0x0031A421+566305]
	Ordinal0 [0x0031A815+567317]
	Ordinal0 [0x0031A135+565557]
	Ordinal0 [0x0031FE62+589410]
	Ordinal0 [0x0031A0F1+565489]
	Ordinal0 [0x0031AEA2+568994]
	Ordinal0 [0x0031A421+566305]
	Ordinal0 [0x0031A815+567317]
	Ordinal0 [0x0031A135+565557]
	Ordinal0 [0x0031F075+585845]
	Ordinal0 [0x0031A0F1+565489]
	Ordinal0 [0x0031AEA2+568994]
	Ordinal0 [0x0031A421+566305]
	Ordinal0 [0x0031A815+567317]
	Ordinal0 [0x0031A135+565557]
	Ordinal0 [0x00316776+550774]
	Ordinal0 [0x0031A0F1+565489]
	Ordinal0 [0x00319F13+565011]
	Ordinal0 [0x00319D07+564487]
	Ordinal0 [0x003282C0+623296]
	Ordinal0 [0x002C6BDD+224221]
	Ordinal0 [0x002C5CAC+220332]
	Ordinal0 [0x002C189B+202907]
	Ordinal0 [0x002A3DF4+81396]
	Ordinal0 [0x002A4DEE+85486]
	Ordinal0 [0x002A4D79+85369]
	Ordinal0 [0x004B85DC+2262492]
	GetHandleVerifier [0x00742874+1487204]
	GetHandleVerifier [0x007423CD+1486013]
	GetHandleVerifier [0x0074A368+1518680]
	GetHandleVerifier [0x00742F4E+1488958]
	Ordinal0 [0x004AED0D+2223373]
	Ordinal0 [0x004BA12B+2269483]
	Ordinal0 [0x004BA26F+2269807]
	Ordinal0 [0x004CECB8+2354360]
	BaseThreadInitThunk [0x75516359+25]
	RtlGetAppContainerNamedObjectPath [0x77D38944+228]
	RtlGetAppContainerNamedObjectPath [0x77D38914+180]

	at org.openqa.selenium.remote.W3CHandshakeResponse.lambda$errorHandler$0(W3CHandshakeResponse.java:62)
	at org.openqa.selenium.remote.HandshakeResponse.lambda$getResponseFunction$0(HandshakeResponse.java:30)
	at org.openqa.selenium.remote.ProtocolHandshake.lambda$createSession$0(ProtocolHandshake.java:126)
	at java.util.stream.ReferencePipeline$3$1.accept(Unknown Source)
	at java.util.Spliterators$ArraySpliterator.tryAdvance(Unknown Source)
	at java.util.stream.ReferencePipeline.forEachWithCancel(Unknown Source)
	at java.util.stream.AbstractPipeline.copyIntoWithCancel(Unknown Source)
	at java.util.stream.AbstractPipeline.copyInto(Unknown Source)
	at java.util.stream.AbstractPipeline.wrapAndCopyInto(Unknown Source)
	at java.util.stream.FindOps$FindOp.evaluateSequential(Unknown Source)
	at java.util.stream.AbstractPipeline.evaluate(Unknown Source)
	at java.util.stream.ReferencePipeline.findFirst(Unknown Source)
	at org.openqa.selenium.remote.ProtocolHandshake.createSession(ProtocolHandshake.java:128)
	at org.openqa.selenium.remote.ProtocolHandshake.createSession(ProtocolHandshake.java:74)
	at org.openqa.selenium.remote.HttpCommandExecutor.execute(HttpCommandExecutor.java:136)
	at org.openqa.selenium.remote.service.DriverCommandExecutor.execute(DriverCommandExecutor.java:83)
	at org.openqa.selenium.remote.RemoteWebDriver.execute(RemoteWebDriver.java:552)
	at org.openqa.selenium.remote.RemoteWebDriver.startSession(RemoteWebDriver.java:213)
	at org.openqa.selenium.remote.RemoteWebDriver.&lt;init&gt;(RemoteWebDriver.java:131)
	at org.openqa.selenium.chrome.ChromeDriver.&lt;init&gt;(ChromeDriver.java:181)
	at org.openqa.selenium.chrome.ChromeDriver.&lt;init&gt;(ChromeDriver.java:168)
	at org.openqa.selenium.chrome.ChromeDriver.&lt;init&gt;(ChromeDriver.java:123)
	at baseclass.BaseClassWalmart.initialization(BaseClassWalmart.java:44)
	at com.WalmartTestCases.TestHomePageWalmart.setup(TestHomePageWalmart.java:34)
	at java.util.ArrayList.forEach(Unknown Source)
... Removed 45 stack frames</div></td></tr></table><p class="totop"><a href="#summary">back to summary</a></p>
<h3 id="m27">com.WalmartTestCases.TestHomePageWalmart#verifysignIn_Test2</h3><table class="result"><tr><th>Exception</th></tr><tr><td><div class="stacktrace">org.openqa.selenium.SessionNotCreatedException: session not created
from timeout: Timed out receiving message from renderer: 600.000
  (Session info: chrome=88.0.4324.182)
Build info: version: &apos;3.141.59&apos;, revision: &apos;e82be7d358&apos;, time: &apos;2018-11-14T08:17:03&apos;
System info: host: &apos;PREYAL&apos;, ip: &apos;192.168.25.1&apos;, os.name: &apos;Windows 10&apos;, os.arch: &apos;amd64&apos;, os.version: &apos;10.0&apos;, java.version: &apos;1.8.0_281&apos;
Driver info: driver.version: ChromeDriver
remote stacktrace: Backtrace:
	Ordinal0 [0x005BC0C3+3326147]
	Ordinal0 [0x004A0851+2164817]
	Ordinal0 [0x00327298+619160]
	Ordinal0 [0x0031B17F+569727]
	Ordinal0 [0x0031A421+566305]
	Ordinal0 [0x0031A815+567317]
	Ordinal0 [0x0031A135+565557]
	Ordinal0 [0x003238B1+604337]
	Ordinal0 [0x0031A0F1+565489]
	Ordinal0 [0x0031AEA2+568994]
	Ordinal0 [0x0031A421+566305]
	Ordinal0 [0x0031A815+567317]
	Ordinal0 [0x0031A135+565557]
	Ordinal0 [0x00321D2C+597292]
	Ordinal0 [0x0031A0F1+565489]
	Ordinal0 [0x0031AEA2+568994]
	Ordinal0 [0x0031A421+566305]
	Ordinal0 [0x0031A815+567317]
	Ordinal0 [0x0031A135+565557]
	Ordinal0 [0x0031FE62+589410]
	Ordinal0 [0x0031A0F1+565489]
	Ordinal0 [0x0031AEA2+568994]
	Ordinal0 [0x0031A421+566305]
	Ordinal0 [0x0031A815+567317]
	Ordinal0 [0x0031A135+565557]
	Ordinal0 [0x0031F075+585845]
	Ordinal0 [0x0031A0F1+565489]
	Ordinal0 [0x0031AEA2+568994]
	Ordinal0 [0x0031A421+566305]
	Ordinal0 [0x0031A815+567317]
	Ordinal0 [0x0031A135+565557]
	Ordinal0 [0x00316776+550774]
	Ordinal0 [0x0031A0F1+565489]
	Ordinal0 [0x00319F13+565011]
	Ordinal0 [0x00319D07+564487]
	Ordinal0 [0x003282C0+623296]
	Ordinal0 [0x002C6BDD+224221]
	Ordinal0 [0x002C5CAC+220332]
	Ordinal0 [0x002C189B+202907]
	Ordinal0 [0x002A3DF4+81396]
	Ordinal0 [0x002A4DEE+85486]
	Ordinal0 [0x002A4D79+85369]
	Ordinal0 [0x004B85DC+2262492]
	GetHandleVerifier [0x00742874+1487204]
	GetHandleVerifier [0x007423CD+1486013]
	GetHandleVerifier [0x0074A368+1518680]
	GetHandleVerifier [0x00742F4E+1488958]
	Ordinal0 [0x004AED0D+2223373]
	Ordinal0 [0x004BA12B+2269483]
	Ordinal0 [0x004BA26F+2269807]
	Ordinal0 [0x004CECB8+2354360]
	BaseThreadInitThunk [0x75516359+25]
	RtlGetAppContainerNamedObjectPath [0x77D38944+228]
	RtlGetAppContainerNamedObjectPath [0x77D38914+180]

	at org.openqa.selenium.remote.W3CHandshakeResponse.lambda$errorHandler$0(W3CHandshakeResponse.java:62)
	at org.openqa.selenium.remote.HandshakeResponse.lambda$getResponseFunction$0(HandshakeResponse.java:30)
	at org.openqa.selenium.remote.ProtocolHandshake.lambda$createSession$0(ProtocolHandshake.java:126)
	at java.util.stream.ReferencePipeline$3$1.accept(Unknown Source)
	at java.util.Spliterators$ArraySpliterator.tryAdvance(Unknown Source)
	at java.util.stream.ReferencePipeline.forEachWithCancel(Unknown Source)
	at java.util.stream.AbstractPipeline.copyIntoWithCancel(Unknown Source)
	at java.util.stream.AbstractPipeline.copyInto(Unknown Source)
	at java.util.stream.AbstractPipeline.wrapAndCopyInto(Unknown Source)
	at java.util.stream.FindOps$FindOp.evaluateSequential(Unknown Source)
	at java.util.stream.AbstractPipeline.evaluate(Unknown Source)
	at java.util.stream.ReferencePipeline.findFirst(Unknown Source)
	at org.openqa.selenium.remote.ProtocolHandshake.createSession(ProtocolHandshake.java:128)
	at org.openqa.selenium.remote.ProtocolHandshake.createSession(ProtocolHandshake.java:74)
	at org.openqa.selenium.remote.HttpCommandExecutor.execute(HttpCommandExecutor.java:136)
	at org.openqa.selenium.remote.service.DriverCommandExecutor.execute(DriverCommandExecutor.java:83)
	at org.openqa.selenium.remote.RemoteWebDriver.execute(RemoteWebDriver.java:552)
	at org.openqa.selenium.remote.RemoteWebDriver.startSession(RemoteWebDriver.java:213)
	at org.openqa.selenium.remote.RemoteWebDriver.&lt;init&gt;(RemoteWebDriver.java:131)
	at org.openqa.selenium.chrome.ChromeDriver.&lt;init&gt;(ChromeDriver.java:181)
	at org.openqa.selenium.chrome.ChromeDriver.&lt;init&gt;(ChromeDriver.java:168)
	at org.openqa.selenium.chrome.ChromeDriver.&lt;init&gt;(ChromeDriver.java:123)
	at baseclass.BaseClassWalmart.initialization(BaseClassWalmart.java:44)
	at com.WalmartTestCases.TestHomePageWalmart.setup(TestHomePageWalmart.java:34)
	at java.util.ArrayList.forEach(Unknown Source)
... Removed 45 stack frames</div></td></tr></table><p class="totop"><a href="#summary">back to summary</a></p>
<h3 id="m28">com.WalmartTestCases.TestRegistrationWalmart#registrationFirstName_Test6</h3><table class="result"><tr><th>Exception</th></tr><tr><td><div class="stacktrace">org.openqa.selenium.SessionNotCreatedException: session not created
from timeout: Timed out receiving message from renderer: 600.000
  (Session info: chrome=88.0.4324.182)
Build info: version: &apos;3.141.59&apos;, revision: &apos;e82be7d358&apos;, time: &apos;2018-11-14T08:17:03&apos;
System info: host: &apos;PREYAL&apos;, ip: &apos;192.168.25.1&apos;, os.name: &apos;Windows 10&apos;, os.arch: &apos;amd64&apos;, os.version: &apos;10.0&apos;, java.version: &apos;1.8.0_281&apos;
Driver info: driver.version: ChromeDriver
remote stacktrace: Backtrace:
	Ordinal0 [0x005BC0C3+3326147]
	Ordinal0 [0x004A0851+2164817]
	Ordinal0 [0x00327298+619160]
	Ordinal0 [0x0031B17F+569727]
	Ordinal0 [0x0031A421+566305]
	Ordinal0 [0x0031A815+567317]
	Ordinal0 [0x0031A135+565557]
	Ordinal0 [0x003238B1+604337]
	Ordinal0 [0x0031A0F1+565489]
	Ordinal0 [0x0031AEA2+568994]
	Ordinal0 [0x0031A421+566305]
	Ordinal0 [0x0031A815+567317]
	Ordinal0 [0x0031A135+565557]
	Ordinal0 [0x00321D2C+597292]
	Ordinal0 [0x0031A0F1+565489]
	Ordinal0 [0x0031AEA2+568994]
	Ordinal0 [0x0031A421+566305]
	Ordinal0 [0x0031A815+567317]
	Ordinal0 [0x0031A135+565557]
	Ordinal0 [0x0031FE62+589410]
	Ordinal0 [0x0031A0F1+565489]
	Ordinal0 [0x0031AEA2+568994]
	Ordinal0 [0x0031A421+566305]
	Ordinal0 [0x0031A815+567317]
	Ordinal0 [0x0031A135+565557]
	Ordinal0 [0x0031F075+585845]
	Ordinal0 [0x0031A0F1+565489]
	Ordinal0 [0x0031AEA2+568994]
	Ordinal0 [0x0031A421+566305]
	Ordinal0 [0x0031A815+567317]
	Ordinal0 [0x0031A135+565557]
	Ordinal0 [0x00316776+550774]
	Ordinal0 [0x0031A0F1+565489]
	Ordinal0 [0x00319F13+565011]
	Ordinal0 [0x00319D07+564487]
	Ordinal0 [0x003282C0+623296]
	Ordinal0 [0x002C6BDD+224221]
	Ordinal0 [0x002C5CAC+220332]
	Ordinal0 [0x002C189B+202907]
	Ordinal0 [0x002A3DF4+81396]
	Ordinal0 [0x002A4DEE+85486]
	Ordinal0 [0x002A4D79+85369]
	Ordinal0 [0x004B85DC+2262492]
	GetHandleVerifier [0x00742874+1487204]
	GetHandleVerifier [0x007423CD+1486013]
	GetHandleVerifier [0x0074A368+1518680]
	GetHandleVerifier [0x00742F4E+1488958]
	Ordinal0 [0x004AED0D+2223373]
	Ordinal0 [0x004BA12B+2269483]
	Ordinal0 [0x004BA26F+2269807]
	Ordinal0 [0x004CECB8+2354360]
	BaseThreadInitThunk [0x75516359+25]
	RtlGetAppContainerNamedObjectPath [0x77D38944+228]
	RtlGetAppContainerNamedObjectPath [0x77D38914+180]

	at org.openqa.selenium.remote.W3CHandshakeResponse.lambda$errorHandler$0(W3CHandshakeResponse.java:62)
	at org.openqa.selenium.remote.HandshakeResponse.lambda$getResponseFunction$0(HandshakeResponse.java:30)
	at org.openqa.selenium.remote.ProtocolHandshake.lambda$createSession$0(ProtocolHandshake.java:126)
	at java.util.stream.ReferencePipeline$3$1.accept(Unknown Source)
	at java.util.Spliterators$ArraySpliterator.tryAdvance(Unknown Source)
	at java.util.stream.ReferencePipeline.forEachWithCancel(Unknown Source)
	at java.util.stream.AbstractPipeline.copyIntoWithCancel(Unknown Source)
	at java.util.stream.AbstractPipeline.copyInto(Unknown Source)
	at java.util.stream.AbstractPipeline.wrapAndCopyInto(Unknown Source)
	at java.util.stream.FindOps$FindOp.evaluateSequential(Unknown Source)
	at java.util.stream.AbstractPipeline.evaluate(Unknown Source)
	at java.util.stream.ReferencePipeline.findFirst(Unknown Source)
	at org.openqa.selenium.remote.ProtocolHandshake.createSession(ProtocolHandshake.java:128)
	at org.openqa.selenium.remote.ProtocolHandshake.createSession(ProtocolHandshake.java:74)
	at org.openqa.selenium.remote.HttpCommandExecutor.execute(HttpCommandExecutor.java:136)
	at org.openqa.selenium.remote.service.DriverCommandExecutor.execute(DriverCommandExecutor.java:83)
	at org.openqa.selenium.remote.RemoteWebDriver.execute(RemoteWebDriver.java:552)
	at org.openqa.selenium.remote.RemoteWebDriver.startSession(RemoteWebDriver.java:213)
	at org.openqa.selenium.remote.RemoteWebDriver.&lt;init&gt;(RemoteWebDriver.java:131)
	at org.openqa.selenium.chrome.ChromeDriver.&lt;init&gt;(ChromeDriver.java:181)
	at org.openqa.selenium.chrome.ChromeDriver.&lt;init&gt;(ChromeDriver.java:168)
	at org.openqa.selenium.chrome.ChromeDriver.&lt;init&gt;(ChromeDriver.java:123)
	at baseclass.BaseClassWalmart.initialization(BaseClassWalmart.java:44)
	at com.WalmartTestCases.TestRegistrationWalmart.satup(TestRegistrationWalmart.java:27)
	at java.util.ArrayList.forEach(Unknown Source)
... Removed 45 stack frames</div></td></tr></table><p class="totop"><a href="#summary">back to summary</a></p>
<h3 id="m29">com.WalmartTestCases.TestRegistrationWalmart#registrationLastName_Test10</h3><table class="result"><tr><th>Exception</th></tr><tr><td><div class="stacktrace">org.openqa.selenium.SessionNotCreatedException: session not created
from timeout: Timed out receiving message from renderer: 600.000
  (Session info: chrome=88.0.4324.182)
Build info: version: &apos;3.141.59&apos;, revision: &apos;e82be7d358&apos;, time: &apos;2018-11-14T08:17:03&apos;
System info: host: &apos;PREYAL&apos;, ip: &apos;192.168.25.1&apos;, os.name: &apos;Windows 10&apos;, os.arch: &apos;amd64&apos;, os.version: &apos;10.0&apos;, java.version: &apos;1.8.0_281&apos;
Driver info: driver.version: ChromeDriver
remote stacktrace: Backtrace:
	Ordinal0 [0x005BC0C3+3326147]
	Ordinal0 [0x004A0851+2164817]
	Ordinal0 [0x00327298+619160]
	Ordinal0 [0x0031B17F+569727]
	Ordinal0 [0x0031A421+566305]
	Ordinal0 [0x0031A815+567317]
	Ordinal0 [0x0031A135+565557]
	Ordinal0 [0x003238B1+604337]
	Ordinal0 [0x0031A0F1+565489]
	Ordinal0 [0x0031AEA2+568994]
	Ordinal0 [0x0031A421+566305]
	Ordinal0 [0x0031A815+567317]
	Ordinal0 [0x0031A135+565557]
	Ordinal0 [0x00321D2C+597292]
	Ordinal0 [0x0031A0F1+565489]
	Ordinal0 [0x0031AEA2+568994]
	Ordinal0 [0x0031A421+566305]
	Ordinal0 [0x0031A815+567317]
	Ordinal0 [0x0031A135+565557]
	Ordinal0 [0x0031FE62+589410]
	Ordinal0 [0x0031A0F1+565489]
	Ordinal0 [0x0031AEA2+568994]
	Ordinal0 [0x0031A421+566305]
	Ordinal0 [0x0031A815+567317]
	Ordinal0 [0x0031A135+565557]
	Ordinal0 [0x0031F075+585845]
	Ordinal0 [0x0031A0F1+565489]
	Ordinal0 [0x0031AEA2+568994]
	Ordinal0 [0x0031A421+566305]
	Ordinal0 [0x0031A815+567317]
	Ordinal0 [0x0031A135+565557]
	Ordinal0 [0x00316776+550774]
	Ordinal0 [0x0031A0F1+565489]
	Ordinal0 [0x00319F13+565011]
	Ordinal0 [0x00319D07+564487]
	Ordinal0 [0x003282C0+623296]
	Ordinal0 [0x002C6BDD+224221]
	Ordinal0 [0x002C5CAC+220332]
	Ordinal0 [0x002C189B+202907]
	Ordinal0 [0x002A3DF4+81396]
	Ordinal0 [0x002A4DEE+85486]
	Ordinal0 [0x002A4D79+85369]
	Ordinal0 [0x004B85DC+2262492]
	GetHandleVerifier [0x00742874+1487204]
	GetHandleVerifier [0x007423CD+1486013]
	GetHandleVerifier [0x0074A368+1518680]
	GetHandleVerifier [0x00742F4E+1488958]
	Ordinal0 [0x004AED0D+2223373]
	Ordinal0 [0x004BA12B+2269483]
	Ordinal0 [0x004BA26F+2269807]
	Ordinal0 [0x004CECB8+2354360]
	BaseThreadInitThunk [0x75516359+25]
	RtlGetAppContainerNamedObjectPath [0x77D38944+228]
	RtlGetAppContainerNamedObjectPath [0x77D38914+180]

	at org.openqa.selenium.remote.W3CHandshakeResponse.lambda$errorHandler$0(W3CHandshakeResponse.java:62)
	at org.openqa.selenium.remote.HandshakeResponse.lambda$getResponseFunction$0(HandshakeResponse.java:30)
	at org.openqa.selenium.remote.ProtocolHandshake.lambda$createSession$0(ProtocolHandshake.java:126)
	at java.util.stream.ReferencePipeline$3$1.accept(Unknown Source)
	at java.util.Spliterators$ArraySpliterator.tryAdvance(Unknown Source)
	at java.util.stream.ReferencePipeline.forEachWithCancel(Unknown Source)
	at java.util.stream.AbstractPipeline.copyIntoWithCancel(Unknown Source)
	at java.util.stream.AbstractPipeline.copyInto(Unknown Source)
	at java.util.stream.AbstractPipeline.wrapAndCopyInto(Unknown Source)
	at java.util.stream.FindOps$FindOp.evaluateSequential(Unknown Source)
	at java.util.stream.AbstractPipeline.evaluate(Unknown Source)
	at java.util.stream.ReferencePipeline.findFirst(Unknown Source)
	at org.openqa.selenium.remote.ProtocolHandshake.createSession(ProtocolHandshake.java:128)
	at org.openqa.selenium.remote.ProtocolHandshake.createSession(ProtocolHandshake.java:74)
	at org.openqa.selenium.remote.HttpCommandExecutor.execute(HttpCommandExecutor.java:136)
	at org.openqa.selenium.remote.service.DriverCommandExecutor.execute(DriverCommandExecutor.java:83)
	at org.openqa.selenium.remote.RemoteWebDriver.execute(RemoteWebDriver.java:552)
	at org.openqa.selenium.remote.RemoteWebDriver.startSession(RemoteWebDriver.java:213)
	at org.openqa.selenium.remote.RemoteWebDriver.&lt;init&gt;(RemoteWebDriver.java:131)
	at org.openqa.selenium.chrome.ChromeDriver.&lt;init&gt;(ChromeDriver.java:181)
	at org.openqa.selenium.chrome.ChromeDriver.&lt;init&gt;(ChromeDriver.java:168)
	at org.openqa.selenium.chrome.ChromeDriver.&lt;init&gt;(ChromeDriver.java:123)
	at baseclass.BaseClassWalmart.initialization(BaseClassWalmart.java:44)
	at com.WalmartTestCases.TestRegistrationWalmart.satup(TestRegistrationWalmart.java:27)
	at java.util.ArrayList.forEach(Unknown Source)
... Removed 45 stack frames</div></td></tr></table><p class="totop"><a href="#summary">back to summary</a></p>
<h3 id="m30">com.WalmartTestCases.TestRegistrationWalmart#registrationLastName_Test11</h3><table class="result"><tr><th>Exception</th></tr><tr><td><div class="stacktrace">org.openqa.selenium.SessionNotCreatedException: session not created
from timeout: Timed out receiving message from renderer: 600.000
  (Session info: chrome=88.0.4324.182)
Build info: version: &apos;3.141.59&apos;, revision: &apos;e82be7d358&apos;, time: &apos;2018-11-14T08:17:03&apos;
System info: host: &apos;PREYAL&apos;, ip: &apos;192.168.25.1&apos;, os.name: &apos;Windows 10&apos;, os.arch: &apos;amd64&apos;, os.version: &apos;10.0&apos;, java.version: &apos;1.8.0_281&apos;
Driver info: driver.version: ChromeDriver
remote stacktrace: Backtrace:
	Ordinal0 [0x005BC0C3+3326147]
	Ordinal0 [0x004A0851+2164817]
	Ordinal0 [0x00327298+619160]
	Ordinal0 [0x0031B17F+569727]
	Ordinal0 [0x0031A421+566305]
	Ordinal0 [0x0031A815+567317]
	Ordinal0 [0x0031A135+565557]
	Ordinal0 [0x003238B1+604337]
	Ordinal0 [0x0031A0F1+565489]
	Ordinal0 [0x0031AEA2+568994]
	Ordinal0 [0x0031A421+566305]
	Ordinal0 [0x0031A815+567317]
	Ordinal0 [0x0031A135+565557]
	Ordinal0 [0x00321D2C+597292]
	Ordinal0 [0x0031A0F1+565489]
	Ordinal0 [0x0031AEA2+568994]
	Ordinal0 [0x0031A421+566305]
	Ordinal0 [0x0031A815+567317]
	Ordinal0 [0x0031A135+565557]
	Ordinal0 [0x0031FE62+589410]
	Ordinal0 [0x0031A0F1+565489]
	Ordinal0 [0x0031AEA2+568994]
	Ordinal0 [0x0031A421+566305]
	Ordinal0 [0x0031A815+567317]
	Ordinal0 [0x0031A135+565557]
	Ordinal0 [0x0031F075+585845]
	Ordinal0 [0x0031A0F1+565489]
	Ordinal0 [0x0031AEA2+568994]
	Ordinal0 [0x0031A421+566305]
	Ordinal0 [0x0031A815+567317]
	Ordinal0 [0x0031A135+565557]
	Ordinal0 [0x00316776+550774]
	Ordinal0 [0x0031A0F1+565489]
	Ordinal0 [0x00319F13+565011]
	Ordinal0 [0x00319D07+564487]
	Ordinal0 [0x003282C0+623296]
	Ordinal0 [0x002C6BDD+224221]
	Ordinal0 [0x002C5CAC+220332]
	Ordinal0 [0x002C189B+202907]
	Ordinal0 [0x002A3DF4+81396]
	Ordinal0 [0x002A4DEE+85486]
	Ordinal0 [0x002A4D79+85369]
	Ordinal0 [0x004B85DC+2262492]
	GetHandleVerifier [0x00742874+1487204]
	GetHandleVerifier [0x007423CD+1486013]
	GetHandleVerifier [0x0074A368+1518680]
	GetHandleVerifier [0x00742F4E+1488958]
	Ordinal0 [0x004AED0D+2223373]
	Ordinal0 [0x004BA12B+2269483]
	Ordinal0 [0x004BA26F+2269807]
	Ordinal0 [0x004CECB8+2354360]
	BaseThreadInitThunk [0x75516359+25]
	RtlGetAppContainerNamedObjectPath [0x77D38944+228]
	RtlGetAppContainerNamedObjectPath [0x77D38914+180]

	at org.openqa.selenium.remote.W3CHandshakeResponse.lambda$errorHandler$0(W3CHandshakeResponse.java:62)
	at org.openqa.selenium.remote.HandshakeResponse.lambda$getResponseFunction$0(HandshakeResponse.java:30)
	at org.openqa.selenium.remote.ProtocolHandshake.lambda$createSession$0(ProtocolHandshake.java:126)
	at java.util.stream.ReferencePipeline$3$1.accept(Unknown Source)
	at java.util.Spliterators$ArraySpliterator.tryAdvance(Unknown Source)
	at java.util.stream.ReferencePipeline.forEachWithCancel(Unknown Source)
	at java.util.stream.AbstractPipeline.copyIntoWithCancel(Unknown Source)
	at java.util.stream.AbstractPipeline.copyInto(Unknown Source)
	at java.util.stream.AbstractPipeline.wrapAndCopyInto(Unknown Source)
	at java.util.stream.FindOps$FindOp.evaluateSequential(Unknown Source)
	at java.util.stream.AbstractPipeline.evaluate(Unknown Source)
	at java.util.stream.ReferencePipeline.findFirst(Unknown Source)
	at org.openqa.selenium.remote.ProtocolHandshake.createSession(ProtocolHandshake.java:128)
	at org.openqa.selenium.remote.ProtocolHandshake.createSession(ProtocolHandshake.java:74)
	at org.openqa.selenium.remote.HttpCommandExecutor.execute(HttpCommandExecutor.java:136)
	at org.openqa.selenium.remote.service.DriverCommandExecutor.execute(DriverCommandExecutor.java:83)
	at org.openqa.selenium.remote.RemoteWebDriver.execute(RemoteWebDriver.java:552)
	at org.openqa.selenium.remote.RemoteWebDriver.startSession(RemoteWebDriver.java:213)
	at org.openqa.selenium.remote.RemoteWebDriver.&lt;init&gt;(RemoteWebDriver.java:131)
	at org.openqa.selenium.chrome.ChromeDriver.&lt;init&gt;(ChromeDriver.java:181)
	at org.openqa.selenium.chrome.ChromeDriver.&lt;init&gt;(ChromeDriver.java:168)
	at org.openqa.selenium.chrome.ChromeDriver.&lt;init&gt;(ChromeDriver.java:123)
	at baseclass.BaseClassWalmart.initialization(BaseClassWalmart.java:44)
	at com.WalmartTestCases.TestRegistrationWalmart.satup(TestRegistrationWalmart.java:27)
	at java.util.ArrayList.forEach(Unknown Source)
... Removed 45 stack frames</div></td></tr></table><p class="totop"><a href="#summary">back to summary</a></p>
<h3 id="m31">com.WalmartTestCases.TestRegistrationWalmart#registrationLastName_Test8</h3><table class="result"><tr><th>Exception</th></tr><tr><td><div class="stacktrace">org.openqa.selenium.SessionNotCreatedException: session not created
from timeout: Timed out receiving message from renderer: 600.000
  (Session info: chrome=88.0.4324.182)
Build info: version: &apos;3.141.59&apos;, revision: &apos;e82be7d358&apos;, time: &apos;2018-11-14T08:17:03&apos;
System info: host: &apos;PREYAL&apos;, ip: &apos;192.168.25.1&apos;, os.name: &apos;Windows 10&apos;, os.arch: &apos;amd64&apos;, os.version: &apos;10.0&apos;, java.version: &apos;1.8.0_281&apos;
Driver info: driver.version: ChromeDriver
remote stacktrace: Backtrace:
	Ordinal0 [0x005BC0C3+3326147]
	Ordinal0 [0x004A0851+2164817]
	Ordinal0 [0x00327298+619160]
	Ordinal0 [0x0031B17F+569727]
	Ordinal0 [0x0031A421+566305]
	Ordinal0 [0x0031A815+567317]
	Ordinal0 [0x0031A135+565557]
	Ordinal0 [0x003238B1+604337]
	Ordinal0 [0x0031A0F1+565489]
	Ordinal0 [0x0031AEA2+568994]
	Ordinal0 [0x0031A421+566305]
	Ordinal0 [0x0031A815+567317]
	Ordinal0 [0x0031A135+565557]
	Ordinal0 [0x00321D2C+597292]
	Ordinal0 [0x0031A0F1+565489]
	Ordinal0 [0x0031AEA2+568994]
	Ordinal0 [0x0031A421+566305]
	Ordinal0 [0x0031A815+567317]
	Ordinal0 [0x0031A135+565557]
	Ordinal0 [0x0031FE62+589410]
	Ordinal0 [0x0031A0F1+565489]
	Ordinal0 [0x0031AEA2+568994]
	Ordinal0 [0x0031A421+566305]
	Ordinal0 [0x0031A815+567317]
	Ordinal0 [0x0031A135+565557]
	Ordinal0 [0x0031F075+585845]
	Ordinal0 [0x0031A0F1+565489]
	Ordinal0 [0x0031AEA2+568994]
	Ordinal0 [0x0031A421+566305]
	Ordinal0 [0x0031A815+567317]
	Ordinal0 [0x0031A135+565557]
	Ordinal0 [0x00316776+550774]
	Ordinal0 [0x0031A0F1+565489]
	Ordinal0 [0x00319F13+565011]
	Ordinal0 [0x00319D07+564487]
	Ordinal0 [0x003282C0+623296]
	Ordinal0 [0x002C6BDD+224221]
	Ordinal0 [0x002C5CAC+220332]
	Ordinal0 [0x002C189B+202907]
	Ordinal0 [0x002A3DF4+81396]
	Ordinal0 [0x002A4DEE+85486]
	Ordinal0 [0x002A4D79+85369]
	Ordinal0 [0x004B85DC+2262492]
	GetHandleVerifier [0x00742874+1487204]
	GetHandleVerifier [0x007423CD+1486013]
	GetHandleVerifier [0x0074A368+1518680]
	GetHandleVerifier [0x00742F4E+1488958]
	Ordinal0 [0x004AED0D+2223373]
	Ordinal0 [0x004BA12B+2269483]
	Ordinal0 [0x004BA26F+2269807]
	Ordinal0 [0x004CECB8+2354360]
	BaseThreadInitThunk [0x75516359+25]
	RtlGetAppContainerNamedObjectPath [0x77D38944+228]
	RtlGetAppContainerNamedObjectPath [0x77D38914+180]

	at org.openqa.selenium.remote.W3CHandshakeResponse.lambda$errorHandler$0(W3CHandshakeResponse.java:62)
	at org.openqa.selenium.remote.HandshakeResponse.lambda$getResponseFunction$0(HandshakeResponse.java:30)
	at org.openqa.selenium.remote.ProtocolHandshake.lambda$createSession$0(ProtocolHandshake.java:126)
	at java.util.stream.ReferencePipeline$3$1.accept(Unknown Source)
	at java.util.Spliterators$ArraySpliterator.tryAdvance(Unknown Source)
	at java.util.stream.ReferencePipeline.forEachWithCancel(Unknown Source)
	at java.util.stream.AbstractPipeline.copyIntoWithCancel(Unknown Source)
	at java.util.stream.AbstractPipeline.copyInto(Unknown Source)
	at java.util.stream.AbstractPipeline.wrapAndCopyInto(Unknown Source)
	at java.util.stream.FindOps$FindOp.evaluateSequential(Unknown Source)
	at java.util.stream.AbstractPipeline.evaluate(Unknown Source)
	at java.util.stream.ReferencePipeline.findFirst(Unknown Source)
	at org.openqa.selenium.remote.ProtocolHandshake.createSession(ProtocolHandshake.java:128)
	at org.openqa.selenium.remote.ProtocolHandshake.createSession(ProtocolHandshake.java:74)
	at org.openqa.selenium.remote.HttpCommandExecutor.execute(HttpCommandExecutor.java:136)
	at org.openqa.selenium.remote.service.DriverCommandExecutor.execute(DriverCommandExecutor.java:83)
	at org.openqa.selenium.remote.RemoteWebDriver.execute(RemoteWebDriver.java:552)
	at org.openqa.selenium.remote.RemoteWebDriver.startSession(RemoteWebDriver.java:213)
	at org.openqa.selenium.remote.RemoteWebDriver.&lt;init&gt;(RemoteWebDriver.java:131)
	at org.openqa.selenium.chrome.ChromeDriver.&lt;init&gt;(ChromeDriver.java:181)
	at org.openqa.selenium.chrome.ChromeDriver.&lt;init&gt;(ChromeDriver.java:168)
	at org.openqa.selenium.chrome.ChromeDriver.&lt;init&gt;(ChromeDriver.java:123)
	at baseclass.BaseClassWalmart.initialization(BaseClassWalmart.java:44)
	at com.WalmartTestCases.TestRegistrationWalmart.satup(TestRegistrationWalmart.java:27)
	at java.util.ArrayList.forEach(Unknown Source)
... Removed 45 stack frames</div></td></tr></table><p class="totop"><a href="#summary">back to summary</a></p>
<h3 id="m32">com.WalmartTestCases.TestRegistrationWalmart#registrationLastName_Test9</h3><table class="result"><tr><th>Exception</th></tr><tr><td><div class="stacktrace">org.openqa.selenium.SessionNotCreatedException: session not created
from timeout: Timed out receiving message from renderer: 600.000
  (Session info: chrome=88.0.4324.182)
Build info: version: &apos;3.141.59&apos;, revision: &apos;e82be7d358&apos;, time: &apos;2018-11-14T08:17:03&apos;
System info: host: &apos;PREYAL&apos;, ip: &apos;192.168.25.1&apos;, os.name: &apos;Windows 10&apos;, os.arch: &apos;amd64&apos;, os.version: &apos;10.0&apos;, java.version: &apos;1.8.0_281&apos;
Driver info: driver.version: ChromeDriver
remote stacktrace: Backtrace:
	Ordinal0 [0x005BC0C3+3326147]
	Ordinal0 [0x004A0851+2164817]
	Ordinal0 [0x00327298+619160]
	Ordinal0 [0x0031B17F+569727]
	Ordinal0 [0x0031A421+566305]
	Ordinal0 [0x0031A815+567317]
	Ordinal0 [0x0031A135+565557]
	Ordinal0 [0x003238B1+604337]
	Ordinal0 [0x0031A0F1+565489]
	Ordinal0 [0x0031AEA2+568994]
	Ordinal0 [0x0031A421+566305]
	Ordinal0 [0x0031A815+567317]
	Ordinal0 [0x0031A135+565557]
	Ordinal0 [0x00321D2C+597292]
	Ordinal0 [0x0031A0F1+565489]
	Ordinal0 [0x0031AEA2+568994]
	Ordinal0 [0x0031A421+566305]
	Ordinal0 [0x0031A815+567317]
	Ordinal0 [0x0031A135+565557]
	Ordinal0 [0x0031FE62+589410]
	Ordinal0 [0x0031A0F1+565489]
	Ordinal0 [0x0031AEA2+568994]
	Ordinal0 [0x0031A421+566305]
	Ordinal0 [0x0031A815+567317]
	Ordinal0 [0x0031A135+565557]
	Ordinal0 [0x0031F075+585845]
	Ordinal0 [0x0031A0F1+565489]
	Ordinal0 [0x0031AEA2+568994]
	Ordinal0 [0x0031A421+566305]
	Ordinal0 [0x0031A815+567317]
	Ordinal0 [0x0031A135+565557]
	Ordinal0 [0x00316776+550774]
	Ordinal0 [0x0031A0F1+565489]
	Ordinal0 [0x00319F13+565011]
	Ordinal0 [0x00319D07+564487]
	Ordinal0 [0x003282C0+623296]
	Ordinal0 [0x002C6BDD+224221]
	Ordinal0 [0x002C5CAC+220332]
	Ordinal0 [0x002C189B+202907]
	Ordinal0 [0x002A3DF4+81396]
	Ordinal0 [0x002A4DEE+85486]
	Ordinal0 [0x002A4D79+85369]
	Ordinal0 [0x004B85DC+2262492]
	GetHandleVerifier [0x00742874+1487204]
	GetHandleVerifier [0x007423CD+1486013]
	GetHandleVerifier [0x0074A368+1518680]
	GetHandleVerifier [0x00742F4E+1488958]
	Ordinal0 [0x004AED0D+2223373]
	Ordinal0 [0x004BA12B+2269483]
	Ordinal0 [0x004BA26F+2269807]
	Ordinal0 [0x004CECB8+2354360]
	BaseThreadInitThunk [0x75516359+25]
	RtlGetAppContainerNamedObjectPath [0x77D38944+228]
	RtlGetAppContainerNamedObjectPath [0x77D38914+180]

	at org.openqa.selenium.remote.W3CHandshakeResponse.lambda$errorHandler$0(W3CHandshakeResponse.java:62)
	at org.openqa.selenium.remote.HandshakeResponse.lambda$getResponseFunction$0(HandshakeResponse.java:30)
	at org.openqa.selenium.remote.ProtocolHandshake.lambda$createSession$0(ProtocolHandshake.java:126)
	at java.util.stream.ReferencePipeline$3$1.accept(Unknown Source)
	at java.util.Spliterators$ArraySpliterator.tryAdvance(Unknown Source)
	at java.util.stream.ReferencePipeline.forEachWithCancel(Unknown Source)
	at java.util.stream.AbstractPipeline.copyIntoWithCancel(Unknown Source)
	at java.util.stream.AbstractPipeline.copyInto(Unknown Source)
	at java.util.stream.AbstractPipeline.wrapAndCopyInto(Unknown Source)
	at java.util.stream.FindOps$FindOp.evaluateSequential(Unknown Source)
	at java.util.stream.AbstractPipeline.evaluate(Unknown Source)
	at java.util.stream.ReferencePipeline.findFirst(Unknown Source)
	at org.openqa.selenium.remote.ProtocolHandshake.createSession(ProtocolHandshake.java:128)
	at org.openqa.selenium.remote.ProtocolHandshake.createSession(ProtocolHandshake.java:74)
	at org.openqa.selenium.remote.HttpCommandExecutor.execute(HttpCommandExecutor.java:136)
	at org.openqa.selenium.remote.service.DriverCommandExecutor.execute(DriverCommandExecutor.java:83)
	at org.openqa.selenium.remote.RemoteWebDriver.execute(RemoteWebDriver.java:552)
	at org.openqa.selenium.remote.RemoteWebDriver.startSession(RemoteWebDriver.java:213)
	at org.openqa.selenium.remote.RemoteWebDriver.&lt;init&gt;(RemoteWebDriver.java:131)
	at org.openqa.selenium.chrome.ChromeDriver.&lt;init&gt;(ChromeDriver.java:181)
	at org.openqa.selenium.chrome.ChromeDriver.&lt;init&gt;(ChromeDriver.java:168)
	at org.openqa.selenium.chrome.ChromeDriver.&lt;init&gt;(ChromeDriver.java:123)
	at baseclass.BaseClassWalmart.initialization(BaseClassWalmart.java:44)
	at com.WalmartTestCases.TestRegistrationWalmart.satup(TestRegistrationWalmart.java:27)
	at java.util.ArrayList.forEach(Unknown Source)
... Removed 45 stack frames</div></td></tr></table><p class="totop"><a href="#summary">back to summary</a></p>
<h3 id="m33">com.WalmartTestCases.TestRegistrationWalmart#registrationNullFirstLastName_Test16</h3><table class="result"><tr><th>Exception</th></tr><tr><td><div class="stacktrace">org.openqa.selenium.SessionNotCreatedException: session not created
from timeout: Timed out receiving message from renderer: 600.000
  (Session info: chrome=88.0.4324.182)
Build info: version: &apos;3.141.59&apos;, revision: &apos;e82be7d358&apos;, time: &apos;2018-11-14T08:17:03&apos;
System info: host: &apos;PREYAL&apos;, ip: &apos;192.168.25.1&apos;, os.name: &apos;Windows 10&apos;, os.arch: &apos;amd64&apos;, os.version: &apos;10.0&apos;, java.version: &apos;1.8.0_281&apos;
Driver info: driver.version: ChromeDriver
remote stacktrace: Backtrace:
	Ordinal0 [0x005BC0C3+3326147]
	Ordinal0 [0x004A0851+2164817]
	Ordinal0 [0x00327298+619160]
	Ordinal0 [0x0031B17F+569727]
	Ordinal0 [0x0031A421+566305]
	Ordinal0 [0x0031A815+567317]
	Ordinal0 [0x0031A135+565557]
	Ordinal0 [0x003238B1+604337]
	Ordinal0 [0x0031A0F1+565489]
	Ordinal0 [0x0031AEA2+568994]
	Ordinal0 [0x0031A421+566305]
	Ordinal0 [0x0031A815+567317]
	Ordinal0 [0x0031A135+565557]
	Ordinal0 [0x00321D2C+597292]
	Ordinal0 [0x0031A0F1+565489]
	Ordinal0 [0x0031AEA2+568994]
	Ordinal0 [0x0031A421+566305]
	Ordinal0 [0x0031A815+567317]
	Ordinal0 [0x0031A135+565557]
	Ordinal0 [0x0031FE62+589410]
	Ordinal0 [0x0031A0F1+565489]
	Ordinal0 [0x0031AEA2+568994]
	Ordinal0 [0x0031A421+566305]
	Ordinal0 [0x0031A815+567317]
	Ordinal0 [0x0031A135+565557]
	Ordinal0 [0x0031F075+585845]
	Ordinal0 [0x0031A0F1+565489]
	Ordinal0 [0x0031AEA2+568994]
	Ordinal0 [0x0031A421+566305]
	Ordinal0 [0x0031A815+567317]
	Ordinal0 [0x0031A135+565557]
	Ordinal0 [0x00316776+550774]
	Ordinal0 [0x0031A0F1+565489]
	Ordinal0 [0x00319F13+565011]
	Ordinal0 [0x00319D07+564487]
	Ordinal0 [0x003282C0+623296]
	Ordinal0 [0x002C6BDD+224221]
	Ordinal0 [0x002C5CAC+220332]
	Ordinal0 [0x002C189B+202907]
	Ordinal0 [0x002A3DF4+81396]
	Ordinal0 [0x002A4DEE+85486]
	Ordinal0 [0x002A4D79+85369]
	Ordinal0 [0x004B85DC+2262492]
	GetHandleVerifier [0x00742874+1487204]
	GetHandleVerifier [0x007423CD+1486013]
	GetHandleVerifier [0x0074A368+1518680]
	GetHandleVerifier [0x00742F4E+1488958]
	Ordinal0 [0x004AED0D+2223373]
	Ordinal0 [0x004BA12B+2269483]
	Ordinal0 [0x004BA26F+2269807]
	Ordinal0 [0x004CECB8+2354360]
	BaseThreadInitThunk [0x75516359+25]
	RtlGetAppContainerNamedObjectPath [0x77D38944+228]
	RtlGetAppContainerNamedObjectPath [0x77D38914+180]

	at org.openqa.selenium.remote.W3CHandshakeResponse.lambda$errorHandler$0(W3CHandshakeResponse.java:62)
	at org.openqa.selenium.remote.HandshakeResponse.lambda$getResponseFunction$0(HandshakeResponse.java:30)
	at org.openqa.selenium.remote.ProtocolHandshake.lambda$createSession$0(ProtocolHandshake.java:126)
	at java.util.stream.ReferencePipeline$3$1.accept(Unknown Source)
	at java.util.Spliterators$ArraySpliterator.tryAdvance(Unknown Source)
	at java.util.stream.ReferencePipeline.forEachWithCancel(Unknown Source)
	at java.util.stream.AbstractPipeline.copyIntoWithCancel(Unknown Source)
	at java.util.stream.AbstractPipeline.copyInto(Unknown Source)
	at java.util.stream.AbstractPipeline.wrapAndCopyInto(Unknown Source)
	at java.util.stream.FindOps$FindOp.evaluateSequential(Unknown Source)
	at java.util.stream.AbstractPipeline.evaluate(Unknown Source)
	at java.util.stream.ReferencePipeline.findFirst(Unknown Source)
	at org.openqa.selenium.remote.ProtocolHandshake.createSession(ProtocolHandshake.java:128)
	at org.openqa.selenium.remote.ProtocolHandshake.createSession(ProtocolHandshake.java:74)
	at org.openqa.selenium.remote.HttpCommandExecutor.execute(HttpCommandExecutor.java:136)
	at org.openqa.selenium.remote.service.DriverCommandExecutor.execute(DriverCommandExecutor.java:83)
	at org.openqa.selenium.remote.RemoteWebDriver.execute(RemoteWebDriver.java:552)
	at org.openqa.selenium.remote.RemoteWebDriver.startSession(RemoteWebDriver.java:213)
	at org.openqa.selenium.remote.RemoteWebDriver.&lt;init&gt;(RemoteWebDriver.java:131)
	at org.openqa.selenium.chrome.ChromeDriver.&lt;init&gt;(ChromeDriver.java:181)
	at org.openqa.selenium.chrome.ChromeDriver.&lt;init&gt;(ChromeDriver.java:168)
	at org.openqa.selenium.chrome.ChromeDriver.&lt;init&gt;(ChromeDriver.java:123)
	at baseclass.BaseClassWalmart.initialization(BaseClassWalmart.java:44)
	at com.WalmartTestCases.TestRegistrationWalmart.satup(TestRegistrationWalmart.java:27)
	at java.util.ArrayList.forEach(Unknown Source)
... Removed 45 stack frames</div></td></tr></table><p class="totop"><a href="#summary">back to summary</a></p>
<h3 id="m34">com.WalmartTestCases.TestRegistrationWalmart#registrationPasswordStrangth_Test19</h3><table class="result"><tr><th>Exception</th></tr><tr><td><div class="stacktrace">org.openqa.selenium.SessionNotCreatedException: session not created
from timeout: Timed out receiving message from renderer: 600.000
  (Session info: chrome=88.0.4324.182)
Build info: version: &apos;3.141.59&apos;, revision: &apos;e82be7d358&apos;, time: &apos;2018-11-14T08:17:03&apos;
System info: host: &apos;PREYAL&apos;, ip: &apos;192.168.25.1&apos;, os.name: &apos;Windows 10&apos;, os.arch: &apos;amd64&apos;, os.version: &apos;10.0&apos;, java.version: &apos;1.8.0_281&apos;
Driver info: driver.version: ChromeDriver
remote stacktrace: Backtrace:
	Ordinal0 [0x005BC0C3+3326147]
	Ordinal0 [0x004A0851+2164817]
	Ordinal0 [0x00327298+619160]
	Ordinal0 [0x0031B17F+569727]
	Ordinal0 [0x0031A421+566305]
	Ordinal0 [0x0031A815+567317]
	Ordinal0 [0x0031A135+565557]
	Ordinal0 [0x003238B1+604337]
	Ordinal0 [0x0031A0F1+565489]
	Ordinal0 [0x0031AEA2+568994]
	Ordinal0 [0x0031A421+566305]
	Ordinal0 [0x0031A815+567317]
	Ordinal0 [0x0031A135+565557]
	Ordinal0 [0x00321D2C+597292]
	Ordinal0 [0x0031A0F1+565489]
	Ordinal0 [0x0031AEA2+568994]
	Ordinal0 [0x0031A421+566305]
	Ordinal0 [0x0031A815+567317]
	Ordinal0 [0x0031A135+565557]
	Ordinal0 [0x0031FE62+589410]
	Ordinal0 [0x0031A0F1+565489]
	Ordinal0 [0x0031AEA2+568994]
	Ordinal0 [0x0031A421+566305]
	Ordinal0 [0x0031A815+567317]
	Ordinal0 [0x0031A135+565557]
	Ordinal0 [0x0031F075+585845]
	Ordinal0 [0x0031A0F1+565489]
	Ordinal0 [0x0031AEA2+568994]
	Ordinal0 [0x0031A421+566305]
	Ordinal0 [0x0031A815+567317]
	Ordinal0 [0x0031A135+565557]
	Ordinal0 [0x00316776+550774]
	Ordinal0 [0x0031A0F1+565489]
	Ordinal0 [0x00319F13+565011]
	Ordinal0 [0x00319D07+564487]
	Ordinal0 [0x003282C0+623296]
	Ordinal0 [0x002C6BDD+224221]
	Ordinal0 [0x002C5CAC+220332]
	Ordinal0 [0x002C189B+202907]
	Ordinal0 [0x002A3DF4+81396]
	Ordinal0 [0x002A4DEE+85486]
	Ordinal0 [0x002A4D79+85369]
	Ordinal0 [0x004B85DC+2262492]
	GetHandleVerifier [0x00742874+1487204]
	GetHandleVerifier [0x007423CD+1486013]
	GetHandleVerifier [0x0074A368+1518680]
	GetHandleVerifier [0x00742F4E+1488958]
	Ordinal0 [0x004AED0D+2223373]
	Ordinal0 [0x004BA12B+2269483]
	Ordinal0 [0x004BA26F+2269807]
	Ordinal0 [0x004CECB8+2354360]
	BaseThreadInitThunk [0x75516359+25]
	RtlGetAppContainerNamedObjectPath [0x77D38944+228]
	RtlGetAppContainerNamedObjectPath [0x77D38914+180]

	at org.openqa.selenium.remote.W3CHandshakeResponse.lambda$errorHandler$0(W3CHandshakeResponse.java:62)
	at org.openqa.selenium.remote.HandshakeResponse.lambda$getResponseFunction$0(HandshakeResponse.java:30)
	at org.openqa.selenium.remote.ProtocolHandshake.lambda$createSession$0(ProtocolHandshake.java:126)
	at java.util.stream.ReferencePipeline$3$1.accept(Unknown Source)
	at java.util.Spliterators$ArraySpliterator.tryAdvance(Unknown Source)
	at java.util.stream.ReferencePipeline.forEachWithCancel(Unknown Source)
	at java.util.stream.AbstractPipeline.copyIntoWithCancel(Unknown Source)
	at java.util.stream.AbstractPipeline.copyInto(Unknown Source)
	at java.util.stream.AbstractPipeline.wrapAndCopyInto(Unknown Source)
	at java.util.stream.FindOps$FindOp.evaluateSequential(Unknown Source)
	at java.util.stream.AbstractPipeline.evaluate(Unknown Source)
	at java.util.stream.ReferencePipeline.findFirst(Unknown Source)
	at org.openqa.selenium.remote.ProtocolHandshake.createSession(ProtocolHandshake.java:128)
	at org.openqa.selenium.remote.ProtocolHandshake.createSession(ProtocolHandshake.java:74)
	at org.openqa.selenium.remote.HttpCommandExecutor.execute(HttpCommandExecutor.java:136)
	at org.openqa.selenium.remote.service.DriverCommandExecutor.execute(DriverCommandExecutor.java:83)
	at org.openqa.selenium.remote.RemoteWebDriver.execute(RemoteWebDriver.java:552)
	at org.openqa.selenium.remote.RemoteWebDriver.startSession(RemoteWebDriver.java:213)
	at org.openqa.selenium.remote.RemoteWebDriver.&lt;init&gt;(RemoteWebDriver.java:131)
	at org.openqa.selenium.chrome.ChromeDriver.&lt;init&gt;(ChromeDriver.java:181)
	at org.openqa.selenium.chrome.ChromeDriver.&lt;init&gt;(ChromeDriver.java:168)
	at org.openqa.selenium.chrome.ChromeDriver.&lt;init&gt;(ChromeDriver.java:123)
	at baseclass.BaseClassWalmart.initialization(BaseClassWalmart.java:44)
	at com.WalmartTestCases.TestRegistrationWalmart.satup(TestRegistrationWalmart.java:27)
	at java.util.ArrayList.forEach(Unknown Source)
... Removed 45 stack frames</div></td></tr></table><p class="totop"><a href="#summary">back to summary</a></p>
<h3 id="m35">com.WalmartTestCases.TestRegistrationWalmart#registrationPhoneNumber_Test12</h3><table class="result"><tr><th>Exception</th></tr><tr><td><div class="stacktrace">org.openqa.selenium.SessionNotCreatedException: session not created
from timeout: Timed out receiving message from renderer: 600.000
  (Session info: chrome=88.0.4324.182)
Build info: version: &apos;3.141.59&apos;, revision: &apos;e82be7d358&apos;, time: &apos;2018-11-14T08:17:03&apos;
System info: host: &apos;PREYAL&apos;, ip: &apos;192.168.25.1&apos;, os.name: &apos;Windows 10&apos;, os.arch: &apos;amd64&apos;, os.version: &apos;10.0&apos;, java.version: &apos;1.8.0_281&apos;
Driver info: driver.version: ChromeDriver
remote stacktrace: Backtrace:
	Ordinal0 [0x005BC0C3+3326147]
	Ordinal0 [0x004A0851+2164817]
	Ordinal0 [0x00327298+619160]
	Ordinal0 [0x0031B17F+569727]
	Ordinal0 [0x0031A421+566305]
	Ordinal0 [0x0031A815+567317]
	Ordinal0 [0x0031A135+565557]
	Ordinal0 [0x003238B1+604337]
	Ordinal0 [0x0031A0F1+565489]
	Ordinal0 [0x0031AEA2+568994]
	Ordinal0 [0x0031A421+566305]
	Ordinal0 [0x0031A815+567317]
	Ordinal0 [0x0031A135+565557]
	Ordinal0 [0x00321D2C+597292]
	Ordinal0 [0x0031A0F1+565489]
	Ordinal0 [0x0031AEA2+568994]
	Ordinal0 [0x0031A421+566305]
	Ordinal0 [0x0031A815+567317]
	Ordinal0 [0x0031A135+565557]
	Ordinal0 [0x0031FE62+589410]
	Ordinal0 [0x0031A0F1+565489]
	Ordinal0 [0x0031AEA2+568994]
	Ordinal0 [0x0031A421+566305]
	Ordinal0 [0x0031A815+567317]
	Ordinal0 [0x0031A135+565557]
	Ordinal0 [0x0031F075+585845]
	Ordinal0 [0x0031A0F1+565489]
	Ordinal0 [0x0031AEA2+568994]
	Ordinal0 [0x0031A421+566305]
	Ordinal0 [0x0031A815+567317]
	Ordinal0 [0x0031A135+565557]
	Ordinal0 [0x00316776+550774]
	Ordinal0 [0x0031A0F1+565489]
	Ordinal0 [0x00319F13+565011]
	Ordinal0 [0x00319D07+564487]
	Ordinal0 [0x003282C0+623296]
	Ordinal0 [0x002C6BDD+224221]
	Ordinal0 [0x002C5CAC+220332]
	Ordinal0 [0x002C189B+202907]
	Ordinal0 [0x002A3DF4+81396]
	Ordinal0 [0x002A4DEE+85486]
	Ordinal0 [0x002A4D79+85369]
	Ordinal0 [0x004B85DC+2262492]
	GetHandleVerifier [0x00742874+1487204]
	GetHandleVerifier [0x007423CD+1486013]
	GetHandleVerifier [0x0074A368+1518680]
	GetHandleVerifier [0x00742F4E+1488958]
	Ordinal0 [0x004AED0D+2223373]
	Ordinal0 [0x004BA12B+2269483]
	Ordinal0 [0x004BA26F+2269807]
	Ordinal0 [0x004CECB8+2354360]
	BaseThreadInitThunk [0x75516359+25]
	RtlGetAppContainerNamedObjectPath [0x77D38944+228]
	RtlGetAppContainerNamedObjectPath [0x77D38914+180]

	at org.openqa.selenium.remote.W3CHandshakeResponse.lambda$errorHandler$0(W3CHandshakeResponse.java:62)
	at org.openqa.selenium.remote.HandshakeResponse.lambda$getResponseFunction$0(HandshakeResponse.java:30)
	at org.openqa.selenium.remote.ProtocolHandshake.lambda$createSession$0(ProtocolHandshake.java:126)
	at java.util.stream.ReferencePipeline$3$1.accept(Unknown Source)
	at java.util.Spliterators$ArraySpliterator.tryAdvance(Unknown Source)
	at java.util.stream.ReferencePipeline.forEachWithCancel(Unknown Source)
	at java.util.stream.AbstractPipeline.copyIntoWithCancel(Unknown Source)
	at java.util.stream.AbstractPipeline.copyInto(Unknown Source)
	at java.util.stream.AbstractPipeline.wrapAndCopyInto(Unknown Source)
	at java.util.stream.FindOps$FindOp.evaluateSequential(Unknown Source)
	at java.util.stream.AbstractPipeline.evaluate(Unknown Source)
	at java.util.stream.ReferencePipeline.findFirst(Unknown Source)
	at org.openqa.selenium.remote.ProtocolHandshake.createSession(ProtocolHandshake.java:128)
	at org.openqa.selenium.remote.ProtocolHandshake.createSession(ProtocolHandshake.java:74)
	at org.openqa.selenium.remote.HttpCommandExecutor.execute(HttpCommandExecutor.java:136)
	at org.openqa.selenium.remote.service.DriverCommandExecutor.execute(DriverCommandExecutor.java:83)
	at org.openqa.selenium.remote.RemoteWebDriver.execute(RemoteWebDriver.java:552)
	at org.openqa.selenium.remote.RemoteWebDriver.startSession(RemoteWebDriver.java:213)
	at org.openqa.selenium.remote.RemoteWebDriver.&lt;init&gt;(RemoteWebDriver.java:131)
	at org.openqa.selenium.chrome.ChromeDriver.&lt;init&gt;(ChromeDriver.java:181)
	at org.openqa.selenium.chrome.ChromeDriver.&lt;init&gt;(ChromeDriver.java:168)
	at org.openqa.selenium.chrome.ChromeDriver.&lt;init&gt;(ChromeDriver.java:123)
	at baseclass.BaseClassWalmart.initialization(BaseClassWalmart.java:44)
	at com.WalmartTestCases.TestRegistrationWalmart.satup(TestRegistrationWalmart.java:27)
	at java.util.ArrayList.forEach(Unknown Source)
... Removed 45 stack frames</div></td></tr></table><p class="totop"><a href="#summary">back to summary</a></p>
<h3 id="m36">com.WalmartTestCases.TestRegistrationWalmart#registrationPhoneNumber_Test13</h3><table class="result"><tr><th>Exception</th></tr><tr><td><div class="stacktrace">org.openqa.selenium.SessionNotCreatedException: session not created
from timeout: Timed out receiving message from renderer: 600.000
  (Session info: chrome=88.0.4324.182)
Build info: version: &apos;3.141.59&apos;, revision: &apos;e82be7d358&apos;, time: &apos;2018-11-14T08:17:03&apos;
System info: host: &apos;PREYAL&apos;, ip: &apos;192.168.25.1&apos;, os.name: &apos;Windows 10&apos;, os.arch: &apos;amd64&apos;, os.version: &apos;10.0&apos;, java.version: &apos;1.8.0_281&apos;
Driver info: driver.version: ChromeDriver
remote stacktrace: Backtrace:
	Ordinal0 [0x005BC0C3+3326147]
	Ordinal0 [0x004A0851+2164817]
	Ordinal0 [0x00327298+619160]
	Ordinal0 [0x0031B17F+569727]
	Ordinal0 [0x0031A421+566305]
	Ordinal0 [0x0031A815+567317]
	Ordinal0 [0x0031A135+565557]
	Ordinal0 [0x003238B1+604337]
	Ordinal0 [0x0031A0F1+565489]
	Ordinal0 [0x0031AEA2+568994]
	Ordinal0 [0x0031A421+566305]
	Ordinal0 [0x0031A815+567317]
	Ordinal0 [0x0031A135+565557]
	Ordinal0 [0x00321D2C+597292]
	Ordinal0 [0x0031A0F1+565489]
	Ordinal0 [0x0031AEA2+568994]
	Ordinal0 [0x0031A421+566305]
	Ordinal0 [0x0031A815+567317]
	Ordinal0 [0x0031A135+565557]
	Ordinal0 [0x0031FE62+589410]
	Ordinal0 [0x0031A0F1+565489]
	Ordinal0 [0x0031AEA2+568994]
	Ordinal0 [0x0031A421+566305]
	Ordinal0 [0x0031A815+567317]
	Ordinal0 [0x0031A135+565557]
	Ordinal0 [0x0031F075+585845]
	Ordinal0 [0x0031A0F1+565489]
	Ordinal0 [0x0031AEA2+568994]
	Ordinal0 [0x0031A421+566305]
	Ordinal0 [0x0031A815+567317]
	Ordinal0 [0x0031A135+565557]
	Ordinal0 [0x00316776+550774]
	Ordinal0 [0x0031A0F1+565489]
	Ordinal0 [0x00319F13+565011]
	Ordinal0 [0x00319D07+564487]
	Ordinal0 [0x003282C0+623296]
	Ordinal0 [0x002C6BDD+224221]
	Ordinal0 [0x002C5CAC+220332]
	Ordinal0 [0x002C189B+202907]
	Ordinal0 [0x002A3DF4+81396]
	Ordinal0 [0x002A4DEE+85486]
	Ordinal0 [0x002A4D79+85369]
	Ordinal0 [0x004B85DC+2262492]
	GetHandleVerifier [0x00742874+1487204]
	GetHandleVerifier [0x007423CD+1486013]
	GetHandleVerifier [0x0074A368+1518680]
	GetHandleVerifier [0x00742F4E+1488958]
	Ordinal0 [0x004AED0D+2223373]
	Ordinal0 [0x004BA12B+2269483]
	Ordinal0 [0x004BA26F+2269807]
	Ordinal0 [0x004CECB8+2354360]
	BaseThreadInitThunk [0x75516359+25]
	RtlGetAppContainerNamedObjectPath [0x77D38944+228]
	RtlGetAppContainerNamedObjectPath [0x77D38914+180]

	at org.openqa.selenium.remote.W3CHandshakeResponse.lambda$errorHandler$0(W3CHandshakeResponse.java:62)
	at org.openqa.selenium.remote.HandshakeResponse.lambda$getResponseFunction$0(HandshakeResponse.java:30)
	at org.openqa.selenium.remote.ProtocolHandshake.lambda$createSession$0(ProtocolHandshake.java:126)
	at java.util.stream.ReferencePipeline$3$1.accept(Unknown Source)
	at java.util.Spliterators$ArraySpliterator.tryAdvance(Unknown Source)
	at java.util.stream.ReferencePipeline.forEachWithCancel(Unknown Source)
	at java.util.stream.AbstractPipeline.copyIntoWithCancel(Unknown Source)
	at java.util.stream.AbstractPipeline.copyInto(Unknown Source)
	at java.util.stream.AbstractPipeline.wrapAndCopyInto(Unknown Source)
	at java.util.stream.FindOps$FindOp.evaluateSequential(Unknown Source)
	at java.util.stream.AbstractPipeline.evaluate(Unknown Source)
	at java.util.stream.ReferencePipeline.findFirst(Unknown Source)
	at org.openqa.selenium.remote.ProtocolHandshake.createSession(ProtocolHandshake.java:128)
	at org.openqa.selenium.remote.ProtocolHandshake.createSession(ProtocolHandshake.java:74)
	at org.openqa.selenium.remote.HttpCommandExecutor.execute(HttpCommandExecutor.java:136)
	at org.openqa.selenium.remote.service.DriverCommandExecutor.execute(DriverCommandExecutor.java:83)
	at org.openqa.selenium.remote.RemoteWebDriver.execute(RemoteWebDriver.java:552)
	at org.openqa.selenium.remote.RemoteWebDriver.startSession(RemoteWebDriver.java:213)
	at org.openqa.selenium.remote.RemoteWebDriver.&lt;init&gt;(RemoteWebDriver.java:131)
	at org.openqa.selenium.chrome.ChromeDriver.&lt;init&gt;(ChromeDriver.java:181)
	at org.openqa.selenium.chrome.ChromeDriver.&lt;init&gt;(ChromeDriver.java:168)
	at org.openqa.selenium.chrome.ChromeDriver.&lt;init&gt;(ChromeDriver.java:123)
	at baseclass.BaseClassWalmart.initialization(BaseClassWalmart.java:44)
	at com.WalmartTestCases.TestRegistrationWalmart.satup(TestRegistrationWalmart.java:27)
	at java.util.ArrayList.forEach(Unknown Source)
... Removed 45 stack frames</div></td></tr></table><p class="totop"><a href="#summary">back to summary</a></p>
<h3 id="m37">com.WalmartTestCases.TestRegistrationWalmart#registrationPhoneNumber_Test14</h3><table class="result"><tr><th>Exception</th></tr><tr><td><div class="stacktrace">org.openqa.selenium.SessionNotCreatedException: session not created
from timeout: Timed out receiving message from renderer: 600.000
  (Session info: chrome=88.0.4324.182)
Build info: version: &apos;3.141.59&apos;, revision: &apos;e82be7d358&apos;, time: &apos;2018-11-14T08:17:03&apos;
System info: host: &apos;PREYAL&apos;, ip: &apos;192.168.25.1&apos;, os.name: &apos;Windows 10&apos;, os.arch: &apos;amd64&apos;, os.version: &apos;10.0&apos;, java.version: &apos;1.8.0_281&apos;
Driver info: driver.version: ChromeDriver
remote stacktrace: Backtrace:
	Ordinal0 [0x005BC0C3+3326147]
	Ordinal0 [0x004A0851+2164817]
	Ordinal0 [0x00327298+619160]
	Ordinal0 [0x0031B17F+569727]
	Ordinal0 [0x0031A421+566305]
	Ordinal0 [0x0031A815+567317]
	Ordinal0 [0x0031A135+565557]
	Ordinal0 [0x003238B1+604337]
	Ordinal0 [0x0031A0F1+565489]
	Ordinal0 [0x0031AEA2+568994]
	Ordinal0 [0x0031A421+566305]
	Ordinal0 [0x0031A815+567317]
	Ordinal0 [0x0031A135+565557]
	Ordinal0 [0x00321D2C+597292]
	Ordinal0 [0x0031A0F1+565489]
	Ordinal0 [0x0031AEA2+568994]
	Ordinal0 [0x0031A421+566305]
	Ordinal0 [0x0031A815+567317]
	Ordinal0 [0x0031A135+565557]
	Ordinal0 [0x0031FE62+589410]
	Ordinal0 [0x0031A0F1+565489]
	Ordinal0 [0x0031AEA2+568994]
	Ordinal0 [0x0031A421+566305]
	Ordinal0 [0x0031A815+567317]
	Ordinal0 [0x0031A135+565557]
	Ordinal0 [0x0031F075+585845]
	Ordinal0 [0x0031A0F1+565489]
	Ordinal0 [0x0031AEA2+568994]
	Ordinal0 [0x0031A421+566305]
	Ordinal0 [0x0031A815+567317]
	Ordinal0 [0x0031A135+565557]
	Ordinal0 [0x00316776+550774]
	Ordinal0 [0x0031A0F1+565489]
	Ordinal0 [0x00319F13+565011]
	Ordinal0 [0x00319D07+564487]
	Ordinal0 [0x003282C0+623296]
	Ordinal0 [0x002C6BDD+224221]
	Ordinal0 [0x002C5CAC+220332]
	Ordinal0 [0x002C189B+202907]
	Ordinal0 [0x002A3DF4+81396]
	Ordinal0 [0x002A4DEE+85486]
	Ordinal0 [0x002A4D79+85369]
	Ordinal0 [0x004B85DC+2262492]
	GetHandleVerifier [0x00742874+1487204]
	GetHandleVerifier [0x007423CD+1486013]
	GetHandleVerifier [0x0074A368+1518680]
	GetHandleVerifier [0x00742F4E+1488958]
	Ordinal0 [0x004AED0D+2223373]
	Ordinal0 [0x004BA12B+2269483]
	Ordinal0 [0x004BA26F+2269807]
	Ordinal0 [0x004CECB8+2354360]
	BaseThreadInitThunk [0x75516359+25]
	RtlGetAppContainerNamedObjectPath [0x77D38944+228]
	RtlGetAppContainerNamedObjectPath [0x77D38914+180]

	at org.openqa.selenium.remote.W3CHandshakeResponse.lambda$errorHandler$0(W3CHandshakeResponse.java:62)
	at org.openqa.selenium.remote.HandshakeResponse.lambda$getResponseFunction$0(HandshakeResponse.java:30)
	at org.openqa.selenium.remote.ProtocolHandshake.lambda$createSession$0(ProtocolHandshake.java:126)
	at java.util.stream.ReferencePipeline$3$1.accept(Unknown Source)
	at java.util.Spliterators$ArraySpliterator.tryAdvance(Unknown Source)
	at java.util.stream.ReferencePipeline.forEachWithCancel(Unknown Source)
	at java.util.stream.AbstractPipeline.copyIntoWithCancel(Unknown Source)
	at java.util.stream.AbstractPipeline.copyInto(Unknown Source)
	at java.util.stream.AbstractPipeline.wrapAndCopyInto(Unknown Source)
	at java.util.stream.FindOps$FindOp.evaluateSequential(Unknown Source)
	at java.util.stream.AbstractPipeline.evaluate(Unknown Source)
	at java.util.stream.ReferencePipeline.findFirst(Unknown Source)
	at org.openqa.selenium.remote.ProtocolHandshake.createSession(ProtocolHandshake.java:128)
	at org.openqa.selenium.remote.ProtocolHandshake.createSession(ProtocolHandshake.java:74)
	at org.openqa.selenium.remote.HttpCommandExecutor.execute(HttpCommandExecutor.java:136)
	at org.openqa.selenium.remote.service.DriverCommandExecutor.execute(DriverCommandExecutor.java:83)
	at org.openqa.selenium.remote.RemoteWebDriver.execute(RemoteWebDriver.java:552)
	at org.openqa.selenium.remote.RemoteWebDriver.startSession(RemoteWebDriver.java:213)
	at org.openqa.selenium.remote.RemoteWebDriver.&lt;init&gt;(RemoteWebDriver.java:131)
	at org.openqa.selenium.chrome.ChromeDriver.&lt;init&gt;(ChromeDriver.java:181)
	at org.openqa.selenium.chrome.ChromeDriver.&lt;init&gt;(ChromeDriver.java:168)
	at org.openqa.selenium.chrome.ChromeDriver.&lt;init&gt;(ChromeDriver.java:123)
	at baseclass.BaseClassWalmart.initialization(BaseClassWalmart.java:44)
	at com.WalmartTestCases.TestRegistrationWalmart.satup(TestRegistrationWalmart.java:27)
	at java.util.ArrayList.forEach(Unknown Source)
... Removed 45 stack frames</div></td></tr></table><p class="totop"><a href="#summary">back to summary</a></p>
<h3 id="m38">com.WalmartTestCases.TestRegistrationWalmart#registrationPhoneNumber_Test15</h3><table class="result"><tr><th>Exception</th></tr><tr><td><div class="stacktrace">org.openqa.selenium.SessionNotCreatedException: session not created
from timeout: Timed out receiving message from renderer: 600.000
  (Session info: chrome=88.0.4324.182)
Build info: version: &apos;3.141.59&apos;, revision: &apos;e82be7d358&apos;, time: &apos;2018-11-14T08:17:03&apos;
System info: host: &apos;PREYAL&apos;, ip: &apos;192.168.25.1&apos;, os.name: &apos;Windows 10&apos;, os.arch: &apos;amd64&apos;, os.version: &apos;10.0&apos;, java.version: &apos;1.8.0_281&apos;
Driver info: driver.version: ChromeDriver
remote stacktrace: Backtrace:
	Ordinal0 [0x005BC0C3+3326147]
	Ordinal0 [0x004A0851+2164817]
	Ordinal0 [0x00327298+619160]
	Ordinal0 [0x0031B17F+569727]
	Ordinal0 [0x0031A421+566305]
	Ordinal0 [0x0031A815+567317]
	Ordinal0 [0x0031A135+565557]
	Ordinal0 [0x003238B1+604337]
	Ordinal0 [0x0031A0F1+565489]
	Ordinal0 [0x0031AEA2+568994]
	Ordinal0 [0x0031A421+566305]
	Ordinal0 [0x0031A815+567317]
	Ordinal0 [0x0031A135+565557]
	Ordinal0 [0x00321D2C+597292]
	Ordinal0 [0x0031A0F1+565489]
	Ordinal0 [0x0031AEA2+568994]
	Ordinal0 [0x0031A421+566305]
	Ordinal0 [0x0031A815+567317]
	Ordinal0 [0x0031A135+565557]
	Ordinal0 [0x0031FE62+589410]
	Ordinal0 [0x0031A0F1+565489]
	Ordinal0 [0x0031AEA2+568994]
	Ordinal0 [0x0031A421+566305]
	Ordinal0 [0x0031A815+567317]
	Ordinal0 [0x0031A135+565557]
	Ordinal0 [0x0031F075+585845]
	Ordinal0 [0x0031A0F1+565489]
	Ordinal0 [0x0031AEA2+568994]
	Ordinal0 [0x0031A421+566305]
	Ordinal0 [0x0031A815+567317]
	Ordinal0 [0x0031A135+565557]
	Ordinal0 [0x00316776+550774]
	Ordinal0 [0x0031A0F1+565489]
	Ordinal0 [0x00319F13+565011]
	Ordinal0 [0x00319D07+564487]
	Ordinal0 [0x003282C0+623296]
	Ordinal0 [0x002C6BDD+224221]
	Ordinal0 [0x002C5CAC+220332]
	Ordinal0 [0x002C189B+202907]
	Ordinal0 [0x002A3DF4+81396]
	Ordinal0 [0x002A4DEE+85486]
	Ordinal0 [0x002A4D79+85369]
	Ordinal0 [0x004B85DC+2262492]
	GetHandleVerifier [0x00742874+1487204]
	GetHandleVerifier [0x007423CD+1486013]
	GetHandleVerifier [0x0074A368+1518680]
	GetHandleVerifier [0x00742F4E+1488958]
	Ordinal0 [0x004AED0D+2223373]
	Ordinal0 [0x004BA12B+2269483]
	Ordinal0 [0x004BA26F+2269807]
	Ordinal0 [0x004CECB8+2354360]
	BaseThreadInitThunk [0x75516359+25]
	RtlGetAppContainerNamedObjectPath [0x77D38944+228]
	RtlGetAppContainerNamedObjectPath [0x77D38914+180]

	at org.openqa.selenium.remote.W3CHandshakeResponse.lambda$errorHandler$0(W3CHandshakeResponse.java:62)
	at org.openqa.selenium.remote.HandshakeResponse.lambda$getResponseFunction$0(HandshakeResponse.java:30)
	at org.openqa.selenium.remote.ProtocolHandshake.lambda$createSession$0(ProtocolHandshake.java:126)
	at java.util.stream.ReferencePipeline$3$1.accept(Unknown Source)
	at java.util.Spliterators$ArraySpliterator.tryAdvance(Unknown Source)
	at java.util.stream.ReferencePipeline.forEachWithCancel(Unknown Source)
	at java.util.stream.AbstractPipeline.copyIntoWithCancel(Unknown Source)
	at java.util.stream.AbstractPipeline.copyInto(Unknown Source)
	at java.util.stream.AbstractPipeline.wrapAndCopyInto(Unknown Source)
	at java.util.stream.FindOps$FindOp.evaluateSequential(Unknown Source)
	at java.util.stream.AbstractPipeline.evaluate(Unknown Source)
	at java.util.stream.ReferencePipeline.findFirst(Unknown Source)
	at org.openqa.selenium.remote.ProtocolHandshake.createSession(ProtocolHandshake.java:128)
	at org.openqa.selenium.remote.ProtocolHandshake.createSession(ProtocolHandshake.java:74)
	at org.openqa.selenium.remote.HttpCommandExecutor.execute(HttpCommandExecutor.java:136)
	at org.openqa.selenium.remote.service.DriverCommandExecutor.execute(DriverCommandExecutor.java:83)
	at org.openqa.selenium.remote.RemoteWebDriver.execute(RemoteWebDriver.java:552)
	at org.openqa.selenium.remote.RemoteWebDriver.startSession(RemoteWebDriver.java:213)
	at org.openqa.selenium.remote.RemoteWebDriver.&lt;init&gt;(RemoteWebDriver.java:131)
	at org.openqa.selenium.chrome.ChromeDriver.&lt;init&gt;(ChromeDriver.java:181)
	at org.openqa.selenium.chrome.ChromeDriver.&lt;init&gt;(ChromeDriver.java:168)
	at org.openqa.selenium.chrome.ChromeDriver.&lt;init&gt;(ChromeDriver.java:123)
	at baseclass.BaseClassWalmart.initialization(BaseClassWalmart.java:44)
	at com.WalmartTestCases.TestRegistrationWalmart.satup(TestRegistrationWalmart.java:27)
	at java.util.ArrayList.forEach(Unknown Source)
... Removed 45 stack frames</div></td></tr></table><p class="totop"><a href="#summary">back to summary</a></p>
<h3 id="m39">com.WalmartTestCases.TestRegistrationWalmart#registrationTermsOfUseCheckBox_Test17</h3><table class="result"><tr><th>Exception</th></tr><tr><td><div class="stacktrace">org.openqa.selenium.SessionNotCreatedException: session not created
from timeout: Timed out receiving message from renderer: 600.000
  (Session info: chrome=88.0.4324.182)
Build info: version: &apos;3.141.59&apos;, revision: &apos;e82be7d358&apos;, time: &apos;2018-11-14T08:17:03&apos;
System info: host: &apos;PREYAL&apos;, ip: &apos;192.168.25.1&apos;, os.name: &apos;Windows 10&apos;, os.arch: &apos;amd64&apos;, os.version: &apos;10.0&apos;, java.version: &apos;1.8.0_281&apos;
Driver info: driver.version: ChromeDriver
remote stacktrace: Backtrace:
	Ordinal0 [0x005BC0C3+3326147]
	Ordinal0 [0x004A0851+2164817]
	Ordinal0 [0x00327298+619160]
	Ordinal0 [0x0031B17F+569727]
	Ordinal0 [0x0031A421+566305]
	Ordinal0 [0x0031A815+567317]
	Ordinal0 [0x0031A135+565557]
	Ordinal0 [0x003238B1+604337]
	Ordinal0 [0x0031A0F1+565489]
	Ordinal0 [0x0031AEA2+568994]
	Ordinal0 [0x0031A421+566305]
	Ordinal0 [0x0031A815+567317]
	Ordinal0 [0x0031A135+565557]
	Ordinal0 [0x00321D2C+597292]
	Ordinal0 [0x0031A0F1+565489]
	Ordinal0 [0x0031AEA2+568994]
	Ordinal0 [0x0031A421+566305]
	Ordinal0 [0x0031A815+567317]
	Ordinal0 [0x0031A135+565557]
	Ordinal0 [0x0031FE62+589410]
	Ordinal0 [0x0031A0F1+565489]
	Ordinal0 [0x0031AEA2+568994]
	Ordinal0 [0x0031A421+566305]
	Ordinal0 [0x0031A815+567317]
	Ordinal0 [0x0031A135+565557]
	Ordinal0 [0x0031F075+585845]
	Ordinal0 [0x0031A0F1+565489]
	Ordinal0 [0x0031AEA2+568994]
	Ordinal0 [0x0031A421+566305]
	Ordinal0 [0x0031A815+567317]
	Ordinal0 [0x0031A135+565557]
	Ordinal0 [0x00316776+550774]
	Ordinal0 [0x0031A0F1+565489]
	Ordinal0 [0x00319F13+565011]
	Ordinal0 [0x00319D07+564487]
	Ordinal0 [0x003282C0+623296]
	Ordinal0 [0x002C6BDD+224221]
	Ordinal0 [0x002C5CAC+220332]
	Ordinal0 [0x002C189B+202907]
	Ordinal0 [0x002A3DF4+81396]
	Ordinal0 [0x002A4DEE+85486]
	Ordinal0 [0x002A4D79+85369]
	Ordinal0 [0x004B85DC+2262492]
	GetHandleVerifier [0x00742874+1487204]
	GetHandleVerifier [0x007423CD+1486013]
	GetHandleVerifier [0x0074A368+1518680]
	GetHandleVerifier [0x00742F4E+1488958]
	Ordinal0 [0x004AED0D+2223373]
	Ordinal0 [0x004BA12B+2269483]
	Ordinal0 [0x004BA26F+2269807]
	Ordinal0 [0x004CECB8+2354360]
	BaseThreadInitThunk [0x75516359+25]
	RtlGetAppContainerNamedObjectPath [0x77D38944+228]
	RtlGetAppContainerNamedObjectPath [0x77D38914+180]

	at org.openqa.selenium.remote.W3CHandshakeResponse.lambda$errorHandler$0(W3CHandshakeResponse.java:62)
	at org.openqa.selenium.remote.HandshakeResponse.lambda$getResponseFunction$0(HandshakeResponse.java:30)
	at org.openqa.selenium.remote.ProtocolHandshake.lambda$createSession$0(ProtocolHandshake.java:126)
	at java.util.stream.ReferencePipeline$3$1.accept(Unknown Source)
	at java.util.Spliterators$ArraySpliterator.tryAdvance(Unknown Source)
	at java.util.stream.ReferencePipeline.forEachWithCancel(Unknown Source)
	at java.util.stream.AbstractPipeline.copyIntoWithCancel(Unknown Source)
	at java.util.stream.AbstractPipeline.copyInto(Unknown Source)
	at java.util.stream.AbstractPipeline.wrapAndCopyInto(Unknown Source)
	at java.util.stream.FindOps$FindOp.evaluateSequential(Unknown Source)
	at java.util.stream.AbstractPipeline.evaluate(Unknown Source)
	at java.util.stream.ReferencePipeline.findFirst(Unknown Source)
	at org.openqa.selenium.remote.ProtocolHandshake.createSession(ProtocolHandshake.java:128)
	at org.openqa.selenium.remote.ProtocolHandshake.createSession(ProtocolHandshake.java:74)
	at org.openqa.selenium.remote.HttpCommandExecutor.execute(HttpCommandExecutor.java:136)
	at org.openqa.selenium.remote.service.DriverCommandExecutor.execute(DriverCommandExecutor.java:83)
	at org.openqa.selenium.remote.RemoteWebDriver.execute(RemoteWebDriver.java:552)
	at org.openqa.selenium.remote.RemoteWebDriver.startSession(RemoteWebDriver.java:213)
	at org.openqa.selenium.remote.RemoteWebDriver.&lt;init&gt;(RemoteWebDriver.java:131)
	at org.openqa.selenium.chrome.ChromeDriver.&lt;init&gt;(ChromeDriver.java:181)
	at org.openqa.selenium.chrome.ChromeDriver.&lt;init&gt;(ChromeDriver.java:168)
	at org.openqa.selenium.chrome.ChromeDriver.&lt;init&gt;(ChromeDriver.java:123)
	at baseclass.BaseClassWalmart.initialization(BaseClassWalmart.java:44)
	at com.WalmartTestCases.TestRegistrationWalmart.satup(TestRegistrationWalmart.java:27)
	at java.util.ArrayList.forEach(Unknown Source)
... Removed 45 stack frames</div></td></tr></table><p class="totop"><a href="#summary">back to summary</a></p>
<h3 id="m40">com.WalmartTestCases.TestRegistrationWalmart#registrationTermsOfUseCheckBox_Test18</h3><table class="result"><tr><th>Exception</th></tr><tr><td><div class="stacktrace">org.openqa.selenium.SessionNotCreatedException: session not created
from timeout: Timed out receiving message from renderer: 600.000
  (Session info: chrome=88.0.4324.182)
Build info: version: &apos;3.141.59&apos;, revision: &apos;e82be7d358&apos;, time: &apos;2018-11-14T08:17:03&apos;
System info: host: &apos;PREYAL&apos;, ip: &apos;192.168.25.1&apos;, os.name: &apos;Windows 10&apos;, os.arch: &apos;amd64&apos;, os.version: &apos;10.0&apos;, java.version: &apos;1.8.0_281&apos;
Driver info: driver.version: ChromeDriver
remote stacktrace: Backtrace:
	Ordinal0 [0x005BC0C3+3326147]
	Ordinal0 [0x004A0851+2164817]
	Ordinal0 [0x00327298+619160]
	Ordinal0 [0x0031B17F+569727]
	Ordinal0 [0x0031A421+566305]
	Ordinal0 [0x0031A815+567317]
	Ordinal0 [0x0031A135+565557]
	Ordinal0 [0x003238B1+604337]
	Ordinal0 [0x0031A0F1+565489]
	Ordinal0 [0x0031AEA2+568994]
	Ordinal0 [0x0031A421+566305]
	Ordinal0 [0x0031A815+567317]
	Ordinal0 [0x0031A135+565557]
	Ordinal0 [0x00321D2C+597292]
	Ordinal0 [0x0031A0F1+565489]
	Ordinal0 [0x0031AEA2+568994]
	Ordinal0 [0x0031A421+566305]
	Ordinal0 [0x0031A815+567317]
	Ordinal0 [0x0031A135+565557]
	Ordinal0 [0x0031FE62+589410]
	Ordinal0 [0x0031A0F1+565489]
	Ordinal0 [0x0031AEA2+568994]
	Ordinal0 [0x0031A421+566305]
	Ordinal0 [0x0031A815+567317]
	Ordinal0 [0x0031A135+565557]
	Ordinal0 [0x0031F075+585845]
	Ordinal0 [0x0031A0F1+565489]
	Ordinal0 [0x0031AEA2+568994]
	Ordinal0 [0x0031A421+566305]
	Ordinal0 [0x0031A815+567317]
	Ordinal0 [0x0031A135+565557]
	Ordinal0 [0x00316776+550774]
	Ordinal0 [0x0031A0F1+565489]
	Ordinal0 [0x00319F13+565011]
	Ordinal0 [0x00319D07+564487]
	Ordinal0 [0x003282C0+623296]
	Ordinal0 [0x002C6BDD+224221]
	Ordinal0 [0x002C5CAC+220332]
	Ordinal0 [0x002C189B+202907]
	Ordinal0 [0x002A3DF4+81396]
	Ordinal0 [0x002A4DEE+85486]
	Ordinal0 [0x002A4D79+85369]
	Ordinal0 [0x004B85DC+2262492]
	GetHandleVerifier [0x00742874+1487204]
	GetHandleVerifier [0x007423CD+1486013]
	GetHandleVerifier [0x0074A368+1518680]
	GetHandleVerifier [0x00742F4E+1488958]
	Ordinal0 [0x004AED0D+2223373]
	Ordinal0 [0x004BA12B+2269483]
	Ordinal0 [0x004BA26F+2269807]
	Ordinal0 [0x004CECB8+2354360]
	BaseThreadInitThunk [0x75516359+25]
	RtlGetAppContainerNamedObjectPath [0x77D38944+228]
	RtlGetAppContainerNamedObjectPath [0x77D38914+180]

	at org.openqa.selenium.remote.W3CHandshakeResponse.lambda$errorHandler$0(W3CHandshakeResponse.java:62)
	at org.openqa.selenium.remote.HandshakeResponse.lambda$getResponseFunction$0(HandshakeResponse.java:30)
	at org.openqa.selenium.remote.ProtocolHandshake.lambda$createSession$0(ProtocolHandshake.java:126)
	at java.util.stream.ReferencePipeline$3$1.accept(Unknown Source)
	at java.util.Spliterators$ArraySpliterator.tryAdvance(Unknown Source)
	at java.util.stream.ReferencePipeline.forEachWithCancel(Unknown Source)
	at java.util.stream.AbstractPipeline.copyIntoWithCancel(Unknown Source)
	at java.util.stream.AbstractPipeline.copyInto(Unknown Source)
	at java.util.stream.AbstractPipeline.wrapAndCopyInto(Unknown Source)
	at java.util.stream.FindOps$FindOp.evaluateSequential(Unknown Source)
	at java.util.stream.AbstractPipeline.evaluate(Unknown Source)
	at java.util.stream.ReferencePipeline.findFirst(Unknown Source)
	at org.openqa.selenium.remote.ProtocolHandshake.createSession(ProtocolHandshake.java:128)
	at org.openqa.selenium.remote.ProtocolHandshake.createSession(ProtocolHandshake.java:74)
	at org.openqa.selenium.remote.HttpCommandExecutor.execute(HttpCommandExecutor.java:136)
	at org.openqa.selenium.remote.service.DriverCommandExecutor.execute(DriverCommandExecutor.java:83)
	at org.openqa.selenium.remote.RemoteWebDriver.execute(RemoteWebDriver.java:552)
	at org.openqa.selenium.remote.RemoteWebDriver.startSession(RemoteWebDriver.java:213)
	at org.openqa.selenium.remote.RemoteWebDriver.&lt;init&gt;(RemoteWebDriver.java:131)
	at org.openqa.selenium.chrome.ChromeDriver.&lt;init&gt;(ChromeDriver.java:181)
	at org.openqa.selenium.chrome.ChromeDriver.&lt;init&gt;(ChromeDriver.java:168)
	at org.openqa.selenium.chrome.ChromeDriver.&lt;init&gt;(ChromeDriver.java:123)
	at baseclass.BaseClassWalmart.initialization(BaseClassWalmart.java:44)
	at com.WalmartTestCases.TestRegistrationWalmart.satup(TestRegistrationWalmart.java:27)
	at java.util.ArrayList.forEach(Unknown Source)
... Removed 45 stack frames</div></td></tr></table><p class="totop"><a href="#summary">back to summary</a></p>
<h3 id="m41">com.WalmartTestCases.TestRegistrationWalmart#registration_Test1</h3><table class="result"><tr><th>Exception</th></tr><tr><td><div class="stacktrace">org.openqa.selenium.SessionNotCreatedException: session not created
from timeout: Timed out receiving message from renderer: 600.000
  (Session info: chrome=88.0.4324.182)
Build info: version: &apos;3.141.59&apos;, revision: &apos;e82be7d358&apos;, time: &apos;2018-11-14T08:17:03&apos;
System info: host: &apos;PREYAL&apos;, ip: &apos;192.168.25.1&apos;, os.name: &apos;Windows 10&apos;, os.arch: &apos;amd64&apos;, os.version: &apos;10.0&apos;, java.version: &apos;1.8.0_281&apos;
Driver info: driver.version: ChromeDriver
remote stacktrace: Backtrace:
	Ordinal0 [0x005BC0C3+3326147]
	Ordinal0 [0x004A0851+2164817]
	Ordinal0 [0x00327298+619160]
	Ordinal0 [0x0031B17F+569727]
	Ordinal0 [0x0031A421+566305]
	Ordinal0 [0x0031A815+567317]
	Ordinal0 [0x0031A135+565557]
	Ordinal0 [0x003238B1+604337]
	Ordinal0 [0x0031A0F1+565489]
	Ordinal0 [0x0031AEA2+568994]
	Ordinal0 [0x0031A421+566305]
	Ordinal0 [0x0031A815+567317]
	Ordinal0 [0x0031A135+565557]
	Ordinal0 [0x00321D2C+597292]
	Ordinal0 [0x0031A0F1+565489]
	Ordinal0 [0x0031AEA2+568994]
	Ordinal0 [0x0031A421+566305]
	Ordinal0 [0x0031A815+567317]
	Ordinal0 [0x0031A135+565557]
	Ordinal0 [0x0031FE62+589410]
	Ordinal0 [0x0031A0F1+565489]
	Ordinal0 [0x0031AEA2+568994]
	Ordinal0 [0x0031A421+566305]
	Ordinal0 [0x0031A815+567317]
	Ordinal0 [0x0031A135+565557]
	Ordinal0 [0x0031F075+585845]
	Ordinal0 [0x0031A0F1+565489]
	Ordinal0 [0x0031AEA2+568994]
	Ordinal0 [0x0031A421+566305]
	Ordinal0 [0x0031A815+567317]
	Ordinal0 [0x0031A135+565557]
	Ordinal0 [0x00316776+550774]
	Ordinal0 [0x0031A0F1+565489]
	Ordinal0 [0x00319F13+565011]
	Ordinal0 [0x00319D07+564487]
	Ordinal0 [0x003282C0+623296]
	Ordinal0 [0x002C6BDD+224221]
	Ordinal0 [0x002C5CAC+220332]
	Ordinal0 [0x002C189B+202907]
	Ordinal0 [0x002A3DF4+81396]
	Ordinal0 [0x002A4DEE+85486]
	Ordinal0 [0x002A4D79+85369]
	Ordinal0 [0x004B85DC+2262492]
	GetHandleVerifier [0x00742874+1487204]
	GetHandleVerifier [0x007423CD+1486013]
	GetHandleVerifier [0x0074A368+1518680]
	GetHandleVerifier [0x00742F4E+1488958]
	Ordinal0 [0x004AED0D+2223373]
	Ordinal0 [0x004BA12B+2269483]
	Ordinal0 [0x004BA26F+2269807]
	Ordinal0 [0x004CECB8+2354360]
	BaseThreadInitThunk [0x75516359+25]
	RtlGetAppContainerNamedObjectPath [0x77D38944+228]
	RtlGetAppContainerNamedObjectPath [0x77D38914+180]

	at org.openqa.selenium.remote.W3CHandshakeResponse.lambda$errorHandler$0(W3CHandshakeResponse.java:62)
	at org.openqa.selenium.remote.HandshakeResponse.lambda$getResponseFunction$0(HandshakeResponse.java:30)
	at org.openqa.selenium.remote.ProtocolHandshake.lambda$createSession$0(ProtocolHandshake.java:126)
	at java.util.stream.ReferencePipeline$3$1.accept(Unknown Source)
	at java.util.Spliterators$ArraySpliterator.tryAdvance(Unknown Source)
	at java.util.stream.ReferencePipeline.forEachWithCancel(Unknown Source)
	at java.util.stream.AbstractPipeline.copyIntoWithCancel(Unknown Source)
	at java.util.stream.AbstractPipeline.copyInto(Unknown Source)
	at java.util.stream.AbstractPipeline.wrapAndCopyInto(Unknown Source)
	at java.util.stream.FindOps$FindOp.evaluateSequential(Unknown Source)
	at java.util.stream.AbstractPipeline.evaluate(Unknown Source)
	at java.util.stream.ReferencePipeline.findFirst(Unknown Source)
	at org.openqa.selenium.remote.ProtocolHandshake.createSession(ProtocolHandshake.java:128)
	at org.openqa.selenium.remote.ProtocolHandshake.createSession(ProtocolHandshake.java:74)
	at org.openqa.selenium.remote.HttpCommandExecutor.execute(HttpCommandExecutor.java:136)
	at org.openqa.selenium.remote.service.DriverCommandExecutor.execute(DriverCommandExecutor.java:83)
	at org.openqa.selenium.remote.RemoteWebDriver.execute(RemoteWebDriver.java:552)
	at org.openqa.selenium.remote.RemoteWebDriver.startSession(RemoteWebDriver.java:213)
	at org.openqa.selenium.remote.RemoteWebDriver.&lt;init&gt;(RemoteWebDriver.java:131)
	at org.openqa.selenium.chrome.ChromeDriver.&lt;init&gt;(ChromeDriver.java:181)
	at org.openqa.selenium.chrome.ChromeDriver.&lt;init&gt;(ChromeDriver.java:168)
	at org.openqa.selenium.chrome.ChromeDriver.&lt;init&gt;(ChromeDriver.java:123)
	at baseclass.BaseClassWalmart.initialization(BaseClassWalmart.java:44)
	at com.WalmartTestCases.TestRegistrationWalmart.satup(TestRegistrationWalmart.java:27)
	at java.util.ArrayList.forEach(Unknown Source)
... Removed 45 stack frames</div></td></tr></table><p class="totop"><a href="#summary">back to summary</a></p>
<h3 id="m42">com.WalmartTestCases.TestCartWalmart#GoToSkinCarePagenumberOfItems_Test6</h3><table class="result"><tr><th class="invisible"/></tr></table><p class="totop"><a href="#summary">back to summary</a></p>
<h3 id="m43">com.WalmartTestCases.TestHomePageWalmart#GoToSkinCarePage_Test4</h3><table class="result"><tr><th class="invisible"/></tr></table><p class="totop"><a href="#summary">back to summary</a></p>
</body>
</html>
