<!DOCTYPE html>

<html>
  <head>
  <meta charset='utf-8'>
  <title>TestNG reports</title>

    <link type="text/css" href="testng-reports1.css" rel="stylesheet" id="ultra" />
    <link type="text/css" href="testng-reports.css" rel="stylesheet" id="retro" disabled="false"/>
    <script type="text/javascript" src="jquery-3.4.1.min.js"></script>
    <script type="text/javascript" src="testng-reports.js"></script>
    <script type="text/javascript" src="https://www.google.com/jsapi"></script>
    <script type='text/javascript'>
      google.load('visualization', '1', {packages:['table']});
      google.setOnLoadCallback(drawTable);
      var suiteTableInitFunctions = new Array();
      var suiteTableData = new Array();
    </script>
    <!--
      <script type="text/javascript" src="jquery-ui/js/jquery-ui-1.8.16.custom.min.js"></script>
     -->
  </head>

  <body>
    <div class="top-banner-root">
      <span class="top-banner-title-font">Test results</span>
      <button class="button" id="button">Switch Retro Theme</button> <!-- button -->
      <br/>
      <span class="top-banner-font-1">1 suite, 6 failed tests</span>
    </div> <!-- top-banner-root -->
    <div class="navigator-root">
      <div class="navigator-suite-header">
        <span>All suites</span>
        <a href="#" class="collapse-all-link" title="Collapse/expand all the suites">
          <img class="collapse-all-icon" src="collapseall.gif">
          </img> <!-- collapse-all-icon -->
        </a> <!-- collapse-all-link -->
      </div> <!-- navigator-suite-header -->
      <div class="suite">
        <div class="rounded-window">
          <div class="suite-header light-rounded-window-top">
            <a href="#" class="navigator-link" panel-name="suite-Command_line_suite">
              <span class="suite-name border-failed">Command line suite</span>
            </a> <!-- navigator-link -->
          </div> <!-- suite-header light-rounded-window-top -->
          <div class="navigator-suite-content">
            <div class="suite-section-title">
              <span>Info</span>
            </div> <!-- suite-section-title -->
            <div class="suite-section-content">
              <ul>
                <li>
                  <a href="#" class="navigator-link " panel-name="test-xml-Command_line_suite">
                    <span>[unset file name]</span>
                  </a> <!-- navigator-link  -->
                </li>
                <li>
                  <a href="#" class="navigator-link " panel-name="testlist-Command_line_suite">
                    <span class="test-stats">1 test</span>
                  </a> <!-- navigator-link  -->
                </li>
                <li>
                  <a href="#" class="navigator-link " panel-name="group-Command_line_suite">
                    <span>0 groups</span>
                  </a> <!-- navigator-link  -->
                </li>
                <li>
                  <a href="#" class="navigator-link " panel-name="times-Command_line_suite">
                    <span>Times</span>
                  </a> <!-- navigator-link  -->
                </li>
                <li>
                  <a href="#" class="navigator-link " panel-name="reporter-Command_line_suite">
                    <span>Reporter output</span>
                  </a> <!-- navigator-link  -->
                </li>
                <li>
                  <a href="#" class="navigator-link " panel-name="ignored-methods-Command_line_suite">
                    <span>Ignored methods</span>
                  </a> <!-- navigator-link  -->
                </li>
                <li>
                  <a href="#" class="navigator-link " panel-name="chronological-Command_line_suite">
                    <span>Chronological view</span>
                  </a> <!-- navigator-link  -->
                </li>
              </ul>
            </div> <!-- suite-section-content -->
            <div class="result-section">
              <div class="suite-section-title">
                <span>Results</span>
              </div> <!-- suite-section-title -->
              <div class="suite-section-content">
                <ul>
                  <li>
                    <span class="method-stats">26 methods, 6 failed,  18 skipped,  2 passed</span>
                  </li>
                  <li>
                    <span class="method-list-title failed">Failed methods</span>
                    <span class="show-or-hide-methods failed">
                      <a href="#" panel-name="suite-Command_line_suite" class="hide-methods failed suite-Command_line_suite"> (hide)</a> <!-- hide-methods failed suite-Command_line_suite -->
                      <a href="#" panel-name="suite-Command_line_suite" class="show-methods failed suite-Command_line_suite"> (show)</a> <!-- show-methods failed suite-Command_line_suite -->
                    </span>
                    <div class="method-list-content failed suite-Command_line_suite">
                      <span>
                        <img width="3%" src="failed.png"/>
                        <a href="#" class="method navigator-link" panel-name="suite-Command_line_suite" title="com.WalmartTestCases.TestCartWalmart" hash-for-method="ShoppingCart_Test1">ShoppingCart_Test1</a> <!-- method navigator-link -->
                      </span>
                      <br/>
                      <span>
                        <img width="3%" src="failed.png"/>
                        <a href="#" class="method navigator-link" panel-name="suite-Command_line_suite" title="com.WalmartTestCases.TestRegistrationWalmart" hash-for-method="registrationFirstName_Test2">registrationFirstName_Test2</a> <!-- method navigator-link -->
                      </span>
                      <br/>
                      <span>
                        <img width="3%" src="failed.png"/>
                        <a href="#" class="method navigator-link" panel-name="suite-Command_line_suite" title="com.WalmartTestCases.TestRegistrationWalmart" hash-for-method="registrationFirstName_Test3">registrationFirstName_Test3</a> <!-- method navigator-link -->
                      </span>
                      <br/>
                      <span>
                        <img width="3%" src="failed.png"/>
                        <a href="#" class="method navigator-link" panel-name="suite-Command_line_suite" title="com.WalmartTestCases.TestRegistrationWalmart" hash-for-method="registrationFirstName_Test4">registrationFirstName_Test4</a> <!-- method navigator-link -->
                      </span>
                      <br/>
                      <span>
                        <img width="3%" src="failed.png"/>
                        <a href="#" class="method navigator-link" panel-name="suite-Command_line_suite" title="com.WalmartTestCases.TestRegistrationWalmart" hash-for-method="registrationFirstName_Test5">registrationFirstName_Test5</a> <!-- method navigator-link -->
                      </span>
                      <br/>
                      <span>
                        <img width="3%" src="failed.png"/>
                        <a href="#" class="method navigator-link" panel-name="suite-Command_line_suite" title="com.WalmartTestCases.TestPersonalSettingWalmart" hash-for-method="verifysignIn_Test1">verifysignIn_Test1</a> <!-- method navigator-link -->
                      </span>
                      <br/>
                    </div> <!-- method-list-content failed suite-Command_line_suite -->
                  </li>
                  <li>
                    <span class="method-list-title skipped">Skipped methods</span>
                    <span class="show-or-hide-methods skipped">
                      <a href="#" panel-name="suite-Command_line_suite" class="hide-methods skipped suite-Command_line_suite"> (hide)</a> <!-- hide-methods skipped suite-Command_line_suite -->
                      <a href="#" panel-name="suite-Command_line_suite" class="show-methods skipped suite-Command_line_suite"> (show)</a> <!-- show-methods skipped suite-Command_line_suite -->
                    </span>
                    <div class="method-list-content skipped suite-Command_line_suite">
                      <span>
                        <img width="3%" src="skipped.png"/>
                        <a href="#" class="method navigator-link" panel-name="suite-Command_line_suite" title="com.WalmartTestCases.TestHomePageWalmart" hash-for-method="GoToSuperHeroPage_Test5">GoToSuperHeroPage_Test5</a> <!-- method navigator-link -->
                      </span>
                      <br/>
                      <span>
                        <img width="3%" src="skipped.png"/>
                        <a href="#" class="method navigator-link" panel-name="suite-Command_line_suite" title="com.WalmartTestCases.TestHomePageWalmart" hash-for-method="GotoregistrationPage_Test3">GotoregistrationPage_Test3</a> <!-- method navigator-link -->
                      </span>
                      <br/>
                      <span>
                        <img width="3%" src="skipped.png"/>
                        <a href="#" class="method navigator-link" panel-name="suite-Command_line_suite" title="com.WalmartTestCases.TestHomePageWalmart" hash-for-method="VerifyWalmartLogo_Test1">VerifyWalmartLogo_Test1</a> <!-- method navigator-link -->
                      </span>
                      <br/>
                      <span>
                        <img width="3%" src="skipped.png"/>
                        <a href="#" class="method navigator-link" panel-name="suite-Command_line_suite" title="com.WalmartTestCases.TestRegistrationWalmart" hash-for-method="registrationFirstName_Test6">registrationFirstName_Test6</a> <!-- method navigator-link -->
                      </span>
                      <br/>
                      <span>
                        <img width="3%" src="skipped.png"/>
                        <a href="#" class="method navigator-link" panel-name="suite-Command_line_suite" title="com.WalmartTestCases.TestRegistrationWalmart" hash-for-method="registrationLastName_Test10">registrationLastName_Test10</a> <!-- method navigator-link -->
                      </span>
                      <br/>
                      <span>
                        <img width="3%" src="skipped.png"/>
                        <a href="#" class="method navigator-link" panel-name="suite-Command_line_suite" title="com.WalmartTestCases.TestRegistrationWalmart" hash-for-method="registrationLastName_Test11">registrationLastName_Test11</a> <!-- method navigator-link -->
                      </span>
                      <br/>
                      <span>
                        <img width="3%" src="skipped.png"/>
                        <a href="#" class="method navigator-link" panel-name="suite-Command_line_suite" title="com.WalmartTestCases.TestRegistrationWalmart" hash-for-method="registrationLastName_Test8">registrationLastName_Test8</a> <!-- method navigator-link -->
                      </span>
                      <br/>
                      <span>
                        <img width="3%" src="skipped.png"/>
                        <a href="#" class="method navigator-link" panel-name="suite-Command_line_suite" title="com.WalmartTestCases.TestRegistrationWalmart" hash-for-method="registrationLastName_Test9">registrationLastName_Test9</a> <!-- method navigator-link -->
                      </span>
                      <br/>
                      <span>
                        <img width="3%" src="skipped.png"/>
                        <a href="#" class="method navigator-link" panel-name="suite-Command_line_suite" title="com.WalmartTestCases.TestRegistrationWalmart" hash-for-method="registrationNullFirstLastName_Test16">registrationNullFirstLastName_Test16</a> <!-- method navigator-link -->
                      </span>
                      <br/>
                      <span>
                        <img width="3%" src="skipped.png"/>
                        <a href="#" class="method navigator-link" panel-name="suite-Command_line_suite" title="com.WalmartTestCases.TestRegistrationWalmart" hash-for-method="registrationPasswordStrangth_Test19">registrationPasswordStrangth_Test19</a> <!-- method navigator-link -->
                      </span>
                      <br/>
                      <span>
                        <img width="3%" src="skipped.png"/>
                        <a href="#" class="method navigator-link" panel-name="suite-Command_line_suite" title="com.WalmartTestCases.TestRegistrationWalmart" hash-for-method="registrationPhoneNumber_Test12">registrationPhoneNumber_Test12</a> <!-- method navigator-link -->
                      </span>
                      <br/>
                      <span>
                        <img width="3%" src="skipped.png"/>
                        <a href="#" class="method navigator-link" panel-name="suite-Command_line_suite" title="com.WalmartTestCases.TestRegistrationWalmart" hash-for-method="registrationPhoneNumber_Test13">registrationPhoneNumber_Test13</a> <!-- method navigator-link -->
                      </span>
                      <br/>
                      <span>
                        <img width="3%" src="skipped.png"/>
                        <a href="#" class="method navigator-link" panel-name="suite-Command_line_suite" title="com.WalmartTestCases.TestRegistrationWalmart" hash-for-method="registrationPhoneNumber_Test14">registrationPhoneNumber_Test14</a> <!-- method navigator-link -->
                      </span>
                      <br/>
                      <span>
                        <img width="3%" src="skipped.png"/>
                        <a href="#" class="method navigator-link" panel-name="suite-Command_line_suite" title="com.WalmartTestCases.TestRegistrationWalmart" hash-for-method="registrationPhoneNumber_Test15">registrationPhoneNumber_Test15</a> <!-- method navigator-link -->
                      </span>
                      <br/>
                      <span>
                        <img width="3%" src="skipped.png"/>
                        <a href="#" class="method navigator-link" panel-name="suite-Command_line_suite" title="com.WalmartTestCases.TestRegistrationWalmart" hash-for-method="registrationTermsOfUseCheckBox_Test17">registrationTermsOfUseCheckBox_Test17</a> <!-- method navigator-link -->
                      </span>
                      <br/>
                      <span>
                        <img width="3%" src="skipped.png"/>
                        <a href="#" class="method navigator-link" panel-name="suite-Command_line_suite" title="com.WalmartTestCases.TestRegistrationWalmart" hash-for-method="registrationTermsOfUseCheckBox_Test18">registrationTermsOfUseCheckBox_Test18</a> <!-- method navigator-link -->
                      </span>
                      <br/>
                      <span>
                        <img width="3%" src="skipped.png"/>
                        <a href="#" class="method navigator-link" panel-name="suite-Command_line_suite" title="com.WalmartTestCases.TestRegistrationWalmart" hash-for-method="registration_Test1">registration_Test1</a> <!-- method navigator-link -->
                      </span>
                      <br/>
                      <span>
                        <img width="3%" src="skipped.png"/>
                        <a href="#" class="method navigator-link" panel-name="suite-Command_line_suite" title="com.WalmartTestCases.TestHomePageWalmart" hash-for-method="verifysignIn_Test2">verifysignIn_Test2</a> <!-- method navigator-link -->
                      </span>
                      <br/>
                    </div> <!-- method-list-content skipped suite-Command_line_suite -->
                  </li>
                  <li>
                    <span class="method-list-title passed">Passed methods</span>
                    <span class="show-or-hide-methods passed">
                      <a href="#" panel-name="suite-Command_line_suite" class="hide-methods passed suite-Command_line_suite"> (hide)</a> <!-- hide-methods passed suite-Command_line_suite -->
                      <a href="#" panel-name="suite-Command_line_suite" class="show-methods passed suite-Command_line_suite"> (show)</a> <!-- show-methods passed suite-Command_line_suite -->
                    </span>
                    <div class="method-list-content passed suite-Command_line_suite">
                      <span>
                        <img width="3%" src="passed.png"/>
                        <a href="#" class="method navigator-link" panel-name="suite-Command_line_suite" title="com.WalmartTestCases.TestHomePageWalmart" hash-for-method="GoToSkinCarePage_Test4">GoToSkinCarePage_Test4</a> <!-- method navigator-link -->
                      </span>
                      <br/>
                      <span>
                        <img width="3%" src="passed.png"/>
                        <a href="#" class="method navigator-link" panel-name="suite-Command_line_suite" title="com.WalmartTestCases.TestCartWalmart" hash-for-method="GoToSkinCarePagenumberOfItems_Test6">GoToSkinCarePagenumberOfItems_Test6</a> <!-- method navigator-link -->
                      </span>
                      <br/>
                    </div> <!-- method-list-content passed suite-Command_line_suite -->
                  </li>
                </ul>
              </div> <!-- suite-section-content -->
            </div> <!-- result-section -->
          </div> <!-- navigator-suite-content -->
        </div> <!-- rounded-window -->
      </div> <!-- suite -->
    </div> <!-- navigator-root -->
    <div class="wrapper">
      <div class="main-panel-root">
        <div panel-name="suite-Command_line_suite" class="panel Command_line_suite">
          <div class="suite-Command_line_suite-class-failed">
            <div class="main-panel-header rounded-window-top">
              <img src="failed.png"/>
              <span class="class-name">com.WalmartTestCases.TestRegistrationWalmart</span>
            </div> <!-- main-panel-header rounded-window-top -->
            <div class="main-panel-content rounded-window-bottom">
              <div class="method">
                <div class="method-content">
                  <a name="registrationFirstName_Test2">
                  </a> <!-- registrationFirstName_Test2 -->
                  <span class="method-name">registrationFirstName_Test2</span>
                  <div class="stack-trace">org.openqa.selenium.NoSuchElementException: no such element: Unable to locate element: {&quot;method&quot;:&quot;xpath&quot;,&quot;selector&quot;:&quot;//a[@class=&apos;css-1xh2uh0 evkjyb00&apos;]&quot;}
  (Session info: chrome=88.0.4324.182)
For documentation on this error, please visit: https://www.seleniumhq.org/exceptions/no_such_element.html
Build info: version: &apos;3.141.59&apos;, revision: &apos;e82be7d358&apos;, time: &apos;2018-11-14T08:17:03&apos;
System info: host: &apos;PREYAL&apos;, ip: &apos;192.168.25.1&apos;, os.name: &apos;Windows 10&apos;, os.arch: &apos;amd64&apos;, os.version: &apos;10.0&apos;, java.version: &apos;1.8.0_281&apos;
Driver info: org.openqa.selenium.chrome.ChromeDriver
Capabilities {acceptInsecureCerts: false, browserName: chrome, browserVersion: 88.0.4324.182, chrome: {chromedriverVersion: 87.0.4280.88 (89e2380a3e36c..., userDataDir: C:\WINDOWS\TEMP\scoped_dir1...}, goog:chromeOptions: {debuggerAddress: localhost:63352}, javascriptEnabled: true, networkConnectionEnabled: false, pageLoadStrategy: normal, platform: WINDOWS, platformName: WINDOWS, proxy: Proxy(), setWindowRect: true, strictFileInteractability: false, timeouts: {implicit: 0, pageLoad: 300000, script: 30000}, unhandledPromptBehavior: dismiss and notify, webauthn:virtualAuthenticators: true}
Session ID: e67690d7d7ddee73f8e54e0dca1fbf1a
*** Element info: {Using=xpath, value=//a[@class=&apos;css-1xh2uh0 evkjyb00&apos;]}
	at org.openqa.selenium.remote.http.W3CHttpResponseCodec.createException(W3CHttpResponseCodec.java:187)
	at org.openqa.selenium.remote.http.W3CHttpResponseCodec.decode(W3CHttpResponseCodec.java:122)
	at org.openqa.selenium.remote.http.W3CHttpResponseCodec.decode(W3CHttpResponseCodec.java:49)
	at org.openqa.selenium.remote.HttpCommandExecutor.execute(HttpCommandExecutor.java:158)
	at org.openqa.selenium.remote.service.DriverCommandExecutor.execute(DriverCommandExecutor.java:83)
	at org.openqa.selenium.remote.RemoteWebDriver.execute(RemoteWebDriver.java:552)
	at org.openqa.selenium.remote.RemoteWebDriver.findElement(RemoteWebDriver.java:323)
	at org.openqa.selenium.remote.RemoteWebDriver.findElementByXPath(RemoteWebDriver.java:428)
	at org.openqa.selenium.By$ByXPath.findElement(By.java:353)
	at org.openqa.selenium.remote.RemoteWebDriver.findElement(RemoteWebDriver.java:315)
	at org.openqa.selenium.support.events.EventFiringWebDriver.lambda$new$1(EventFiringWebDriver.java:105)
	at com.sun.proxy.$Proxy4.findElement(Unknown Source)
	at org.openqa.selenium.support.events.EventFiringWebDriver.findElement(EventFiringWebDriver.java:194)
	at org.openqa.selenium.support.pagefactory.DefaultElementLocator.findElement(DefaultElementLocator.java:69)
	at org.openqa.selenium.support.pagefactory.internal.LocatingElementHandler.invoke(LocatingElementHandler.java:38)
	at com.sun.proxy.$Proxy8.click(Unknown Source)
	at com.WalmartPages.HomePageWalmart.GoToRegistrationPage(HomePageWalmart.java:101)
	at com.WalmartTestCases.TestRegistrationWalmart.registrationFirstName_Test2(TestRegistrationWalmart.java:39)
	at java.util.ArrayList.forEach(Unknown Source)
... Removed 44 stack frames
</div> <!-- stack-trace -->
                </div> <!-- method-content -->
              </div> <!-- method -->
              <div class="method">
                <div class="method-content">
                  <a name="registrationFirstName_Test3">
                  </a> <!-- registrationFirstName_Test3 -->
                  <span class="method-name">registrationFirstName_Test3</span>
                  <div class="stack-trace">org.openqa.selenium.NoSuchElementException: no such element: Unable to locate element: {&quot;method&quot;:&quot;xpath&quot;,&quot;selector&quot;:&quot;//a[@class=&apos;css-1xh2uh0 evkjyb00&apos;]&quot;}
  (Session info: chrome=88.0.4324.182)
For documentation on this error, please visit: https://www.seleniumhq.org/exceptions/no_such_element.html
Build info: version: &apos;3.141.59&apos;, revision: &apos;e82be7d358&apos;, time: &apos;2018-11-14T08:17:03&apos;
System info: host: &apos;PREYAL&apos;, ip: &apos;192.168.25.1&apos;, os.name: &apos;Windows 10&apos;, os.arch: &apos;amd64&apos;, os.version: &apos;10.0&apos;, java.version: &apos;1.8.0_281&apos;
Driver info: org.openqa.selenium.chrome.ChromeDriver
Capabilities {acceptInsecureCerts: false, browserName: chrome, browserVersion: 88.0.4324.182, chrome: {chromedriverVersion: 87.0.4280.88 (89e2380a3e36c..., userDataDir: C:\WINDOWS\TEMP\scoped_dir2...}, goog:chromeOptions: {debuggerAddress: localhost:63666}, javascriptEnabled: true, networkConnectionEnabled: false, pageLoadStrategy: normal, platform: WINDOWS, platformName: WINDOWS, proxy: Proxy(), setWindowRect: true, strictFileInteractability: false, timeouts: {implicit: 0, pageLoad: 300000, script: 30000}, unhandledPromptBehavior: dismiss and notify, webauthn:virtualAuthenticators: true}
Session ID: 4904d99526fd0eca4ebef2bf42b1ef2c
*** Element info: {Using=xpath, value=//a[@class=&apos;css-1xh2uh0 evkjyb00&apos;]}
	at org.openqa.selenium.remote.http.W3CHttpResponseCodec.createException(W3CHttpResponseCodec.java:187)
	at org.openqa.selenium.remote.http.W3CHttpResponseCodec.decode(W3CHttpResponseCodec.java:122)
	at org.openqa.selenium.remote.http.W3CHttpResponseCodec.decode(W3CHttpResponseCodec.java:49)
	at org.openqa.selenium.remote.HttpCommandExecutor.execute(HttpCommandExecutor.java:158)
	at org.openqa.selenium.remote.service.DriverCommandExecutor.execute(DriverCommandExecutor.java:83)
	at org.openqa.selenium.remote.RemoteWebDriver.execute(RemoteWebDriver.java:552)
	at org.openqa.selenium.remote.RemoteWebDriver.findElement(RemoteWebDriver.java:323)
	at org.openqa.selenium.remote.RemoteWebDriver.findElementByXPath(RemoteWebDriver.java:428)
	at org.openqa.selenium.By$ByXPath.findElement(By.java:353)
	at org.openqa.selenium.remote.RemoteWebDriver.findElement(RemoteWebDriver.java:315)
	at org.openqa.selenium.support.events.EventFiringWebDriver.lambda$new$1(EventFiringWebDriver.java:105)
	at com.sun.proxy.$Proxy4.findElement(Unknown Source)
	at org.openqa.selenium.support.events.EventFiringWebDriver.findElement(EventFiringWebDriver.java:194)
	at org.openqa.selenium.support.pagefactory.DefaultElementLocator.findElement(DefaultElementLocator.java:69)
	at org.openqa.selenium.support.pagefactory.internal.LocatingElementHandler.invoke(LocatingElementHandler.java:38)
	at com.sun.proxy.$Proxy8.click(Unknown Source)
	at com.WalmartPages.HomePageWalmart.GoToRegistrationPage(HomePageWalmart.java:101)
	at com.WalmartTestCases.TestRegistrationWalmart.registrationFirstName_Test3(TestRegistrationWalmart.java:47)
	at java.util.ArrayList.forEach(Unknown Source)
... Removed 44 stack frames
</div> <!-- stack-trace -->
                </div> <!-- method-content -->
              </div> <!-- method -->
              <div class="method">
                <div class="method-content">
                  <a name="registrationFirstName_Test4">
                  </a> <!-- registrationFirstName_Test4 -->
                  <span class="method-name">registrationFirstName_Test4</span>
                  <div class="stack-trace">org.openqa.selenium.NoSuchElementException: no such element: Unable to locate element: {&quot;method&quot;:&quot;xpath&quot;,&quot;selector&quot;:&quot;//a[@class=&apos;css-1xh2uh0 evkjyb00&apos;]&quot;}
  (Session info: chrome=88.0.4324.182)
For documentation on this error, please visit: https://www.seleniumhq.org/exceptions/no_such_element.html
Build info: version: &apos;3.141.59&apos;, revision: &apos;e82be7d358&apos;, time: &apos;2018-11-14T08:17:03&apos;
System info: host: &apos;PREYAL&apos;, ip: &apos;192.168.25.1&apos;, os.name: &apos;Windows 10&apos;, os.arch: &apos;amd64&apos;, os.version: &apos;10.0&apos;, java.version: &apos;1.8.0_281&apos;
Driver info: org.openqa.selenium.chrome.ChromeDriver
Capabilities {acceptInsecureCerts: false, browserName: chrome, browserVersion: 88.0.4324.182, chrome: {chromedriverVersion: 87.0.4280.88 (89e2380a3e36c..., userDataDir: C:\WINDOWS\TEMP\scoped_dir3...}, goog:chromeOptions: {debuggerAddress: localhost:63963}, javascriptEnabled: true, networkConnectionEnabled: false, pageLoadStrategy: normal, platform: WINDOWS, platformName: WINDOWS, proxy: Proxy(), setWindowRect: true, strictFileInteractability: false, timeouts: {implicit: 0, pageLoad: 300000, script: 30000}, unhandledPromptBehavior: dismiss and notify, webauthn:virtualAuthenticators: true}
Session ID: 369e680170231f8ce1bc9284d20b9856
*** Element info: {Using=xpath, value=//a[@class=&apos;css-1xh2uh0 evkjyb00&apos;]}
	at org.openqa.selenium.remote.http.W3CHttpResponseCodec.createException(W3CHttpResponseCodec.java:187)
	at org.openqa.selenium.remote.http.W3CHttpResponseCodec.decode(W3CHttpResponseCodec.java:122)
	at org.openqa.selenium.remote.http.W3CHttpResponseCodec.decode(W3CHttpResponseCodec.java:49)
	at org.openqa.selenium.remote.HttpCommandExecutor.execute(HttpCommandExecutor.java:158)
	at org.openqa.selenium.remote.service.DriverCommandExecutor.execute(DriverCommandExecutor.java:83)
	at org.openqa.selenium.remote.RemoteWebDriver.execute(RemoteWebDriver.java:552)
	at org.openqa.selenium.remote.RemoteWebDriver.findElement(RemoteWebDriver.java:323)
	at org.openqa.selenium.remote.RemoteWebDriver.findElementByXPath(RemoteWebDriver.java:428)
	at org.openqa.selenium.By$ByXPath.findElement(By.java:353)
	at org.openqa.selenium.remote.RemoteWebDriver.findElement(RemoteWebDriver.java:315)
	at org.openqa.selenium.support.events.EventFiringWebDriver.lambda$new$1(EventFiringWebDriver.java:105)
	at com.sun.proxy.$Proxy4.findElement(Unknown Source)
	at org.openqa.selenium.support.events.EventFiringWebDriver.findElement(EventFiringWebDriver.java:194)
	at org.openqa.selenium.support.pagefactory.DefaultElementLocator.findElement(DefaultElementLocator.java:69)
	at org.openqa.selenium.support.pagefactory.internal.LocatingElementHandler.invoke(LocatingElementHandler.java:38)
	at com.sun.proxy.$Proxy8.click(Unknown Source)
	at com.WalmartPages.HomePageWalmart.GoToRegistrationPage(HomePageWalmart.java:101)
	at com.WalmartTestCases.TestRegistrationWalmart.registrationFirstName_Test4(TestRegistrationWalmart.java:55)
	at java.util.ArrayList.forEach(Unknown Source)
... Removed 44 stack frames
</div> <!-- stack-trace -->
                </div> <!-- method-content -->
              </div> <!-- method -->
              <div class="method">
                <div class="method-content">
                  <a name="registrationFirstName_Test5">
                  </a> <!-- registrationFirstName_Test5 -->
                  <span class="method-name">registrationFirstName_Test5</span>
                  <div class="stack-trace">org.openqa.selenium.NoSuchElementException: no such element: Unable to locate element: {&quot;method&quot;:&quot;xpath&quot;,&quot;selector&quot;:&quot;//a[@class=&apos;css-1xh2uh0 evkjyb00&apos;]&quot;}
  (Session info: chrome=88.0.4324.182)
For documentation on this error, please visit: https://www.seleniumhq.org/exceptions/no_such_element.html
Build info: version: &apos;3.141.59&apos;, revision: &apos;e82be7d358&apos;, time: &apos;2018-11-14T08:17:03&apos;
System info: host: &apos;PREYAL&apos;, ip: &apos;192.168.25.1&apos;, os.name: &apos;Windows 10&apos;, os.arch: &apos;amd64&apos;, os.version: &apos;10.0&apos;, java.version: &apos;1.8.0_281&apos;
Driver info: org.openqa.selenium.chrome.ChromeDriver
Capabilities {acceptInsecureCerts: false, browserName: chrome, browserVersion: 88.0.4324.182, chrome: {chromedriverVersion: 87.0.4280.88 (89e2380a3e36c..., userDataDir: C:\WINDOWS\TEMP\scoped_dir1...}, goog:chromeOptions: {debuggerAddress: localhost:64305}, javascriptEnabled: true, networkConnectionEnabled: false, pageLoadStrategy: normal, platform: WINDOWS, platformName: WINDOWS, proxy: Proxy(), setWindowRect: true, strictFileInteractability: false, timeouts: {implicit: 0, pageLoad: 300000, script: 30000}, unhandledPromptBehavior: dismiss and notify, webauthn:virtualAuthenticators: true}
Session ID: 848e2fdd495c7ac72e920f08605455c9
*** Element info: {Using=xpath, value=//a[@class=&apos;css-1xh2uh0 evkjyb00&apos;]}
	at org.openqa.selenium.remote.http.W3CHttpResponseCodec.createException(W3CHttpResponseCodec.java:187)
	at org.openqa.selenium.remote.http.W3CHttpResponseCodec.decode(W3CHttpResponseCodec.java:122)
	at org.openqa.selenium.remote.http.W3CHttpResponseCodec.decode(W3CHttpResponseCodec.java:49)
	at org.openqa.selenium.remote.HttpCommandExecutor.execute(HttpCommandExecutor.java:158)
	at org.openqa.selenium.remote.service.DriverCommandExecutor.execute(DriverCommandExecutor.java:83)
	at org.openqa.selenium.remote.RemoteWebDriver.execute(RemoteWebDriver.java:552)
	at org.openqa.selenium.remote.RemoteWebDriver.findElement(RemoteWebDriver.java:323)
	at org.openqa.selenium.remote.RemoteWebDriver.findElementByXPath(RemoteWebDriver.java:428)
	at org.openqa.selenium.By$ByXPath.findElement(By.java:353)
	at org.openqa.selenium.remote.RemoteWebDriver.findElement(RemoteWebDriver.java:315)
	at org.openqa.selenium.support.events.EventFiringWebDriver.lambda$new$1(EventFiringWebDriver.java:105)
	at com.sun.proxy.$Proxy4.findElement(Unknown Source)
	at org.openqa.selenium.support.events.EventFiringWebDriver.findElement(EventFiringWebDriver.java:194)
	at org.openqa.selenium.support.pagefactory.DefaultElementLocator.findElement(DefaultElementLocator.java:69)
	at org.openqa.selenium.support.pagefactory.internal.LocatingElementHandler.invoke(LocatingElementHandler.java:38)
	at com.sun.proxy.$Proxy8.click(Unknown Source)
	at com.WalmartPages.HomePageWalmart.GoToRegistrationPage(HomePageWalmart.java:101)
	at com.WalmartTestCases.TestRegistrationWalmart.registrationFirstName_Test5(TestRegistrationWalmart.java:63)
	at java.util.ArrayList.forEach(Unknown Source)
... Removed 44 stack frames
</div> <!-- stack-trace -->
                </div> <!-- method-content -->
              </div> <!-- method -->
            </div> <!-- main-panel-content rounded-window-bottom -->
          </div> <!-- suite-Command_line_suite-class-failed -->
          <div class="suite-Command_line_suite-class-failed">
            <div class="main-panel-header rounded-window-top">
              <img src="failed.png"/>
              <span class="class-name">com.WalmartTestCases.TestCartWalmart</span>
            </div> <!-- main-panel-header rounded-window-top -->
            <div class="main-panel-content rounded-window-bottom">
              <div class="method">
                <div class="method-content">
                  <a name="ShoppingCart_Test1">
                  </a> <!-- ShoppingCart_Test1 -->
                  <span class="method-name">ShoppingCart_Test1</span>
                  <div class="stack-trace">org.openqa.selenium.NoSuchElementException: no such element: Unable to locate element: {&quot;method&quot;:&quot;xpath&quot;,&quot;selector&quot;:&quot; //article[@title=&apos;Skin care tools&apos;]&quot;}
  (Session info: chrome=88.0.4324.182)
For documentation on this error, please visit: https://www.seleniumhq.org/exceptions/no_such_element.html
Build info: version: &apos;3.141.59&apos;, revision: &apos;e82be7d358&apos;, time: &apos;2018-11-14T08:17:03&apos;
System info: host: &apos;PREYAL&apos;, ip: &apos;192.168.25.1&apos;, os.name: &apos;Windows 10&apos;, os.arch: &apos;amd64&apos;, os.version: &apos;10.0&apos;, java.version: &apos;1.8.0_281&apos;
Driver info: org.openqa.selenium.chrome.ChromeDriver
Capabilities {acceptInsecureCerts: false, browserName: chrome, browserVersion: 88.0.4324.182, chrome: {chromedriverVersion: 87.0.4280.88 (89e2380a3e36c..., userDataDir: C:\WINDOWS\TEMP\scoped_dir2...}, goog:chromeOptions: {debuggerAddress: localhost:59488}, javascriptEnabled: true, networkConnectionEnabled: false, pageLoadStrategy: normal, platform: WINDOWS, platformName: WINDOWS, proxy: Proxy(), setWindowRect: true, strictFileInteractability: false, timeouts: {implicit: 0, pageLoad: 300000, script: 30000}, unhandledPromptBehavior: dismiss and notify, webauthn:virtualAuthenticators: true}
Session ID: c80319faf3d3e15289db2888e372a32f
*** Element info: {Using=xpath, value= //article[@title=&apos;Skin care tools&apos;]}
	at org.openqa.selenium.remote.http.W3CHttpResponseCodec.createException(W3CHttpResponseCodec.java:187)
	at org.openqa.selenium.remote.http.W3CHttpResponseCodec.decode(W3CHttpResponseCodec.java:122)
	at org.openqa.selenium.remote.http.W3CHttpResponseCodec.decode(W3CHttpResponseCodec.java:49)
	at org.openqa.selenium.remote.HttpCommandExecutor.execute(HttpCommandExecutor.java:158)
	at org.openqa.selenium.remote.service.DriverCommandExecutor.execute(DriverCommandExecutor.java:83)
	at org.openqa.selenium.remote.RemoteWebDriver.execute(RemoteWebDriver.java:552)
	at org.openqa.selenium.remote.RemoteWebDriver.findElement(RemoteWebDriver.java:323)
	at org.openqa.selenium.remote.RemoteWebDriver.findElementByXPath(RemoteWebDriver.java:428)
	at org.openqa.selenium.By$ByXPath.findElement(By.java:353)
	at org.openqa.selenium.remote.RemoteWebDriver.findElement(RemoteWebDriver.java:315)
	at org.openqa.selenium.support.events.EventFiringWebDriver.lambda$new$1(EventFiringWebDriver.java:105)
	at com.sun.proxy.$Proxy4.findElement(Unknown Source)
	at org.openqa.selenium.support.events.EventFiringWebDriver.findElement(EventFiringWebDriver.java:194)
	at org.openqa.selenium.support.pagefactory.DefaultElementLocator.findElement(DefaultElementLocator.java:69)
	at org.openqa.selenium.support.pagefactory.internal.LocatingElementHandler.invoke(LocatingElementHandler.java:38)
	at com.sun.proxy.$Proxy8.click(Unknown Source)
	at com.WalmartPages.SkinCarePage.AddSkincareItemToCart(SkinCarePage.java:35)
	at com.WalmartTestCases.TestCartWalmart.ShoppingCart_Test1(TestCartWalmart.java:43)
	at java.util.ArrayList.forEach(Unknown Source)
... Removed 45 stack frames
</div> <!-- stack-trace -->
                </div> <!-- method-content -->
              </div> <!-- method -->
            </div> <!-- main-panel-content rounded-window-bottom -->
          </div> <!-- suite-Command_line_suite-class-failed -->
          <div class="suite-Command_line_suite-class-failed">
            <div class="main-panel-header rounded-window-top">
              <img src="failed.png"/>
              <span class="class-name">com.WalmartTestCases.TestPersonalSettingWalmart</span>
            </div> <!-- main-panel-header rounded-window-top -->
            <div class="main-panel-content rounded-window-bottom">
              <div class="method">
                <div class="method-content">
                  <a name="verifysignIn_Test1">
                  </a> <!-- verifysignIn_Test1 -->
                  <span class="method-name">verifysignIn_Test1</span>
                  <div class="stack-trace">org.openqa.selenium.NoSuchElementException: no such element: Unable to locate element: {&quot;method&quot;:&quot;xpath&quot;,&quot;selector&quot;:&quot;//a[contains(text(),&apos;Personal Settings&apos;)]&quot;}
  (Session info: chrome=88.0.4324.182)
For documentation on this error, please visit: https://www.seleniumhq.org/exceptions/no_such_element.html
Build info: version: &apos;3.141.59&apos;, revision: &apos;e82be7d358&apos;, time: &apos;2018-11-14T08:17:03&apos;
System info: host: &apos;PREYAL&apos;, ip: &apos;192.168.25.1&apos;, os.name: &apos;Windows 10&apos;, os.arch: &apos;amd64&apos;, os.version: &apos;10.0&apos;, java.version: &apos;1.8.0_281&apos;
Driver info: org.openqa.selenium.chrome.ChromeDriver
Capabilities {acceptInsecureCerts: false, browserName: chrome, browserVersion: 88.0.4324.182, chrome: {chromedriverVersion: 87.0.4280.88 (89e2380a3e36c..., userDataDir: C:\WINDOWS\TEMP\scoped_dir1...}, goog:chromeOptions: {debuggerAddress: localhost:63122}, javascriptEnabled: true, networkConnectionEnabled: false, pageLoadStrategy: normal, platform: WINDOWS, platformName: WINDOWS, proxy: Proxy(), setWindowRect: true, strictFileInteractability: false, timeouts: {implicit: 0, pageLoad: 300000, script: 30000}, unhandledPromptBehavior: dismiss and notify, webauthn:virtualAuthenticators: true}
Session ID: 740292a5d4308031135987fcd5078e05
*** Element info: {Using=xpath, value=//a[contains(text(),&apos;Personal Settings&apos;)]}
	at org.openqa.selenium.remote.http.W3CHttpResponseCodec.createException(W3CHttpResponseCodec.java:187)
	at org.openqa.selenium.remote.http.W3CHttpResponseCodec.decode(W3CHttpResponseCodec.java:122)
	at org.openqa.selenium.remote.http.W3CHttpResponseCodec.decode(W3CHttpResponseCodec.java:49)
	at org.openqa.selenium.remote.HttpCommandExecutor.execute(HttpCommandExecutor.java:158)
	at org.openqa.selenium.remote.service.DriverCommandExecutor.execute(DriverCommandExecutor.java:83)
	at org.openqa.selenium.remote.RemoteWebDriver.execute(RemoteWebDriver.java:552)
	at org.openqa.selenium.remote.RemoteWebDriver.findElement(RemoteWebDriver.java:323)
	at org.openqa.selenium.remote.RemoteWebDriver.findElementByXPath(RemoteWebDriver.java:428)
	at org.openqa.selenium.By$ByXPath.findElement(By.java:353)
	at org.openqa.selenium.remote.RemoteWebDriver.findElement(RemoteWebDriver.java:315)
	at org.openqa.selenium.support.events.EventFiringWebDriver.lambda$new$1(EventFiringWebDriver.java:105)
	at com.sun.proxy.$Proxy4.findElement(Unknown Source)
	at org.openqa.selenium.support.events.EventFiringWebDriver.findElement(EventFiringWebDriver.java:194)
	at org.openqa.selenium.support.pagefactory.DefaultElementLocator.findElement(DefaultElementLocator.java:69)
	at org.openqa.selenium.support.pagefactory.internal.LocatingElementHandler.invoke(LocatingElementHandler.java:38)
	at com.sun.proxy.$Proxy8.click(Unknown Source)
	at com.WalmartPages.HomePageWalmart.GoToPersonalSettingPage(HomePageWalmart.java:120)
	at com.WalmartTestCases.TestPersonalSettingWalmart.verifysignIn_Test1(TestPersonalSettingWalmart.java:33)
	at java.util.ArrayList.forEach(Unknown Source)
... Removed 44 stack frames
</div> <!-- stack-trace -->
                </div> <!-- method-content -->
              </div> <!-- method -->
            </div> <!-- main-panel-content rounded-window-bottom -->
          </div> <!-- suite-Command_line_suite-class-failed -->
          <div class="suite-Command_line_suite-class-skipped">
            <div class="main-panel-header rounded-window-top">
              <img src="skipped.png"/>
              <span class="class-name">com.WalmartTestCases.TestRegistrationWalmart</span>
            </div> <!-- main-panel-header rounded-window-top -->
            <div class="main-panel-content rounded-window-bottom">
              <div class="method">
                <div class="method-content">
                  <a name="registrationFirstName_Test6">
                  </a> <!-- registrationFirstName_Test6 -->
                  <span class="method-name">registrationFirstName_Test6</span>
                  <div class="stack-trace">org.openqa.selenium.SessionNotCreatedException: session not created
from timeout: Timed out receiving message from renderer: 600.000
  (Session info: chrome=88.0.4324.182)
Build info: version: &apos;3.141.59&apos;, revision: &apos;e82be7d358&apos;, time: &apos;2018-11-14T08:17:03&apos;
System info: host: &apos;PREYAL&apos;, ip: &apos;192.168.25.1&apos;, os.name: &apos;Windows 10&apos;, os.arch: &apos;amd64&apos;, os.version: &apos;10.0&apos;, java.version: &apos;1.8.0_281&apos;
Driver info: driver.version: ChromeDriver
remote stacktrace: Backtrace:
	Ordinal0 [0x005BC0C3+3326147]
	Ordinal0 [0x004A0851+2164817]
	Ordinal0 [0x00327298+619160]
	Ordinal0 [0x0031B17F+569727]
	Ordinal0 [0x0031A421+566305]
	Ordinal0 [0x0031A815+567317]
	Ordinal0 [0x0031A135+565557]
	Ordinal0 [0x003238B1+604337]
	Ordinal0 [0x0031A0F1+565489]
	Ordinal0 [0x0031AEA2+568994]
	Ordinal0 [0x0031A421+566305]
	Ordinal0 [0x0031A815+567317]
	Ordinal0 [0x0031A135+565557]
	Ordinal0 [0x00321D2C+597292]
	Ordinal0 [0x0031A0F1+565489]
	Ordinal0 [0x0031AEA2+568994]
	Ordinal0 [0x0031A421+566305]
	Ordinal0 [0x0031A815+567317]
	Ordinal0 [0x0031A135+565557]
	Ordinal0 [0x0031FE62+589410]
	Ordinal0 [0x0031A0F1+565489]
	Ordinal0 [0x0031AEA2+568994]
	Ordinal0 [0x0031A421+566305]
	Ordinal0 [0x0031A815+567317]
	Ordinal0 [0x0031A135+565557]
	Ordinal0 [0x0031F075+585845]
	Ordinal0 [0x0031A0F1+565489]
	Ordinal0 [0x0031AEA2+568994]
	Ordinal0 [0x0031A421+566305]
	Ordinal0 [0x0031A815+567317]
	Ordinal0 [0x0031A135+565557]
	Ordinal0 [0x00316776+550774]
	Ordinal0 [0x0031A0F1+565489]
	Ordinal0 [0x00319F13+565011]
	Ordinal0 [0x00319D07+564487]
	Ordinal0 [0x003282C0+623296]
	Ordinal0 [0x002C6BDD+224221]
	Ordinal0 [0x002C5CAC+220332]
	Ordinal0 [0x002C189B+202907]
	Ordinal0 [0x002A3DF4+81396]
	Ordinal0 [0x002A4DEE+85486]
	Ordinal0 [0x002A4D79+85369]
	Ordinal0 [0x004B85DC+2262492]
	GetHandleVerifier [0x00742874+1487204]
	GetHandleVerifier [0x007423CD+1486013]
	GetHandleVerifier [0x0074A368+1518680]
	GetHandleVerifier [0x00742F4E+1488958]
	Ordinal0 [0x004AED0D+2223373]
	Ordinal0 [0x004BA12B+2269483]
	Ordinal0 [0x004BA26F+2269807]
	Ordinal0 [0x004CECB8+2354360]
	BaseThreadInitThunk [0x75516359+25]
	RtlGetAppContainerNamedObjectPath [0x77D38944+228]
	RtlGetAppContainerNamedObjectPath [0x77D38914+180]

	at org.openqa.selenium.remote.W3CHandshakeResponse.lambda$errorHandler$0(W3CHandshakeResponse.java:62)
	at org.openqa.selenium.remote.HandshakeResponse.lambda$getResponseFunction$0(HandshakeResponse.java:30)
	at org.openqa.selenium.remote.ProtocolHandshake.lambda$createSession$0(ProtocolHandshake.java:126)
	at java.util.stream.ReferencePipeline$3$1.accept(Unknown Source)
	at java.util.Spliterators$ArraySpliterator.tryAdvance(Unknown Source)
	at java.util.stream.ReferencePipeline.forEachWithCancel(Unknown Source)
	at java.util.stream.AbstractPipeline.copyIntoWithCancel(Unknown Source)
	at java.util.stream.AbstractPipeline.copyInto(Unknown Source)
	at java.util.stream.AbstractPipeline.wrapAndCopyInto(Unknown Source)
	at java.util.stream.FindOps$FindOp.evaluateSequential(Unknown Source)
	at java.util.stream.AbstractPipeline.evaluate(Unknown Source)
	at java.util.stream.ReferencePipeline.findFirst(Unknown Source)
	at org.openqa.selenium.remote.ProtocolHandshake.createSession(ProtocolHandshake.java:128)
	at org.openqa.selenium.remote.ProtocolHandshake.createSession(ProtocolHandshake.java:74)
	at org.openqa.selenium.remote.HttpCommandExecutor.execute(HttpCommandExecutor.java:136)
	at org.openqa.selenium.remote.service.DriverCommandExecutor.execute(DriverCommandExecutor.java:83)
	at org.openqa.selenium.remote.RemoteWebDriver.execute(RemoteWebDriver.java:552)
	at org.openqa.selenium.remote.RemoteWebDriver.startSession(RemoteWebDriver.java:213)
	at org.openqa.selenium.remote.RemoteWebDriver.&lt;init&gt;(RemoteWebDriver.java:131)
	at org.openqa.selenium.chrome.ChromeDriver.&lt;init&gt;(ChromeDriver.java:181)
	at org.openqa.selenium.chrome.ChromeDriver.&lt;init&gt;(ChromeDriver.java:168)
	at org.openqa.selenium.chrome.ChromeDriver.&lt;init&gt;(ChromeDriver.java:123)
	at baseclass.BaseClassWalmart.initialization(BaseClassWalmart.java:44)
	at com.WalmartTestCases.TestRegistrationWalmart.satup(TestRegistrationWalmart.java:27)
	at java.util.ArrayList.forEach(Unknown Source)
... Removed 45 stack frames
</div> <!-- stack-trace -->
                </div> <!-- method-content -->
              </div> <!-- method -->
              <div class="method">
                <div class="method-content">
                  <a name="registrationLastName_Test10">
                  </a> <!-- registrationLastName_Test10 -->
                  <span class="method-name">registrationLastName_Test10</span>
                  <div class="stack-trace">org.openqa.selenium.SessionNotCreatedException: session not created
from timeout: Timed out receiving message from renderer: 600.000
  (Session info: chrome=88.0.4324.182)
Build info: version: &apos;3.141.59&apos;, revision: &apos;e82be7d358&apos;, time: &apos;2018-11-14T08:17:03&apos;
System info: host: &apos;PREYAL&apos;, ip: &apos;192.168.25.1&apos;, os.name: &apos;Windows 10&apos;, os.arch: &apos;amd64&apos;, os.version: &apos;10.0&apos;, java.version: &apos;1.8.0_281&apos;
Driver info: driver.version: ChromeDriver
remote stacktrace: Backtrace:
	Ordinal0 [0x005BC0C3+3326147]
	Ordinal0 [0x004A0851+2164817]
	Ordinal0 [0x00327298+619160]
	Ordinal0 [0x0031B17F+569727]
	Ordinal0 [0x0031A421+566305]
	Ordinal0 [0x0031A815+567317]
	Ordinal0 [0x0031A135+565557]
	Ordinal0 [0x003238B1+604337]
	Ordinal0 [0x0031A0F1+565489]
	Ordinal0 [0x0031AEA2+568994]
	Ordinal0 [0x0031A421+566305]
	Ordinal0 [0x0031A815+567317]
	Ordinal0 [0x0031A135+565557]
	Ordinal0 [0x00321D2C+597292]
	Ordinal0 [0x0031A0F1+565489]
	Ordinal0 [0x0031AEA2+568994]
	Ordinal0 [0x0031A421+566305]
	Ordinal0 [0x0031A815+567317]
	Ordinal0 [0x0031A135+565557]
	Ordinal0 [0x0031FE62+589410]
	Ordinal0 [0x0031A0F1+565489]
	Ordinal0 [0x0031AEA2+568994]
	Ordinal0 [0x0031A421+566305]
	Ordinal0 [0x0031A815+567317]
	Ordinal0 [0x0031A135+565557]
	Ordinal0 [0x0031F075+585845]
	Ordinal0 [0x0031A0F1+565489]
	Ordinal0 [0x0031AEA2+568994]
	Ordinal0 [0x0031A421+566305]
	Ordinal0 [0x0031A815+567317]
	Ordinal0 [0x0031A135+565557]
	Ordinal0 [0x00316776+550774]
	Ordinal0 [0x0031A0F1+565489]
	Ordinal0 [0x00319F13+565011]
	Ordinal0 [0x00319D07+564487]
	Ordinal0 [0x003282C0+623296]
	Ordinal0 [0x002C6BDD+224221]
	Ordinal0 [0x002C5CAC+220332]
	Ordinal0 [0x002C189B+202907]
	Ordinal0 [0x002A3DF4+81396]
	Ordinal0 [0x002A4DEE+85486]
	Ordinal0 [0x002A4D79+85369]
	Ordinal0 [0x004B85DC+2262492]
	GetHandleVerifier [0x00742874+1487204]
	GetHandleVerifier [0x007423CD+1486013]
	GetHandleVerifier [0x0074A368+1518680]
	GetHandleVerifier [0x00742F4E+1488958]
	Ordinal0 [0x004AED0D+2223373]
	Ordinal0 [0x004BA12B+2269483]
	Ordinal0 [0x004BA26F+2269807]
	Ordinal0 [0x004CECB8+2354360]
	BaseThreadInitThunk [0x75516359+25]
	RtlGetAppContainerNamedObjectPath [0x77D38944+228]
	RtlGetAppContainerNamedObjectPath [0x77D38914+180]

	at org.openqa.selenium.remote.W3CHandshakeResponse.lambda$errorHandler$0(W3CHandshakeResponse.java:62)
	at org.openqa.selenium.remote.HandshakeResponse.lambda$getResponseFunction$0(HandshakeResponse.java:30)
	at org.openqa.selenium.remote.ProtocolHandshake.lambda$createSession$0(ProtocolHandshake.java:126)
	at java.util.stream.ReferencePipeline$3$1.accept(Unknown Source)
	at java.util.Spliterators$ArraySpliterator.tryAdvance(Unknown Source)
	at java.util.stream.ReferencePipeline.forEachWithCancel(Unknown Source)
	at java.util.stream.AbstractPipeline.copyIntoWithCancel(Unknown Source)
	at java.util.stream.AbstractPipeline.copyInto(Unknown Source)
	at java.util.stream.AbstractPipeline.wrapAndCopyInto(Unknown Source)
	at java.util.stream.FindOps$FindOp.evaluateSequential(Unknown Source)
	at java.util.stream.AbstractPipeline.evaluate(Unknown Source)
	at java.util.stream.ReferencePipeline.findFirst(Unknown Source)
	at org.openqa.selenium.remote.ProtocolHandshake.createSession(ProtocolHandshake.java:128)
	at org.openqa.selenium.remote.ProtocolHandshake.createSession(ProtocolHandshake.java:74)
	at org.openqa.selenium.remote.HttpCommandExecutor.execute(HttpCommandExecutor.java:136)
	at org.openqa.selenium.remote.service.DriverCommandExecutor.execute(DriverCommandExecutor.java:83)
	at org.openqa.selenium.remote.RemoteWebDriver.execute(RemoteWebDriver.java:552)
	at org.openqa.selenium.remote.RemoteWebDriver.startSession(RemoteWebDriver.java:213)
	at org.openqa.selenium.remote.RemoteWebDriver.&lt;init&gt;(RemoteWebDriver.java:131)
	at org.openqa.selenium.chrome.ChromeDriver.&lt;init&gt;(ChromeDriver.java:181)
	at org.openqa.selenium.chrome.ChromeDriver.&lt;init&gt;(ChromeDriver.java:168)
	at org.openqa.selenium.chrome.ChromeDriver.&lt;init&gt;(ChromeDriver.java:123)
	at baseclass.BaseClassWalmart.initialization(BaseClassWalmart.java:44)
	at com.WalmartTestCases.TestRegistrationWalmart.satup(TestRegistrationWalmart.java:27)
	at java.util.ArrayList.forEach(Unknown Source)
... Removed 45 stack frames
</div> <!-- stack-trace -->
                </div> <!-- method-content -->
              </div> <!-- method -->
              <div class="method">
                <div class="method-content">
                  <a name="registrationLastName_Test11">
                  </a> <!-- registrationLastName_Test11 -->
                  <span class="method-name">registrationLastName_Test11</span>
                  <div class="stack-trace">org.openqa.selenium.SessionNotCreatedException: session not created
from timeout: Timed out receiving message from renderer: 600.000
  (Session info: chrome=88.0.4324.182)
Build info: version: &apos;3.141.59&apos;, revision: &apos;e82be7d358&apos;, time: &apos;2018-11-14T08:17:03&apos;
System info: host: &apos;PREYAL&apos;, ip: &apos;192.168.25.1&apos;, os.name: &apos;Windows 10&apos;, os.arch: &apos;amd64&apos;, os.version: &apos;10.0&apos;, java.version: &apos;1.8.0_281&apos;
Driver info: driver.version: ChromeDriver
remote stacktrace: Backtrace:
	Ordinal0 [0x005BC0C3+3326147]
	Ordinal0 [0x004A0851+2164817]
	Ordinal0 [0x00327298+619160]
	Ordinal0 [0x0031B17F+569727]
	Ordinal0 [0x0031A421+566305]
	Ordinal0 [0x0031A815+567317]
	Ordinal0 [0x0031A135+565557]
	Ordinal0 [0x003238B1+604337]
	Ordinal0 [0x0031A0F1+565489]
	Ordinal0 [0x0031AEA2+568994]
	Ordinal0 [0x0031A421+566305]
	Ordinal0 [0x0031A815+567317]
	Ordinal0 [0x0031A135+565557]
	Ordinal0 [0x00321D2C+597292]
	Ordinal0 [0x0031A0F1+565489]
	Ordinal0 [0x0031AEA2+568994]
	Ordinal0 [0x0031A421+566305]
	Ordinal0 [0x0031A815+567317]
	Ordinal0 [0x0031A135+565557]
	Ordinal0 [0x0031FE62+589410]
	Ordinal0 [0x0031A0F1+565489]
	Ordinal0 [0x0031AEA2+568994]
	Ordinal0 [0x0031A421+566305]
	Ordinal0 [0x0031A815+567317]
	Ordinal0 [0x0031A135+565557]
	Ordinal0 [0x0031F075+585845]
	Ordinal0 [0x0031A0F1+565489]
	Ordinal0 [0x0031AEA2+568994]
	Ordinal0 [0x0031A421+566305]
	Ordinal0 [0x0031A815+567317]
	Ordinal0 [0x0031A135+565557]
	Ordinal0 [0x00316776+550774]
	Ordinal0 [0x0031A0F1+565489]
	Ordinal0 [0x00319F13+565011]
	Ordinal0 [0x00319D07+564487]
	Ordinal0 [0x003282C0+623296]
	Ordinal0 [0x002C6BDD+224221]
	Ordinal0 [0x002C5CAC+220332]
	Ordinal0 [0x002C189B+202907]
	Ordinal0 [0x002A3DF4+81396]
	Ordinal0 [0x002A4DEE+85486]
	Ordinal0 [0x002A4D79+85369]
	Ordinal0 [0x004B85DC+2262492]
	GetHandleVerifier [0x00742874+1487204]
	GetHandleVerifier [0x007423CD+1486013]
	GetHandleVerifier [0x0074A368+1518680]
	GetHandleVerifier [0x00742F4E+1488958]
	Ordinal0 [0x004AED0D+2223373]
	Ordinal0 [0x004BA12B+2269483]
	Ordinal0 [0x004BA26F+2269807]
	Ordinal0 [0x004CECB8+2354360]
	BaseThreadInitThunk [0x75516359+25]
	RtlGetAppContainerNamedObjectPath [0x77D38944+228]
	RtlGetAppContainerNamedObjectPath [0x77D38914+180]

	at org.openqa.selenium.remote.W3CHandshakeResponse.lambda$errorHandler$0(W3CHandshakeResponse.java:62)
	at org.openqa.selenium.remote.HandshakeResponse.lambda$getResponseFunction$0(HandshakeResponse.java:30)
	at org.openqa.selenium.remote.ProtocolHandshake.lambda$createSession$0(ProtocolHandshake.java:126)
	at java.util.stream.ReferencePipeline$3$1.accept(Unknown Source)
	at java.util.Spliterators$ArraySpliterator.tryAdvance(Unknown Source)
	at java.util.stream.ReferencePipeline.forEachWithCancel(Unknown Source)
	at java.util.stream.AbstractPipeline.copyIntoWithCancel(Unknown Source)
	at java.util.stream.AbstractPipeline.copyInto(Unknown Source)
	at java.util.stream.AbstractPipeline.wrapAndCopyInto(Unknown Source)
	at java.util.stream.FindOps$FindOp.evaluateSequential(Unknown Source)
	at java.util.stream.AbstractPipeline.evaluate(Unknown Source)
	at java.util.stream.ReferencePipeline.findFirst(Unknown Source)
	at org.openqa.selenium.remote.ProtocolHandshake.createSession(ProtocolHandshake.java:128)
	at org.openqa.selenium.remote.ProtocolHandshake.createSession(ProtocolHandshake.java:74)
	at org.openqa.selenium.remote.HttpCommandExecutor.execute(HttpCommandExecutor.java:136)
	at org.openqa.selenium.remote.service.DriverCommandExecutor.execute(DriverCommandExecutor.java:83)
	at org.openqa.selenium.remote.RemoteWebDriver.execute(RemoteWebDriver.java:552)
	at org.openqa.selenium.remote.RemoteWebDriver.startSession(RemoteWebDriver.java:213)
	at org.openqa.selenium.remote.RemoteWebDriver.&lt;init&gt;(RemoteWebDriver.java:131)
	at org.openqa.selenium.chrome.ChromeDriver.&lt;init&gt;(ChromeDriver.java:181)
	at org.openqa.selenium.chrome.ChromeDriver.&lt;init&gt;(ChromeDriver.java:168)
	at org.openqa.selenium.chrome.ChromeDriver.&lt;init&gt;(ChromeDriver.java:123)
	at baseclass.BaseClassWalmart.initialization(BaseClassWalmart.java:44)
	at com.WalmartTestCases.TestRegistrationWalmart.satup(TestRegistrationWalmart.java:27)
	at java.util.ArrayList.forEach(Unknown Source)
... Removed 45 stack frames
</div> <!-- stack-trace -->
                </div> <!-- method-content -->
              </div> <!-- method -->
              <div class="method">
                <div class="method-content">
                  <a name="registrationLastName_Test8">
                  </a> <!-- registrationLastName_Test8 -->
                  <span class="method-name">registrationLastName_Test8</span>
                  <div class="stack-trace">org.openqa.selenium.SessionNotCreatedException: session not created
from timeout: Timed out receiving message from renderer: 600.000
  (Session info: chrome=88.0.4324.182)
Build info: version: &apos;3.141.59&apos;, revision: &apos;e82be7d358&apos;, time: &apos;2018-11-14T08:17:03&apos;
System info: host: &apos;PREYAL&apos;, ip: &apos;192.168.25.1&apos;, os.name: &apos;Windows 10&apos;, os.arch: &apos;amd64&apos;, os.version: &apos;10.0&apos;, java.version: &apos;1.8.0_281&apos;
Driver info: driver.version: ChromeDriver
remote stacktrace: Backtrace:
	Ordinal0 [0x005BC0C3+3326147]
	Ordinal0 [0x004A0851+2164817]
	Ordinal0 [0x00327298+619160]
	Ordinal0 [0x0031B17F+569727]
	Ordinal0 [0x0031A421+566305]
	Ordinal0 [0x0031A815+567317]
	Ordinal0 [0x0031A135+565557]
	Ordinal0 [0x003238B1+604337]
	Ordinal0 [0x0031A0F1+565489]
	Ordinal0 [0x0031AEA2+568994]
	Ordinal0 [0x0031A421+566305]
	Ordinal0 [0x0031A815+567317]
	Ordinal0 [0x0031A135+565557]
	Ordinal0 [0x00321D2C+597292]
	Ordinal0 [0x0031A0F1+565489]
	Ordinal0 [0x0031AEA2+568994]
	Ordinal0 [0x0031A421+566305]
	Ordinal0 [0x0031A815+567317]
	Ordinal0 [0x0031A135+565557]
	Ordinal0 [0x0031FE62+589410]
	Ordinal0 [0x0031A0F1+565489]
	Ordinal0 [0x0031AEA2+568994]
	Ordinal0 [0x0031A421+566305]
	Ordinal0 [0x0031A815+567317]
	Ordinal0 [0x0031A135+565557]
	Ordinal0 [0x0031F075+585845]
	Ordinal0 [0x0031A0F1+565489]
	Ordinal0 [0x0031AEA2+568994]
	Ordinal0 [0x0031A421+566305]
	Ordinal0 [0x0031A815+567317]
	Ordinal0 [0x0031A135+565557]
	Ordinal0 [0x00316776+550774]
	Ordinal0 [0x0031A0F1+565489]
	Ordinal0 [0x00319F13+565011]
	Ordinal0 [0x00319D07+564487]
	Ordinal0 [0x003282C0+623296]
	Ordinal0 [0x002C6BDD+224221]
	Ordinal0 [0x002C5CAC+220332]
	Ordinal0 [0x002C189B+202907]
	Ordinal0 [0x002A3DF4+81396]
	Ordinal0 [0x002A4DEE+85486]
	Ordinal0 [0x002A4D79+85369]
	Ordinal0 [0x004B85DC+2262492]
	GetHandleVerifier [0x00742874+1487204]
	GetHandleVerifier [0x007423CD+1486013]
	GetHandleVerifier [0x0074A368+1518680]
	GetHandleVerifier [0x00742F4E+1488958]
	Ordinal0 [0x004AED0D+2223373]
	Ordinal0 [0x004BA12B+2269483]
	Ordinal0 [0x004BA26F+2269807]
	Ordinal0 [0x004CECB8+2354360]
	BaseThreadInitThunk [0x75516359+25]
	RtlGetAppContainerNamedObjectPath [0x77D38944+228]
	RtlGetAppContainerNamedObjectPath [0x77D38914+180]

	at org.openqa.selenium.remote.W3CHandshakeResponse.lambda$errorHandler$0(W3CHandshakeResponse.java:62)
	at org.openqa.selenium.remote.HandshakeResponse.lambda$getResponseFunction$0(HandshakeResponse.java:30)
	at org.openqa.selenium.remote.ProtocolHandshake.lambda$createSession$0(ProtocolHandshake.java:126)
	at java.util.stream.ReferencePipeline$3$1.accept(Unknown Source)
	at java.util.Spliterators$ArraySpliterator.tryAdvance(Unknown Source)
	at java.util.stream.ReferencePipeline.forEachWithCancel(Unknown Source)
	at java.util.stream.AbstractPipeline.copyIntoWithCancel(Unknown Source)
	at java.util.stream.AbstractPipeline.copyInto(Unknown Source)
	at java.util.stream.AbstractPipeline.wrapAndCopyInto(Unknown Source)
	at java.util.stream.FindOps$FindOp.evaluateSequential(Unknown Source)
	at java.util.stream.AbstractPipeline.evaluate(Unknown Source)
	at java.util.stream.ReferencePipeline.findFirst(Unknown Source)
	at org.openqa.selenium.remote.ProtocolHandshake.createSession(ProtocolHandshake.java:128)
	at org.openqa.selenium.remote.ProtocolHandshake.createSession(ProtocolHandshake.java:74)
	at org.openqa.selenium.remote.HttpCommandExecutor.execute(HttpCommandExecutor.java:136)
	at org.openqa.selenium.remote.service.DriverCommandExecutor.execute(DriverCommandExecutor.java:83)
	at org.openqa.selenium.remote.RemoteWebDriver.execute(RemoteWebDriver.java:552)
	at org.openqa.selenium.remote.RemoteWebDriver.startSession(RemoteWebDriver.java:213)
	at org.openqa.selenium.remote.RemoteWebDriver.&lt;init&gt;(RemoteWebDriver.java:131)
	at org.openqa.selenium.chrome.ChromeDriver.&lt;init&gt;(ChromeDriver.java:181)
	at org.openqa.selenium.chrome.ChromeDriver.&lt;init&gt;(ChromeDriver.java:168)
	at org.openqa.selenium.chrome.ChromeDriver.&lt;init&gt;(ChromeDriver.java:123)
	at baseclass.BaseClassWalmart.initialization(BaseClassWalmart.java:44)
	at com.WalmartTestCases.TestRegistrationWalmart.satup(TestRegistrationWalmart.java:27)
	at java.util.ArrayList.forEach(Unknown Source)
... Removed 45 stack frames
</div> <!-- stack-trace -->
                </div> <!-- method-content -->
              </div> <!-- method -->
              <div class="method">
                <div class="method-content">
                  <a name="registrationLastName_Test9">
                  </a> <!-- registrationLastName_Test9 -->
                  <span class="method-name">registrationLastName_Test9</span>
                  <div class="stack-trace">org.openqa.selenium.SessionNotCreatedException: session not created
from timeout: Timed out receiving message from renderer: 600.000
  (Session info: chrome=88.0.4324.182)
Build info: version: &apos;3.141.59&apos;, revision: &apos;e82be7d358&apos;, time: &apos;2018-11-14T08:17:03&apos;
System info: host: &apos;PREYAL&apos;, ip: &apos;192.168.25.1&apos;, os.name: &apos;Windows 10&apos;, os.arch: &apos;amd64&apos;, os.version: &apos;10.0&apos;, java.version: &apos;1.8.0_281&apos;
Driver info: driver.version: ChromeDriver
remote stacktrace: Backtrace:
	Ordinal0 [0x005BC0C3+3326147]
	Ordinal0 [0x004A0851+2164817]
	Ordinal0 [0x00327298+619160]
	Ordinal0 [0x0031B17F+569727]
	Ordinal0 [0x0031A421+566305]
	Ordinal0 [0x0031A815+567317]
	Ordinal0 [0x0031A135+565557]
	Ordinal0 [0x003238B1+604337]
	Ordinal0 [0x0031A0F1+565489]
	Ordinal0 [0x0031AEA2+568994]
	Ordinal0 [0x0031A421+566305]
	Ordinal0 [0x0031A815+567317]
	Ordinal0 [0x0031A135+565557]
	Ordinal0 [0x00321D2C+597292]
	Ordinal0 [0x0031A0F1+565489]
	Ordinal0 [0x0031AEA2+568994]
	Ordinal0 [0x0031A421+566305]
	Ordinal0 [0x0031A815+567317]
	Ordinal0 [0x0031A135+565557]
	Ordinal0 [0x0031FE62+589410]
	Ordinal0 [0x0031A0F1+565489]
	Ordinal0 [0x0031AEA2+568994]
	Ordinal0 [0x0031A421+566305]
	Ordinal0 [0x0031A815+567317]
	Ordinal0 [0x0031A135+565557]
	Ordinal0 [0x0031F075+585845]
	Ordinal0 [0x0031A0F1+565489]
	Ordinal0 [0x0031AEA2+568994]
	Ordinal0 [0x0031A421+566305]
	Ordinal0 [0x0031A815+567317]
	Ordinal0 [0x0031A135+565557]
	Ordinal0 [0x00316776+550774]
	Ordinal0 [0x0031A0F1+565489]
	Ordinal0 [0x00319F13+565011]
	Ordinal0 [0x00319D07+564487]
	Ordinal0 [0x003282C0+623296]
	Ordinal0 [0x002C6BDD+224221]
	Ordinal0 [0x002C5CAC+220332]
	Ordinal0 [0x002C189B+202907]
	Ordinal0 [0x002A3DF4+81396]
	Ordinal0 [0x002A4DEE+85486]
	Ordinal0 [0x002A4D79+85369]
	Ordinal0 [0x004B85DC+2262492]
	GetHandleVerifier [0x00742874+1487204]
	GetHandleVerifier [0x007423CD+1486013]
	GetHandleVerifier [0x0074A368+1518680]
	GetHandleVerifier [0x00742F4E+1488958]
	Ordinal0 [0x004AED0D+2223373]
	Ordinal0 [0x004BA12B+2269483]
	Ordinal0 [0x004BA26F+2269807]
	Ordinal0 [0x004CECB8+2354360]
	BaseThreadInitThunk [0x75516359+25]
	RtlGetAppContainerNamedObjectPath [0x77D38944+228]
	RtlGetAppContainerNamedObjectPath [0x77D38914+180]

	at org.openqa.selenium.remote.W3CHandshakeResponse.lambda$errorHandler$0(W3CHandshakeResponse.java:62)
	at org.openqa.selenium.remote.HandshakeResponse.lambda$getResponseFunction$0(HandshakeResponse.java:30)
	at org.openqa.selenium.remote.ProtocolHandshake.lambda$createSession$0(ProtocolHandshake.java:126)
	at java.util.stream.ReferencePipeline$3$1.accept(Unknown Source)
	at java.util.Spliterators$ArraySpliterator.tryAdvance(Unknown Source)
	at java.util.stream.ReferencePipeline.forEachWithCancel(Unknown Source)
	at java.util.stream.AbstractPipeline.copyIntoWithCancel(Unknown Source)
	at java.util.stream.AbstractPipeline.copyInto(Unknown Source)
	at java.util.stream.AbstractPipeline.wrapAndCopyInto(Unknown Source)
	at java.util.stream.FindOps$FindOp.evaluateSequential(Unknown Source)
	at java.util.stream.AbstractPipeline.evaluate(Unknown Source)
	at java.util.stream.ReferencePipeline.findFirst(Unknown Source)
	at org.openqa.selenium.remote.ProtocolHandshake.createSession(ProtocolHandshake.java:128)
	at org.openqa.selenium.remote.ProtocolHandshake.createSession(ProtocolHandshake.java:74)
	at org.openqa.selenium.remote.HttpCommandExecutor.execute(HttpCommandExecutor.java:136)
	at org.openqa.selenium.remote.service.DriverCommandExecutor.execute(DriverCommandExecutor.java:83)
	at org.openqa.selenium.remote.RemoteWebDriver.execute(RemoteWebDriver.java:552)
	at org.openqa.selenium.remote.RemoteWebDriver.startSession(RemoteWebDriver.java:213)
	at org.openqa.selenium.remote.RemoteWebDriver.&lt;init&gt;(RemoteWebDriver.java:131)
	at org.openqa.selenium.chrome.ChromeDriver.&lt;init&gt;(ChromeDriver.java:181)
	at org.openqa.selenium.chrome.ChromeDriver.&lt;init&gt;(ChromeDriver.java:168)
	at org.openqa.selenium.chrome.ChromeDriver.&lt;init&gt;(ChromeDriver.java:123)
	at baseclass.BaseClassWalmart.initialization(BaseClassWalmart.java:44)
	at com.WalmartTestCases.TestRegistrationWalmart.satup(TestRegistrationWalmart.java:27)
	at java.util.ArrayList.forEach(Unknown Source)
... Removed 45 stack frames
</div> <!-- stack-trace -->
                </div> <!-- method-content -->
              </div> <!-- method -->
              <div class="method">
                <div class="method-content">
                  <a name="registrationNullFirstLastName_Test16">
                  </a> <!-- registrationNullFirstLastName_Test16 -->
                  <span class="method-name">registrationNullFirstLastName_Test16</span>
                  <div class="stack-trace">org.openqa.selenium.SessionNotCreatedException: session not created
from timeout: Timed out receiving message from renderer: 600.000
  (Session info: chrome=88.0.4324.182)
Build info: version: &apos;3.141.59&apos;, revision: &apos;e82be7d358&apos;, time: &apos;2018-11-14T08:17:03&apos;
System info: host: &apos;PREYAL&apos;, ip: &apos;192.168.25.1&apos;, os.name: &apos;Windows 10&apos;, os.arch: &apos;amd64&apos;, os.version: &apos;10.0&apos;, java.version: &apos;1.8.0_281&apos;
Driver info: driver.version: ChromeDriver
remote stacktrace: Backtrace:
	Ordinal0 [0x005BC0C3+3326147]
	Ordinal0 [0x004A0851+2164817]
	Ordinal0 [0x00327298+619160]
	Ordinal0 [0x0031B17F+569727]
	Ordinal0 [0x0031A421+566305]
	Ordinal0 [0x0031A815+567317]
	Ordinal0 [0x0031A135+565557]
	Ordinal0 [0x003238B1+604337]
	Ordinal0 [0x0031A0F1+565489]
	Ordinal0 [0x0031AEA2+568994]
	Ordinal0 [0x0031A421+566305]
	Ordinal0 [0x0031A815+567317]
	Ordinal0 [0x0031A135+565557]
	Ordinal0 [0x00321D2C+597292]
	Ordinal0 [0x0031A0F1+565489]
	Ordinal0 [0x0031AEA2+568994]
	Ordinal0 [0x0031A421+566305]
	Ordinal0 [0x0031A815+567317]
	Ordinal0 [0x0031A135+565557]
	Ordinal0 [0x0031FE62+589410]
	Ordinal0 [0x0031A0F1+565489]
	Ordinal0 [0x0031AEA2+568994]
	Ordinal0 [0x0031A421+566305]
	Ordinal0 [0x0031A815+567317]
	Ordinal0 [0x0031A135+565557]
	Ordinal0 [0x0031F075+585845]
	Ordinal0 [0x0031A0F1+565489]
	Ordinal0 [0x0031AEA2+568994]
	Ordinal0 [0x0031A421+566305]
	Ordinal0 [0x0031A815+567317]
	Ordinal0 [0x0031A135+565557]
	Ordinal0 [0x00316776+550774]
	Ordinal0 [0x0031A0F1+565489]
	Ordinal0 [0x00319F13+565011]
	Ordinal0 [0x00319D07+564487]
	Ordinal0 [0x003282C0+623296]
	Ordinal0 [0x002C6BDD+224221]
	Ordinal0 [0x002C5CAC+220332]
	Ordinal0 [0x002C189B+202907]
	Ordinal0 [0x002A3DF4+81396]
	Ordinal0 [0x002A4DEE+85486]
	Ordinal0 [0x002A4D79+85369]
	Ordinal0 [0x004B85DC+2262492]
	GetHandleVerifier [0x00742874+1487204]
	GetHandleVerifier [0x007423CD+1486013]
	GetHandleVerifier [0x0074A368+1518680]
	GetHandleVerifier [0x00742F4E+1488958]
	Ordinal0 [0x004AED0D+2223373]
	Ordinal0 [0x004BA12B+2269483]
	Ordinal0 [0x004BA26F+2269807]
	Ordinal0 [0x004CECB8+2354360]
	BaseThreadInitThunk [0x75516359+25]
	RtlGetAppContainerNamedObjectPath [0x77D38944+228]
	RtlGetAppContainerNamedObjectPath [0x77D38914+180]

	at org.openqa.selenium.remote.W3CHandshakeResponse.lambda$errorHandler$0(W3CHandshakeResponse.java:62)
	at org.openqa.selenium.remote.HandshakeResponse.lambda$getResponseFunction$0(HandshakeResponse.java:30)
	at org.openqa.selenium.remote.ProtocolHandshake.lambda$createSession$0(ProtocolHandshake.java:126)
	at java.util.stream.ReferencePipeline$3$1.accept(Unknown Source)
	at java.util.Spliterators$ArraySpliterator.tryAdvance(Unknown Source)
	at java.util.stream.ReferencePipeline.forEachWithCancel(Unknown Source)
	at java.util.stream.AbstractPipeline.copyIntoWithCancel(Unknown Source)
	at java.util.stream.AbstractPipeline.copyInto(Unknown Source)
	at java.util.stream.AbstractPipeline.wrapAndCopyInto(Unknown Source)
	at java.util.stream.FindOps$FindOp.evaluateSequential(Unknown Source)
	at java.util.stream.AbstractPipeline.evaluate(Unknown Source)
	at java.util.stream.ReferencePipeline.findFirst(Unknown Source)
	at org.openqa.selenium.remote.ProtocolHandshake.createSession(ProtocolHandshake.java:128)
	at org.openqa.selenium.remote.ProtocolHandshake.createSession(ProtocolHandshake.java:74)
	at org.openqa.selenium.remote.HttpCommandExecutor.execute(HttpCommandExecutor.java:136)
	at org.openqa.selenium.remote.service.DriverCommandExecutor.execute(DriverCommandExecutor.java:83)
	at org.openqa.selenium.remote.RemoteWebDriver.execute(RemoteWebDriver.java:552)
	at org.openqa.selenium.remote.RemoteWebDriver.startSession(RemoteWebDriver.java:213)
	at org.openqa.selenium.remote.RemoteWebDriver.&lt;init&gt;(RemoteWebDriver.java:131)
	at org.openqa.selenium.chrome.ChromeDriver.&lt;init&gt;(ChromeDriver.java:181)
	at org.openqa.selenium.chrome.ChromeDriver.&lt;init&gt;(ChromeDriver.java:168)
	at org.openqa.selenium.chrome.ChromeDriver.&lt;init&gt;(ChromeDriver.java:123)
	at baseclass.BaseClassWalmart.initialization(BaseClassWalmart.java:44)
	at com.WalmartTestCases.TestRegistrationWalmart.satup(TestRegistrationWalmart.java:27)
	at java.util.ArrayList.forEach(Unknown Source)
... Removed 45 stack frames
</div> <!-- stack-trace -->
                </div> <!-- method-content -->
              </div> <!-- method -->
              <div class="method">
                <div class="method-content">
                  <a name="registrationPasswordStrangth_Test19">
                  </a> <!-- registrationPasswordStrangth_Test19 -->
                  <span class="method-name">registrationPasswordStrangth_Test19</span>
                  <div class="stack-trace">org.openqa.selenium.SessionNotCreatedException: session not created
from timeout: Timed out receiving message from renderer: 600.000
  (Session info: chrome=88.0.4324.182)
Build info: version: &apos;3.141.59&apos;, revision: &apos;e82be7d358&apos;, time: &apos;2018-11-14T08:17:03&apos;
System info: host: &apos;PREYAL&apos;, ip: &apos;192.168.25.1&apos;, os.name: &apos;Windows 10&apos;, os.arch: &apos;amd64&apos;, os.version: &apos;10.0&apos;, java.version: &apos;1.8.0_281&apos;
Driver info: driver.version: ChromeDriver
remote stacktrace: Backtrace:
	Ordinal0 [0x005BC0C3+3326147]
	Ordinal0 [0x004A0851+2164817]
	Ordinal0 [0x00327298+619160]
	Ordinal0 [0x0031B17F+569727]
	Ordinal0 [0x0031A421+566305]
	Ordinal0 [0x0031A815+567317]
	Ordinal0 [0x0031A135+565557]
	Ordinal0 [0x003238B1+604337]
	Ordinal0 [0x0031A0F1+565489]
	Ordinal0 [0x0031AEA2+568994]
	Ordinal0 [0x0031A421+566305]
	Ordinal0 [0x0031A815+567317]
	Ordinal0 [0x0031A135+565557]
	Ordinal0 [0x00321D2C+597292]
	Ordinal0 [0x0031A0F1+565489]
	Ordinal0 [0x0031AEA2+568994]
	Ordinal0 [0x0031A421+566305]
	Ordinal0 [0x0031A815+567317]
	Ordinal0 [0x0031A135+565557]
	Ordinal0 [0x0031FE62+589410]
	Ordinal0 [0x0031A0F1+565489]
	Ordinal0 [0x0031AEA2+568994]
	Ordinal0 [0x0031A421+566305]
	Ordinal0 [0x0031A815+567317]
	Ordinal0 [0x0031A135+565557]
	Ordinal0 [0x0031F075+585845]
	Ordinal0 [0x0031A0F1+565489]
	Ordinal0 [0x0031AEA2+568994]
	Ordinal0 [0x0031A421+566305]
	Ordinal0 [0x0031A815+567317]
	Ordinal0 [0x0031A135+565557]
	Ordinal0 [0x00316776+550774]
	Ordinal0 [0x0031A0F1+565489]
	Ordinal0 [0x00319F13+565011]
	Ordinal0 [0x00319D07+564487]
	Ordinal0 [0x003282C0+623296]
	Ordinal0 [0x002C6BDD+224221]
	Ordinal0 [0x002C5CAC+220332]
	Ordinal0 [0x002C189B+202907]
	Ordinal0 [0x002A3DF4+81396]
	Ordinal0 [0x002A4DEE+85486]
	Ordinal0 [0x002A4D79+85369]
	Ordinal0 [0x004B85DC+2262492]
	GetHandleVerifier [0x00742874+1487204]
	GetHandleVerifier [0x007423CD+1486013]
	GetHandleVerifier [0x0074A368+1518680]
	GetHandleVerifier [0x00742F4E+1488958]
	Ordinal0 [0x004AED0D+2223373]
	Ordinal0 [0x004BA12B+2269483]
	Ordinal0 [0x004BA26F+2269807]
	Ordinal0 [0x004CECB8+2354360]
	BaseThreadInitThunk [0x75516359+25]
	RtlGetAppContainerNamedObjectPath [0x77D38944+228]
	RtlGetAppContainerNamedObjectPath [0x77D38914+180]

	at org.openqa.selenium.remote.W3CHandshakeResponse.lambda$errorHandler$0(W3CHandshakeResponse.java:62)
	at org.openqa.selenium.remote.HandshakeResponse.lambda$getResponseFunction$0(HandshakeResponse.java:30)
	at org.openqa.selenium.remote.ProtocolHandshake.lambda$createSession$0(ProtocolHandshake.java:126)
	at java.util.stream.ReferencePipeline$3$1.accept(Unknown Source)
	at java.util.Spliterators$ArraySpliterator.tryAdvance(Unknown Source)
	at java.util.stream.ReferencePipeline.forEachWithCancel(Unknown Source)
	at java.util.stream.AbstractPipeline.copyIntoWithCancel(Unknown Source)
	at java.util.stream.AbstractPipeline.copyInto(Unknown Source)
	at java.util.stream.AbstractPipeline.wrapAndCopyInto(Unknown Source)
	at java.util.stream.FindOps$FindOp.evaluateSequential(Unknown Source)
	at java.util.stream.AbstractPipeline.evaluate(Unknown Source)
	at java.util.stream.ReferencePipeline.findFirst(Unknown Source)
	at org.openqa.selenium.remote.ProtocolHandshake.createSession(ProtocolHandshake.java:128)
	at org.openqa.selenium.remote.ProtocolHandshake.createSession(ProtocolHandshake.java:74)
	at org.openqa.selenium.remote.HttpCommandExecutor.execute(HttpCommandExecutor.java:136)
	at org.openqa.selenium.remote.service.DriverCommandExecutor.execute(DriverCommandExecutor.java:83)
	at org.openqa.selenium.remote.RemoteWebDriver.execute(RemoteWebDriver.java:552)
	at org.openqa.selenium.remote.RemoteWebDriver.startSession(RemoteWebDriver.java:213)
	at org.openqa.selenium.remote.RemoteWebDriver.&lt;init&gt;(RemoteWebDriver.java:131)
	at org.openqa.selenium.chrome.ChromeDriver.&lt;init&gt;(ChromeDriver.java:181)
	at org.openqa.selenium.chrome.ChromeDriver.&lt;init&gt;(ChromeDriver.java:168)
	at org.openqa.selenium.chrome.ChromeDriver.&lt;init&gt;(ChromeDriver.java:123)
	at baseclass.BaseClassWalmart.initialization(BaseClassWalmart.java:44)
	at com.WalmartTestCases.TestRegistrationWalmart.satup(TestRegistrationWalmart.java:27)
	at java.util.ArrayList.forEach(Unknown Source)
... Removed 45 stack frames
</div> <!-- stack-trace -->
                </div> <!-- method-content -->
              </div> <!-- method -->
              <div class="method">
                <div class="method-content">
                  <a name="registrationPhoneNumber_Test12">
                  </a> <!-- registrationPhoneNumber_Test12 -->
                  <span class="method-name">registrationPhoneNumber_Test12</span>
                  <div class="stack-trace">org.openqa.selenium.SessionNotCreatedException: session not created
from timeout: Timed out receiving message from renderer: 600.000
  (Session info: chrome=88.0.4324.182)
Build info: version: &apos;3.141.59&apos;, revision: &apos;e82be7d358&apos;, time: &apos;2018-11-14T08:17:03&apos;
System info: host: &apos;PREYAL&apos;, ip: &apos;192.168.25.1&apos;, os.name: &apos;Windows 10&apos;, os.arch: &apos;amd64&apos;, os.version: &apos;10.0&apos;, java.version: &apos;1.8.0_281&apos;
Driver info: driver.version: ChromeDriver
remote stacktrace: Backtrace:
	Ordinal0 [0x005BC0C3+3326147]
	Ordinal0 [0x004A0851+2164817]
	Ordinal0 [0x00327298+619160]
	Ordinal0 [0x0031B17F+569727]
	Ordinal0 [0x0031A421+566305]
	Ordinal0 [0x0031A815+567317]
	Ordinal0 [0x0031A135+565557]
	Ordinal0 [0x003238B1+604337]
	Ordinal0 [0x0031A0F1+565489]
	Ordinal0 [0x0031AEA2+568994]
	Ordinal0 [0x0031A421+566305]
	Ordinal0 [0x0031A815+567317]
	Ordinal0 [0x0031A135+565557]
	Ordinal0 [0x00321D2C+597292]
	Ordinal0 [0x0031A0F1+565489]
	Ordinal0 [0x0031AEA2+568994]
	Ordinal0 [0x0031A421+566305]
	Ordinal0 [0x0031A815+567317]
	Ordinal0 [0x0031A135+565557]
	Ordinal0 [0x0031FE62+589410]
	Ordinal0 [0x0031A0F1+565489]
	Ordinal0 [0x0031AEA2+568994]
	Ordinal0 [0x0031A421+566305]
	Ordinal0 [0x0031A815+567317]
	Ordinal0 [0x0031A135+565557]
	Ordinal0 [0x0031F075+585845]
	Ordinal0 [0x0031A0F1+565489]
	Ordinal0 [0x0031AEA2+568994]
	Ordinal0 [0x0031A421+566305]
	Ordinal0 [0x0031A815+567317]
	Ordinal0 [0x0031A135+565557]
	Ordinal0 [0x00316776+550774]
	Ordinal0 [0x0031A0F1+565489]
	Ordinal0 [0x00319F13+565011]
	Ordinal0 [0x00319D07+564487]
	Ordinal0 [0x003282C0+623296]
	Ordinal0 [0x002C6BDD+224221]
	Ordinal0 [0x002C5CAC+220332]
	Ordinal0 [0x002C189B+202907]
	Ordinal0 [0x002A3DF4+81396]
	Ordinal0 [0x002A4DEE+85486]
	Ordinal0 [0x002A4D79+85369]
	Ordinal0 [0x004B85DC+2262492]
	GetHandleVerifier [0x00742874+1487204]
	GetHandleVerifier [0x007423CD+1486013]
	GetHandleVerifier [0x0074A368+1518680]
	GetHandleVerifier [0x00742F4E+1488958]
	Ordinal0 [0x004AED0D+2223373]
	Ordinal0 [0x004BA12B+2269483]
	Ordinal0 [0x004BA26F+2269807]
	Ordinal0 [0x004CECB8+2354360]
	BaseThreadInitThunk [0x75516359+25]
	RtlGetAppContainerNamedObjectPath [0x77D38944+228]
	RtlGetAppContainerNamedObjectPath [0x77D38914+180]

	at org.openqa.selenium.remote.W3CHandshakeResponse.lambda$errorHandler$0(W3CHandshakeResponse.java:62)
	at org.openqa.selenium.remote.HandshakeResponse.lambda$getResponseFunction$0(HandshakeResponse.java:30)
	at org.openqa.selenium.remote.ProtocolHandshake.lambda$createSession$0(ProtocolHandshake.java:126)
	at java.util.stream.ReferencePipeline$3$1.accept(Unknown Source)
	at java.util.Spliterators$ArraySpliterator.tryAdvance(Unknown Source)
	at java.util.stream.ReferencePipeline.forEachWithCancel(Unknown Source)
	at java.util.stream.AbstractPipeline.copyIntoWithCancel(Unknown Source)
	at java.util.stream.AbstractPipeline.copyInto(Unknown Source)
	at java.util.stream.AbstractPipeline.wrapAndCopyInto(Unknown Source)
	at java.util.stream.FindOps$FindOp.evaluateSequential(Unknown Source)
	at java.util.stream.AbstractPipeline.evaluate(Unknown Source)
	at java.util.stream.ReferencePipeline.findFirst(Unknown Source)
	at org.openqa.selenium.remote.ProtocolHandshake.createSession(ProtocolHandshake.java:128)
	at org.openqa.selenium.remote.ProtocolHandshake.createSession(ProtocolHandshake.java:74)
	at org.openqa.selenium.remote.HttpCommandExecutor.execute(HttpCommandExecutor.java:136)
	at org.openqa.selenium.remote.service.DriverCommandExecutor.execute(DriverCommandExecutor.java:83)
	at org.openqa.selenium.remote.RemoteWebDriver.execute(RemoteWebDriver.java:552)
	at org.openqa.selenium.remote.RemoteWebDriver.startSession(RemoteWebDriver.java:213)
	at org.openqa.selenium.remote.RemoteWebDriver.&lt;init&gt;(RemoteWebDriver.java:131)
	at org.openqa.selenium.chrome.ChromeDriver.&lt;init&gt;(ChromeDriver.java:181)
	at org.openqa.selenium.chrome.ChromeDriver.&lt;init&gt;(ChromeDriver.java:168)
	at org.openqa.selenium.chrome.ChromeDriver.&lt;init&gt;(ChromeDriver.java:123)
	at baseclass.BaseClassWalmart.initialization(BaseClassWalmart.java:44)
	at com.WalmartTestCases.TestRegistrationWalmart.satup(TestRegistrationWalmart.java:27)
	at java.util.ArrayList.forEach(Unknown Source)
... Removed 45 stack frames
</div> <!-- stack-trace -->
                </div> <!-- method-content -->
              </div> <!-- method -->
              <div class="method">
                <div class="method-content">
                  <a name="registrationPhoneNumber_Test13">
                  </a> <!-- registrationPhoneNumber_Test13 -->
                  <span class="method-name">registrationPhoneNumber_Test13</span>
                  <div class="stack-trace">org.openqa.selenium.SessionNotCreatedException: session not created
from timeout: Timed out receiving message from renderer: 600.000
  (Session info: chrome=88.0.4324.182)
Build info: version: &apos;3.141.59&apos;, revision: &apos;e82be7d358&apos;, time: &apos;2018-11-14T08:17:03&apos;
System info: host: &apos;PREYAL&apos;, ip: &apos;192.168.25.1&apos;, os.name: &apos;Windows 10&apos;, os.arch: &apos;amd64&apos;, os.version: &apos;10.0&apos;, java.version: &apos;1.8.0_281&apos;
Driver info: driver.version: ChromeDriver
remote stacktrace: Backtrace:
	Ordinal0 [0x005BC0C3+3326147]
	Ordinal0 [0x004A0851+2164817]
	Ordinal0 [0x00327298+619160]
	Ordinal0 [0x0031B17F+569727]
	Ordinal0 [0x0031A421+566305]
	Ordinal0 [0x0031A815+567317]
	Ordinal0 [0x0031A135+565557]
	Ordinal0 [0x003238B1+604337]
	Ordinal0 [0x0031A0F1+565489]
	Ordinal0 [0x0031AEA2+568994]
	Ordinal0 [0x0031A421+566305]
	Ordinal0 [0x0031A815+567317]
	Ordinal0 [0x0031A135+565557]
	Ordinal0 [0x00321D2C+597292]
	Ordinal0 [0x0031A0F1+565489]
	Ordinal0 [0x0031AEA2+568994]
	Ordinal0 [0x0031A421+566305]
	Ordinal0 [0x0031A815+567317]
	Ordinal0 [0x0031A135+565557]
	Ordinal0 [0x0031FE62+589410]
	Ordinal0 [0x0031A0F1+565489]
	Ordinal0 [0x0031AEA2+568994]
	Ordinal0 [0x0031A421+566305]
	Ordinal0 [0x0031A815+567317]
	Ordinal0 [0x0031A135+565557]
	Ordinal0 [0x0031F075+585845]
	Ordinal0 [0x0031A0F1+565489]
	Ordinal0 [0x0031AEA2+568994]
	Ordinal0 [0x0031A421+566305]
	Ordinal0 [0x0031A815+567317]
	Ordinal0 [0x0031A135+565557]
	Ordinal0 [0x00316776+550774]
	Ordinal0 [0x0031A0F1+565489]
	Ordinal0 [0x00319F13+565011]
	Ordinal0 [0x00319D07+564487]
	Ordinal0 [0x003282C0+623296]
	Ordinal0 [0x002C6BDD+224221]
	Ordinal0 [0x002C5CAC+220332]
	Ordinal0 [0x002C189B+202907]
	Ordinal0 [0x002A3DF4+81396]
	Ordinal0 [0x002A4DEE+85486]
	Ordinal0 [0x002A4D79+85369]
	Ordinal0 [0x004B85DC+2262492]
	GetHandleVerifier [0x00742874+1487204]
	GetHandleVerifier [0x007423CD+1486013]
	GetHandleVerifier [0x0074A368+1518680]
	GetHandleVerifier [0x00742F4E+1488958]
	Ordinal0 [0x004AED0D+2223373]
	Ordinal0 [0x004BA12B+2269483]
	Ordinal0 [0x004BA26F+2269807]
	Ordinal0 [0x004CECB8+2354360]
	BaseThreadInitThunk [0x75516359+25]
	RtlGetAppContainerNamedObjectPath [0x77D38944+228]
	RtlGetAppContainerNamedObjectPath [0x77D38914+180]

	at org.openqa.selenium.remote.W3CHandshakeResponse.lambda$errorHandler$0(W3CHandshakeResponse.java:62)
	at org.openqa.selenium.remote.HandshakeResponse.lambda$getResponseFunction$0(HandshakeResponse.java:30)
	at org.openqa.selenium.remote.ProtocolHandshake.lambda$createSession$0(ProtocolHandshake.java:126)
	at java.util.stream.ReferencePipeline$3$1.accept(Unknown Source)
	at java.util.Spliterators$ArraySpliterator.tryAdvance(Unknown Source)
	at java.util.stream.ReferencePipeline.forEachWithCancel(Unknown Source)
	at java.util.stream.AbstractPipeline.copyIntoWithCancel(Unknown Source)
	at java.util.stream.AbstractPipeline.copyInto(Unknown Source)
	at java.util.stream.AbstractPipeline.wrapAndCopyInto(Unknown Source)
	at java.util.stream.FindOps$FindOp.evaluateSequential(Unknown Source)
	at java.util.stream.AbstractPipeline.evaluate(Unknown Source)
	at java.util.stream.ReferencePipeline.findFirst(Unknown Source)
	at org.openqa.selenium.remote.ProtocolHandshake.createSession(ProtocolHandshake.java:128)
	at org.openqa.selenium.remote.ProtocolHandshake.createSession(ProtocolHandshake.java:74)
	at org.openqa.selenium.remote.HttpCommandExecutor.execute(HttpCommandExecutor.java:136)
	at org.openqa.selenium.remote.service.DriverCommandExecutor.execute(DriverCommandExecutor.java:83)
	at org.openqa.selenium.remote.RemoteWebDriver.execute(RemoteWebDriver.java:552)
	at org.openqa.selenium.remote.RemoteWebDriver.startSession(RemoteWebDriver.java:213)
	at org.openqa.selenium.remote.RemoteWebDriver.&lt;init&gt;(RemoteWebDriver.java:131)
	at org.openqa.selenium.chrome.ChromeDriver.&lt;init&gt;(ChromeDriver.java:181)
	at org.openqa.selenium.chrome.ChromeDriver.&lt;init&gt;(ChromeDriver.java:168)
	at org.openqa.selenium.chrome.ChromeDriver.&lt;init&gt;(ChromeDriver.java:123)
	at baseclass.BaseClassWalmart.initialization(BaseClassWalmart.java:44)
	at com.WalmartTestCases.TestRegistrationWalmart.satup(TestRegistrationWalmart.java:27)
	at java.util.ArrayList.forEach(Unknown Source)
... Removed 45 stack frames
</div> <!-- stack-trace -->
                </div> <!-- method-content -->
              </div> <!-- method -->
              <div class="method">
                <div class="method-content">
                  <a name="registrationPhoneNumber_Test14">
                  </a> <!-- registrationPhoneNumber_Test14 -->
                  <span class="method-name">registrationPhoneNumber_Test14</span>
                  <div class="stack-trace">org.openqa.selenium.SessionNotCreatedException: session not created
from timeout: Timed out receiving message from renderer: 600.000
  (Session info: chrome=88.0.4324.182)
Build info: version: &apos;3.141.59&apos;, revision: &apos;e82be7d358&apos;, time: &apos;2018-11-14T08:17:03&apos;
System info: host: &apos;PREYAL&apos;, ip: &apos;192.168.25.1&apos;, os.name: &apos;Windows 10&apos;, os.arch: &apos;amd64&apos;, os.version: &apos;10.0&apos;, java.version: &apos;1.8.0_281&apos;
Driver info: driver.version: ChromeDriver
remote stacktrace: Backtrace:
	Ordinal0 [0x005BC0C3+3326147]
	Ordinal0 [0x004A0851+2164817]
	Ordinal0 [0x00327298+619160]
	Ordinal0 [0x0031B17F+569727]
	Ordinal0 [0x0031A421+566305]
	Ordinal0 [0x0031A815+567317]
	Ordinal0 [0x0031A135+565557]
	Ordinal0 [0x003238B1+604337]
	Ordinal0 [0x0031A0F1+565489]
	Ordinal0 [0x0031AEA2+568994]
	Ordinal0 [0x0031A421+566305]
	Ordinal0 [0x0031A815+567317]
	Ordinal0 [0x0031A135+565557]
	Ordinal0 [0x00321D2C+597292]
	Ordinal0 [0x0031A0F1+565489]
	Ordinal0 [0x0031AEA2+568994]
	Ordinal0 [0x0031A421+566305]
	Ordinal0 [0x0031A815+567317]
	Ordinal0 [0x0031A135+565557]
	Ordinal0 [0x0031FE62+589410]
	Ordinal0 [0x0031A0F1+565489]
	Ordinal0 [0x0031AEA2+568994]
	Ordinal0 [0x0031A421+566305]
	Ordinal0 [0x0031A815+567317]
	Ordinal0 [0x0031A135+565557]
	Ordinal0 [0x0031F075+585845]
	Ordinal0 [0x0031A0F1+565489]
	Ordinal0 [0x0031AEA2+568994]
	Ordinal0 [0x0031A421+566305]
	Ordinal0 [0x0031A815+567317]
	Ordinal0 [0x0031A135+565557]
	Ordinal0 [0x00316776+550774]
	Ordinal0 [0x0031A0F1+565489]
	Ordinal0 [0x00319F13+565011]
	Ordinal0 [0x00319D07+564487]
	Ordinal0 [0x003282C0+623296]
	Ordinal0 [0x002C6BDD+224221]
	Ordinal0 [0x002C5CAC+220332]
	Ordinal0 [0x002C189B+202907]
	Ordinal0 [0x002A3DF4+81396]
	Ordinal0 [0x002A4DEE+85486]
	Ordinal0 [0x002A4D79+85369]
	Ordinal0 [0x004B85DC+2262492]
	GetHandleVerifier [0x00742874+1487204]
	GetHandleVerifier [0x007423CD+1486013]
	GetHandleVerifier [0x0074A368+1518680]
	GetHandleVerifier [0x00742F4E+1488958]
	Ordinal0 [0x004AED0D+2223373]
	Ordinal0 [0x004BA12B+2269483]
	Ordinal0 [0x004BA26F+2269807]
	Ordinal0 [0x004CECB8+2354360]
	BaseThreadInitThunk [0x75516359+25]
	RtlGetAppContainerNamedObjectPath [0x77D38944+228]
	RtlGetAppContainerNamedObjectPath [0x77D38914+180]

	at org.openqa.selenium.remote.W3CHandshakeResponse.lambda$errorHandler$0(W3CHandshakeResponse.java:62)
	at org.openqa.selenium.remote.HandshakeResponse.lambda$getResponseFunction$0(HandshakeResponse.java:30)
	at org.openqa.selenium.remote.ProtocolHandshake.lambda$createSession$0(ProtocolHandshake.java:126)
	at java.util.stream.ReferencePipeline$3$1.accept(Unknown Source)
	at java.util.Spliterators$ArraySpliterator.tryAdvance(Unknown Source)
	at java.util.stream.ReferencePipeline.forEachWithCancel(Unknown Source)
	at java.util.stream.AbstractPipeline.copyIntoWithCancel(Unknown Source)
	at java.util.stream.AbstractPipeline.copyInto(Unknown Source)
	at java.util.stream.AbstractPipeline.wrapAndCopyInto(Unknown Source)
	at java.util.stream.FindOps$FindOp.evaluateSequential(Unknown Source)
	at java.util.stream.AbstractPipeline.evaluate(Unknown Source)
	at java.util.stream.ReferencePipeline.findFirst(Unknown Source)
	at org.openqa.selenium.remote.ProtocolHandshake.createSession(ProtocolHandshake.java:128)
	at org.openqa.selenium.remote.ProtocolHandshake.createSession(ProtocolHandshake.java:74)
	at org.openqa.selenium.remote.HttpCommandExecutor.execute(HttpCommandExecutor.java:136)
	at org.openqa.selenium.remote.service.DriverCommandExecutor.execute(DriverCommandExecutor.java:83)
	at org.openqa.selenium.remote.RemoteWebDriver.execute(RemoteWebDriver.java:552)
	at org.openqa.selenium.remote.RemoteWebDriver.startSession(RemoteWebDriver.java:213)
	at org.openqa.selenium.remote.RemoteWebDriver.&lt;init&gt;(RemoteWebDriver.java:131)
	at org.openqa.selenium.chrome.ChromeDriver.&lt;init&gt;(ChromeDriver.java:181)
	at org.openqa.selenium.chrome.ChromeDriver.&lt;init&gt;(ChromeDriver.java:168)
	at org.openqa.selenium.chrome.ChromeDriver.&lt;init&gt;(ChromeDriver.java:123)
	at baseclass.BaseClassWalmart.initialization(BaseClassWalmart.java:44)
	at com.WalmartTestCases.TestRegistrationWalmart.satup(TestRegistrationWalmart.java:27)
	at java.util.ArrayList.forEach(Unknown Source)
... Removed 45 stack frames
</div> <!-- stack-trace -->
                </div> <!-- method-content -->
              </div> <!-- method -->
              <div class="method">
                <div class="method-content">
                  <a name="registrationPhoneNumber_Test15">
                  </a> <!-- registrationPhoneNumber_Test15 -->
                  <span class="method-name">registrationPhoneNumber_Test15</span>
                  <div class="stack-trace">org.openqa.selenium.SessionNotCreatedException: session not created
from timeout: Timed out receiving message from renderer: 600.000
  (Session info: chrome=88.0.4324.182)
Build info: version: &apos;3.141.59&apos;, revision: &apos;e82be7d358&apos;, time: &apos;2018-11-14T08:17:03&apos;
System info: host: &apos;PREYAL&apos;, ip: &apos;192.168.25.1&apos;, os.name: &apos;Windows 10&apos;, os.arch: &apos;amd64&apos;, os.version: &apos;10.0&apos;, java.version: &apos;1.8.0_281&apos;
Driver info: driver.version: ChromeDriver
remote stacktrace: Backtrace:
	Ordinal0 [0x005BC0C3+3326147]
	Ordinal0 [0x004A0851+2164817]
	Ordinal0 [0x00327298+619160]
	Ordinal0 [0x0031B17F+569727]
	Ordinal0 [0x0031A421+566305]
	Ordinal0 [0x0031A815+567317]
	Ordinal0 [0x0031A135+565557]
	Ordinal0 [0x003238B1+604337]
	Ordinal0 [0x0031A0F1+565489]
	Ordinal0 [0x0031AEA2+568994]
	Ordinal0 [0x0031A421+566305]
	Ordinal0 [0x0031A815+567317]
	Ordinal0 [0x0031A135+565557]
	Ordinal0 [0x00321D2C+597292]
	Ordinal0 [0x0031A0F1+565489]
	Ordinal0 [0x0031AEA2+568994]
	Ordinal0 [0x0031A421+566305]
	Ordinal0 [0x0031A815+567317]
	Ordinal0 [0x0031A135+565557]
	Ordinal0 [0x0031FE62+589410]
	Ordinal0 [0x0031A0F1+565489]
	Ordinal0 [0x0031AEA2+568994]
	Ordinal0 [0x0031A421+566305]
	Ordinal0 [0x0031A815+567317]
	Ordinal0 [0x0031A135+565557]
	Ordinal0 [0x0031F075+585845]
	Ordinal0 [0x0031A0F1+565489]
	Ordinal0 [0x0031AEA2+568994]
	Ordinal0 [0x0031A421+566305]
	Ordinal0 [0x0031A815+567317]
	Ordinal0 [0x0031A135+565557]
	Ordinal0 [0x00316776+550774]
	Ordinal0 [0x0031A0F1+565489]
	Ordinal0 [0x00319F13+565011]
	Ordinal0 [0x00319D07+564487]
	Ordinal0 [0x003282C0+623296]
	Ordinal0 [0x002C6BDD+224221]
	Ordinal0 [0x002C5CAC+220332]
	Ordinal0 [0x002C189B+202907]
	Ordinal0 [0x002A3DF4+81396]
	Ordinal0 [0x002A4DEE+85486]
	Ordinal0 [0x002A4D79+85369]
	Ordinal0 [0x004B85DC+2262492]
	GetHandleVerifier [0x00742874+1487204]
	GetHandleVerifier [0x007423CD+1486013]
	GetHandleVerifier [0x0074A368+1518680]
	GetHandleVerifier [0x00742F4E+1488958]
	Ordinal0 [0x004AED0D+2223373]
	Ordinal0 [0x004BA12B+2269483]
	Ordinal0 [0x004BA26F+2269807]
	Ordinal0 [0x004CECB8+2354360]
	BaseThreadInitThunk [0x75516359+25]
	RtlGetAppContainerNamedObjectPath [0x77D38944+228]
	RtlGetAppContainerNamedObjectPath [0x77D38914+180]

	at org.openqa.selenium.remote.W3CHandshakeResponse.lambda$errorHandler$0(W3CHandshakeResponse.java:62)
	at org.openqa.selenium.remote.HandshakeResponse.lambda$getResponseFunction$0(HandshakeResponse.java:30)
	at org.openqa.selenium.remote.ProtocolHandshake.lambda$createSession$0(ProtocolHandshake.java:126)
	at java.util.stream.ReferencePipeline$3$1.accept(Unknown Source)
	at java.util.Spliterators$ArraySpliterator.tryAdvance(Unknown Source)
	at java.util.stream.ReferencePipeline.forEachWithCancel(Unknown Source)
	at java.util.stream.AbstractPipeline.copyIntoWithCancel(Unknown Source)
	at java.util.stream.AbstractPipeline.copyInto(Unknown Source)
	at java.util.stream.AbstractPipeline.wrapAndCopyInto(Unknown Source)
	at java.util.stream.FindOps$FindOp.evaluateSequential(Unknown Source)
	at java.util.stream.AbstractPipeline.evaluate(Unknown Source)
	at java.util.stream.ReferencePipeline.findFirst(Unknown Source)
	at org.openqa.selenium.remote.ProtocolHandshake.createSession(ProtocolHandshake.java:128)
	at org.openqa.selenium.remote.ProtocolHandshake.createSession(ProtocolHandshake.java:74)
	at org.openqa.selenium.remote.HttpCommandExecutor.execute(HttpCommandExecutor.java:136)
	at org.openqa.selenium.remote.service.DriverCommandExecutor.execute(DriverCommandExecutor.java:83)
	at org.openqa.selenium.remote.RemoteWebDriver.execute(RemoteWebDriver.java:552)
	at org.openqa.selenium.remote.RemoteWebDriver.startSession(RemoteWebDriver.java:213)
	at org.openqa.selenium.remote.RemoteWebDriver.&lt;init&gt;(RemoteWebDriver.java:131)
	at org.openqa.selenium.chrome.ChromeDriver.&lt;init&gt;(ChromeDriver.java:181)
	at org.openqa.selenium.chrome.ChromeDriver.&lt;init&gt;(ChromeDriver.java:168)
	at org.openqa.selenium.chrome.ChromeDriver.&lt;init&gt;(ChromeDriver.java:123)
	at baseclass.BaseClassWalmart.initialization(BaseClassWalmart.java:44)
	at com.WalmartTestCases.TestRegistrationWalmart.satup(TestRegistrationWalmart.java:27)
	at java.util.ArrayList.forEach(Unknown Source)
... Removed 45 stack frames
</div> <!-- stack-trace -->
                </div> <!-- method-content -->
              </div> <!-- method -->
              <div class="method">
                <div class="method-content">
                  <a name="registrationTermsOfUseCheckBox_Test17">
                  </a> <!-- registrationTermsOfUseCheckBox_Test17 -->
                  <span class="method-name">registrationTermsOfUseCheckBox_Test17</span>
                  <div class="stack-trace">org.openqa.selenium.SessionNotCreatedException: session not created
from timeout: Timed out receiving message from renderer: 600.000
  (Session info: chrome=88.0.4324.182)
Build info: version: &apos;3.141.59&apos;, revision: &apos;e82be7d358&apos;, time: &apos;2018-11-14T08:17:03&apos;
System info: host: &apos;PREYAL&apos;, ip: &apos;192.168.25.1&apos;, os.name: &apos;Windows 10&apos;, os.arch: &apos;amd64&apos;, os.version: &apos;10.0&apos;, java.version: &apos;1.8.0_281&apos;
Driver info: driver.version: ChromeDriver
remote stacktrace: Backtrace:
	Ordinal0 [0x005BC0C3+3326147]
	Ordinal0 [0x004A0851+2164817]
	Ordinal0 [0x00327298+619160]
	Ordinal0 [0x0031B17F+569727]
	Ordinal0 [0x0031A421+566305]
	Ordinal0 [0x0031A815+567317]
	Ordinal0 [0x0031A135+565557]
	Ordinal0 [0x003238B1+604337]
	Ordinal0 [0x0031A0F1+565489]
	Ordinal0 [0x0031AEA2+568994]
	Ordinal0 [0x0031A421+566305]
	Ordinal0 [0x0031A815+567317]
	Ordinal0 [0x0031A135+565557]
	Ordinal0 [0x00321D2C+597292]
	Ordinal0 [0x0031A0F1+565489]
	Ordinal0 [0x0031AEA2+568994]
	Ordinal0 [0x0031A421+566305]
	Ordinal0 [0x0031A815+567317]
	Ordinal0 [0x0031A135+565557]
	Ordinal0 [0x0031FE62+589410]
	Ordinal0 [0x0031A0F1+565489]
	Ordinal0 [0x0031AEA2+568994]
	Ordinal0 [0x0031A421+566305]
	Ordinal0 [0x0031A815+567317]
	Ordinal0 [0x0031A135+565557]
	Ordinal0 [0x0031F075+585845]
	Ordinal0 [0x0031A0F1+565489]
	Ordinal0 [0x0031AEA2+568994]
	Ordinal0 [0x0031A421+566305]
	Ordinal0 [0x0031A815+567317]
	Ordinal0 [0x0031A135+565557]
	Ordinal0 [0x00316776+550774]
	Ordinal0 [0x0031A0F1+565489]
	Ordinal0 [0x00319F13+565011]
	Ordinal0 [0x00319D07+564487]
	Ordinal0 [0x003282C0+623296]
	Ordinal0 [0x002C6BDD+224221]
	Ordinal0 [0x002C5CAC+220332]
	Ordinal0 [0x002C189B+202907]
	Ordinal0 [0x002A3DF4+81396]
	Ordinal0 [0x002A4DEE+85486]
	Ordinal0 [0x002A4D79+85369]
	Ordinal0 [0x004B85DC+2262492]
	GetHandleVerifier [0x00742874+1487204]
	GetHandleVerifier [0x007423CD+1486013]
	GetHandleVerifier [0x0074A368+1518680]
	GetHandleVerifier [0x00742F4E+1488958]
	Ordinal0 [0x004AED0D+2223373]
	Ordinal0 [0x004BA12B+2269483]
	Ordinal0 [0x004BA26F+2269807]
	Ordinal0 [0x004CECB8+2354360]
	BaseThreadInitThunk [0x75516359+25]
	RtlGetAppContainerNamedObjectPath [0x77D38944+228]
	RtlGetAppContainerNamedObjectPath [0x77D38914+180]

	at org.openqa.selenium.remote.W3CHandshakeResponse.lambda$errorHandler$0(W3CHandshakeResponse.java:62)
	at org.openqa.selenium.remote.HandshakeResponse.lambda$getResponseFunction$0(HandshakeResponse.java:30)
	at org.openqa.selenium.remote.ProtocolHandshake.lambda$createSession$0(ProtocolHandshake.java:126)
	at java.util.stream.ReferencePipeline$3$1.accept(Unknown Source)
	at java.util.Spliterators$ArraySpliterator.tryAdvance(Unknown Source)
	at java.util.stream.ReferencePipeline.forEachWithCancel(Unknown Source)
	at java.util.stream.AbstractPipeline.copyIntoWithCancel(Unknown Source)
	at java.util.stream.AbstractPipeline.copyInto(Unknown Source)
	at java.util.stream.AbstractPipeline.wrapAndCopyInto(Unknown Source)
	at java.util.stream.FindOps$FindOp.evaluateSequential(Unknown Source)
	at java.util.stream.AbstractPipeline.evaluate(Unknown Source)
	at java.util.stream.ReferencePipeline.findFirst(Unknown Source)
	at org.openqa.selenium.remote.ProtocolHandshake.createSession(ProtocolHandshake.java:128)
	at org.openqa.selenium.remote.ProtocolHandshake.createSession(ProtocolHandshake.java:74)
	at org.openqa.selenium.remote.HttpCommandExecutor.execute(HttpCommandExecutor.java:136)
	at org.openqa.selenium.remote.service.DriverCommandExecutor.execute(DriverCommandExecutor.java:83)
	at org.openqa.selenium.remote.RemoteWebDriver.execute(RemoteWebDriver.java:552)
	at org.openqa.selenium.remote.RemoteWebDriver.startSession(RemoteWebDriver.java:213)
	at org.openqa.selenium.remote.RemoteWebDriver.&lt;init&gt;(RemoteWebDriver.java:131)
	at org.openqa.selenium.chrome.ChromeDriver.&lt;init&gt;(ChromeDriver.java:181)
	at org.openqa.selenium.chrome.ChromeDriver.&lt;init&gt;(ChromeDriver.java:168)
	at org.openqa.selenium.chrome.ChromeDriver.&lt;init&gt;(ChromeDriver.java:123)
	at baseclass.BaseClassWalmart.initialization(BaseClassWalmart.java:44)
	at com.WalmartTestCases.TestRegistrationWalmart.satup(TestRegistrationWalmart.java:27)
	at java.util.ArrayList.forEach(Unknown Source)
... Removed 45 stack frames
</div> <!-- stack-trace -->
                </div> <!-- method-content -->
              </div> <!-- method -->
              <div class="method">
                <div class="method-content">
                  <a name="registrationTermsOfUseCheckBox_Test18">
                  </a> <!-- registrationTermsOfUseCheckBox_Test18 -->
                  <span class="method-name">registrationTermsOfUseCheckBox_Test18</span>
                  <div class="stack-trace">org.openqa.selenium.SessionNotCreatedException: session not created
from timeout: Timed out receiving message from renderer: 600.000
  (Session info: chrome=88.0.4324.182)
Build info: version: &apos;3.141.59&apos;, revision: &apos;e82be7d358&apos;, time: &apos;2018-11-14T08:17:03&apos;
System info: host: &apos;PREYAL&apos;, ip: &apos;192.168.25.1&apos;, os.name: &apos;Windows 10&apos;, os.arch: &apos;amd64&apos;, os.version: &apos;10.0&apos;, java.version: &apos;1.8.0_281&apos;
Driver info: driver.version: ChromeDriver
remote stacktrace: Backtrace:
	Ordinal0 [0x005BC0C3+3326147]
	Ordinal0 [0x004A0851+2164817]
	Ordinal0 [0x00327298+619160]
	Ordinal0 [0x0031B17F+569727]
	Ordinal0 [0x0031A421+566305]
	Ordinal0 [0x0031A815+567317]
	Ordinal0 [0x0031A135+565557]
	Ordinal0 [0x003238B1+604337]
	Ordinal0 [0x0031A0F1+565489]
	Ordinal0 [0x0031AEA2+568994]
	Ordinal0 [0x0031A421+566305]
	Ordinal0 [0x0031A815+567317]
	Ordinal0 [0x0031A135+565557]
	Ordinal0 [0x00321D2C+597292]
	Ordinal0 [0x0031A0F1+565489]
	Ordinal0 [0x0031AEA2+568994]
	Ordinal0 [0x0031A421+566305]
	Ordinal0 [0x0031A815+567317]
	Ordinal0 [0x0031A135+565557]
	Ordinal0 [0x0031FE62+589410]
	Ordinal0 [0x0031A0F1+565489]
	Ordinal0 [0x0031AEA2+568994]
	Ordinal0 [0x0031A421+566305]
	Ordinal0 [0x0031A815+567317]
	Ordinal0 [0x0031A135+565557]
	Ordinal0 [0x0031F075+585845]
	Ordinal0 [0x0031A0F1+565489]
	Ordinal0 [0x0031AEA2+568994]
	Ordinal0 [0x0031A421+566305]
	Ordinal0 [0x0031A815+567317]
	Ordinal0 [0x0031A135+565557]
	Ordinal0 [0x00316776+550774]
	Ordinal0 [0x0031A0F1+565489]
	Ordinal0 [0x00319F13+565011]
	Ordinal0 [0x00319D07+564487]
	Ordinal0 [0x003282C0+623296]
	Ordinal0 [0x002C6BDD+224221]
	Ordinal0 [0x002C5CAC+220332]
	Ordinal0 [0x002C189B+202907]
	Ordinal0 [0x002A3DF4+81396]
	Ordinal0 [0x002A4DEE+85486]
	Ordinal0 [0x002A4D79+85369]
	Ordinal0 [0x004B85DC+2262492]
	GetHandleVerifier [0x00742874+1487204]
	GetHandleVerifier [0x007423CD+1486013]
	GetHandleVerifier [0x0074A368+1518680]
	GetHandleVerifier [0x00742F4E+1488958]
	Ordinal0 [0x004AED0D+2223373]
	Ordinal0 [0x004BA12B+2269483]
	Ordinal0 [0x004BA26F+2269807]
	Ordinal0 [0x004CECB8+2354360]
	BaseThreadInitThunk [0x75516359+25]
	RtlGetAppContainerNamedObjectPath [0x77D38944+228]
	RtlGetAppContainerNamedObjectPath [0x77D38914+180]

	at org.openqa.selenium.remote.W3CHandshakeResponse.lambda$errorHandler$0(W3CHandshakeResponse.java:62)
	at org.openqa.selenium.remote.HandshakeResponse.lambda$getResponseFunction$0(HandshakeResponse.java:30)
	at org.openqa.selenium.remote.ProtocolHandshake.lambda$createSession$0(ProtocolHandshake.java:126)
	at java.util.stream.ReferencePipeline$3$1.accept(Unknown Source)
	at java.util.Spliterators$ArraySpliterator.tryAdvance(Unknown Source)
	at java.util.stream.ReferencePipeline.forEachWithCancel(Unknown Source)
	at java.util.stream.AbstractPipeline.copyIntoWithCancel(Unknown Source)
	at java.util.stream.AbstractPipeline.copyInto(Unknown Source)
	at java.util.stream.AbstractPipeline.wrapAndCopyInto(Unknown Source)
	at java.util.stream.FindOps$FindOp.evaluateSequential(Unknown Source)
	at java.util.stream.AbstractPipeline.evaluate(Unknown Source)
	at java.util.stream.ReferencePipeline.findFirst(Unknown Source)
	at org.openqa.selenium.remote.ProtocolHandshake.createSession(ProtocolHandshake.java:128)
	at org.openqa.selenium.remote.ProtocolHandshake.createSession(ProtocolHandshake.java:74)
	at org.openqa.selenium.remote.HttpCommandExecutor.execute(HttpCommandExecutor.java:136)
	at org.openqa.selenium.remote.service.DriverCommandExecutor.execute(DriverCommandExecutor.java:83)
	at org.openqa.selenium.remote.RemoteWebDriver.execute(RemoteWebDriver.java:552)
	at org.openqa.selenium.remote.RemoteWebDriver.startSession(RemoteWebDriver.java:213)
	at org.openqa.selenium.remote.RemoteWebDriver.&lt;init&gt;(RemoteWebDriver.java:131)
	at org.openqa.selenium.chrome.ChromeDriver.&lt;init&gt;(ChromeDriver.java:181)
	at org.openqa.selenium.chrome.ChromeDriver.&lt;init&gt;(ChromeDriver.java:168)
	at org.openqa.selenium.chrome.ChromeDriver.&lt;init&gt;(ChromeDriver.java:123)
	at baseclass.BaseClassWalmart.initialization(BaseClassWalmart.java:44)
	at com.WalmartTestCases.TestRegistrationWalmart.satup(TestRegistrationWalmart.java:27)
	at java.util.ArrayList.forEach(Unknown Source)
... Removed 45 stack frames
</div> <!-- stack-trace -->
                </div> <!-- method-content -->
              </div> <!-- method -->
              <div class="method">
                <div class="method-content">
                  <a name="registration_Test1">
                  </a> <!-- registration_Test1 -->
                  <span class="method-name">registration_Test1</span>
                  <div class="stack-trace">org.openqa.selenium.SessionNotCreatedException: session not created
from timeout: Timed out receiving message from renderer: 600.000
  (Session info: chrome=88.0.4324.182)
Build info: version: &apos;3.141.59&apos;, revision: &apos;e82be7d358&apos;, time: &apos;2018-11-14T08:17:03&apos;
System info: host: &apos;PREYAL&apos;, ip: &apos;192.168.25.1&apos;, os.name: &apos;Windows 10&apos;, os.arch: &apos;amd64&apos;, os.version: &apos;10.0&apos;, java.version: &apos;1.8.0_281&apos;
Driver info: driver.version: ChromeDriver
remote stacktrace: Backtrace:
	Ordinal0 [0x005BC0C3+3326147]
	Ordinal0 [0x004A0851+2164817]
	Ordinal0 [0x00327298+619160]
	Ordinal0 [0x0031B17F+569727]
	Ordinal0 [0x0031A421+566305]
	Ordinal0 [0x0031A815+567317]
	Ordinal0 [0x0031A135+565557]
	Ordinal0 [0x003238B1+604337]
	Ordinal0 [0x0031A0F1+565489]
	Ordinal0 [0x0031AEA2+568994]
	Ordinal0 [0x0031A421+566305]
	Ordinal0 [0x0031A815+567317]
	Ordinal0 [0x0031A135+565557]
	Ordinal0 [0x00321D2C+597292]
	Ordinal0 [0x0031A0F1+565489]
	Ordinal0 [0x0031AEA2+568994]
	Ordinal0 [0x0031A421+566305]
	Ordinal0 [0x0031A815+567317]
	Ordinal0 [0x0031A135+565557]
	Ordinal0 [0x0031FE62+589410]
	Ordinal0 [0x0031A0F1+565489]
	Ordinal0 [0x0031AEA2+568994]
	Ordinal0 [0x0031A421+566305]
	Ordinal0 [0x0031A815+567317]
	Ordinal0 [0x0031A135+565557]
	Ordinal0 [0x0031F075+585845]
	Ordinal0 [0x0031A0F1+565489]
	Ordinal0 [0x0031AEA2+568994]
	Ordinal0 [0x0031A421+566305]
	Ordinal0 [0x0031A815+567317]
	Ordinal0 [0x0031A135+565557]
	Ordinal0 [0x00316776+550774]
	Ordinal0 [0x0031A0F1+565489]
	Ordinal0 [0x00319F13+565011]
	Ordinal0 [0x00319D07+564487]
	Ordinal0 [0x003282C0+623296]
	Ordinal0 [0x002C6BDD+224221]
	Ordinal0 [0x002C5CAC+220332]
	Ordinal0 [0x002C189B+202907]
	Ordinal0 [0x002A3DF4+81396]
	Ordinal0 [0x002A4DEE+85486]
	Ordinal0 [0x002A4D79+85369]
	Ordinal0 [0x004B85DC+2262492]
	GetHandleVerifier [0x00742874+1487204]
	GetHandleVerifier [0x007423CD+1486013]
	GetHandleVerifier [0x0074A368+1518680]
	GetHandleVerifier [0x00742F4E+1488958]
	Ordinal0 [0x004AED0D+2223373]
	Ordinal0 [0x004BA12B+2269483]
	Ordinal0 [0x004BA26F+2269807]
	Ordinal0 [0x004CECB8+2354360]
	BaseThreadInitThunk [0x75516359+25]
	RtlGetAppContainerNamedObjectPath [0x77D38944+228]
	RtlGetAppContainerNamedObjectPath [0x77D38914+180]

	at org.openqa.selenium.remote.W3CHandshakeResponse.lambda$errorHandler$0(W3CHandshakeResponse.java:62)
	at org.openqa.selenium.remote.HandshakeResponse.lambda$getResponseFunction$0(HandshakeResponse.java:30)
	at org.openqa.selenium.remote.ProtocolHandshake.lambda$createSession$0(ProtocolHandshake.java:126)
	at java.util.stream.ReferencePipeline$3$1.accept(Unknown Source)
	at java.util.Spliterators$ArraySpliterator.tryAdvance(Unknown Source)
	at java.util.stream.ReferencePipeline.forEachWithCancel(Unknown Source)
	at java.util.stream.AbstractPipeline.copyIntoWithCancel(Unknown Source)
	at java.util.stream.AbstractPipeline.copyInto(Unknown Source)
	at java.util.stream.AbstractPipeline.wrapAndCopyInto(Unknown Source)
	at java.util.stream.FindOps$FindOp.evaluateSequential(Unknown Source)
	at java.util.stream.AbstractPipeline.evaluate(Unknown Source)
	at java.util.stream.ReferencePipeline.findFirst(Unknown Source)
	at org.openqa.selenium.remote.ProtocolHandshake.createSession(ProtocolHandshake.java:128)
	at org.openqa.selenium.remote.ProtocolHandshake.createSession(ProtocolHandshake.java:74)
	at org.openqa.selenium.remote.HttpCommandExecutor.execute(HttpCommandExecutor.java:136)
	at org.openqa.selenium.remote.service.DriverCommandExecutor.execute(DriverCommandExecutor.java:83)
	at org.openqa.selenium.remote.RemoteWebDriver.execute(RemoteWebDriver.java:552)
	at org.openqa.selenium.remote.RemoteWebDriver.startSession(RemoteWebDriver.java:213)
	at org.openqa.selenium.remote.RemoteWebDriver.&lt;init&gt;(RemoteWebDriver.java:131)
	at org.openqa.selenium.chrome.ChromeDriver.&lt;init&gt;(ChromeDriver.java:181)
	at org.openqa.selenium.chrome.ChromeDriver.&lt;init&gt;(ChromeDriver.java:168)
	at org.openqa.selenium.chrome.ChromeDriver.&lt;init&gt;(ChromeDriver.java:123)
	at baseclass.BaseClassWalmart.initialization(BaseClassWalmart.java:44)
	at com.WalmartTestCases.TestRegistrationWalmart.satup(TestRegistrationWalmart.java:27)
	at java.util.ArrayList.forEach(Unknown Source)
... Removed 45 stack frames
</div> <!-- stack-trace -->
                </div> <!-- method-content -->
              </div> <!-- method -->
            </div> <!-- main-panel-content rounded-window-bottom -->
          </div> <!-- suite-Command_line_suite-class-skipped -->
          <div class="suite-Command_line_suite-class-skipped">
            <div class="main-panel-header rounded-window-top">
              <img src="skipped.png"/>
              <span class="class-name">com.WalmartTestCases.TestHomePageWalmart</span>
            </div> <!-- main-panel-header rounded-window-top -->
            <div class="main-panel-content rounded-window-bottom">
              <div class="method">
                <div class="method-content">
                  <a name="GoToSuperHeroPage_Test5">
                  </a> <!-- GoToSuperHeroPage_Test5 -->
                  <span class="method-name">GoToSuperHeroPage_Test5</span>
                  <div class="stack-trace">org.openqa.selenium.SessionNotCreatedException: session not created
from timeout: Timed out receiving message from renderer: 600.000
  (Session info: chrome=88.0.4324.182)
Build info: version: &apos;3.141.59&apos;, revision: &apos;e82be7d358&apos;, time: &apos;2018-11-14T08:17:03&apos;
System info: host: &apos;PREYAL&apos;, ip: &apos;192.168.25.1&apos;, os.name: &apos;Windows 10&apos;, os.arch: &apos;amd64&apos;, os.version: &apos;10.0&apos;, java.version: &apos;1.8.0_281&apos;
Driver info: driver.version: ChromeDriver
remote stacktrace: Backtrace:
	Ordinal0 [0x005BC0C3+3326147]
	Ordinal0 [0x004A0851+2164817]
	Ordinal0 [0x00327298+619160]
	Ordinal0 [0x0031B17F+569727]
	Ordinal0 [0x0031A421+566305]
	Ordinal0 [0x0031A815+567317]
	Ordinal0 [0x0031A135+565557]
	Ordinal0 [0x003238B1+604337]
	Ordinal0 [0x0031A0F1+565489]
	Ordinal0 [0x0031AEA2+568994]
	Ordinal0 [0x0031A421+566305]
	Ordinal0 [0x0031A815+567317]
	Ordinal0 [0x0031A135+565557]
	Ordinal0 [0x00321D2C+597292]
	Ordinal0 [0x0031A0F1+565489]
	Ordinal0 [0x0031AEA2+568994]
	Ordinal0 [0x0031A421+566305]
	Ordinal0 [0x0031A815+567317]
	Ordinal0 [0x0031A135+565557]
	Ordinal0 [0x0031FE62+589410]
	Ordinal0 [0x0031A0F1+565489]
	Ordinal0 [0x0031AEA2+568994]
	Ordinal0 [0x0031A421+566305]
	Ordinal0 [0x0031A815+567317]
	Ordinal0 [0x0031A135+565557]
	Ordinal0 [0x0031F075+585845]
	Ordinal0 [0x0031A0F1+565489]
	Ordinal0 [0x0031AEA2+568994]
	Ordinal0 [0x0031A421+566305]
	Ordinal0 [0x0031A815+567317]
	Ordinal0 [0x0031A135+565557]
	Ordinal0 [0x00316776+550774]
	Ordinal0 [0x0031A0F1+565489]
	Ordinal0 [0x00319F13+565011]
	Ordinal0 [0x00319D07+564487]
	Ordinal0 [0x003282C0+623296]
	Ordinal0 [0x002C6BDD+224221]
	Ordinal0 [0x002C5CAC+220332]
	Ordinal0 [0x002C189B+202907]
	Ordinal0 [0x002A3DF4+81396]
	Ordinal0 [0x002A4DEE+85486]
	Ordinal0 [0x002A4D79+85369]
	Ordinal0 [0x004B85DC+2262492]
	GetHandleVerifier [0x00742874+1487204]
	GetHandleVerifier [0x007423CD+1486013]
	GetHandleVerifier [0x0074A368+1518680]
	GetHandleVerifier [0x00742F4E+1488958]
	Ordinal0 [0x004AED0D+2223373]
	Ordinal0 [0x004BA12B+2269483]
	Ordinal0 [0x004BA26F+2269807]
	Ordinal0 [0x004CECB8+2354360]
	BaseThreadInitThunk [0x75516359+25]
	RtlGetAppContainerNamedObjectPath [0x77D38944+228]
	RtlGetAppContainerNamedObjectPath [0x77D38914+180]

	at org.openqa.selenium.remote.W3CHandshakeResponse.lambda$errorHandler$0(W3CHandshakeResponse.java:62)
	at org.openqa.selenium.remote.HandshakeResponse.lambda$getResponseFunction$0(HandshakeResponse.java:30)
	at org.openqa.selenium.remote.ProtocolHandshake.lambda$createSession$0(ProtocolHandshake.java:126)
	at java.util.stream.ReferencePipeline$3$1.accept(Unknown Source)
	at java.util.Spliterators$ArraySpliterator.tryAdvance(Unknown Source)
	at java.util.stream.ReferencePipeline.forEachWithCancel(Unknown Source)
	at java.util.stream.AbstractPipeline.copyIntoWithCancel(Unknown Source)
	at java.util.stream.AbstractPipeline.copyInto(Unknown Source)
	at java.util.stream.AbstractPipeline.wrapAndCopyInto(Unknown Source)
	at java.util.stream.FindOps$FindOp.evaluateSequential(Unknown Source)
	at java.util.stream.AbstractPipeline.evaluate(Unknown Source)
	at java.util.stream.ReferencePipeline.findFirst(Unknown Source)
	at org.openqa.selenium.remote.ProtocolHandshake.createSession(ProtocolHandshake.java:128)
	at org.openqa.selenium.remote.ProtocolHandshake.createSession(ProtocolHandshake.java:74)
	at org.openqa.selenium.remote.HttpCommandExecutor.execute(HttpCommandExecutor.java:136)
	at org.openqa.selenium.remote.service.DriverCommandExecutor.execute(DriverCommandExecutor.java:83)
	at org.openqa.selenium.remote.RemoteWebDriver.execute(RemoteWebDriver.java:552)
	at org.openqa.selenium.remote.RemoteWebDriver.startSession(RemoteWebDriver.java:213)
	at org.openqa.selenium.remote.RemoteWebDriver.&lt;init&gt;(RemoteWebDriver.java:131)
	at org.openqa.selenium.chrome.ChromeDriver.&lt;init&gt;(ChromeDriver.java:181)
	at org.openqa.selenium.chrome.ChromeDriver.&lt;init&gt;(ChromeDriver.java:168)
	at org.openqa.selenium.chrome.ChromeDriver.&lt;init&gt;(ChromeDriver.java:123)
	at baseclass.BaseClassWalmart.initialization(BaseClassWalmart.java:44)
	at com.WalmartTestCases.TestHomePageWalmart.setup(TestHomePageWalmart.java:34)
	at java.util.ArrayList.forEach(Unknown Source)
... Removed 45 stack frames
</div> <!-- stack-trace -->
                </div> <!-- method-content -->
              </div> <!-- method -->
              <div class="method">
                <div class="method-content">
                  <a name="GotoregistrationPage_Test3">
                  </a> <!-- GotoregistrationPage_Test3 -->
                  <span class="method-name">GotoregistrationPage_Test3</span>
                  <div class="stack-trace">org.openqa.selenium.SessionNotCreatedException: session not created
from timeout: Timed out receiving message from renderer: 600.000
  (Session info: chrome=88.0.4324.182)
Build info: version: &apos;3.141.59&apos;, revision: &apos;e82be7d358&apos;, time: &apos;2018-11-14T08:17:03&apos;
System info: host: &apos;PREYAL&apos;, ip: &apos;192.168.25.1&apos;, os.name: &apos;Windows 10&apos;, os.arch: &apos;amd64&apos;, os.version: &apos;10.0&apos;, java.version: &apos;1.8.0_281&apos;
Driver info: driver.version: ChromeDriver
remote stacktrace: Backtrace:
	Ordinal0 [0x005BC0C3+3326147]
	Ordinal0 [0x004A0851+2164817]
	Ordinal0 [0x00327298+619160]
	Ordinal0 [0x0031B17F+569727]
	Ordinal0 [0x0031A421+566305]
	Ordinal0 [0x0031A815+567317]
	Ordinal0 [0x0031A135+565557]
	Ordinal0 [0x003238B1+604337]
	Ordinal0 [0x0031A0F1+565489]
	Ordinal0 [0x0031AEA2+568994]
	Ordinal0 [0x0031A421+566305]
	Ordinal0 [0x0031A815+567317]
	Ordinal0 [0x0031A135+565557]
	Ordinal0 [0x00321D2C+597292]
	Ordinal0 [0x0031A0F1+565489]
	Ordinal0 [0x0031AEA2+568994]
	Ordinal0 [0x0031A421+566305]
	Ordinal0 [0x0031A815+567317]
	Ordinal0 [0x0031A135+565557]
	Ordinal0 [0x0031FE62+589410]
	Ordinal0 [0x0031A0F1+565489]
	Ordinal0 [0x0031AEA2+568994]
	Ordinal0 [0x0031A421+566305]
	Ordinal0 [0x0031A815+567317]
	Ordinal0 [0x0031A135+565557]
	Ordinal0 [0x0031F075+585845]
	Ordinal0 [0x0031A0F1+565489]
	Ordinal0 [0x0031AEA2+568994]
	Ordinal0 [0x0031A421+566305]
	Ordinal0 [0x0031A815+567317]
	Ordinal0 [0x0031A135+565557]
	Ordinal0 [0x00316776+550774]
	Ordinal0 [0x0031A0F1+565489]
	Ordinal0 [0x00319F13+565011]
	Ordinal0 [0x00319D07+564487]
	Ordinal0 [0x003282C0+623296]
	Ordinal0 [0x002C6BDD+224221]
	Ordinal0 [0x002C5CAC+220332]
	Ordinal0 [0x002C189B+202907]
	Ordinal0 [0x002A3DF4+81396]
	Ordinal0 [0x002A4DEE+85486]
	Ordinal0 [0x002A4D79+85369]
	Ordinal0 [0x004B85DC+2262492]
	GetHandleVerifier [0x00742874+1487204]
	GetHandleVerifier [0x007423CD+1486013]
	GetHandleVerifier [0x0074A368+1518680]
	GetHandleVerifier [0x00742F4E+1488958]
	Ordinal0 [0x004AED0D+2223373]
	Ordinal0 [0x004BA12B+2269483]
	Ordinal0 [0x004BA26F+2269807]
	Ordinal0 [0x004CECB8+2354360]
	BaseThreadInitThunk [0x75516359+25]
	RtlGetAppContainerNamedObjectPath [0x77D38944+228]
	RtlGetAppContainerNamedObjectPath [0x77D38914+180]

	at org.openqa.selenium.remote.W3CHandshakeResponse.lambda$errorHandler$0(W3CHandshakeResponse.java:62)
	at org.openqa.selenium.remote.HandshakeResponse.lambda$getResponseFunction$0(HandshakeResponse.java:30)
	at org.openqa.selenium.remote.ProtocolHandshake.lambda$createSession$0(ProtocolHandshake.java:126)
	at java.util.stream.ReferencePipeline$3$1.accept(Unknown Source)
	at java.util.Spliterators$ArraySpliterator.tryAdvance(Unknown Source)
	at java.util.stream.ReferencePipeline.forEachWithCancel(Unknown Source)
	at java.util.stream.AbstractPipeline.copyIntoWithCancel(Unknown Source)
	at java.util.stream.AbstractPipeline.copyInto(Unknown Source)
	at java.util.stream.AbstractPipeline.wrapAndCopyInto(Unknown Source)
	at java.util.stream.FindOps$FindOp.evaluateSequential(Unknown Source)
	at java.util.stream.AbstractPipeline.evaluate(Unknown Source)
	at java.util.stream.ReferencePipeline.findFirst(Unknown Source)
	at org.openqa.selenium.remote.ProtocolHandshake.createSession(ProtocolHandshake.java:128)
	at org.openqa.selenium.remote.ProtocolHandshake.createSession(ProtocolHandshake.java:74)
	at org.openqa.selenium.remote.HttpCommandExecutor.execute(HttpCommandExecutor.java:136)
	at org.openqa.selenium.remote.service.DriverCommandExecutor.execute(DriverCommandExecutor.java:83)
	at org.openqa.selenium.remote.RemoteWebDriver.execute(RemoteWebDriver.java:552)
	at org.openqa.selenium.remote.RemoteWebDriver.startSession(RemoteWebDriver.java:213)
	at org.openqa.selenium.remote.RemoteWebDriver.&lt;init&gt;(RemoteWebDriver.java:131)
	at org.openqa.selenium.chrome.ChromeDriver.&lt;init&gt;(ChromeDriver.java:181)
	at org.openqa.selenium.chrome.ChromeDriver.&lt;init&gt;(ChromeDriver.java:168)
	at org.openqa.selenium.chrome.ChromeDriver.&lt;init&gt;(ChromeDriver.java:123)
	at baseclass.BaseClassWalmart.initialization(BaseClassWalmart.java:44)
	at com.WalmartTestCases.TestHomePageWalmart.setup(TestHomePageWalmart.java:34)
	at java.util.ArrayList.forEach(Unknown Source)
... Removed 45 stack frames
</div> <!-- stack-trace -->
                </div> <!-- method-content -->
              </div> <!-- method -->
              <div class="method">
                <div class="method-content">
                  <a name="VerifyWalmartLogo_Test1">
                  </a> <!-- VerifyWalmartLogo_Test1 -->
                  <span class="method-name">VerifyWalmartLogo_Test1</span>
                  <div class="stack-trace">org.openqa.selenium.SessionNotCreatedException: session not created
from timeout: Timed out receiving message from renderer: 600.000
  (Session info: chrome=88.0.4324.182)
Build info: version: &apos;3.141.59&apos;, revision: &apos;e82be7d358&apos;, time: &apos;2018-11-14T08:17:03&apos;
System info: host: &apos;PREYAL&apos;, ip: &apos;192.168.25.1&apos;, os.name: &apos;Windows 10&apos;, os.arch: &apos;amd64&apos;, os.version: &apos;10.0&apos;, java.version: &apos;1.8.0_281&apos;
Driver info: driver.version: ChromeDriver
remote stacktrace: Backtrace:
	Ordinal0 [0x005BC0C3+3326147]
	Ordinal0 [0x004A0851+2164817]
	Ordinal0 [0x00327298+619160]
	Ordinal0 [0x0031B17F+569727]
	Ordinal0 [0x0031A421+566305]
	Ordinal0 [0x0031A815+567317]
	Ordinal0 [0x0031A135+565557]
	Ordinal0 [0x003238B1+604337]
	Ordinal0 [0x0031A0F1+565489]
	Ordinal0 [0x0031AEA2+568994]
	Ordinal0 [0x0031A421+566305]
	Ordinal0 [0x0031A815+567317]
	Ordinal0 [0x0031A135+565557]
	Ordinal0 [0x00321D2C+597292]
	Ordinal0 [0x0031A0F1+565489]
	Ordinal0 [0x0031AEA2+568994]
	Ordinal0 [0x0031A421+566305]
	Ordinal0 [0x0031A815+567317]
	Ordinal0 [0x0031A135+565557]
	Ordinal0 [0x0031FE62+589410]
	Ordinal0 [0x0031A0F1+565489]
	Ordinal0 [0x0031AEA2+568994]
	Ordinal0 [0x0031A421+566305]
	Ordinal0 [0x0031A815+567317]
	Ordinal0 [0x0031A135+565557]
	Ordinal0 [0x0031F075+585845]
	Ordinal0 [0x0031A0F1+565489]
	Ordinal0 [0x0031AEA2+568994]
	Ordinal0 [0x0031A421+566305]
	Ordinal0 [0x0031A815+567317]
	Ordinal0 [0x0031A135+565557]
	Ordinal0 [0x00316776+550774]
	Ordinal0 [0x0031A0F1+565489]
	Ordinal0 [0x00319F13+565011]
	Ordinal0 [0x00319D07+564487]
	Ordinal0 [0x003282C0+623296]
	Ordinal0 [0x002C6BDD+224221]
	Ordinal0 [0x002C5CAC+220332]
	Ordinal0 [0x002C189B+202907]
	Ordinal0 [0x002A3DF4+81396]
	Ordinal0 [0x002A4DEE+85486]
	Ordinal0 [0x002A4D79+85369]
	Ordinal0 [0x004B85DC+2262492]
	GetHandleVerifier [0x00742874+1487204]
	GetHandleVerifier [0x007423CD+1486013]
	GetHandleVerifier [0x0074A368+1518680]
	GetHandleVerifier [0x00742F4E+1488958]
	Ordinal0 [0x004AED0D+2223373]
	Ordinal0 [0x004BA12B+2269483]
	Ordinal0 [0x004BA26F+2269807]
	Ordinal0 [0x004CECB8+2354360]
	BaseThreadInitThunk [0x75516359+25]
	RtlGetAppContainerNamedObjectPath [0x77D38944+228]
	RtlGetAppContainerNamedObjectPath [0x77D38914+180]

	at org.openqa.selenium.remote.W3CHandshakeResponse.lambda$errorHandler$0(W3CHandshakeResponse.java:62)
	at org.openqa.selenium.remote.HandshakeResponse.lambda$getResponseFunction$0(HandshakeResponse.java:30)
	at org.openqa.selenium.remote.ProtocolHandshake.lambda$createSession$0(ProtocolHandshake.java:126)
	at java.util.stream.ReferencePipeline$3$1.accept(Unknown Source)
	at java.util.Spliterators$ArraySpliterator.tryAdvance(Unknown Source)
	at java.util.stream.ReferencePipeline.forEachWithCancel(Unknown Source)
	at java.util.stream.AbstractPipeline.copyIntoWithCancel(Unknown Source)
	at java.util.stream.AbstractPipeline.copyInto(Unknown Source)
	at java.util.stream.AbstractPipeline.wrapAndCopyInto(Unknown Source)
	at java.util.stream.FindOps$FindOp.evaluateSequential(Unknown Source)
	at java.util.stream.AbstractPipeline.evaluate(Unknown Source)
	at java.util.stream.ReferencePipeline.findFirst(Unknown Source)
	at org.openqa.selenium.remote.ProtocolHandshake.createSession(ProtocolHandshake.java:128)
	at org.openqa.selenium.remote.ProtocolHandshake.createSession(ProtocolHandshake.java:74)
	at org.openqa.selenium.remote.HttpCommandExecutor.execute(HttpCommandExecutor.java:136)
	at org.openqa.selenium.remote.service.DriverCommandExecutor.execute(DriverCommandExecutor.java:83)
	at org.openqa.selenium.remote.RemoteWebDriver.execute(RemoteWebDriver.java:552)
	at org.openqa.selenium.remote.RemoteWebDriver.startSession(RemoteWebDriver.java:213)
	at org.openqa.selenium.remote.RemoteWebDriver.&lt;init&gt;(RemoteWebDriver.java:131)
	at org.openqa.selenium.chrome.ChromeDriver.&lt;init&gt;(ChromeDriver.java:181)
	at org.openqa.selenium.chrome.ChromeDriver.&lt;init&gt;(ChromeDriver.java:168)
	at org.openqa.selenium.chrome.ChromeDriver.&lt;init&gt;(ChromeDriver.java:123)
	at baseclass.BaseClassWalmart.initialization(BaseClassWalmart.java:44)
	at com.WalmartTestCases.TestHomePageWalmart.setup(TestHomePageWalmart.java:34)
	at java.util.ArrayList.forEach(Unknown Source)
... Removed 45 stack frames
</div> <!-- stack-trace -->
                </div> <!-- method-content -->
              </div> <!-- method -->
              <div class="method">
                <div class="method-content">
                  <a name="verifysignIn_Test2">
                  </a> <!-- verifysignIn_Test2 -->
                  <span class="method-name">verifysignIn_Test2</span>
                  <div class="stack-trace">org.openqa.selenium.SessionNotCreatedException: session not created
from timeout: Timed out receiving message from renderer: 600.000
  (Session info: chrome=88.0.4324.182)
Build info: version: &apos;3.141.59&apos;, revision: &apos;e82be7d358&apos;, time: &apos;2018-11-14T08:17:03&apos;
System info: host: &apos;PREYAL&apos;, ip: &apos;192.168.25.1&apos;, os.name: &apos;Windows 10&apos;, os.arch: &apos;amd64&apos;, os.version: &apos;10.0&apos;, java.version: &apos;1.8.0_281&apos;
Driver info: driver.version: ChromeDriver
remote stacktrace: Backtrace:
	Ordinal0 [0x005BC0C3+3326147]
	Ordinal0 [0x004A0851+2164817]
	Ordinal0 [0x00327298+619160]
	Ordinal0 [0x0031B17F+569727]
	Ordinal0 [0x0031A421+566305]
	Ordinal0 [0x0031A815+567317]
	Ordinal0 [0x0031A135+565557]
	Ordinal0 [0x003238B1+604337]
	Ordinal0 [0x0031A0F1+565489]
	Ordinal0 [0x0031AEA2+568994]
	Ordinal0 [0x0031A421+566305]
	Ordinal0 [0x0031A815+567317]
	Ordinal0 [0x0031A135+565557]
	Ordinal0 [0x00321D2C+597292]
	Ordinal0 [0x0031A0F1+565489]
	Ordinal0 [0x0031AEA2+568994]
	Ordinal0 [0x0031A421+566305]
	Ordinal0 [0x0031A815+567317]
	Ordinal0 [0x0031A135+565557]
	Ordinal0 [0x0031FE62+589410]
	Ordinal0 [0x0031A0F1+565489]
	Ordinal0 [0x0031AEA2+568994]
	Ordinal0 [0x0031A421+566305]
	Ordinal0 [0x0031A815+567317]
	Ordinal0 [0x0031A135+565557]
	Ordinal0 [0x0031F075+585845]
	Ordinal0 [0x0031A0F1+565489]
	Ordinal0 [0x0031AEA2+568994]
	Ordinal0 [0x0031A421+566305]
	Ordinal0 [0x0031A815+567317]
	Ordinal0 [0x0031A135+565557]
	Ordinal0 [0x00316776+550774]
	Ordinal0 [0x0031A0F1+565489]
	Ordinal0 [0x00319F13+565011]
	Ordinal0 [0x00319D07+564487]
	Ordinal0 [0x003282C0+623296]
	Ordinal0 [0x002C6BDD+224221]
	Ordinal0 [0x002C5CAC+220332]
	Ordinal0 [0x002C189B+202907]
	Ordinal0 [0x002A3DF4+81396]
	Ordinal0 [0x002A4DEE+85486]
	Ordinal0 [0x002A4D79+85369]
	Ordinal0 [0x004B85DC+2262492]
	GetHandleVerifier [0x00742874+1487204]
	GetHandleVerifier [0x007423CD+1486013]
	GetHandleVerifier [0x0074A368+1518680]
	GetHandleVerifier [0x00742F4E+1488958]
	Ordinal0 [0x004AED0D+2223373]
	Ordinal0 [0x004BA12B+2269483]
	Ordinal0 [0x004BA26F+2269807]
	Ordinal0 [0x004CECB8+2354360]
	BaseThreadInitThunk [0x75516359+25]
	RtlGetAppContainerNamedObjectPath [0x77D38944+228]
	RtlGetAppContainerNamedObjectPath [0x77D38914+180]

	at org.openqa.selenium.remote.W3CHandshakeResponse.lambda$errorHandler$0(W3CHandshakeResponse.java:62)
	at org.openqa.selenium.remote.HandshakeResponse.lambda$getResponseFunction$0(HandshakeResponse.java:30)
	at org.openqa.selenium.remote.ProtocolHandshake.lambda$createSession$0(ProtocolHandshake.java:126)
	at java.util.stream.ReferencePipeline$3$1.accept(Unknown Source)
	at java.util.Spliterators$ArraySpliterator.tryAdvance(Unknown Source)
	at java.util.stream.ReferencePipeline.forEachWithCancel(Unknown Source)
	at java.util.stream.AbstractPipeline.copyIntoWithCancel(Unknown Source)
	at java.util.stream.AbstractPipeline.copyInto(Unknown Source)
	at java.util.stream.AbstractPipeline.wrapAndCopyInto(Unknown Source)
	at java.util.stream.FindOps$FindOp.evaluateSequential(Unknown Source)
	at java.util.stream.AbstractPipeline.evaluate(Unknown Source)
	at java.util.stream.ReferencePipeline.findFirst(Unknown Source)
	at org.openqa.selenium.remote.ProtocolHandshake.createSession(ProtocolHandshake.java:128)
	at org.openqa.selenium.remote.ProtocolHandshake.createSession(ProtocolHandshake.java:74)
	at org.openqa.selenium.remote.HttpCommandExecutor.execute(HttpCommandExecutor.java:136)
	at org.openqa.selenium.remote.service.DriverCommandExecutor.execute(DriverCommandExecutor.java:83)
	at org.openqa.selenium.remote.RemoteWebDriver.execute(RemoteWebDriver.java:552)
	at org.openqa.selenium.remote.RemoteWebDriver.startSession(RemoteWebDriver.java:213)
	at org.openqa.selenium.remote.RemoteWebDriver.&lt;init&gt;(RemoteWebDriver.java:131)
	at org.openqa.selenium.chrome.ChromeDriver.&lt;init&gt;(ChromeDriver.java:181)
	at org.openqa.selenium.chrome.ChromeDriver.&lt;init&gt;(ChromeDriver.java:168)
	at org.openqa.selenium.chrome.ChromeDriver.&lt;init&gt;(ChromeDriver.java:123)
	at baseclass.BaseClassWalmart.initialization(BaseClassWalmart.java:44)
	at com.WalmartTestCases.TestHomePageWalmart.setup(TestHomePageWalmart.java:34)
	at java.util.ArrayList.forEach(Unknown Source)
... Removed 45 stack frames
</div> <!-- stack-trace -->
                </div> <!-- method-content -->
              </div> <!-- method -->
            </div> <!-- main-panel-content rounded-window-bottom -->
          </div> <!-- suite-Command_line_suite-class-skipped -->
          <div class="suite-Command_line_suite-class-passed">
            <div class="main-panel-header rounded-window-top">
              <img src="passed.png"/>
              <span class="class-name">com.WalmartTestCases.TestCartWalmart</span>
            </div> <!-- main-panel-header rounded-window-top -->
            <div class="main-panel-content rounded-window-bottom">
              <div class="method">
                <div class="method-content">
                  <a name="GoToSkinCarePagenumberOfItems_Test6">
                  </a> <!-- GoToSkinCarePagenumberOfItems_Test6 -->
                  <span class="method-name">GoToSkinCarePagenumberOfItems_Test6</span>
                </div> <!-- method-content -->
              </div> <!-- method -->
            </div> <!-- main-panel-content rounded-window-bottom -->
          </div> <!-- suite-Command_line_suite-class-passed -->
          <div class="suite-Command_line_suite-class-passed">
            <div class="main-panel-header rounded-window-top">
              <img src="passed.png"/>
              <span class="class-name">com.WalmartTestCases.TestHomePageWalmart</span>
            </div> <!-- main-panel-header rounded-window-top -->
            <div class="main-panel-content rounded-window-bottom">
              <div class="method">
                <div class="method-content">
                  <a name="GoToSkinCarePage_Test4">
                  </a> <!-- GoToSkinCarePage_Test4 -->
                  <span class="method-name">GoToSkinCarePage_Test4</span>
                </div> <!-- method-content -->
              </div> <!-- method -->
            </div> <!-- main-panel-content rounded-window-bottom -->
          </div> <!-- suite-Command_line_suite-class-passed -->
        </div> <!-- panel Command_line_suite -->
        <div panel-name="test-xml-Command_line_suite" class="panel">
          <div class="main-panel-header rounded-window-top">
          </div> <!-- main-panel-header rounded-window-top -->
          <div class="main-panel-content rounded-window-bottom">
            <pre>
&lt;?xml version=&quot;1.0&quot; encoding=&quot;UTF-8&quot;?&gt;
&lt;!DOCTYPE suite SYSTEM &quot;https://testng.org/testng-1.0.dtd&quot;&gt;
&lt;suite verbose=&quot;0&quot; name=&quot;Command line suite&quot;&gt;
  &lt;test thread-count=&quot;5&quot; verbose=&quot;0&quot; name=&quot;Command line test&quot;&gt;
    &lt;classes&gt;
      &lt;class name=&quot;com.WalmartTestCases.TestCartWalmart&quot;/&gt;
      &lt;class name=&quot;com.WalmartTestCases.TestHomePageWalmart&quot;/&gt;
      &lt;class name=&quot;com.WalmartTestCases.TestPersonalSettingWalmart&quot;/&gt;
      &lt;class name=&quot;com.WalmartTestCases.TestRegistrationWalmart&quot;/&gt;
    &lt;/classes&gt;
  &lt;/test&gt; &lt;!-- Command line test --&gt;
&lt;/suite&gt; &lt;!-- Command line suite --&gt;
            </pre>
          </div> <!-- main-panel-content rounded-window-bottom -->
        </div> <!-- panel -->
        <div panel-name="testlist-Command_line_suite" class="panel">
          <div class="main-panel-header rounded-window-top">
            <span class="header-content">Tests for Command line suite</span>
          </div> <!-- main-panel-header rounded-window-top -->
          <div class="main-panel-content rounded-window-bottom">
            <ul>
              <li>
                <span class="test-name">Command line test (4 classes)</span>
              </li>
            </ul>
          </div> <!-- main-panel-content rounded-window-bottom -->
        </div> <!-- panel -->
        <div panel-name="group-Command_line_suite" class="panel">
          <div class="main-panel-header rounded-window-top">
            <span class="header-content">Groups for Command line suite</span>
          </div> <!-- main-panel-header rounded-window-top -->
          <div class="main-panel-content rounded-window-bottom">
          </div> <!-- main-panel-content rounded-window-bottom -->
        </div> <!-- panel -->
        <div panel-name="times-Command_line_suite" class="panel">
          <div class="main-panel-header rounded-window-top">
            <span class="header-content">Times for Command line suite</span>
          </div> <!-- main-panel-header rounded-window-top -->
          <div class="main-panel-content rounded-window-bottom">
            <div class="times-div">
              <script type="text/javascript">
suiteTableInitFunctions.push('tableData_Command_line_suite');
function tableData_Command_line_suite() {
var data = new google.visualization.DataTable();
data.addColumn('number', 'Number');
data.addColumn('string', 'Method');
data.addColumn('string', 'Class');
data.addColumn('number', 'Time (ms)');
data.addRows(26);
data.setCell(0, 0, 0)
data.setCell(0, 1, 'verifysignIn_Test1')
data.setCell(0, 2, 'com.WalmartTestCases.TestPersonalSettingWalmart')
data.setCell(0, 3, 45566);
data.setCell(1, 0, 1)
data.setCell(1, 1, 'ShoppingCart_Test1')
data.setCell(1, 2, 'com.WalmartTestCases.TestCartWalmart')
data.setCell(1, 3, 41353);
data.setCell(2, 0, 2)
data.setCell(2, 1, 'GoToSkinCarePagenumberOfItems_Test6')
data.setCell(2, 2, 'com.WalmartTestCases.TestCartWalmart')
data.setCell(2, 3, 34553);
data.setCell(3, 0, 3)
data.setCell(3, 1, 'registrationFirstName_Test4')
data.setCell(3, 2, 'com.WalmartTestCases.TestRegistrationWalmart')
data.setCell(3, 3, 30101);
data.setCell(4, 0, 4)
data.setCell(4, 1, 'registrationFirstName_Test3')
data.setCell(4, 2, 'com.WalmartTestCases.TestRegistrationWalmart')
data.setCell(4, 3, 30070);
data.setCell(5, 0, 5)
data.setCell(5, 1, 'registrationFirstName_Test2')
data.setCell(5, 2, 'com.WalmartTestCases.TestRegistrationWalmart')
data.setCell(5, 3, 30064);
data.setCell(6, 0, 6)
data.setCell(6, 1, 'registrationFirstName_Test5')
data.setCell(6, 2, 'com.WalmartTestCases.TestRegistrationWalmart')
data.setCell(6, 3, 30062);
data.setCell(7, 0, 7)
data.setCell(7, 1, 'GoToSkinCarePage_Test4')
data.setCell(7, 2, 'com.WalmartTestCases.TestHomePageWalmart')
data.setCell(7, 3, 11860);
data.setCell(8, 0, 8)
data.setCell(8, 1, 'registrationLastName_Test8')
data.setCell(8, 2, 'com.WalmartTestCases.TestRegistrationWalmart')
data.setCell(8, 3, 1);
data.setCell(9, 0, 9)
data.setCell(9, 1, 'registrationFirstName_Test6')
data.setCell(9, 2, 'com.WalmartTestCases.TestRegistrationWalmart')
data.setCell(9, 3, 0);
data.setCell(10, 0, 10)
data.setCell(10, 1, 'registrationPhoneNumber_Test12')
data.setCell(10, 2, 'com.WalmartTestCases.TestRegistrationWalmart')
data.setCell(10, 3, 0);
data.setCell(11, 0, 11)
data.setCell(11, 1, 'registration_Test1')
data.setCell(11, 2, 'com.WalmartTestCases.TestRegistrationWalmart')
data.setCell(11, 3, 0);
data.setCell(12, 0, 12)
data.setCell(12, 1, 'registrationNullFirstLastName_Test16')
data.setCell(12, 2, 'com.WalmartTestCases.TestRegistrationWalmart')
data.setCell(12, 3, 0);
data.setCell(13, 0, 13)
data.setCell(13, 1, 'registrationLastName_Test11')
data.setCell(13, 2, 'com.WalmartTestCases.TestRegistrationWalmart')
data.setCell(13, 3, 0);
data.setCell(14, 0, 14)
data.setCell(14, 1, 'verifysignIn_Test2')
data.setCell(14, 2, 'com.WalmartTestCases.TestHomePageWalmart')
data.setCell(14, 3, 0);
data.setCell(15, 0, 15)
data.setCell(15, 1, 'GotoregistrationPage_Test3')
data.setCell(15, 2, 'com.WalmartTestCases.TestHomePageWalmart')
data.setCell(15, 3, 0);
data.setCell(16, 0, 16)
data.setCell(16, 1, 'registrationPhoneNumber_Test14')
data.setCell(16, 2, 'com.WalmartTestCases.TestRegistrationWalmart')
data.setCell(16, 3, 0);
data.setCell(17, 0, 17)
data.setCell(17, 1, 'registrationTermsOfUseCheckBox_Test17')
data.setCell(17, 2, 'com.WalmartTestCases.TestRegistrationWalmart')
data.setCell(17, 3, 0);
data.setCell(18, 0, 18)
data.setCell(18, 1, 'registrationLastName_Test10')
data.setCell(18, 2, 'com.WalmartTestCases.TestRegistrationWalmart')
data.setCell(18, 3, 0);
data.setCell(19, 0, 19)
data.setCell(19, 1, 'registrationPhoneNumber_Test13')
data.setCell(19, 2, 'com.WalmartTestCases.TestRegistrationWalmart')
data.setCell(19, 3, 0);
data.setCell(20, 0, 20)
data.setCell(20, 1, 'GoToSuperHeroPage_Test5')
data.setCell(20, 2, 'com.WalmartTestCases.TestHomePageWalmart')
data.setCell(20, 3, 0);
data.setCell(21, 0, 21)
data.setCell(21, 1, 'registrationPasswordStrangth_Test19')
data.setCell(21, 2, 'com.WalmartTestCases.TestRegistrationWalmart')
data.setCell(21, 3, 0);
data.setCell(22, 0, 22)
data.setCell(22, 1, 'registrationPhoneNumber_Test15')
data.setCell(22, 2, 'com.WalmartTestCases.TestRegistrationWalmart')
data.setCell(22, 3, 0);
data.setCell(23, 0, 23)
data.setCell(23, 1, 'registrationLastName_Test9')
data.setCell(23, 2, 'com.WalmartTestCases.TestRegistrationWalmart')
data.setCell(23, 3, 0);
data.setCell(24, 0, 24)
data.setCell(24, 1, 'registrationTermsOfUseCheckBox_Test18')
data.setCell(24, 2, 'com.WalmartTestCases.TestRegistrationWalmart')
data.setCell(24, 3, 0);
data.setCell(25, 0, 25)
data.setCell(25, 1, 'VerifyWalmartLogo_Test1')
data.setCell(25, 2, 'com.WalmartTestCases.TestHomePageWalmart')
data.setCell(25, 3, 0);
window.suiteTableData['Command_line_suite']= { tableData: data, tableDiv: 'times-div-Command_line_suite'}
return data;
}
              </script>
              <span class="suite-total-time">Total running time: 4 minutes</span>
              <div id="times-div-Command_line_suite">
              </div> <!-- times-div-Command_line_suite -->
            </div> <!-- times-div -->
          </div> <!-- main-panel-content rounded-window-bottom -->
        </div> <!-- panel -->
        <div panel-name="reporter-Command_line_suite" class="panel">
          <div class="main-panel-header rounded-window-top">
            <span class="header-content">Reporter output for Command line suite</span>
          </div> <!-- main-panel-header rounded-window-top -->
          <div class="main-panel-content rounded-window-bottom">
          </div> <!-- main-panel-content rounded-window-bottom -->
        </div> <!-- panel -->
        <div panel-name="ignored-methods-Command_line_suite" class="panel">
          <div class="main-panel-header rounded-window-top">
            <span class="header-content">0 ignored methods</span>
          </div> <!-- main-panel-header rounded-window-top -->
          <div class="main-panel-content rounded-window-bottom">
          </div> <!-- main-panel-content rounded-window-bottom -->
        </div> <!-- panel -->
        <div panel-name="chronological-Command_line_suite" class="panel">
          <div class="main-panel-header rounded-window-top">
            <span class="header-content">Methods in chronological order</span>
          </div> <!-- main-panel-header rounded-window-top -->
          <div class="main-panel-content rounded-window-bottom">
            <div class="chronological-class">
              <div class="chronological-class-name">com.WalmartTestCases.TestCartWalmart</div> <!-- chronological-class-name -->
              <div class="configuration-method before">
                <span class="method-name">satup</span>
                <span class="method-start">0 ms</span>
              </div> <!-- configuration-method before -->
              <div class="test-method">
                <span class="method-name">GoToSkinCarePagenumberOfItems_Test6</span>
                <span class="method-start">17867 ms</span>
              </div> <!-- test-method -->
              <div class="configuration-method before">
                <span class="method-name">satup</span>
                <span class="method-start">52423 ms</span>
              </div> <!-- configuration-method before -->
              <div class="test-method">
                <img src="failed.png">
                </img>
                <span class="method-name">ShoppingCart_Test1</span>
                <span class="method-start">67023 ms</span>
              </div> <!-- test-method -->
            </div> <!-- chronological-class -->
            <div class="chronological-class">
              <div class="chronological-class-name">com.WalmartTestCases.TestHomePageWalmart</div> <!-- chronological-class-name -->
              <div class="configuration-method before">
                <span class="method-name">setup</span>
                <span class="method-start">108386 ms</span>
              </div> <!-- configuration-method before -->
              <div class="test-method">
                <span class="method-name">GoToSkinCarePage_Test4</span>
                <span class="method-start">123078 ms</span>
              </div> <!-- test-method -->
              <div class="configuration-method before">
                <img src="failed.png">
                </img>
                <span class="method-name">setup</span>
                <span class="method-start">134939 ms</span>
              </div> <!-- configuration-method before -->
              <div class="test-method">
                <span class="method-name">GoToSuperHeroPage_Test5</span>
                <span class="method-start">738979 ms</span>
              </div> <!-- test-method -->
              <div class="configuration-method before">
                <span class="method-name">setup</span>
                <span class="method-start">738979 ms</span>
              </div> <!-- configuration-method before -->
              <div class="test-method">
                <span class="method-name">GotoregistrationPage_Test3</span>
                <span class="method-start">738980 ms</span>
              </div> <!-- test-method -->
              <div class="configuration-method before">
                <span class="method-name">setup</span>
                <span class="method-start">738981 ms</span>
              </div> <!-- configuration-method before -->
              <div class="test-method">
                <span class="method-name">VerifyWalmartLogo_Test1</span>
                <span class="method-start">738981 ms</span>
              </div> <!-- test-method -->
              <div class="configuration-method before">
                <span class="method-name">setup</span>
                <span class="method-start">738981 ms</span>
              </div> <!-- configuration-method before -->
              <div class="test-method">
                <span class="method-name">verifysignIn_Test2</span>
                <span class="method-start">738982 ms</span>
              </div> <!-- test-method -->
            </div> <!-- chronological-class -->
            <div class="chronological-class">
              <div class="chronological-class-name">com.WalmartTestCases.TestPersonalSettingWalmart</div> <!-- chronological-class-name -->
              <div class="configuration-method before">
                <span class="method-name">setup</span>
                <span class="method-start">738983 ms</span>
              </div> <!-- configuration-method before -->
              <div class="test-method">
                <img src="failed.png">
                </img>
                <span class="method-name">verifysignIn_Test1</span>
                <span class="method-start">752997 ms</span>
              </div> <!-- test-method -->
            </div> <!-- chronological-class -->
            <div class="chronological-class">
              <div class="chronological-class-name">com.WalmartTestCases.TestRegistrationWalmart</div> <!-- chronological-class-name -->
              <div class="configuration-method before">
                <span class="method-name">satup</span>
                <span class="method-start">798567 ms</span>
              </div> <!-- configuration-method before -->
              <div class="test-method">
                <img src="failed.png">
                </img>
                <span class="method-name">registrationFirstName_Test2</span>
                <span class="method-start">808019 ms</span>
              </div> <!-- test-method -->
              <div class="configuration-method before">
                <span class="method-name">satup</span>
                <span class="method-start">838087 ms</span>
              </div> <!-- configuration-method before -->
              <div class="test-method">
                <img src="failed.png">
                </img>
                <span class="method-name">registrationFirstName_Test3</span>
                <span class="method-start">847564 ms</span>
              </div> <!-- test-method -->
              <div class="configuration-method before">
                <span class="method-name">satup</span>
                <span class="method-start">877636 ms</span>
              </div> <!-- configuration-method before -->
              <div class="test-method">
                <img src="failed.png">
                </img>
                <span class="method-name">registrationFirstName_Test4</span>
                <span class="method-start">890239 ms</span>
              </div> <!-- test-method -->
              <div class="configuration-method before">
                <span class="method-name">satup</span>
                <span class="method-start">920341 ms</span>
              </div> <!-- configuration-method before -->
              <div class="test-method">
                <img src="failed.png">
                </img>
                <span class="method-name">registrationFirstName_Test5</span>
                <span class="method-start">931166 ms</span>
              </div> <!-- test-method -->
              <div class="configuration-method before">
                <img src="failed.png">
                </img>
                <span class="method-name">satup</span>
                <span class="method-start">961230 ms</span>
              </div> <!-- configuration-method before -->
              <div class="test-method">
                <span class="method-name">registrationFirstName_Test6</span>
                <span class="method-start">1565393 ms</span>
              </div> <!-- test-method -->
              <div class="configuration-method before">
                <span class="method-name">satup</span>
                <span class="method-start">1565394 ms</span>
              </div> <!-- configuration-method before -->
              <div class="test-method">
                <span class="method-name">registrationLastName_Test10</span>
                <span class="method-start">1565394 ms</span>
              </div> <!-- test-method -->
              <div class="configuration-method before">
                <span class="method-name">satup</span>
                <span class="method-start">1565395 ms</span>
              </div> <!-- configuration-method before -->
              <div class="test-method">
                <span class="method-name">registrationLastName_Test11</span>
                <span class="method-start">1565395 ms</span>
              </div> <!-- test-method -->
              <div class="configuration-method before">
                <span class="method-name">satup</span>
                <span class="method-start">1565395 ms</span>
              </div> <!-- configuration-method before -->
              <div class="test-method">
                <span class="method-name">registrationLastName_Test8</span>
                <span class="method-start">1565395 ms</span>
              </div> <!-- test-method -->
              <div class="configuration-method before">
                <span class="method-name">satup</span>
                <span class="method-start">1565396 ms</span>
              </div> <!-- configuration-method before -->
              <div class="test-method">
                <span class="method-name">registrationLastName_Test9</span>
                <span class="method-start">1565396 ms</span>
              </div> <!-- test-method -->
              <div class="configuration-method before">
                <span class="method-name">satup</span>
                <span class="method-start">1565397 ms</span>
              </div> <!-- configuration-method before -->
              <div class="test-method">
                <span class="method-name">registrationNullFirstLastName_Test16</span>
                <span class="method-start">1565397 ms</span>
              </div> <!-- test-method -->
              <div class="configuration-method before">
                <span class="method-name">satup</span>
                <span class="method-start">1565397 ms</span>
              </div> <!-- configuration-method before -->
              <div class="test-method">
                <span class="method-name">registrationPasswordStrangth_Test19</span>
                <span class="method-start">1565397 ms</span>
              </div> <!-- test-method -->
              <div class="configuration-method before">
                <span class="method-name">satup</span>
                <span class="method-start">1565398 ms</span>
              </div> <!-- configuration-method before -->
              <div class="test-method">
                <span class="method-name">registrationPhoneNumber_Test12</span>
                <span class="method-start">1565398 ms</span>
              </div> <!-- test-method -->
              <div class="configuration-method before">
                <span class="method-name">satup</span>
                <span class="method-start">1565399 ms</span>
              </div> <!-- configuration-method before -->
              <div class="test-method">
                <span class="method-name">registrationPhoneNumber_Test13</span>
                <span class="method-start">1565399 ms</span>
              </div> <!-- test-method -->
              <div class="configuration-method before">
                <span class="method-name">satup</span>
                <span class="method-start">1565399 ms</span>
              </div> <!-- configuration-method before -->
              <div class="test-method">
                <span class="method-name">registrationPhoneNumber_Test14</span>
                <span class="method-start">1565400 ms</span>
              </div> <!-- test-method -->
              <div class="configuration-method before">
                <span class="method-name">satup</span>
                <span class="method-start">1565400 ms</span>
              </div> <!-- configuration-method before -->
              <div class="test-method">
                <span class="method-name">registrationPhoneNumber_Test15</span>
                <span class="method-start">1565400 ms</span>
              </div> <!-- test-method -->
              <div class="configuration-method before">
                <span class="method-name">satup</span>
                <span class="method-start">1565401 ms</span>
              </div> <!-- configuration-method before -->
              <div class="test-method">
                <span class="method-name">registrationTermsOfUseCheckBox_Test17</span>
                <span class="method-start">1565401 ms</span>
              </div> <!-- test-method -->
              <div class="configuration-method before">
                <span class="method-name">satup</span>
                <span class="method-start">1565401 ms</span>
              </div> <!-- configuration-method before -->
              <div class="test-method">
                <span class="method-name">registrationTermsOfUseCheckBox_Test18</span>
                <span class="method-start">1565401 ms</span>
              </div> <!-- test-method -->
              <div class="configuration-method before">
                <span class="method-name">satup</span>
                <span class="method-start">1565402 ms</span>
              </div> <!-- configuration-method before -->
              <div class="test-method">
                <span class="method-name">registration_Test1</span>
                <span class="method-start">1565402 ms</span>
              </div> <!-- test-method -->
          </div> <!-- main-panel-content rounded-window-bottom -->
        </div> <!-- panel -->
      </div> <!-- main-panel-root -->
    </div> <!-- wrapper -->
  </body>
<script type="text/javascript" src="testng-reports2.js"></script>
</html>
