<?xml version="1.0" encoding="UTF-8"?>
<!-- Generated by org.testng.reporters.JUnitReportReporter -->
<testsuite skipped="18" hostname="Preyal" name="com.WalmartTestCases.TestRegistrationWalmart" tests="19" failures="0" timestamp="2021-03-14T15:37:24 EDT" time="111.061" errors="1">
  <testcase name="registrationNullFirstLastName_Test16" time="0.000" classname="com.WalmartTestCases.TestRegistrationWalmart">
    <skipped/>
  </testcase> <!-- registrationNullFirstLastName_Test16 -->
  <system-out/>
  <testcase name="registrationFirstName_Test4" time="0.000" classname="com.WalmartTestCases.TestRegistrationWalmart">
    <skipped/>
  </testcase> <!-- registrationFirstName_Test4 -->
  <system-out/>
  <testcase name="registrationPasswordStrangth_Test19" time="0.000" classname="com.WalmartTestCases.TestRegistrationWalmart">
    <skipped/>
  </testcase> <!-- registrationPasswordStrangth_Test19 -->
  <system-out/>
  <testcase name="registrationFirstName_Test6" time="0.000" classname="com.WalmartTestCases.TestRegistrationWalmart">
    <skipped/>
  </testcase> <!-- registrationFirstName_Test6 -->
  <system-out/>
  <testcase name="registration_Test1" time="0.000" classname="com.WalmartTestCases.TestRegistrationWalmart">
    <skipped/>
  </testcase> <!-- registration_Test1 -->
  <system-out/>
  <testcase name="registrationTermsOfUseCheckBox_Test17" time="0.000" classname="com.WalmartTestCases.TestRegistrationWalmart">
    <skipped/>
  </testcase> <!-- registrationTermsOfUseCheckBox_Test17 -->
  <system-out/>
  <testcase name="satup" time="111.061" classname="com.WalmartTestCases.TestRegistrationWalmart">
    <error type="org.openqa.selenium.TimeoutException" message="timeout: Timed out receiving message from renderer: 17.403
  (Session info: chrome=89.0.4389.82)
Build info: version: &#039;3.141.59&#039;, revision: &#039;e82be7d358&#039;, time: &#039;2018-11-14T08:17:03&#039;
System info: host: &#039;PREYAL&#039;, ip: &#039;192.168.25.1&#039;, os.name: &#039;Windows 10&#039;, os.arch: &#039;amd64&#039;, os.version: &#039;10.0&#039;, java.version: &#039;1.8.0_281&#039;
Driver info: org.openqa.selenium.chrome.ChromeDriver
Capabilities {acceptInsecureCerts: false, browserName: chrome, browserVersion: 89.0.4389.82, chrome: {chromedriverVersion: 89.0.4389.23 (61b08ee2c5002..., userDataDir: C:\WINDOWS\TEMP\scoped_dir1...}, goog:chromeOptions: {debuggerAddress: localhost:52835}, javascriptEnabled: true, networkConnectionEnabled: false, pageLoadStrategy: normal, platform: WINDOWS, platformName: WINDOWS, proxy: Proxy(), setWindowRect: true, strictFileInteractability: false, timeouts: {implicit: 0, pageLoad: 300000, script: 30000}, unhandledPromptBehavior: dismiss and notify, webauthn:extension:largeBlob: true, webauthn:virtualAuthenticators: true}
Session ID: ffb1a32725917664311d403fc452979c">
      <![CDATA[org.openqa.selenium.TimeoutException: timeout: Timed out receiving message from renderer: 17.403
  (Session info: chrome=89.0.4389.82)
Build info: version: '3.141.59', revision: 'e82be7d358', time: '2018-11-14T08:17:03'
System info: host: 'PREYAL', ip: '192.168.25.1', os.name: 'Windows 10', os.arch: 'amd64', os.version: '10.0', java.version: '1.8.0_281'
Driver info: org.openqa.selenium.chrome.ChromeDriver
Capabilities {acceptInsecureCerts: false, browserName: chrome, browserVersion: 89.0.4389.82, chrome: {chromedriverVersion: 89.0.4389.23 (61b08ee2c5002..., userDataDir: C:\WINDOWS\TEMP\scoped_dir1...}, goog:chromeOptions: {debuggerAddress: localhost:52835}, javascriptEnabled: true, networkConnectionEnabled: false, pageLoadStrategy: normal, platform: WINDOWS, platformName: WINDOWS, proxy: Proxy(), setWindowRect: true, strictFileInteractability: false, timeouts: {implicit: 0, pageLoad: 300000, script: 30000}, unhandledPromptBehavior: dismiss and notify, webauthn:extension:largeBlob: true, webauthn:virtualAuthenticators: true}
Session ID: ffb1a32725917664311d403fc452979c
at sun.reflect.NativeConstructorAccessorImpl.newInstance0(Native Method)
at sun.reflect.NativeConstructorAccessorImpl.newInstance(Unknown Source)
at sun.reflect.DelegatingConstructorAccessorImpl.newInstance(Unknown Source)
at java.lang.reflect.Constructor.newInstance(Unknown Source)
at org.openqa.selenium.remote.http.W3CHttpResponseCodec.createException(W3CHttpResponseCodec.java:187)
at org.openqa.selenium.remote.http.W3CHttpResponseCodec.decode(W3CHttpResponseCodec.java:122)
at org.openqa.selenium.remote.http.W3CHttpResponseCodec.decode(W3CHttpResponseCodec.java:49)
at org.openqa.selenium.remote.HttpCommandExecutor.execute(HttpCommandExecutor.java:158)
at org.openqa.selenium.remote.service.DriverCommandExecutor.execute(DriverCommandExecutor.java:83)
at org.openqa.selenium.remote.RemoteWebDriver.execute(RemoteWebDriver.java:552)
at org.openqa.selenium.remote.RemoteWebDriver.get(RemoteWebDriver.java:277)
at sun.reflect.NativeMethodAccessorImpl.invoke0(Native Method)
at sun.reflect.NativeMethodAccessorImpl.invoke(Unknown Source)
at sun.reflect.DelegatingMethodAccessorImpl.invoke(Unknown Source)
at java.lang.reflect.Method.invoke(Unknown Source)
at org.openqa.selenium.support.events.EventFiringWebDriver.lambda$new$1(EventFiringWebDriver.java:105)
at com.sun.proxy.$Proxy4.get(Unknown Source)
at org.openqa.selenium.support.events.EventFiringWebDriver.get(EventFiringWebDriver.java:165)
at baseclass.BaseClassWalmart.initialization(BaseClassWalmart.java:60)
at com.WalmartTestCases.TestRegistrationWalmart.satup(TestRegistrationWalmart.java:27)
at sun.reflect.NativeMethodAccessorImpl.invoke0(Native Method)
at sun.reflect.NativeMethodAccessorImpl.invoke(Unknown Source)
at sun.reflect.DelegatingMethodAccessorImpl.invoke(Unknown Source)
at java.lang.reflect.Method.invoke(Unknown Source)
at org.testng.internal.MethodInvocationHelper.invokeMethod(MethodInvocationHelper.java:132)
at org.testng.internal.MethodInvocationHelper.invokeMethodConsideringTimeout(MethodInvocationHelper.java:61)
at org.testng.internal.ConfigInvoker.invokeConfigurationMethod(ConfigInvoker.java:366)
at org.testng.internal.ConfigInvoker.invokeConfigurations(ConfigInvoker.java:320)
at org.testng.internal.TestInvoker.runConfigMethods(TestInvoker.java:701)
at org.testng.internal.TestInvoker.invokeMethod(TestInvoker.java:527)
at org.testng.internal.TestInvoker.invokeTestMethod(TestInvoker.java:174)
at org.testng.internal.MethodRunner.runInSequence(MethodRunner.java:46)
at org.testng.internal.TestInvoker$MethodInvocationAgent.invoke(TestInvoker.java:822)
at org.testng.internal.TestInvoker.invokeTestMethods(TestInvoker.java:147)
at org.testng.internal.TestMethodWorker.invokeTestMethods(TestMethodWorker.java:146)
at org.testng.internal.TestMethodWorker.run(TestMethodWorker.java:128)
at java.util.ArrayList.forEach(Unknown Source)
at org.testng.TestRunner.privateRun(TestRunner.java:764)
at org.testng.TestRunner.run(TestRunner.java:585)
at org.testng.SuiteRunner.runTest(SuiteRunner.java:384)
at org.testng.SuiteRunner.runSequentially(SuiteRunner.java:378)
at org.testng.SuiteRunner.privateRun(SuiteRunner.java:337)
at org.testng.SuiteRunner.run(SuiteRunner.java:286)
at org.testng.SuiteRunnerWorker.runSuite(SuiteRunnerWorker.java:53)
at org.testng.SuiteRunnerWorker.run(SuiteRunnerWorker.java:96)
at org.testng.TestNG.runSuitesSequentially(TestNG.java:1218)
at org.testng.TestNG.runSuitesLocally(TestNG.java:1140)
at org.testng.TestNG.runSuites(TestNG.java:1069)
at org.testng.TestNG.run(TestNG.java:1037)
at org.apache.maven.surefire.testng.TestNGExecutor.run(TestNGExecutor.java:77)
at org.apache.maven.surefire.testng.TestNGDirectoryTestSuite.executeMulti(TestNGDirectoryTestSuite.java:159)
at org.apache.maven.surefire.testng.TestNGDirectoryTestSuite.execute(TestNGDirectoryTestSuite.java:99)
at org.apache.maven.surefire.testng.TestNGProvider.invoke(TestNGProvider.java:106)
at sun.reflect.NativeMethodAccessorImpl.invoke0(Native Method)
at sun.reflect.NativeMethodAccessorImpl.invoke(Unknown Source)
at sun.reflect.DelegatingMethodAccessorImpl.invoke(Unknown Source)
at java.lang.reflect.Method.invoke(Unknown Source)
at org.apache.maven.surefire.util.ReflectionUtils.invokeMethodWithArray(ReflectionUtils.java:189)
at org.apache.maven.surefire.booter.ProviderFactory$ProviderProxy.invoke(ProviderFactory.java:165)
at org.apache.maven.surefire.booter.ProviderFactory.invokeProvider(ProviderFactory.java:85)
at org.apache.maven.surefire.booter.ForkedBooter.runSuitesInProcess(ForkedBooter.java:115)
at org.apache.maven.surefire.booter.ForkedBooter.main(ForkedBooter.java:75)
]]>
    </error>
  </testcase> <!-- satup -->
  <system-out/>
  <testcase name="registrationTermsOfUseCheckBox_Test18" time="0.000" classname="com.WalmartTestCases.TestRegistrationWalmart">
    <skipped/>
  </testcase> <!-- registrationTermsOfUseCheckBox_Test18 -->
  <system-out/>
  <testcase name="registrationFirstName_Test5" time="0.000" classname="com.WalmartTestCases.TestRegistrationWalmart">
    <skipped/>
  </testcase> <!-- registrationFirstName_Test5 -->
  <system-out/>
  <testcase name="registrationPhoneNumber_Test13" time="0.000" classname="com.WalmartTestCases.TestRegistrationWalmart">
    <skipped/>
  </testcase> <!-- registrationPhoneNumber_Test13 -->
  <system-out/>
  <testcase name="registrationLastName_Test10" time="0.000" classname="com.WalmartTestCases.TestRegistrationWalmart">
    <skipped/>
  </testcase> <!-- registrationLastName_Test10 -->
  <system-out/>
  <testcase name="registrationPhoneNumber_Test14" time="0.000" classname="com.WalmartTestCases.TestRegistrationWalmart">
    <skipped/>
  </testcase> <!-- registrationPhoneNumber_Test14 -->
  <system-out/>
  <testcase name="registrationFirstName_Test2" time="0.000" classname="com.WalmartTestCases.TestRegistrationWalmart">
    <skipped/>
  </testcase> <!-- registrationFirstName_Test2 -->
  <system-out/>
  <testcase name="registrationFirstName_Test3" time="0.000" classname="com.WalmartTestCases.TestRegistrationWalmart">
    <skipped/>
  </testcase> <!-- registrationFirstName_Test3 -->
  <system-out/>
  <testcase name="registrationPhoneNumber_Test15" time="0.000" classname="com.WalmartTestCases.TestRegistrationWalmart">
    <skipped/>
  </testcase> <!-- registrationPhoneNumber_Test15 -->
  <system-out/>
  <testcase name="registrationLastName_Test8" time="0.000" classname="com.WalmartTestCases.TestRegistrationWalmart">
    <skipped/>
  </testcase> <!-- registrationLastName_Test8 -->
  <system-out/>
  <testcase name="registrationLastName_Test11" time="0.000" classname="com.WalmartTestCases.TestRegistrationWalmart">
    <skipped/>
  </testcase> <!-- registrationLastName_Test11 -->
  <system-out/>
  <testcase name="registrationPhoneNumber_Test12" time="0.000" classname="com.WalmartTestCases.TestRegistrationWalmart">
    <skipped/>
  </testcase> <!-- registrationPhoneNumber_Test12 -->
  <system-out/>
  <testcase name="registrationLastName_Test9" time="0.000" classname="com.WalmartTestCases.TestRegistrationWalmart">
    <skipped/>
  </testcase> <!-- registrationLastName_Test9 -->
  <system-out/>
</testsuite> <!-- com.WalmartTestCases.TestRegistrationWalmart -->
